Aah Luain
Abaty Cwm-hir
Aberconwy
Aberdaron
Abertawe
Aber Tawy
Abhach
Abhainn Back
Abhainn Beatton
Abhainn Bighorn
Abhainn Cimarron
Abhainn Coatzacoalcos
Abhainn Connecticut
Abhainn Eel
Abhainn Fly
Abhainn Gila
Abhainn Litani
Abhainn Oromocto
Abhainn Pit
Abhainn Poplar
Abhainn Yaqui
Abú Daibí
Achadh an Mhuilinn
Achadh Bhó
Achadh Ghobhair
A' Chananaich
A' Charraig
A' Chille Mhór
A' Chomraich
Adain
Aibdéire
Áidin
Aileach
Ailech
Ail Finn
Ailgéire
Ailigh
Ailt
Aintíoch
Áir
Àir
Airchartdan
Àird Talla
Aird Ua nEchach
Aird Uladh
Airer Goídel
Airgíalla
Àirigh nan Gobhar
Aisdeod
Alacant
Alasca
Alastair
Alba
Albain
Albain Nua
Albanigh
Alt Chluaidh
Am Broch
Am Magh Baoghail
Amstardam
Amwythig
An Abcáis
An Acáid
An Aetóil
An Aetóip
An Afganastáin
An Afraic
An Ailgéir
Anainn
An Airméin
An Áise
An Áise Bheag
An Aisiria
An Aithin
An Albáin
An Alsáis
An Andalúis
An Aragóin
An Araib Shádach
An Asarbaiseáin
An Astráil
An Ataic
Anatóil
An Bhablóin
An Bhaisceartastáin
An Bhanglaidéis
an Bhaváir
An Bheachuanlainn
An Bhealarúis
An Bheilg
An Bheilís
An Bhlarna
An Bhoihéim
an Bhoisnia
An Bholaiv
An Bhosparais
An Bhotsuáin
An Bhrasaíl
An Bhratasláiv
an Bhriotáin
An Bhruiséil
An Bhuiriáit
an Bhulgáir
An Bhurgúin
An Bhurúin
An Bhútain
An Blaic
An Cabhán
An Caisleán Nua
An Carraic
An Chabrach
An Chacáis
An Chailmíc
An Chaismír
An Chambóid
An Chapadóic
An Chartaig
An Chatalóin
An Chill Mhór
an Chipir
An Chirgeastáin
an Chláir
An Chóiré
an Chóiré Theas
An Chóiré Thuaidh
An Cholóim
An Cholóim Bhriotanach
An Choraint
An Chordastáin
an Choróin
An Chorsaic
An Chosaiv
An Chréit
An Chrimé
an Chróit
an Chúróin
an Clár
an Corn
An Còrsa Feàrna
An Cósta Eabhair
An Dagastáin
An Daingean
An Dalmáit
An Damaisc
An Danmhairg
Andóra
An Dùn
An Dùn Beag
An Dún Mór Thoir
An Eaglais Bhreac
An Eastóin
an Éigipt
An Éigipt Íochtarach
An Éigipt Uachtarach
an Eilvéis
An Eiritré
An Fhéiníc
An Fhionlainn
An Fhrainc
An Fhrancóin
An Fhreaslainn
Angaíle
An Garda Várangach
An Geal Áth
An Geal Àth
An Ghailíl
An Ghailís
An Ghaill
an Ghearmáin
An Ghinéiv
An Ghraonlainn
An Ghréig
An Ghrianán
An Ghuine Mheánchriosach
An Ghúisearáit
An Greannach
An Háig
An Iaráic
An Iaráin
An India
An Indinéis
An Iodáil
An Iordáin
An Iorua
An Íoslainn
an Iosrael
an Ísiltír
An Iúgslaiv
An Iúraigh
An Iútlainn
An Laitvia
An Laplainn
An Lár-Réigiún Thiar
An Lár-Réigiún Thoir
an Leafcóis
An Libéir
An Libia
An Liobáin
an Liotuáin
An Liovóin
An Longfort
An Longphort
an Lorráin
An Mathshlua Órga
An Mhacadóin Thuaidh
An Mhainicéasaíocht
An Mhainistir Mhór
An Mhalaeisia
An Mháratáin
An Mheánmhuir
An Mheaspatáim
an Mholdóiv
An Mhongóil
An Mhoráiv
An Mhordóiv
An Mhuir Aeigéach
An Mhuir Bhailéarach
An Mhuir Cheilteach
An Mhuir Dhubh
An Mhuir Thuaidh
An Muileann gCearr
An Mullach
An Nigéir
An Nígir
An Normainn
An Nua-Chaladóin
An Nualainn
An Nua-Shéalainn
An Ollainn
an Ómaigh
An Ostair
An Ostair Íochtarach
An Ostair Uachtarach
An Ostrabóitne
An Pasáiste
An Pasáiste Thiar
An Phalaistín
An Phanóin
An Phatagóin
An Pholainn
An Phortaingéil
An Phrúis
An Réin
An Róimh
an Rómáin
an Rúis
an Sahára
An Scitia
An Spáinn
An Sráidbhaile
An tAigéan Atlantach
An Tangainíc
An t-Àrchar
An Tartair
An Tasmáin
An Tatarstáin
An Teasáil
An Téaváin
An Téibh
An Teispiae
An Tibéid
An Tígris
Antigua agus Barbúda
An tIllír
An tInbhear Mór
An Tioróil
An tOrd Teotanach
An Tráicia
an Trasalváin
an tSacsain
An tSacsain-Anhalt
An t-Sàilean
An tSaimbia
An tSairdín
An tSalvadóir
An tSárlainn
an tSéalainn
An tSéalainn
An t-Seann Chathair
An tSeineagáil
An tSeirbia
An tSeirvia
An tSeoirsia
An tSibéir
An tSicil
An tSile
An tSiléis
An tSind
An tSiria
An tSlóivéin
An tSlóvaic
An tSualainn
an tSúdáin
An tSuiméir
An tSuvais
Antuairp
An Túinéis
An Tuirc
An Tuircméanastáin
an Túrainge
An Turcastáin
An Tuscáin
An Úcráin
An Udmairt
An Ungáir
an Úrail
An Vallóin
An Veinéis
An Volga
An Vóvaidín
Aonach Urmhumhan
Aonghas
Aontas na nÉimíríochtaí Arabacha
Aontroim
Aontroma
Aqmola
Arainn
Ard
Ardach
Ardachadh
Ardchattan
Ardeaglais
Ardeaglais Chríost
Ard Fhearta
Ard Mhacha
Árd Sratha
Argas
Argoed
Ármhach
Arnkell-lág
Arúba
Asturies
Atacama
Átha an Rí
Átha Bede
Átha Brent
Átha Carria
Átha Chelmer
Átha Fhirdhia
Átha Í
Athall
Átha Luain
Áth Dara
Áth na gCasán
Áth na nDamh
Avascarr
Ayrfir
Bagdad
Bágh na h-Eaglaise
Báideanach
Baile Adainn
Baile an Chaisil
Baile an Chaistil
Baile Andarsan
Baile an Iúir
Baile an Tobair
Baile an tSrutháin
Baile Átha Buí
Baile Átha Cliath
Baile Átha Troim
Baile Bháinidh
Baile Caisel
Baile Chèith
Baile Chloichridh
Baile Dhubhthaich
Baile Fharfair
Bàile Ghobhainn
Baile Iain
Baile Loch Cuan
Baile Mhic Suibhne
Baile na Coille
Baile na hAbhann
Baile na h-Aodhàn
Baile na h-Eaglais
Baile na h-Úige
Baile na Tràgha
Baile Uí Fhiacháin
Baile Uistín
Baile Ùr na Maoirne
Bairéin
Bakı
Bá na Bioscáine
Banbh
Bancác
Barten
Batin Môrtaigh
Bealach
Bealadair
Béal Átha Seanaidh
Béal Cú
Béal Feirste
Béalgrád
Beangál
Beangál Thiar
Bearaig
Bearroc
Bebbanborg
Beg Erin
Beinin
Béiriút
Beirlín
Beirmiúda
Beirn
Béising
Beitheal
Bhanbh
Bhiorra
Bhreatain Bheag
Bhreatain Mhór
Bhulgáir
Bigear
Bilbo
Biohár
Biwmares
Bjarmaland
Blàr Athall
Blàr Ath Fhodla
Boirneo
Bordghal
Borgkloster
Borgundarhólmi
Bòrnais
Bornhøved
Bostún
Bosvena
Botheltun
Brághad Albainn
Brandehuse
Breatain
Bréifne
Bretlintun
Brìghdechuala
Briostó
Briotáine
Brúiné
Brycheiniog
Brynaich
Búcairist
Buchan
Búdaipeist
Buellt
Búille
Buircíne Fasó
Bun Abha
Bun Cranncha
Bun na Raite
Bun Ráite
Cabúl
Caer Colun
Caer Durnac
Caer Faddon
Caergaint
Caer Gloui
Caer Gradawc
Caer Gwynntguic
Caer Gybi
Caer Lerion
Caer Palladur
Caersallog
Caersws
Cair Chaladain
Cairéile
Caireo
Cair Luail
Caiseal
Caisleán an Chomair
Caisleán Dunbhlinn
Caisleán na Cathrach
Caisleán na Deirge
Cala na Creige
Calanais
Calasraid
Calcúta
Callainn
Camarún
Camros
Caolas Puget
Caolbati
Caol Bhriostó
Carn Amalgaidh
Carn an Bhua
Carolina Theas
Carolina Thuaidh
Carraig Álainn
Carraig Fhearghais
Carraig Phádraig
Carraig Uí Leighin
Cartúm
Cas Chaolas
Casllwchwr
Casnewydd
Castell Nedd
Cataibh
Catar
Cathair Bheinin
Cathair Chuáit
Cathair Luail
Cathair na Cruinne
Cathair na Mart
Cathair Oklahoma
Cathair Pheadair
Cathair Saidhbhín
Cawdor
Ceall Cainnigh
Cealsaidh
Ceanada
Ceanannas
Ceann a' Gharaidh
Ceann Chàrdainn
Ceann Coradh
Ceanndubh
Ceann Fhàil
Ceann Lios
Ceann Loch Chille Chiaráin
Ceann na Gleann
Ceann Phádraig
Ceann Rois
Ceann Tòrr
Cearan Mhoire
Ceatharlach
Ceint
Cèith Mhaol Rubha
Cell Chainnigh
Cell Dara
Celle Chuithbeirt
Cenn Garad
Ceredigion
Chavan
Cheeill Chennee
Chiarraí
Chill Dara
Chiosmuil
Chloch Uachtair
Chonnacht
Chorsaic agus an tSairdín
Ciannachta
Ciarraighe
Cill Airne
Cill Ala
Cill Briotáin
Cill Chainnigh
Cill Chaise
Cill Daltain
Cill Dálua
Cill Dara
Cille Bhláthain
Cille Bhrìghde an Ear
Cille Bhrìghde an Iar
Cille Chuithbeirt
Cillecnoc
Cillefhinn
Cille Mhàra
Cille Mhàrtainn
Cille Mheàrnaig
Cille Phàdraig
Cille Pheadair
Cill Fhionnúrach
Cill Liúcainne
Cill Lucaine
Cill Mhantáin
Cill Mhic nÉanáin
Cill Mhic Réanáin
Cill Mhunna
Cill Micheál
Cill Mocheallóg
Cill-Modhint
Cill na Sí
Cill Rìmhinn
Cill Targhlain
Cinn Chàrdainn
Cinn Lois
Ciocláidéis
Cionn Aird
Cionn Mhálanna
Cionn tSáile
Cireabaití
Císineá
Cív
Clachan Ghlinn Lus
Clach Mhanainn
Clann Aodha Buí
Clann Donncha
Clann Liam
Clochar
Clogh Uachtair
Cloich na Coillte
Cluain
Cluain Dolcáin
Cluain Eois
Cluain Fearta
Cluainidh
Cluain Ioraird
Cluain Meala
Cluain Mhic Nóis
Cluain Mhór
Cluain Tarbh
Cnobha
Cnoghbha
Cóbanhávan
Coilcís
Coille Dobhair
Coill Íochtair
Coineagan
Coinneamhionad
Colbhasa
Comar nan Allt
Comhairle Siorrachd Rinn Friù an Ear
Conacraí
Con Doire
Connachta
Cora Droma Rúisc
Coraind
Corcaigh
Corfú
Corn na hAfraice
Cósta Ríce
Craoibh
Crèadhbati
Críocha an Iarthuaiscirt
Críoch an Tuaiscirt
Criochdún
Críoch Lochlann
Críoch Phríomhchathair na hAstráile
Críoch Shomáile
Crois an Mhaoir
Crois Riagal
Cromadh
Cromba
Crombati
Cruachan
Cruithn
Cuáit
Cuan Chorcaí
Cuan na Gaillimhe
Cúba
Cùbar
Cugais
Cuil
Cúil Rathain
Cúirt an Chantualaigh
Cumbraland
Cúnga Fheichín
Cymru
Cyndeyrn
Dacár
Dail Chluaidh
Daimhinis
Daire
Daire Calgach
Dakota Theas
Dakota Thuaidh
Dál Riada
Dál Riata
Dam
Damba an Grand Coulee
Damba Aswan
Damba Hoover
Damhliag
Danmörk
Dárasalám
Darú
Deadard
Deasmhumhain
Deheubarth
Deifr
Deilfe
Deilí
Deilt na Níle
Deisceart Coraind
Deisceart Éireann
Deisceart na hAstráile
Deisceart na hManaig
Delbhna
Dhóideacanacha
Dhubhairt
Dinbych
Dinefwr
Din Guarie
Dintagel
Diobúití
Diùranais
Djúrabý
Dobunnia
Doire
Doirrey
Donceaster
Dórnach
Droichead Átha
Droim an Atlantaigh Láir
Droim Chliabh
Droim Dhá Thiar
Droim Leathain
Druígleann
Druimm Dhá Thiar
Druim Mór
Dubhàth
Dubhlind
Duibhlinn
Dúlais
Dún Ailinne
Dún Baoi
Dùn Bar
Dún Barra
Dùn Beithe
Dún Bheagain
Dùn Bhlàthain
Dún Breatainn
Dún Chailleann
Dún Chárlabhaigh
Dún Dè
Dún Déagh
Dún Dealgan
Dún Dealgan Íochtarach
Dùn Droighnein
Dún Éideann
Dún Gaillimhe
Dún Geanainn
Dún Geimhin
Dún Guaire
Dunholm
Dùn Iùbhair
Dún Laoghaire
Dún Libhse
Dún Locha
Dún Logh
Dún Másc
Dún Mór
Dún na nGall
Dún Nan Gall
Dùn Naomhaig
Dún na Séad
Dùn Ollaigh
Dunoting
Dún Pádraig
Dún Phárlain
Dún Phàrlain
Dún Phris
Dún Reicheit
Dùn Reicheit
Dunrobin
Dún Sobhairce
Dùn Stafhainis
Dùn Suibhne
Dyfed
Eabhrac
Eacuadór
Eaglais
Eamhain Mhacha
Eanach Dhúin
Earra-Ghàidheal
Earrann a' Phriair
Eas Géitine
Ebrauc
Ecclesgreig
Eilean
Eilean Bhòid
Eilean Donan
Eilean Idhe
Eilean Tràigh
Eileoisis
Eilginn
Éire
Eireaván
Eiréil
Éiru
Eiscreach
Enaigh Dúin
Eochaill
Ergyng
Ermland
Etáil
Faisean
Farrais
Fathain Mura
Fearna
Feigh
Féinics
Fháclainne
Fhear Maí
Fhilipíneacha
Fhorraidh
Fiadh
Fidhnacha
Fìobha
Fiodh Ard
Fionnach
Fionnghlas
Fir Arda
Firceall
Flóndras
Flórans
Fochaird
Formósa
Fothair Tabhaicht
Fothar Tíre
Frémainn
Fuþþernessa
Fynwy
Fyvie
Gabhrán
Gaerfyrddin
Gaerlleon
Gaernarfon
Gaibheach
Galinden
Gallaibh
Gall Ghaidheal
Gall-Ghàidhealaibh
Galliu
Galloglagh
Gallóglaigh
Gána
Gar an Tulaich
Garraí Eoin
Gartán
Geàrrloch
Gent
Ghearmáin
Ghellinges
Ghréig
Giobráltar
Glaschú
Glastenning
Gleann Comhann
Gleann Dá Loch
Gleann Eilg
Gleann Fhionnainn
Gleann Iucha
Glinsce
Glyndyfrdwy
Gobharaidh
Goillspidh
Gòr Dùn
Gránard
Grantabrycge
Grianán Ailigh
Guaire
Guine-Bissau
Gwynedd
Háítí
Halyfax
Hanáí
Haváí
Heabrón
Heilsincí
Heirseagaivéin
Herterpol
Hondúras
Hong Cong
Honolúlú
Hrodna
Hwitebi
Hwlffordd
Iacárta
Iamáice
Iardheisceart Shasana
Iarmhumhain
Iarthar na hAstráile
Iarthar na hManaig
Iarthuaisceart Shasana
Iarúsailéim
Iáva
Ìle
Imchuach Angóla
Imleach Iubhair
Impireacht Bhiosántach
Impireacht Naofa Rómhánach
Impireacht na Róimhe
Impireacht na Rúise
Impireacht Otamánach
Inbhear Beg
Inbhear Nis
Inbhir Àir
Inbhir Aora
Inbhir Biorbhaidh
Inbhir Garadh
Inbhir Gharbhain
Inbhir Narann
Inbhir Nis
Inbhir Pheofharain
Inbhir Theòrsa
Inbhir Úige
Inbhir Ùige
Inbhir Úraidh
Inhrypum
Inis
Inis Arcáin
Inis Cealtra
Inis Córthaidh
Inis Eoghain
Inis Faithlinn
Inis Gé
Inis Pátraic
Inis Sibhtonn
Inis Trá Tholl
Innis Eaglais
Innis Eun
Innis Fionn
Innis Oifrend
Innis Ronan
Innis Tràigh
Innis Weir
Innse Catt
Innse Gall
Innse Orc
Innys
Inse Orc
Iocht
Iorua
Iostanbúl
Irbhinn
Ireachó
Iubharcille
Iúr Cinn Trá
Jerwia
Kemper
Labhdar
Labradar
Lag an Ratha
La Habana
Laighin
Laigin
Laithlinn
Lannaled
Lannfothir
Lannraig
Lannraigh
Laomainn
Lárach an Taigh Mhóir
Lása
Latharan
Latharna
Leamhnachd
Learpholl
Leithghlinn
Leitir Ceanainn
Lennox
Leòdhas
Leum
Lheeahtrim
Lhongphort
Lhoo
Liatroim
Liatroma
Lichtinstéin
Lincylene
Lindon
Linn Duachaill
Linnebaile
Líoma
Lion
Lios MoChuda
Lios Mór
Liospóin
Lios Tuathail
Lìte
Liúibleána
Liùrabhaig
Llanafan Fawr
Llanddewi Brefi
Llandrindod
Llangollen
Llanismel
Lloegyr
Llwydlo
Loch
Locháir
Loch Dhùin
Loch Garman
Loch gCál
Loch Mhabain
Loch Muinreamhair
Loch nan Doirb
Loch Nasser
Loch Nis
Loch Obha
Loch Ramhar
Lodainn
Loidis
Loígis
Lombaird
Londain
Londain Mhór
Lostwydhyel
Lothra
Lováin
Lú
Luachar
Luacharas
Lucsamburg
Lúghbhaidh
Luimneach
Luimnigh
Lundúnir
Lunnainn
Machaire Gaileang
Machaire Rátha
Maenmar
Maghal
Magh Bhile
Magh Eo
Magh Itha
Magh Luirg
Mahilioŭ
Maidéara
Maidrid
Maigh Bhloisce
Maigh Dumha
Maighean Rátha
Maigh Eo
Maigh Nuad
Maigh Seóla
Mailí
Mainile
Mainistir Fhobhair
Mairí El
Mallarca
Málta
Manachainn Rois
Manchain
Mantova
Maol Ros
Maracó
Maratón
Margam
Meice
Meicsiceo
Méileas
Meimfís
Mhaigh Eo
Mhaildíve
Mhannin
Mharmara
Mhí
Mhoireibh
Mhuirthead
Micéanae
Mide
Midhe
Miléatas
Mionarca
Mionsc
Míora
Mirabel
Mogaidisiú
Móinteach Mílic
Mølln
Monacó
Montainéagró
Montsarat
Mòrthlach
Moscó
Móta Uí Fhearghail
Muile
Muineachán
Muir Aidriad
Muir Arabach
Muir Bhreatan
Muireb
Muir Éireann
Muir Iónach
Muir Liogúrach
Muir na Gailíle
Muir Rua
Muir Thoirian
Mumhain
Mungairit
Mùnis
Nadrauen
Na Garbhchríocha
Na hAlpa
Na hAsóir
Na hOileáin Laistigh
Naomh Aindrias
Naomh Albans
Naomh Bríd
Naomh Brigid
Naomh Dáibhí
Naomh Machar
Naomh Mícheál
Naomh Pádraig
Naomh Seoirse
Na Pùballan
Na Scealaga
Nás na Ríogh
Nazarat
Néimé
Neipeal
Nerin
Nicearagua
Ninivé
Norðhymbraland
Norðurríki
Nortumbarlann
Nua-Deilí
Nua-Eabhrac
Nua-Gheirsí
Nua-Mheicsiceo
Nur-Sultan
Nyr Ross
Obar Chùirnidh
Obar Crosain
Obar Dheathain
Obar Neithich
Obar Pheallaidh
Oileáin Chóplainn
Oileáin Fharó
Oileáin na Bhriotáin
Oileáin na Fothana
Oileáin Sholamón
Oileán na Nollag
Oileán Rhode
Oileán Staten
Oileán Vancouver
Oilimpeas
Oilimpia
Oireadh
Oirmhumhain
Oirthear na hCeint
Oirthear na hManaig
Óman
Ósaca
Osló
Osraí
Osraige
Osraighe
Osraí Uachtarach
Ostainn
Oxnaford
Pallteskja
Pampaí
Papar
Paragua
Páras
Peairt
Pedn an Wlas
Peighinn na Cuthaig
Peilipinéiseach
Penfro
Pengwern
Penryth
Píodmant
Píoraid
Piréas
Piréiní
Poblacht Éimin
Poblacht Mhósaimbíc
Podgairítse
Pogesanien
Pomesanien
Pons Aerarius
Port an Eilein
Port Chluain Eoghain
Port Láirge
Pórtó Ríce
Port Rìgh
Port Túrenn
Powys
Powys Fadog
Powys Wenwynwyn
Prág
Pristine
Puglia
Purt ny h-Inshey
Raineach
Raithean
Ráith Laoghaire
Ráith na Ríogh
Ráith na Seanadh
Rangún
Ráth Beag
Ráth Bhoth
Ráth Iomgháin
Ráth Mór
Rath na dTarbh
Réicivíc
Reilig na Rí
Réine
Rhedged
Rhegin
Rhuddlan
Rhumsaa
Rhwng Gwy a Hafren
Rhydychen
Ridirí na Gréine
Ríge
Rìghdùn
Rinn an Dóchais
Rinn Friú
Rinn Friù
Ríocht Aontaithe
Roazhon
Rocal
Ródas
Rois
Ros
Ros Ailithir
Rosbroch
Ros Comáin
Ros Cré
Rosien
Ros Mhaircnidh
Ros Mhic Thriúin
Ros Ó gCairbre
Rostorrmel
Ruanda
Saghadal
Ságrab
Sahára
Sairéavó
Samas na Tráicia
Samó
San Doiminic
San Mairíne
San Uinseann agus na Greanáidíní
Saorstát Éireann
Sárbrúch
Sasana
Sasana Nua
Saváí
Saxain Láir
Saxain Thoir
Scirburna
Scóipé
Seanchair
Seanleithghlinn
Séiséil
Sgairinis
Sgitheanach
Shalcraig
Shealtainn
Sheireapúin
Shidni
Shliggagh
Sid-Druim
Singeapór
Síonáí
Sioracús
Siorrachd Pheairt
Siorrachd Rinn Friù
Skiannach
Slébh Mis
Sléibhte
Sléibhte Atlais
Sléibhte Cugais
Sliccigh
Sligeach
Smaleskja
Snotingaham
Socatra
Sóifia
Srath Anann
Srath Bhalgaidh
Srath Éireann
Srath Ghriobhaidh
Sròimnis
Sruighle
Sruighlea
Sruthair
Stáit an Phápa
Stáit Aontaithe
Stanehyve
Steórnabhagh
Steòrnabhagh
Stócólm
Strath Àrdail
Styria
Suais
Súl
Suranam
Súrsdalar
Suthriganaweorc
Taigh Mhártainn
Taigh Mhàrtainn
Taihítí
Taillinn
Tàirneanachceann
Talamh an Éisc
Tamhlacht
Teabhtha
Teamhair
Teampall Mholuaidh
Teampall Phádraig
Teamplóirí
Téara
Tearmann Feichín
Teasaloinicé
Thír Eoghain
Threave
Tìbhiotgleann
Tigguo Cobauc
Tigh Mochua
Timbeactú
Tiobraid Árann
Tiorána
Tioróil
Tíotán
Tír Aedha
Tír Amhlaidh
Tír Aodha
Tír Chonaill
Tír Eoghain
Tír na Banríona
Tír na mBascach
Tobága
Tobar Mhoire
Tobar na Mac
Tobar na Màthar
Tóga
Tóir Féichín
Torontó
Traigh Lí
Trá Lí
Travemønde
Trebedr
Trefaldwyn
Trefynwy
Triduana
Trionta
Tripilí
Tróndairnis
Truru
Truso
tSín
Tuadhmhumhain
Tuaim
Tuaim Dá Ghualann
Tuaisceart Coraind
Tuaisceart Éireann
Tuaisceart na hManaig
Tuaisceart Sasana
Tuamhain
Tuathanaseaglais
Tuathcuing
Túinis
Túiringe
Tulaigh Mhongáin
Tulaigh Óg
Turnberry
Tyddewi
Uachdar Árdair
Uaimh na gCat
Uí Bhairrche
Uíbh Fhailí
Uibhist
Ùige
Uí Maine
Uí Mháine
Uisge Bradán
Uisneach
Uisnech
Ulaid
Ulaidh
Ulánbátar
Uragua
Urumhain
Vaileinse
Vaileite
València
Vannin
Vársá
Vatacáine
Vilnias
Vín
Víobórg
Vítneam
Volta Uachtarach
Wrecsam
Xerona
Yn Claair
Ynys Môn
Yr Heledd Ddu
Ystrad Tywi
Zambia
