+40 (720) 138 884
+40 (720) 174 217
+40 (720) 314 575
+40 (720) 382 422
+40 (720) 673 484
+40 (720) 696 180
+40 (720) 696 402
+40 (720) 696 800
+40 (721) 589 361
+40 (722) 194 731
+40 (722) 226 730
+40 (722) 274 334
+40 (722) 406 540
+40 (722) 512 530
+40 (722) 699 733
+40 (722) 713 110
+40 (723) 103 331
+40 (723) 182 284
+40 (723) 248 032
+40 (723) 362 596
+40 (723) 439 101
+40 (723) 552 233
+40 (723) 568 537
+40 (723) 765 930
+40 (723) 837 733
+40 (723) 875 468
+40 (723) 920 131
+40 (723) 938 175
+40 (724) 016 096
+40 (724) 075 075
+40 (724) 253 586
+40 (724) 267 685
+40 (724) 345 540
+40 (724) 807 528
+40 (725) 540 853
+40 (726) 026 026
+40 (726) 395 374
+40 (726) 759 321
+40 (726) 768 751
+40 (727) 876 373
+40 (727) 883 897
+40 (728) 010 602
+40 (728) 086 430
+40 (728) 180 971
+40 (728) 208 682
+40 (728) 836 555
+40 (728) 883 691
+40 (728) 993 933
+40 (729) 397 826
+40 (729) 723 027
+40 (729) 891 987
+40 (730) 158 224
+40 (730) 554 690
+40 (730) 909 611
+40 (731) 022 816
+40 (731) 041 175
+40 (731) 077 327
+40 (731) 144 965
+40 (731) 194 933
+40 (731) 212 286
+40 (731) 281 291
+40 (731) 814 253
+40 (731) 843 726
+40 (731) 844 688
+40 (732) 751 635
+40 (732) 757 316
+40 (733) 880 830
+40 (733) 948 246
+40 (734) 296 333
+40 (734) 896 089
+40 (734) 896 249
+40 (734) 897 151
+40 (735) 610 939
+40 (736) 611 999
+40 (737) 729 792
+40 (737) 741 624
+40 (737) 741 695
+40 (737) 765 900
+40 (738) 328 521
+40 (738) 671 104
+40 (738) 762 209
+40 (739) 666 566
+40 (739) 666 567
+40 (739) 857 724
+40 (739) 864 647
+40 (739) 864 655
+40 (740) 022 858
+40 (740) 074 756
+40 (740) 309 496
+40 (740) 451 361
+40 (740) 558 062
+40 (740) 568 349
+40 (740) 661 680
+40 (740) 910 688
+40 (741) 111 102
+40 (741) 463 529
+40 (742) 055 550
+40 (742) 060 250
+40 (742) 386 882
+40 (742) 687 796
+40 (742) 765 879
+40 (742) 934 138
+40 (743) 004 572
+40 (743) 028 908
+40 (743) 178 512
+40 (743) 227 893
+40 (743) 282 537
+40 (743) 311 998
+40 (743) 348 298
+40 (743) 456 326
+40 (743) 547 683
+40 (743) 806 591
+40 (743) 860 115
+40 (744) 363 727
+40 (744) 528 826
+40 (744) 613 013
+40 (744) 702 740
+40 (744) 708 530
+40 (744) 776 777
+40 (745) 068 501
+40 (745) 134 009
+40 (745) 188 324
+40 (745) 228 274
+40 (745) 298 208
+40 (745) 317 274
+40 (745) 322 275
+40 (745) 401 947
+40 (745) 487 232
+40 (745) 501 436
+40 (745) 602 037
+40 (745) 639 724
+40 (745) 816 377
+40 (745) 864 572
+40 (745) 936 348
+40 (746) 045 635
+40 (746) 183 442
+40 (746) 188 324
+40 (746) 888 465
+40 (747) 047 195
+40 (747) 207 806
+40 (748) 085 933
+40 (748) 326 940
+40 (748) 499 934
+40 (748) 511 817
+40 (748) 512 689
+40 (748) 771 316
+40 (749) 114 665
+40 (749) 122 688
+40 (749) 269 040
+40 (749) 479 230
+40 (750) 432 238
+40 (750) 748 624
+40 (751) 526 192
+40 (751) 843 726
+40 (751) 888 555
+40 (752) 242 524
+40 (752) 334 433
+40 (752) 438 295
+40 (752) 837 557
+40 (752) 837 826
+40 (752) 926 159
+40 (753) 015 352
+40 (753) 065 837
+40 (753) 133 749
+40 (753) 164 955
+40 (753) 312 020
+40 (753) 385 516
+40 (753) 655 228
+40 (754) 382 422
+40 (754) 940 311
+40 (754) 966 888
+40 (755) 042 460
+40 (755) 249 066
+40 (755) 249 161
+40 (755) 462 825
+40 (755) 779 464
+40 (756) 075 577
+40 (756) 230 765
+40 (756) 844 825
+40 (757) 293 052
+40 (757) 678 686
+40 (758) 031 031
+40 (758) 033 033
+40 (758) 463 326
+40 (758) 788 502
+40 (759) 022 942
+40 (759) 320 692
+40 (759) 574 643
+40 (760) 394 108
+40 (760) 444 013
+40 (764) 059 968
+40 (764) 403 760
+40 (766) 598 888
+40 (770) 050 010
+40 (770) 059 770
+40 (770) 136 745
+40 (770) 456 987
+40 (770) 780 000
+40 (770) 886 193
+40 (771) 313 015
+40 (771) 671 329
+40 (771) 698 907
+40 (772) 072 417
+40 (772) 133 586
+40 (772) 159 753
+40 (772) 826 887
+40 (774) 485 414
+40 (774) 612 815
+40 (774) 935 844
+40 (775) 181 387
+40 (775) 277 892
+40 (775) 854 675
+40 (775) 882 365
+40 (779) 236 435
+40 (785) 473 278
+40 (787) 396 275
+40 (788) 201 020
+40 (790) 113 948
+40 (790) 206 564
+40 (790) 383 696
+40 (790) 431 832
+40 (790) 432 844
+40 (790) 744 847
+40 (790) 919 443
+40 (792) 149 814
+40 (793) 286 493
+40 (796) 988 862
+40 (799) 073 073
+40 (799) 299 612
+40 (799) 877 175