Alana
Alapaʻi
Anuhea
Hanalei
Hauʻoli
Haumea
Haunani
Healani
Hiʻiaka
Hiʻilani
Hina
Hōkūlani
ʻAlohilani
ʻĀnela
ʻAulani
ʻIwalani
Kahalaomāpuana
Kahale
Kahealani
Kahele
Kahue
Kahula
Kaʻehu
Kaʻena
Kaʻili
Kaʻimi
Kaʻiulani
Kaʻuhane
Kai
Kaila
Kailani
Kaimana
Kaipo
Kala
Kalā
Kalaʻi
Kalama
Kalani
Kalehua
Kalei
Kaleialoha
Kaleiokalani
Kalena
Kaleolani
Kalia
Kaliʻa
Kaliko
Kalili
Kalua
Kamaile
Kamaka
Kamala
Kamalani
Kamalei
Kameāloha
Kamila
Kanaloa
Kanani
Kanoelani
Kapiʻolani
Kapua
Kapule
Kauʻi
Kauʻilani
Kaulana
Kawai
Kawailani
Kawehi
Kāwelu
Kawena
Keahi
Keaka
Keala
Kealani
Kealoha
Keanu
Keao
Kēhau
Kēhaulani
Keʻala
Keʻalohilani
Keikilani
Keola
Keonaona
Kiele
Kini
Kolokea
Kuʻualoha
Kuʻuipo
Kuʻulei
Kuʻuleialoha
Kuilei
Lanakila
Lani
Lea
Lehua
Lei
Leialoha
Leilani
Leimomi
Leināʻala
Leinani
Lilinoe
Lokelani
Luʻukia
Māhealani
Mahina
Maikaʻi
Maile
Maka
Makamae
Makana
Makanui
Mālie
Manu
Māpuana
Mele
Melia
Mililani
Moana
Moani
Moʻo
Mokihana
Momi
Momilani
Naiʻa
Nālani
Nāmaka
Nanea
Nani
Nāpua
Nāwai
Noelani
Nohea
Nohealani
Pauahi
Pele
Piʻikea
Piʻilani
Poliʻahu
Pōmaikaʻi
Pua
Pualani
Puanani
Roselani
Uʻilani
Ululani
Wailani
Waiola