Abakanas
Abchazija
Aberdynas
Aberdynšyras
Abergavenis
Aberistvitas
Abidas
Abidžanas
Abingdonas
Abrantesas
Abrucai
Abu Kamalis
Abvilis
Abydosas
Ačera
Achaja
Achalcichė
Achalkalakis
Acharnesas
Achenas
Achmimas
Achtuba
Achtubinskas
Adapazaris
Adelaidė
Adenas
Adranas
Adraras
Adrijos Jūra
Afganistanas
Afguja
Afjonkarahisaras
Afrika
Afrodizijas
Agadiras
Agilar de Kampas
Agordatas
Agreda
Agridžentas
Agrinijas
Aguaskaljentesas
Ahmadabadas
Ahmadnagaras
Ahvazas
Aidahas
Aidaho Folsas
Aidinas
Aidzuvakamacu
Aigijus
Airaratas
Airija
Airijos Jūra
Aistmarės
Aitosas
Aizkraukle
Ajačas
Ajagozas
Ajodija
Ajova
Ajudas
Ajutaja
Akadas
Akadija
Akapulkas
Akarnanija
Akdžužtas
Akershusas
Aknysta
Akra
Aksarajus
Aktobė
Akureiris
Akvinas
Akvitanija
Alagonas
Alahabadas
Alakulis
Alandai
Alanija
Alansonas
Alapajevskas
Alapulas
Alarkonas
Alatyris
Alavos
Alba Julija
Albanija
Albarasinas
Albasetė
Alberikas
Alboksas
Albos
Albukerkė
Alcharakė
Alchesirasas
Aldeburgas
Alėcka
Aleksandrija
Aleksinas
Alenas
Alenkeras
Alepas
Alfeldas
Algeras
Al Huta
Aliaska
Alikantė
Alkala de Gvaranda
Alkala de Henaresas
Alkala del Chukaras
Alkala de los Gasulesas
Alkalas
Alkantara
Alkarasas
Alkasar de San Chuanas
Alkaudetė
Alkmaras
Alkobasa
Alkošetė
Almasanas
Almata
Almelas
Almendralechas
Almerija
Almonaster la Realas
Almunjekaris
Alnvikas
Alpės
Alšėnai
Alsesteris
Alstas
Alsteris
Altdorfas
Altenbergas
Altenburgas
Altopašas
Alūksnė
Alušta
Alytus
Alžezuras
Alžyras
Alžyro Dykuma
Amalfis
Amanas
Amasija
Ambergas
Ambikapuras
Ambrolauris
Ambuazas
Amèrika
Amerikos Samoa
Amiklai
Amjenas
Amluchas
Ampthilis
Amravatis
Amsterdamas
Amštetenas
Anaba
Anandalė
Ananjis
Anapolis
An Arboras
Anceranana
Ancijus
Andalūzija
Andenas
Andernachas
Andhra Pradešas
Andižanas
Andora
Andoveris
Andras
Andreapolis
Andrija
Andrychuvas
Anducharas
Angilija
Anglesis
Anglija
Anglija ir Velsas
Angolos Dubuma
Angulemas
Angusas
Anholtas
Ankona
Ankoridžas
Anonė
Anšanas
Ansbachas
Ansi
Ansoategis
Antananaryvas
Antarktida
Antekera
Antibas
Antigva
Antigva ir Barbuda
Antiokijos
Antrimas
Antverpenas
Anykščiai
Anžė
Anžu
Apamėja
Apeldornas
Apencelis
Apencelis-Inerodenas
Apija
Apulija
Apulija ir Kalabrija
Arabijos Dykuma
Arabijos Jūra
Aradas
Aragonas
Arasas
Arau
Arcachas
Arcava
Archangelskas
Archona
Arcyzas
Ardebilis
Ardženta
Ardžešas
Arecas
Arekipos
Arensburgas
Areopagas
Argas
Argau
Argentinos Dubuma
Argolidė
Arigoriaga
Arišas
Arkadija
Arkanzasas
Arklou
Arkos de Valdevezas
Arlis
Arlonas
Arma
Armagedonas
Armenija
Armėnija
Armorika
Arnedas
Arnhemas
Arnsbergas
Arschotas
Artua
Arunačal Pradešas
Arundelas
Arzinjanas
Ašafenburgas
Ašančiai
Asasinai
Ašchabadas
Ašdodas
Asila
Asirija
Asjutas
Aškelonas
Askersundas
Askoli Pičenas
Ašmena
Asnalkolaras
Astana
Aštarakas
Astis
Astrachanė
Astūrija
Asuanas
Asunsjonas
Ašūras
Asuva
Asyžius
Atakama
Atbojus
Atenai
Atėnai
Atenris
Atensas
Atika
Atinghauzenas
Atinji
Atkaras
Atlantik Sitis
Atlanto Vandenynas
Atlaso Kalnai
Atlonas
Atyrau
Atzele
Audagostas
Audžila
Augsburgas
Aukso Krantas
Aukso Orda
Aukštaitija
Aukštutinė Armėnija
Aukštutinė Austrija
Aukštutine Kvararafa
Aukštutinės Burgundijos
Aukštutine Silezija
Aukštutinis Egiptas
Aurichas
Australija
Australijos Sostinės Teritorija
Austrati
Austrija
Avecanas
Aveiras
Avelinas
Avilesas
Avinjonas
Aženas
Azerbaidžanas
Azija
Azorai
Azova
Baalbekas
Babeskis
Babilonas
Babruiskas
Bachčisarajus
Bachmutas
Badachosas
Badenas
Badenokas
Bad Mergentheimas
Bafalas
Bagdadas
Bagerija
Bagirmi
Baharija
Bahir Daras
Bahreinas
Baijinas
Baikonyras
Bairoitas
Baja
Baja Marė
Bakaras
Bakeu
Bakingamšyras
Bakingemas
Baktrija
Bakuba
Balachna
Balageras
Balakovas
Balasagunas
Balašovas
Balčikas
Balearų Jūra
Balikesyras
Bališanonas
Balkašas
Balstogė
Baltarusija
Baltimorė
Baltoji Kuopa
Baltoskandija
Balvai
Bamakas
Bambergas
Bamijanas
Banatas
Banberis
Bandare Imamas Chomeinis
Bandare Mahšahras
Bandava
Banfas
Bangis
Bangladešas
Bangoras
Bania Luka
Bani Validas
Banjakavalas
Bankokas
Banska Bistrica
Banska Štiavnica
Banu
Barabinskas
Baranis
Baranja
Barankabermecha
Baranovičiai
Baras
Baratpuras
Barbastras
Bardejovas
Bareli
Bar Harboras
Baris
Barkisimetas
Barleta
Barnaulas
Barnstaplis
Barselona
Barselosas
Barštinas
Barta
Bartinas
Baryšas
Barysavas
Basano
Basarabiaska
Baskija
Baškirija
Bastja
Bastonė
Bataiskas
Batalja
Batas
Batikaloa
Batrunas
Batumis
Baucenas
Baudai
Bauske
Bavarija
Bazelis
Bearnas
Bėblingenas
Becharas
Bečuanalandas
Bedfordas
Bedfordšyras
Bedžaja
Beheiros
Beikersfildas
Beiksvelis
Beilaganas
Beile Herkulanė
Beirutas
Beizingstokas
Bejušas
Bekeščaba
Bekija
Bektašizmas
Belcis
Belebėjus
Belfastas
Belgija
Belgradas
Belincona
Belizas
Belmopanas
Belovas
Belozerskas
Beludžistanas
Belunas
Belzas
Benalmadenas
Benaskė
Benderai
Bender Šahpūras
Beneventas
Bengalija
Bengalūras
Bengazis
Bengoras
Beniliuksas
Beninas
Beni Sueifas
Bentivoljas
Beratis
Berchtesgadenas
Berdianskas
Berdyčivas
Berehovė
Berezanė
Berezinas
Bergamas
Bergenas
Beri
Berikas
Beri Sent Edmundsas
Berklis
Berkšyras
Berlingtonas
Berlynas
Bernas
Bernicija
Beršeba
Bertinoras
Besarabija
Betansosas
Betesda
Betliejus
Beverina
Beverli Hilsas
Beža
Bezansonas
Bežeckas
Bezjė
Bhaktapuras
Bhavnagaras
Bhubanešvaras
Biarmija
Bichačas
Bidžapuras
Bielskas
Bieskasas
Biharas
Bihoras
Bikonsfildas
Bilhorodas
Bilohirskas
Biloksis
Bilundas
Bilvara
Biminis
Birdžendas
Birečikas
Biriusa
Birladas
Birmingamas
Birobidžanas
Birskas
Birštonas
Biržai
Birzebudžia
Bisau Gvinėja
Bismarkas
Bišopbrigsas
Bistrica
Bitburgas
Bitinija
Biukenenas
Biuskeriudas
Bjela
Blagoveščenskas
Blakbernas
Blenheimas
Blua
Blumingtonas
Bobovacas
Bodaibas
Bodrumas
Bogota
Bogučaras
Bohemija
Bohemijos Miškas
Bohoduchivas
Bohuslavas
Boizis
Bojotija
Bokerė
Bolcanas
Bolchovas
Boleslavecas
Bolivaras
Bolivija
Bolochovas
Bologojė
Bolonija
Bomontas
Bonas
Bonduku
Bonesas
Borcha
Bordo
Borgholmas
Boriana
Boristenas
Bornholmas
Borovičiai
Borša
Borudžerdas
Borulas
Boryspilis
Bosangoa
Bosasas
Bosnija
Bosnija ir Hercegovina
Bostonas
Botevgradas
Botošanis
Botsvana
Botvelis
Bovė
Bozemanas
Bozkada
Braclavas
Bradvelis
Braklis
Brandenburgas
Branevas
Branskas
Brašovas
Bratskas
Braunšveigas
Brazavilis
Brazilija
Brčkas
Brėgencas
Breila
Brekelenas
Brėmenas
Breša
Bresanonė
Breslauja
Brestas
Bretanė
Breznas
Brianskas
Bridlingtonas
Bridžnortas
Bridžvoteris
Brilė
Brindizis
Brisbenas
Bristolis
Britanija
Britų Hondūras
Britų Kolumbija
Britų Somalilandas
Briuega
Briuge
Briuselis
Brivjeska
Broamas
Brodai
Brodas
Brodnica
Broken Hilas
Bromsgrovas
Bronksas
Bruklinas
Brukvailas
Brunėjus
Brunikas
Bržeclavas
Bučačas
Buchara
Buchtarma
Budapeštas
Budslavas
Budžakas
Bufaventas
Bugunis
Bukareštas
Bukovina
Bukstehudė
Bule
Bulgaras
Bulgarija
Bumtango
Bunkrana
Buranpuras
Burbonė
Burgasas
Burgosas
Burgundija
Buriatija
Burundis
Buržas
Busanas
Busetas
Butanas
Butė
Butilimitas
Butrintas
Buzeu
Bužumbūra
Bydgoščius
Bylefeldas
Bylina
Bylis
Bytomas
Bytuvas
Bžegas
Čabacharas
Čačapojas
Čadas
Čagčaranas
Čakvaras
Čanakalė
Čandpuras
Čangas de Onis
Čangčunas
Čangdzi
Caricynas
Čarlstonas
Časlavas
Čatanuga
Caterisas
Čatisgarchas
Čeboksarai
Cecerlegas
Cechanuvas
Cedinas
Čefalu
Ceglėdas
Ceicas
Čekija
Cele
Celė
Čeliabinskas
Čelmsfordas
Čenstakava
Čentas
Centrinė Graikija
Centrinės Makedonijos
Centrinis Čiakas
Čepstou
Cerachouka
Čerepovecas
Čerkasai
Cernigova
Černivciai
Černobylis
Červenė
Červeteris
Čerykavas
Cešinas
Cësis
Česke Budejovicai
Česky Krumlovas
Češmė
Česterfildas
Cesteris
Cesvaine
Češyras
Cesys
Cetine
Cetinė
Četumalis
Čezena
Čezenatikas
Chabarovskas
Chačmazas
Chadžibeju
Chaenas
Chaironėja
Chaka
Chakasija
Chalandris
Chaliskas
Chalistanas
Chamar Dabanas
Chanija
Chan Junisas
Chanty Mansijskas
Chara Chotas
Charais de la Veras
Chartumas
Chaskovas
Chazarija
Chebas
Chelmas
Chemnicas
Cheres
Cheres de la Frontera
Cherona
Chersonas
Chichonas
Chijas
Chimena de la Frontera
Chinvalis
Chižanaija
Chmelnyckis
Chomaso
Chopioras
Chorasanas
Choremabadas
Choremšehras
Chorezmas
Chortycia
Chotynas
Chrudimas
Chubsugulo
Chuchujus
Churibga
Chustas
Chuzestanas
Čiapasas
Čiarsada
Čičen Ica
Cicesteris
Čičibu
Čihuahua
Čikaga
Čilė
Čin
Činčilja de Monte Aragonas
Čingdao
Činghai
Čipenhamas
Čitagongas
Citau
Čiūgoku
Ciūrichas
Čiusovaja
Čiuvašija
Čivitavekija
Čluhova
Colernas
Čongčingas
Cresas
Čuhujivas
Čula Vista
Cvetlis
Cvikau
Dachla
Dadlis
Dafildas
Dagestanas
Daglasas
Dahlak Kebiras
Dahomejas
Daitona Byčas
Dakija
Dalanzadgadas
Dalasas
Dalmatija
Damamas
Damaskas
Dambartonas
Dameras
Damfrisas
Dandi
Dandolkas
Danfermlinas
Danganonas
Danidinas
Danija
Dansteiblas
Daramas
Darbanga
Darchanas
Dardžilingas
Daremas
Dar es Salamas
Darfūras
Darlingtonas
Darmštatas
Dartmutas
Darvadas
Darvinas
Dašoguzas
Datča
Daugpilis
Davenportas
Debaras
Debrecenas
Dečynas
Degendorfas
Dehradūnas
Deir az Zoras
Delas
Delaveras
Delfai
Delfzeilas
Delis
Delmenhorstas
De Moinas
Denbigšyras
Denbis
Dendešas
Denemas
Dengčenas
Denija
Denizlis
Denveris
Dera Gazi Chanas
Deras
Dėras
Derbentas
Derbis
Deris
Dernesas
Des Pleinsas
Dešte Lutas
Detmoldas
Deventeris
Devonas
Dežas
Didieji Lukai
Didysis Londonas
Didžioji Lenkija
Didžioji Moravija
Didžioji Permé
Dijarbakyras
Dikilis
Diksonas
Dimapuras
Dingvolas
Dinkelsbiulis
Dinogetija
Diredava
Distas
Diunkerkas
Diurbiuji
Diuseldorfas
Dižonas
Djepas
Dnepra
Dniestro Bilhorodas
Dnipras
Dobojus
Dobričius
Dobropilia
Dobrudža
Dodekanesas
Dofinė
Dokumas
Dolenėnai
Dolny Kubynas
Domažlicės
Dombrova Gurniča
Donecas
Doneckas
Donkasteris
Dons
Dorčesteris
Dordrechtas
Dormagenas
Dorogobužas
Dorsetas
Dortmundas
Doveris
Dramblio Kaulo Krantas
Drė
Drentė
Dresdenas
Drisa
Droeda
Drohicinas
Drohičinas
Drohobyčas
Druckas
Druja
Druskininkai
Druvinčia
Dubajus
Dubingiai
Dublinas
Dubnas
Dubrovicja
Dubrovnikas
Dubrovycia
Duchovščina
Duenjasas
Duensa
Duisburgas
Dulikas
Dumjatas
Dunaiska Streda
Dunbaras
Dunblanė
Dunmor Istas
Duobelė
Durangas
Durbanas
Duresis
Dusburgas
Dutinchemas
Dvarka
Dykirchas
Dykra
Džado Plynaukštė
Džakovas
Džalalabadas
Džalandharas
Džamu
Džanetas
Džankojus
Džarašas
Džarkandas
Džarou
Džavachetija
Džedburgas
Džedziangas
Džeferson Sitis
Džeimstaunas
Džeksonas
Džeksonvilis
Dželamas
Dženė
Džeraldtonas
Džermukas
Dzežgona
Džezis
Džhansis
Dziaji
Dzialdovas
Dziangsu
Dziaržynskas
Džibutis
Džida
Džidželis
Dzilinas
Džima
Dzinčangas
Dziudžaigouas
Džiungarija
Džogjakarta
Džohoras
Džolofas
Džonstonas
Džonstono Atolas
Džordžija
Džovinacas
Džuba
Džubalandas
Džunas
Džurdžu
Ebersvaldė
Echternachas
Edeirnionas
Edėja
Edesa
Edinburgas
Edisanas
Edmontonas
Edogava
Edole
Eesti
Efesas
Eftalitai
Egėjo Jūra
Egėjo Salos
Egeris
Egersiundas
Egiptas
Egiu Mortas
Eidsvolas
Eilsberis
Eilsfordas
Eiluva
Eindhovenas
Einšemas
Eiselsteinas
Eizenhiutenštatas
Ejilstadiras
Ekibastuzas
Ėklas
Eksas
Ekseteris
Eksmutas
Ekvadoras
Elamas
Elandas
Elatas
Elbingas
Elčė
Eldoradas
Elefsina
Elektrogorskas
Eleutera
Eliazihas
Elidė
Eliot Leikas
Elis Springsas
Elmetas
Elmshornas
Elonas
El Pasas
Elzasas
Embute
Emdenas
Emenas
Emilija-Romanija
Empolis
Enarėja
Engelsas
Enisas
Eniskortis
Enkheizenas
Enschedė
Entre Riosas
Eolidė
Epenas
Epinalis
Epyras
Erdekas
Erdenetas
Ėrdingas
Erebru
Eretrija
Erfurtas
Eritrėja
Erlangenas
Er Rašidija
Ervasas
Erzia
Erzindžanas
Erzurumas
Ešas
Eseksas
Esenas
Ešeris
Esicha
Eskalona
Eskanaba
Eskilstiuna
Eskišechiras
Eskondidas
Eslingenas
Esna
Estergomas
Esthamaras
Estija
Estremadūra
Ešveileris
Etelbriukas
Etiopija
Etolija
Etrūrija
Euboja
Eufratas
Evora
Faenca
Fajumas
Falkenbergas
Falmutas
Falšiopingas
Falsteris
Fanas
Faras
Farerai
Fargas
Farnemas
Faširas
Fegerašas
Feivešemas
Felaničas
Feldkirchas
Feleštis
Fenoskandija
Ferara
Fererjesas
Fermas
Ferolis
Fesas
Feteštis
Fidenca
Figeira da Fosas
Figeresas
Figigas
Filachas
Filiakovas
Filipai
Filipinai
Finikija
Finiksas
Finisteras
Finmarkas
Finstromas
Fišgardas
Fiūnas
Fiusenas
Fjurdanė
Flaitvikas
Flajing Fiš Kovas
Florencija
Florianopolis
Floridsdorfas
Fodža
Fokšanis
Folinjas
Folkerkas
Folklenda Salas
Fondis
Forchheimas
For de Fransas
Forfaras
Forkalkjė
Forlimpopolis
Fosas
Frankfurtas
Frankonija
Franš Kontė
Frauenfeldas
Freizingas
Fresnas
Friburas
Frimantlas
Friulis-Venecija Džulija
Frodšemas
Frolovas
Frostathingslov
Frydrichshafenas
Frygija
Fryzija
Fudzianas
Fukangas
Fukingas
Futa Džalonas
Futa Toras
Gabesas
Gaboronas
Gackas
Gagaūzija
Galacis
Galaratė
Galašelis
Galicija
Galija
Galilėja
Galinda
Galipolis
Galisija
Galkajus
Galmudugas
Galovėjus
Galura
Galvestonas
Gambija
Gana
Gandhinagaras
Gandžou
Garabogazas
Gardinas
Gargždai
Gariochas
Gatas
Gaujiena
Gavrilov Jamas
Gdanskas
Gdovas
Gdynė
Geinsboras
Gelderlandas
Gelma
Gelmimas
Gelnhauzenas
Genganas
Gentas
Genuja
Gėrarsbergenas
Gereras
Gerosios Vilties Kyšulys
Gertredenbergas
Gervanas
Gerzė
Geteborgas
Getingenas
Gibraleonas
Gibraltaras
Gichuelas
Gidimakas
Gilano
Gilbertas
Gildfordas
Gilgitas
Gilgitas-Baltistanas
Gimarainsas
Giokčeada
Gioksunas
Giorlicas
Girdau
Giresunas
Girokasteris
Giumiušchanė
Giumri
Giuriunas
Giuterslas
Gjangdzė
Gjumai
Glazgas
Glazovas
Glivicės
Gloguvas
Glosteris
Glosteršyras
Glubokas
Gmiundas
Gnieznas
Gniozdovas
Goce Delčevas
Goco
Godmančesteris
Goleniuvas
Golestanas
Golmadas
Golpajeganas
Golvėjus
Gombė
Gomelis
Gonayvas
Gonderas
Gondomaras
Gorakhpuras
Goraždė
Gorganas
Gorinchemas
Gorochovecas
Gotlandas
Gracas
Graikija
Grand Džonkšonas
Grasas
Graubiundenas
Grausas
Greifsvaldas
Grenada
Grenlandas
Grenlandija
Grenoblis
Griazovecas
Grimbergenas
Grimsbis
Grin Bėjus
Groningenas
Grosetas
Grotaljė
Groznas
Grudziondzas
Gruobinia
Gruzija
Guadiksas
Guamas
Guanachuatas
Guangdongas
Guangsi
Guarenja
Gubenas
Gubijus
Gudžaratas
Gudžranvala
Guilinas
Gulbenė
Gurjevas
Gurzufas
Gusas
Gvadalachara
Gvalioras
Gvarda
Gvastala
Gvinedas
Gvinėja
Gysenas
Hadingtonas
Hadita
Haida Gvai
Haidarabadas
Haitas
Haitis
Hajasa-Azi
Hakaris
Hakoisten
Halberštatas
Halė
Halicas-Voluine
Halifaksas
Halmstadas
Halogalandas
Halštatas
Hamadanas
Hamametas
Hamaras
Hamas
Hamburgas
Häme
Hamiltonas
Hampšyras
Hamukaras
Hancavičai
Hankas
Hanoveris
Hapsalu
Haradokas
Haranas
Hararas
Harderveikas
Harisburgas
Harisonburgas
Harju
Harlemas
Haronas
Hartfordšyras
Hartlepulas
Hasankifas
Haseltas
Haugesiundas
Haverfordvestas
Hebronas
Hedmarkas
Heidelbergas
Heigerstounas
Heilbronas
Heilongdziangas
Heins Džankšenas
Heistingsas
Heist op den Bergas
Hejuanas
Heksemas
Helmza
Helsingborgas
Helsingioras
Helsinkis
Helšteinas
Helstonas
Hemenlina
Heno
Henzada
Heraklionas
Heratas
Herefordas
Herhiugovardas
Herniosandas
Herstalis
Hertfordas
Hertogenbosas
Hetianas
Hidžazas
Hildesheimas
Hionefosas
Hirlenas
Hirosima
Hiuvinkė
Hluchivas
Hofas
Hogstratenas
Hohencolernai Zigmaringenai
Hohenemsas
Hohotas
Hokaidas
Hokenhaimas
Holašovicė
Holbekas
Holivelis
Holivudas
Homsas
Hondūras
Honeda
Hongliuvanas
Honkongas
Hordalandas
Horodokas
Hoseima
Hradyskas
Huainanas
Hubėjus
Hueska
Hulunbuiras
Husavikas
Hyjuma
Ibadanas
Ibas
Ibenbiurenas
Ibenolu
Ibisa
Igleziasas
Igvasu krioklys
Ikarija
Ikorodas
Ikšķile
Ilamas
Il de Fransas
Ilinojus
Ilis
Ilis ir Vilenas
Iljeskasas
Ilklis
Ilyrija
Imeretija
Impiltis
Indėnų Teritorija
Independensas
Indija
Indonezija
Induras
Ingolštatas
Ingrija
Injesta
Inka
Inovroclavas
Insbrukas
Inuvikas
Invernesas
Inveruris
Ipsvičas
Irakas
Iranas
Irbidas
Irkutskas
Irūnas
Irvinas
Isafjorduras
Isfahanas
Isinas
Iskenderunas
Islandija
Ispanija
Įsrutis
Istachras
Ist Kilbraidas
Istrija
Italija
Itanagaras
Itilis
Iulisatas
Ivakunis
Ivangorodas
Ivanica
Ivankovas
Ivano Frankivskas
Ivanovas
Ivo Džima
Ivrėja
Ivšemas
Iževskas
Izmajilas
Izmiras
Izmitas
Iznikas
Izraelis
Jaicė
Jakobshaunas
Jakobstadas
Jakutija
Jakutskas
Jalomica
Jalta
Jamaika
Jamantau
Jamaširo
Jangdžou
Janina
Janktonas
Jan Majenas
Japas
Jarkantas
Jarocinas
Jaromeržas
Jaroslavlis
Järva
Jasai
Jasberėnis
Jatengos
Jaundė
Jaunjelgava
Javatmalas
Javoras
Jedinecas
Jegorlykas
Jėkabpilis
Jekaterinburgas
Jekaterinodaras
Jelecas
Jelgava
Jelnia
Jemenas
Jemtlandas
Jeniseiskas
Jerevanas
Jerichas
Jersika
Jeruzalė
Jevlivarė
Joensū
Jokmokas
Jonija
Jonijos Jūra
Jonijos Salos
Jonšiopingas
Jordanija
Joringas
Jorkas
Jorkšyras
Jotva
Joulas
Juan
Judenburgas
Jugoslavija
Jukatanas
Julichas
Juma
Jungbis
Jungtinė Baltijos Kunigaikštystė
Jungtiniai Arabų Emyratai
Junkarsborg
Juodkalnija
Juodoji Jūra
Juta
Jutlandija
Juveskiulė
Kabo Delgadas
Kabulas
Kabvė
Kachamarka
Kachetija
Kadisas
Kadžurahas
Kafas
Kagošima
Kahokija
Kahulis
Kaidanava
Kainuu
Kairas
Kairuanas
Kaiseris
Kaitnas
Kaizerslauternas
Kajaani
Kajanis
Kajena
Kakabelosas
Kalabrija
Kalabrijos Redžas
Kalafatas
Kalajus
Kalamoča
Kalanda
Kalanti
Kalaora
Kalausas
Kalavijuočių Ordinas
Kalchvinedas
Kalė
Kalėdų Sala
Kalemijė
Kalifornija
Kalimantanas
Kalinkavičai
Kališas
Kalista
Kaljaris
Kalmaras
Kalmukija
Kaltadžironė
Kalvadosas
Kamagvėjaus
Kamarhatis
Kambernoldas
Kambodža
Kambrė
Kamčiatkas
Kamerinas
Kamerūnas
Kamianecas
Kamnikas
Kampanija
Kampenas
Kamphengphetas
Kampobasas
Kampongčnangas
Kampos dos Goitakazesas
Kamyšinas
Kamyslovas
Kanada
Kanas
Kanbera
Kančipuramas
Kandaharas
Kandyagašas
Kanemo
Kanivas
Kankunas
Kanoza
Kantiljana
Kanzasas
Kanzas Sitis
Kapadokija
Kapanas
Kapfenbergas
Kapošvaras
Kapsukas
Kapuja
Kara Bogas Golas
Karakalpakija
Karakasas
Karakolas
Karaliaučius
Karalienės Šarlotės Salos
Karamajus
Karamanas
Karamiurselis
Karansebešas
Karara
Karašaras
Karasubazaras
Karavaka
Karavaka de la Krusas
Karbachosa de la Sagrada
Kardifas
Kardiganas
Karelai
Karelija
Karfilis
Kargalykas
Kargopolis
Karigalinas
Karija
Karikas prie Šanono
Karikfergusas
Karintija
Karkarali
Karkasonas
Karkemišas
Kärkna
Karksi
Karlailas
Karlou
Karlsbadas
Karlskruna
Karlsrūjė
Karmardenas
Karmartenšyras
Karmona
Karpatas
Karpatų Rusia
Karšis
Karson Sitis
Kartachena
Kartagina
Kartama
Kartlija
Karventas
Kasablanka
Kaselis
Kašelis
Kaseresas
Kašgaras
Kasinas
Kaskelenas
Kasldergas
Kaslkomeris
Kašmyras
Kasorla
Kastalja
Kastanjeda
Kastelanas
Kastilija
Kastorija
Kastro Marinas
Kastrovilaris
Kašubija
Katajudas
Katalonija
Katancaras
Katanija
Kataras
Katerikas
Katovicai
Kaufboirenas
Kaukazas
Kaunas
Kavanas
Kavilda
Kazerta
Kazvinas
Keava
Kecaltenangas
Kečkemėtas
Kėdainiai
Kefalonija
Kėflachas
Keila
Kelcai
Kelerašis
Kelnas
Kelsas
Keltų Jūra
Kembridžas
Kembridžšyras
Kemerovas
Kemijokis
Kempbeltonas
Kempnas
Kenilvortas
Keningas
Kentas
Kenterberis
Kentšynas
Kentukis
Kerdžalai
Keredigionas
Kerias
Kerkuanas
Kerkvolas
Kerkyra
Kermanas
Kermanšahas
Kernarvonas
Kernavė
Kersusas
Kerveljo
Kerženecas
Keselis
Kesongas
Kesthėjus
Kesvikas
Ketčikanas
Keteringas
Keturi Kampai
Kežmarokas
Kharianas
Kiavaris
Kicbiuhelis
Kičeneris
Kičevas
Kiderminsteris
Kijevas
Kiklados
Kilarnis
Kilderas
Kilikija
Kiljaloė
Kilkenis
Kilmakrenanas
Kilmarnokas
Kimpulungas
Kimpulung Moldoveneskas
Kindijus
Kinešma
Kingstonas
Kingstonas prie Halo
Kinšasa
Kinseilis
Kintairė
Kintana Roo
Kiongsis
Kipras
Kirėnė
Kirenija
Kirgizija
Kiribatis
Kirikalė
Kirimuiras
Kirišai
Kirkkonummi
Kirkukas
Kirovas
Kirumpė
Kisamas
Kisidugu
Kišiniovas
Kisucke Nove Mestas
Kiti-Hokas
Kiurasao
Kiūšiū
Kiustendilas
Kiutahija
Kiuzis
Ki Vestas
Kizilirmakas
Kjeris
Kjodža
Klagenfurtas
Klaidesdeilas
Klaipėda
Klaiteras
Klakmananas
Klaksvikas
Klatovai
Kleckas
Kleras
Klermonas-Feranas
Klimavičai
Klirvoteris
Kliučborkas
Kliuni
Klodava
Klodzkas
Klondolkinas
Klonmelis
Klontarfas
Klopenburgas
Klosternoiburgas
Klužas
Klužas-Napoka
Klyvlendas
Kniaževacas
Knitelfeldas
Knoso rūmai
Koacakoalkosas
Koahuila
Kobaras
Koblencas
Kobrynas
Koburgas
Kočenas
Kodringtonas
Kofs Harboras
Koimbra
Koivisto
Kokermutas
Kokitlamas
Koknese
Kolapuras
Kolas
Kolčesteris
Kolnas
Kolobžegas
Kolomijas
Kolonas
Kolonija Tovaras
Koloradas
Kolumbas
Kolumbija
Koluvere
Komakjas
Komarnas
Komas
Komodoro Rivadavija
Komotinė
Kompjene
Komptonas
Konachtas
Konakris
Konektikutas
Konija
Koninas
Konisburas
Konotopas
Konstanca
Konstantina
Konsuegra
Konversanas
Konvis
Kopenhaga
Koperis
Kopertinas
Kopijapo
Korčė
Kordoba
Kordofanas
Korduena
Koredžio
Korėja
Korhogas
Korientesas
Korija
Korintas
Korkas
Kornoiburgas
Kornvalis
Kororas
Korostenis
Korsika
Korsika ir Sardinija
Kortegana
Kortona
Kortreikas
Korunja
Košalinas
Koscežyna
Koscianas
Košicė
Kosovas
Kosta Brava
Kostanajus
Kosta Rika
Kosteštis
Kostšinas
Kota Baru
Kotbusas
Kotingemas
Kotlasas
Kotonu
Kotor Varošas
Kovasnas
Koventris
Koviljanas
Kovrovas
Kozelskas
Kožikodė
Kragujevacas
Krailsheimas
Kraistčerčas
Krajova
Krantas
Kraslava
Krasnoarmeiskas
Krasnodaras
Krasnojarskas
Krasnoufimskas
Kreditonas
Kremenčukas
Kremenecas
Kremona
Kreta
Kretingalė
Krėva
Krezas
Krimulda
Krišana
Kristiansandas
Kristiansiundas
Kristianstedas
Krkas
Krnovas
Kroatija
Krokuva
Kromeržyžas
Krosnas
Krotone
Krškas
Krujė
Krumas
Krumlovas
Kruševacas
Krustpilis
Krustpils
Kryčavas
Krymas
Kryvyj Rihas
Kryžbarkas
Kstovas
Kuba
Kubanė
Kuenka
Kufšteinas
Kuikas
Kuitunas
Kujavija
Kukluksklanas
Kukshafenas
Kuldyga
Kulikoras
Kulmas
Kumasis
Kundinamarkas
Kuneo
Kunguras
Kuras
Kurdalena
Kurdistanas
Kuresarė
Kurganas
Kuršas
Kurskas
Kurtanonė
Kurtia de Ardžešas
Kusara
Kušas
Kuseris
Kušinagaras
Kutna Hora
Kuusisto
Kuveitas
Kuvordenas
Kuzneckas
Kvararafa
Kvart de Pobletas
Kvebekas
Kvedlinburgas
Kveta
Kvinsas
Kvinslandas
Kwedina
Kylis
Kyršechiras
Kyrtipuras
Kytira
La Algabas
Läänemaa
Labguva
Labradoras
Labytnangis
Lachidžanas
Lacholmas
Lacijus
Ladakas
Ladlou
Lafajetas
Lagodechis
Lagošas
Lahoiskas
Lahoras
Lahtis
Lairė
Laknau
Lakonija
La Luvjeras
Lančanas
Lancingas
Landidnas
Landidrod Velsas
Landshutas
Lanelis
Langedokas
Langlis
Langolenas
Lankasteris
Lankašyras
Lansarotė
Lanvairpulgvigilgogerihuirndrobulantisiliogogogohas
La Pasas
Lapija
Laredas
Larisa
Larnas
La Rošelis
Lasa
Lasanodas
La Seiba
Las Pedronjerasas
Las Vegasas
Latakija
Latgala
Lathi
Latvija
Launcestonas
Lautas
Lautonas
Lavalis
Lavanja
Lavrijas
Lė
Lebricha
Lëcai
Lecbarg
Lečė
Leidenas
Leipcigas
Leirija
Leitrimas
Le Manas
Lemborkas
Lemnas
Lenčna
Lendai
Lenkija
Lenkija-Lietuva
Lensburgas
Lensteris
Leobenas
Leonas
Lepelis
Lerachas
Lėras
Lerdamas
Lerida
Lervikas
Lesbas
Lesteris
Lesteršyras
Leterkenis
Leukadė
Leuvardenas
Levenas
Lėverkuzenas
Ležaiskas
Liaodongas
Liaoningas
Libanas
Liberija
Libija
Libijos Dykuma
Ličfildas
Lichtenšteinas
Lidsas
Lielvardė
Liencas
Liepoja
Lietuva
Ligūrija
Ligūrijos Jūra
Lihula
Liinmaa
Likija
Lilis
Lilongvė
Limasolis
Limbažiai
Limbuvanas
Limerikas
Limfjordas
Limožas
Limuzenas
Lincas
Linkolnas
Linkolnšyras
Linlitgou
Linšiopingas
Liojis
Lionas
Lipanai
Lipeckas
Liptovas
Liptovas Sveti Mikalojus
Lisabona
Lismorė
Listovelis
Litl Rokas
Litomeržicės
Liubava
Liubekas
Liubinas
Liubliana
Liublinas
Liublinecas
Liubomilis
Liubovnia
Liucerna
Liukselė
Liuksemburgas
Liuneburgas
Lïvãni
Liverpulis
Livnas
Livo
Livonija
Livonijos Ordinas
Livornas
Lježo
Ljivija
Lodianas
Lodzė
Logatecas
Logronjas
Lohja
Lokarnas
Lokris
Lolandas
Lolandas-Falsteris
Lolė
Lombardija
Lombardijos Lyga
Lompokas
Londersilas
Londonas
Long Byčas
Longfordas
Lonigas
Lopasnia
Lora del Rijo
Loretas
Lorio
Los Alamosas
Los Andželas
Lostvithelis
Lotaringija
Lotynų Imperija
Lounai
Lovecas
Lovičius
Lovozeras
Lozana
Luara
Luaros Kraštas
Lubnai
Lubumbašis
Lučera
Luckas
Ludza
Luganas
Lugduno Galija
Luhanskas
Luisvilis
Luiziana
Luka
Lukai
Lukas
Lukuvas
Luleburgazas
Lundas
Lundos Plynaukštė
Luninecas
Lurestano
Lutonas
Luvukas
Lužica
Lvovas
Lyda
Lydija
Lyndanisse
Maanas
Maasi
Mačerata
Machačkala
Maču Pikču
Macusaka
Madeiros
Madridas
Madurajus
Madžūras
Magdeburgas
Magelano Sąsiauris
Maglicius
Magnitogorskas
Mahabadas
Maharaštra
Maidla
Maincas
Maisoras
Majenas
Majorga
Makao
Makas
Makasaras
Makedonija
Maklsfildas
Makonas
Maladečina
Malaga
Malaizija
Malas
Malatija
Malbork
Malborkas
Maldyvai
Malis
Maljorka
Malmė
Managva
Manbidžas
Mangyštau
Manhatanas
Manicheizmas
Manipuras
Manokvaris
Mansanaresas
Manšas
Mansteris
Mantuja
Maputu
Marakešas
Maramurešas
Maranjanas
Maratonas
Marburgas
Margilanas
Mariboras
Marica
Marijampolė
Marių
Mariupolis
Markė
Marksne
Marmuro
Marokas
Maronija
Maršanas
Marš an Famenas
Marselis
Martelagas
Martinji
Masačusetsas
Masava
Masjafas
Maskatas
Maskva
Mastrichtas
Matabelelandas
Matsumotas
Matura
Mauntmelikas
Mauritanija
Mazenderanas
Mažoji Armėnija
Mažoji Azija
Mažoji Lenkija
Mazovija
Mcenskas
Meandras
Mecas
Mechelenas
Medana
Medeja
Medeljinas
Medeninas
Medilas
Medina de Riosekas
Medinaselis
Medina Sidonija
Medininkai
Medisin Hetas
Medvedicas
Medvežja Goros
Medvežjegorskas
Megrelija
Meibolas
Meinas
Meinutas
Meisenas
Mėjas
Meka
Meklenburgas
Meksika
Melburnas
Melecas
Melfis
Melilja
Melnikas
Memfis
Memingenas
Menama
Mendė
Mendzyžečas
Menzelinskas
Mėrai
Meranas
Mergenthaimas
Merida
Merilandas
Merkinė
Mero
Mėrsas
Mersija
Mertl Byčas
Mesenės
Mesina
Mesopotamija
Mesotas
Mezėkevešdas
Mezija
Mežuotnė
Mianmaras
Michailovkas
Michalovas
Mičiganas
Midas
Midelburgas
Midgardas
Mierkuria-Čukas
Migdonija
Mikaševičai
Mikėnai
Mikkeli
Miknēsa
Mikoluvas
Milacas
Milanas
Milas
Miletas
Milford Heivenas
Milton Keinsas
Milvokis
Minas Žeraisas
Mindenas
Mineapolis
Minesota
Minskas
Mintauja
Miranda do Doras
Misisipė
Misjonesas
Miško Broliai
Miškolcas
Misūris
Mitilėnė
Miulhauzenas
Miulūzas
Miunchenas
Miunsteris
Miurcušlagas
Miustikas
Mo
Moabas
Mobilas
Modika
Mogadišas
Mogiliavas
Moldavija
Molfeta
Molizė
Mona
Monakas
Monastyras
Monbeljaras
Monca
Mondonedas
Monfalkonė
Mongolija
Mongolų Imperija
Monkada
Monmaufas
Monmutšyras
Monopolis
Monpelje
Monrovija
Monsas
Monseličė
Montalkinas
Montančesas
Montekjarugolas
Montemor o Novas
Monterėjus
Monteridžionis
Monterosas
Montevarkis
Montevidėjas
Montgomeris
Montobanas
Mora
Moravija
Mordvija
Morėjus
Morelja
Morongas
Morpetas
Mostaras
Mosulas
Mota del Kuervo
Možaiskas
Mozambikas
Mozelis
Mozyrius
Mscislavas
Mugodžarai
Muidenas
Mukačevė
Mumbajus
Muntenija
Murmanskas
Muromas
Mursija
Muzafarpuras
Mykolajivas
Myrius
Mysija
Myslibužas
Nabulas
Nachera
Nachičevanė
Nadoras
Nadruva
Nafplijas
Nagalandas
Naganas
Nagarzė
Nagasakis
Nagču
Nagpuras
Nairobis
Najaritas
Najtonas
Nakhonratčasima
Naksas
Nakskovas
Nalšia
Namestovas
Namiūras
Nančangas
Nančongas
Nanitonas
Nankinas
Nansi
Nantalis
Nanteras
Nantongas
Nantvičas
Narbonas
Narbono Galija
Narnis
Narutis
Narvikas
Nasau
Naugardas
Naugardukas
Naujasis Bransvikas
Naujasis Delis
Naujasis Džersis
Naujasis Orleanas
Naujasis Pietų Velsas
Naujasis Providensas
Naujasis Sončas
Naujasis Targas
Naujoji Anglija
Naujoji Kaledonija
Naujoji Meksika
Naujoji Škotija
Navara
Nazaretas
Neapolis
Nedždas
Neftekamskas
Negevas
Neimegenas
Neiplsas
Neisas
Nemirtingieji
Nepalas
Nešatelis
Nestvedas
Nesvyžius
Neukenas
Neustrija
Nevelis
Neveras
Nevesinė
Nevrokopas
Ngerulmudas
Niagara Folsas
Niamcas
Niamėjus
Nica
Nidzica
Nigdė
Nigerija
Nigeris
Nikaragva
Nikosija
Nilo delta
Nimas
Nina
Ninevija
Ningsia
Nišapūras
Nitas
Niuberis
Niu Brensvikas
Niufaundlandas
Niu Heivenas
Niujė
Niujorkas
Niukas
Niukaslas
Niukaslas prie Taino
Niuportas
Niūris
Niurnbergas
Niu Romnis
Nivelis
Nižnij Jaickij Gorodok
Njala
Njoras
Nočetas
Noibrandenburgas
Noimarktas
Noimiunsteris
Noisas
Nombre de Diosas
Norbergas
Norenja
Norfolkas
Noridžas
Norilskas
Norlandas
Normanas
Normandija
Normandijos salos
Noršiopingas
Nortamberlandas
Nortamptonas
Nortamptonšyras
Nortvičas
Norvegija
Nošera
Notangai
Notas
Notingamšyras
Notingemas
Novi Sadas
Novonikolajevskas
Novosibirskas
Novozybkovas
Nuakšotas
Nubija
Nuevo Laredas
Nunavutas
Nur Sultanas
Nyderlandai
Oachaka
Obane
Obena
Obidosas
Obokas
Obonas
Očakivas
Ochridas
Odensė
Odercas
Odesa
Odiheimas
Ofalias
Ogasta
Ogūzas
Ohajas
Okanja
Okehamptonas
Okemas
Okinava
Oklandas
Oknele Maris
Oksfordas
Oksfordšyras
Oktiabrskis
Olandija
Olbanis
Olbija
Olborgas
Oldenburgas
Olesnica
Olimpija
Olimpo
Olivensa
Oljola
Olkušas
Olomoucas
Olonecas
Olstynas
Olštynas
Oma
Omdurmanas
Omskas
Onjatis
Ontarijas
Opdajus
Oplandas
Opočnas
Opolė
Oradia
Oranas
Oranžas
Orchomenas
Orechovas-Zujevas
Oregonas
Orenburgas
Orhėjus
Orhusas
Oriku
Orinoko
Orinoko Delta
Oriolas
Orknio
Orlandas
Orleanas
Ornačosas
Oromija
Orošhaza
Orša
Oršova
Ortonas
Orvjetas
Oseras
Osijekas
Oskolas
Oslas
Osmanų Imperija
Osnabriukas
Ostburgas
Ostende
Ostinas
Ostrohas
Ostrovas
Ostruda
Osvencimas
Osvestris
Otačis
Otava
Otepė
Otrantas
Oudevateris
Oulafsvikas
Ourensė
Outremeras
Ovas
Overeiselis
Overnė
Overnė-Rona-Alpės
Ovjedas
Ozurgetis
Pablas
Padanija
Paderbornas
Padniestrė
Paduja
Paflagonija
Pafosas
Paganija
Pagas
Pagudé
Paide
Pajonija
Pajūrio Alpės
Pajūrio Bulonė
Pajūrio Šaranta
Pajūrio Sautendas
Palanga
Palembangas
Palenkė
Palenkės Biala
Palermas
Palestinos regionas
Pameddi
Pamfilija
Pampos
Pančevas
Pandžabas
Panemunė
Panevėžys
Pangasinanas
Panonija
Pantelerija
Parabjagas
Paragvajus
Paraiba
Paramaribas
Parana
Parčevas
Partai
Paryžius
Pasau
Pasaž Vestas
Pasėjus
Pastasos
Pastovys
Patagonija
Patanas
Paterno
Patrai
Pavija
Pavlodaras
Pavlovas
Pavolgio Bulgarija
Pazinas
Pchenjanas
Pecas
Pėčas
Pečenegai
Pečora
Peislis
Pekinas
Pela
Peloponesas
Peloponeso Lyga
Peltsama
Penafjelis
Pendžikentas
Penjiskola
Penritas
Pensilvanija
Peorija
Perejaslavlis
Peremyšlis
Pereslavlis
Pereslavlis Zaleskis
Perigė
Permė
Pernambukas
Pernau
Pernbrokė
Pernikas
Pernu
Perpinjanas
Persija
Peršorė
Pertas
Pertas ir Kinrosas
Perudža
Peša
Pešavaras
Peskara
Peškopija
Peštas
Petrakavas
Petricius
Petričius
Petrozavodskas
Pevensėjus
Pezaras
Pforcheimas
Piatra Niamcas
Pičilemas
Picunda
Piebalga
Piedraita
Pielinenas
Pietarsaris
Pietinis Čiakas
Pietų Afrikos
Pietų Australija
Pietų Čekijos
Pietų Dakota
Pietų Italija
Pietų Karolina
Pietų Korėja
Pietūs-Pirėnai
Pietų Velsas
Pietvakarių Anglija
Pikardija
Pikeringas
Pilistvere
Pilssala
Piltenė
Pilzenas
Pinebergas
Pinerolas
Pinskas
Piras
Pirėjas
Pirėnai
Pirkala
Pisidija
Piteo
Piterboras
Piteštis
Pitkerno Salos
Pitsburgas
Piza
Pjačenca
Pjemontas
Pjombinas
Plaja del Karmen
Plasensija
Plauenas
Plevenas
Plimutas
Plockas
Ploještis
Plovdivas
Pocuolis
Podole
Podolė
Podolės Kamenecas
Podujevas
Podžibonsis
Pohjanma
Pöide
Pokariviai
Pokatelas
Poklingtonas
Pokrovskas
Poligyras
Polinezija
Polockas
Polonaruva
Põltsamaa
Pomeranija
Pomerelija
Pompėja
Ponferadas
Pontas
Pontefraktas
Pontepridas
Ponto Stepė
Porbandaras
Pordenonė
Porečas
Pori
Porkupinas
Portalegrė
Port Andželas
Portas
Portaž de la Prerė
Portiljas
Portimaunas
Port Kokitlamas
Portlandas
Portogruaras
Port Saidas
Portsmutas
Portugalija
Porvoo
Poso Kanjada
Potenca
Potiskumas
Potsdamas
Poukipsis
Považska Bistrica
Povisas
Povua
Poznanė
Prabutai
Praha
Prancūzija
Prancūzijos Somalilandas
Pratas
Pravija
Prenclau
Preskotas
Prešovas
Prestatinas
Prestonas
Pretorija
Priekulė
Prilepas
Prinsipė
Priozerskas
Priština
Prizrenas
Prokionas
Provadija
Provansas
Provenas
Providensas
Prūsa
Prūsija
Pruthenia
Prylukai
Prževalskis
Pšcyna
Pšedečas
Pskovas
Ptujus
Puatjė
Puchovas
Puerto Ajakučas
Puerto Bakeriso Morenas
Puerto Edenas
Puerto El Karmen de Putumajas
Puerto Fransisko de Oreljana
Puerto Penjaskas
Puerto Rikas
Puigserda
Pukaljpa
Pula
Pulas
Punaka
Pundra
Punta Arenasas
Puntlandas
Pusiaujo Gvinėja
Puškaras
Putalamas
Putumajo
Puurmani
Pylas
Pysekas
Pytalovas
Pyterhedas
Raaseporin
Rabatas
Racibužas
Radeboilis
Radomas
Radomskas
Radžastanas
Radzin
Rafa
Ragainė
Ragūza
Raichuras
Raigardas
Raistpilis
Rajaderis
Raka
Rakverė
Ramadis
Ramala
Ramešvaramas
Ramsis
Randersas
Ranrikė
Rapalas
Rapla
Raudonoji Jūra
Raušiai
Ravensburgas
Realas
Red Dyras
Redingas
Rėgensburgas
Reikjavikas
Reilis
Reimsas
Reinas
Reinsbiurgas
Reisbergenas
Rekanatis
Rekena
Reklinghauzenas
Reksamas
Renas
Renesė
Renfriu
Renis
Reptonas
Rešica
Resl
Retimnas
Reunjonas
Rėzeknė
Rëzne
Riazanė
Ričmondas
Ridingas
Rietis
Ríga
Rigoletas
Rijadas
Riminis
Rimnik
Rimniku Vilča
Ringkiobingas
Ringstedas
Rionė
Riponas
Ristiina
Riūkiū Salos
Rivesaidas
Rmula
Ročesteris
Rod Ailandas
Rodas
Rodezas
Rodopės
Roitlingenas
Roketas de Mar
Roma
Romanas
Romnai
Romorantinas
Romos Imperija
Romové
Romowe
Rona
Rondonija
Ronebis
Ronos Delta
Rosanas
Rosas
Rosas prie Vaijo
Rošcinskis
Rosesas
Roskomonas
Roskrėja
Roslavlis
Rostovas
Rosvelas
Roterdamas
Rovaniemis
Roveretas
Rovigas
Rozendalis
Rožniava
Rtiščevas
Ruajanas
Ruanas
Ruanda
Rubė
Rudlenas
Rugalandas
Rugodiv
Ruhja
Rumunija
Rurmondas
Ruseifa
Ruselarė
Rušii de Vedė
Rusija
Rusijos Imperija
Rutlandas
Ružomberokas
Rybinskas
Ryga
Rygos Įlanka
Rylskas
Rynas
Rytų Fryzija
Rytų Gatai
Rytų Midlandsas
Rytų Norvegija
Rytų Renfrušyras
Rytų Sajanas
Šaansi
Saare-Lääne
Sabahas
Sabile
Sabjoneta
Sachara
Sadberis
Šadrinskas
Šafhauzenas
Safolkas
Šaftseberis
Sagenė
Sagunas
Saguntas
Šahri Suchtė
Saint Antonis
Saint Endrius
Sajanas
Sakala
Sakara
Sakarija
Sakramentas
Saksin
Sakskiobingas
Saksonija
Saksonija-Anhaltas
Salacgryva
Salamanka
Salamija
Salaminas
Salaspilis
Salavanas
Saldanja
Saldus
Salechardas
Salemas
Salernas
Salfordas
Salihorskas
Šalkaras
Šalonas
Salonikai
Saltvudas
Salvadoras
Samarkandas
Samas
Samava
Šamberi
Sambrias
Samcchė
Samnijus
Samoboras
Samora
Šamorinas
Samotrakė
Šampanė
Sãmsala
Samsunas
San Antonijas
Sanbakas
San Bonifacijus
San Chosė del Valjė
San Chuanas
Sandaunas
San Diegas
Sandomieras
Sanduras
Sandvičas
San Fransiskas
Sangmėlima
San Ignasijas
Sankt Peltenas
Sankt Peterburgas
San Luisas
San Luis Obispas
San Marinas
San Nikolas de los Arojosas
Sanokas
Šansi
Santa Fė
Santa Katarina
Santanderas
Santarenas
Santiponsė
Santjagas
Santjago
Santjago de Kompostela
Santjago del Esteras
Santjago de los Kabaljerosas
Santo Domingo de la Kalsada
Santorinas
Sant Pjerė Peskadoras
San Žozė do Rio Pretas
Saporas
Saragosa
Sarajevas
Saranskas
Saratovas
Saravakas
Sarbriukenas
Sardinija
Sarema
Sarkelis
Šarlerua
Šarlotė
Šarlotė Amalija
Saro
Šartras
Sasaris
Saskačevanas
Saskatūnas
Satakunta
Satekle
Šativa
Šatoru
Saturnas
Saudo Arabija
Sautamptonas
Sautvelis
Savana
Šavesas
Saviljanas
Savo
Savoja
Savonlina
Ščecinas
Ščiutinas
Ščučinskas
Ščytnas
Seara
Sebežas
Sedar Rapidsas
Sedlcos
Šefildas
Segarča
Segedas
Segorbė
Segovija
Seinai
Seinejokis
Seišeliai
Sėkešfehėrvaras
Seksardas
Sėla
Šela
Selažo
Šeleftėjas
Seletytenizas
Seleukidų Imperija
Sėlpilis
Sèlpils
Selsburis
Selvesborgas
Semba
Semnanas
Senaras
Senas
Sen Deni
Šendis
Senegalas
Šengenas
Šenhauzenas
Senigalija
Senis
Senkeras
Sen Malo
Sent Azafas
Sent Džordžas
Sent Kitsas
Sent Luisas
Sent Piter Portas
Sent Polas
Seradzas
Serbija
Šerbrukas
Serės
Serpuchovas
Servija
Setifas
Šetlandas
Setubalis
Seulas
Seuta
Ševa
Sevastopolis
Sevenai
Severinas
Severouralskas
Severščina
Sevilija
Sezimbra
Sfaksas
Šiaka
Siamenas
Siandžuras
Siangjangas
Šiauliai
Šiaurė-Pa de Kalė
Šiaurės Airija
Šiaurės Anglija
Šiaurės Dakota
Šiaurės Jūra
Šiaurės Karolina
Šiaurės Korėja
Šiaurės Makedonija
Šiaurės Norvegija
Šiaurės Rio Grandė
Šiaurės Vakarai
Šiaurės Vakarų Anglija
Šiaurinė Teritorija
Šiaurinis Čiakas
Šibenikas
Sibiras
Šibuja
Sicilija
Sičuanas
Sidabro Šalis
Sidnėjus
Sidonas
Sidžilmasa
Šienas
Sietlas
Šigadzė
Signachis
Siguensa
Sigulda
Šikapuras
Sikasas
Šikoku
Šikutimis
Silčaras
Silezija
Siliguris
Silkeborgas
Simankasas
Šimla
Simrishamnas
Sinajaus
Sindas
Šindžiuku
Singapūras
Sinkavangas
Sinopas
Sinsinatis
Sint Odenrodė
Sionas
Sionderborgas
Šiopingas
Sipalivinio
Sirakūzai
Sirebonas
Siretas
Sirija
Sirijos Dykuma
Sirmijus
Širvanas
Sisakas
Sisimiutas
Sistanas
Sisteronas
Sistierna
Siunikas
Siuntio
Sjundbyn
Skagenas
Skajus
Skalva
Skanderborgas
Skandinavija
Skarboras
Skarboro Sekluma
Skinskatebergas
Skiras
Skivė
Skopinas
Skopjė
Škotija
Škotijos aukštumos
Skrantonas
Skvamišas
Slaigo
Slanimas
Slavonija
Šlėzvigas
Šlėzvigas-Holšteinas
Slifordas
Slima
Slivenas
Slobozija
Slovakija
Slovėnija
Sluckas
Slupskas
Smederevas
Smolandas
Smolenskas
Snoudonija
Sochačevas
Sofena
Sofija
Sognė
Soharas
Sokodė
Sokotra
Sokulka
Šolė
Solikamskas
Solinas
Solnokas
Solsberis
Solt Leik Sitis
Soma
Somalilandas
Sombathėjus
Somboras
Somersetas
Somertonas
Šomodis
Sondrijus
Soningas
Sonsorolis
Sopotas
Šopronas
Sorė
Sorentas
Sorija
Soroka
Sortavala
Sotkamas
Soutvorkas
Sozopolas
Špajeris
Specija
Špilbergas
Spilimbergas
Spišas
Splitas
Spokanė
Spoletas
Šprembergas
Šprėvaldas
Springfildas
Springfyldas
Srebrenikas
Šrinagaras
Šropšyras
Stafordas
Stafordšyras
Stalbe
Stalingradas
Štalinštatas
Stambulas
Stamfordas
Štansas
Starodubas
Staubingas
Stavangeris
Šteiras
Steiteno Sala
Štendalis
Stenveikas
Stepanakertas
Sterlingas
Sterlitamakas
Stimbout Springsas
Štirija
Stjordalas
Stokholmas
Stonhevenas
Stornovėjus
Štralzundas
Strasbūras
Stratfordas prie Eivono
Strathernas
Stromnesas
Štrpcė
Stryjus
Štutgartas
Suakinas
Suasonas
Sučava
Suchumis
Sudakas
Sudetų
Sūduva
Suecas
Suk Ahrasas
Sukrė
Sulija
Sumai
Šumeras
Sundsvalis
Sunža
Suomi
Suomija
Suras
Surėjus
Surgurbi
Surgutas
Surinamas
Surtas
Šurupakas
Susas
Šuštaras
Suvalkija
Suzdalis
Švabija
Svebodzinas
Svecis
Švedija
Šveinfurtas
Svendborgė
Šventasis Dominykas
Šventasis Jurgis
Šventasis Olafo
Šventoji Romos Imperija
Šverinas
Sveti Mikalojus
Svidnica
Sviftkurentas
Svinouiscis
Svištovas
Svonsis
Šydlovecas
Syktyvkaras
Sylendas
Šymkentas
Šyrnakas
Sysmei
Syzranė
Tabaskas
Tabukas
Tadžura
Tadžuros
Taganrogas
Tagantas
Taifas
Taikas
Taimyrija
Tainas ir Viras
Tai Ninas
Taipėjus
Taitis
Taivanas
Taklamakanas
Talagtas
Talahasis
Tãlava
Talinas
Taljakocas
Talsi
Tamanas
Tamaulipasas
Tambovas
Tamperė
Tamplieriai
Tamvertas
Tamvortas
Tander Bėjus
Tanganika
Tanhoa
Tanu Ola
Tanžeras
Tao-Klardžetija
Taoso Pueblas
Taragona
Tarankonas
Tarantas
Tarasona
Tarbas
Tarbatu
Tarčentas
Tarkvinija
Tarnas
Tarnas ir Garona
Tarnuvas
Tarsas
Tarudantas
Tasas
Taširas
Taškentas
Taškurganas
Tasmanija
Tatabania
Tatarstanas
Tatavinas
Tauragė
Tausteris
Tauzaras
Tavangas
Tavistokas
Tbilisis
Teanas
Tėbai
Tebesa
Tebrizas
Teheranas
Teinperi
Tekirdahas
Tekrūras
Teksarkana
Teksasas
Tekselis
Tekučis
Tel Atlasas
Tel Avivas
Telčas
Telemarkas
Telšiai
Tenerifė
Tenesis
Tenkodogas
Teračina
Teramas
Terembovlas
Ternatė
Ternis
Ternopilis
Teruelis
Tervetė
Tesalija
Tešanis
Tesprotija
Tetfordas
Tetovas
Tetuanas
Tiandzinas
Tiaretas
Tiberijas
Tibetas
Tichuana
Tichvinas
Tigras
Tihamahas
Tikocinas
Tikritas
Tilburgas
Tilis
Tilžė
Timišas
Timišoara
Timoras
Timūridų Imperija
Tindufas
Tinghiras
Tingitano Mauretanija
Tintedželas
Tionsbergas
Tipazas
Tipererias
Tiraspolis
Tirėnų Jūra
Tirgovištė
Tirgumurešas
Tirgu Žiu
Tirolis
Tironas
Tiručirapalis
Tirunelvelis
Tirupuras
Tiruvanantapuramas
Tisa
Tišitas
Titanas
Tiubingenas
Tiubizas
Tiuksberis
Tiumenė
Tiuringija
Tiurnhautas
Tivolis
Tjera Amarilja
Tlemsenas
Tobagas
Tobolskas
Tokantinsas
Toksovas
Toledas
Tolkmicko
Tolmedzas
Tomeljosas
Tomislavgradas
Tomskas
Tonbridžas
Tongerenas
Tongrenas
Tontonas
Toompea
Topklifė
Torčeskas
Tores Vedrasas
Tornas
Tornijas
Toroelja de Montgris
Torontas
Torshaunas
Torunė
Toržokas
Toskana
Totnesas
Trabzonas
Trakai
Trakija
Trakijos Jūra
Trali
Tranis
Transilvanija
Transoksiana
Transvalis
Trapanis
Travnikas
Trebinė
Trebišovas
Trebnė
Treinta i Tresas
Treleborgas
Trenčynas
Trentas
Treviljas
Trevizas
Triavna
Triestas
Trikãta
Trimas
Trinidadas
Trinidadas ir Tobagas
Trinkomalis
Triondelagas
Tripolė
Tripolitanija
Troada
Trogiras
Troitskas
Trojus
Trondheimas
Tršebyčius
Trua
Truchilas
Truchiljas
Truras
Tryras
Tsetangas
Tuamas
Tubrukas
Tuksonas
Tukumanas
Tukumano
Tukums
Tulis
Tulonas
Tuluza
Tulūza
Tundželio
Tundželis
Tunisas
Turaida
Tūras
Turava
Turinas
Turkestanas
Turkija
Turkmėnija
Turku
Turne
Turniu
Turuberanas
Tustla Gutjeresas
Tverė
Tvinfolsas
Tvistringenas
Twangste
Tyras
Uadanas
Uagadugu
Uarzazatas
Uaza
Ubonratčathanis
U-Cangas
Udaipuras
Udmurtija
Udžainas
Udžda
Udžidžis
Ueskaras
Ugaunija
Ugnies Žemė
Uigūrija
Ukajalio
Ukmergė
Ukraina
Ulan Batoras
Ulangomas
Ulcinis
Ulijastajus
Uljanovskas
Ulmas
Ulverstonas
Ulvila
Uma
Umagas
Um el Buagis
Ungenis
Unguris
Upmale
Upsala
Upvidingė
Upytė
Urbinas
Urfa
Urgenčas
Urugvajus
Ūsima
Ūstis prie Labės
Ustiugas
Ustiurtas
Ustiužna
Utarakhandas
Utena
Utjelis
Utkiagvikas
Utrechtas
Uuras
Užhorodas
Užicė
Vacas
Vadanas
Vaga Vaga
Vailė
Vaithevenas
Vaito
Vajomingas
Vakajama
Vakarų Australija
Vakarų Azerbaidžanas
Vakarų Bengalija
Vakarų Fryzų Salos
Vakaru Jotalandas
Vakarų Makedonijos
Vakarų Midlandsas
Vakarų Sajanas
Vakoasas-Finiksas
Valakija
Valansjenas
Vala Vala
Valažinas
Valčas
Valdajus
Valdepenjas
Valdresas
Valė
Valensija
Valjadolidas
Valkaviskas
Valkenburgas
Valkininkai
Valmiera
Valonija
Valparaisas
Valtiera
Vanas
Vankuverio Sala
Vankuveris
Varanasis
Varangalas
Varangu
Varaždinas
Varbergas
Varbola
Varegemas
Varis
Varmé
Varmijas Mozūrų
Varnaija
Varniai
Varsuva
Varšuva
Vartburgo
Vašingtonas
Vasiuganas
Vaslujus
Vaspurakanas
Vastas
Vasylkivas
Vatikanas
Vavunija
Veclaras
Vėdelis
Veimaras
Veimutas
Veinheimas
Vejai
Vekšė
Veksfordas
Velesas
Veletris
Velička
Velika Vlaška
Velingboras
Velingfordas
Veliunis
Veližas
Velowe
Velsas
Velskas
Velšpulas
Veluru
Venačis
Venecija
Vengrija
Venlas
Ventimilija
Ventspilis
Vepsija
Verakrusas
Verčelis
Verdenas
Verija
Vermontas
Vernas
Vernigerodė
Versalis
Vervikas
Veseksas
Vesenbergas
Vesilahti
Vesjegonskas
Vesprėmas
Vestburis
Vesterosas
Vestfalija
Vestfirdiras
Vestfoldas
Vestportas
Vėzeris
Vezlė
Viana do Kastelas
Viandenas
Vianenas
Viangi
Viazma
Vibo Valentija
Vičenca
Vičita
Vidinas
Vidinė Šaranta
Vidiniai Hebridai
Vidurio Europa
Vidurio Jutlandijos
Viduržemio Jūra
Vidžajavada
Vidžemė
Vidževanas
Viena
Vigas
Vikas
Viklou
Viktorija
Vilcas
Vileika
Vilemstadas
Vilhelmshafenas
Viliaka
Vilingtonas
Viljablinas
Viljafranka del Biersas
Viljalpandas
Viljandi
Viljarobledas
Viljavisiosa
Vilkabamba
Vilkaviškis
Vilkesberas
Vilkmergė
Vilmingtonas
Vilnius
Viltonas
Viltšyras
Vilvordė
Vimerbis
Vinarosas
Vinčesteris
Vinčkombas
Vindhukas
Vindourokas
Vindzoras
Vingulmarkas
Vinipegas
Vinjola
Vintertūras
Vinycia
Viperfiurtas
Viranšehiras
Virdžinija
Virolahti
Viruma
Virumaa
Viru-Nigulas
Visbičas
Visbis
Višegradas
Viši
Viskonsinas
Viškuvas
Visokas
Vitaliečiai
Vitanė
Vitbis
Vitebskas
Viterbas
Vitjeris
Viurcburgas
Vizėjus
Vizna
Vjekesas
Vjestė
Vladimiras
Vladivostokas
Vliorė
Vlisingenas
Vloclavekas
Vo
Vodena
Vodisė
Vogera
Voivodina
Vokiečių Ordinas
Vokietija
Vokingas
Vokingemas
Volchovas
Volfenbiutelis
Volga
Volgodonskas
Volgogradas
Volodymyras
Volokolamskas
Voltera
Voluine
Voluinė
Voluinės Naugardas
Voluinės Volodymyras
Volvis Bėjus
Volžskis
Vorikas
Vormsas
Voronežas
Vorošilovgradas
Vorskla
Voterfordas
Votkinskas
Voznesenskas
Vranjė
Vranovas prie Toplios
Vrindavanas
Vroclavas
Vronkos
Vršacas
Všova
Vudstokas
Vukovaras
Vulongongas
Vulverhamptonas
Vupertalis
Vurdenas
Vusteris
Vusteršyras
Vusuniai
Vyborgas
Vyčegda
Vyner Noištatas
Vynohradivas
Vysbadenas
Vyšhorodas
Vysockas
Vytegra
Yglpasas
Yjokis
Ypras
Ysalmis
Žabliakas
Zadaras
Žaganis
Žagarė
Zagrebas
Zakintas
Zalaegersegas
Zalcburgas
Zalcgiteris
Zaleu
Zambija
Zambruvas
Žamgdziakou
Zamostė
Žanblu
Zandomos
Zandženas
Zangerhauzenas
Zaporožė
Zarandžas
Zarnenas
Zaslavlis
Žatecas
Zavija
Ždiaras
Zelandija
Zelengorskas
Železnyj Ustiugas
Zemaitija
Žemaitija
Žemė
Žemutinė Austrija
Žemutinė Kalifornija
Žemutines Silezijos
Žemutinis Egiptas
Žemutinis Naugardas
Ženeva
Ženevos Ežeras
Žešuvas
Zgežas
Žiemgala
Zimniča
Zindelfingenas
Zirikzė
Žitikara
Žiu
Zlatoustas
Žlobinas
Žninas
Znoimas
Zolotonoša
Zoloturnas
Zonebergas
Žoros
Žoužan
Zubcovas
Županjacac
Žuvininkai
Zveindrechtas
Zviagelis
Zvolė
Zvolenas
Zvornikas
Zygenas
Žytkavičai
Žytomyras
