Aamin
Aar
Abadar
Abaskuul
Abdullahi
Abroon
Abroone
Absame
Abshir
Absimil
Abtidoon
Aden
Aflax
Afrax
Amadayo
Araarsame
Arbooshe
Asad
Ashkir
Askari
Aweys
Awsame
Axmadeey
Ayaanle
Ayax
Baasaweyne
Baashe
Baashi
Bacalwaan
Bahdoon
Bakad
Bariise
Barkhad
Barkhadle
Barre
Barsame
Bashiir
Bedri
Beelwade
Beyle
Bicir
Biixi
Bile
Birmad
Bishaar
Bisinle
Bootaan
Boqol
Bullaale
Bulxan
Buraale
Burhaan
Busuri
Buule
Buulle
Buux
Caadil
Caagane
Caalin
Caamir
Caaqil
Cabaas
Cabbane
Cabdi
Cabdow
Cabdull
Cabdulle
Cabsiiye
Cadceed
Caddow
Cagaane
Cagmadhige
Calas
Calasow
Calosoow
Canbar
Canshuur
Caraale
Carays
Careys
Carraale
Carre
Cartan
Catoosh
Cawaale
Cawad
Cawil
Cawke
Cawl
Caydiid
Caynaanshe
Caynab
Caynanshe
Ceydiid
Cidey
Cigaal
Cigale
Cigalle
Cige
Ciiltire
Ciiro
Cilmi
Cirguje
Cismaan
Colaad
Coldiid
Coldoon
Colow
Cosoble
Cubayd
Culusoow
Culusow
Daacad
Daahir
Dacar
Daleel
Dalmar
Damaal
Darmaan
Darwiish
Dayax
Deeq
Deer
Dhalad
Dhiblaawe
Dhiid
Dhuubow
Dhuule
Dhuux
Dhuxul
Digaale
Digil
Diini
Diiriye
Dinaase
Dirie
Dirir
Doog
Dool
Dubad
Ducaale
Durqun
Erasto
Faahiye
Faandhe
Faarax
Fanaxle
Farxaan
Fiidow
Fiqi
Food
Gaacir
Gaaciye
Gaani
Gaarane
Gaarhaye
Gabeyre
Gaboose
Gacal
Gacayte
Gadiid
Gafle
Galaal
Galad
Galayax
Galbeeti
Galbeyte
Gallad
Galmaan
Gamadiid
Garaad
Garaani
Garaar
Gari
Geeddi
Geedi
Geele
Geeljire
Geelle
Geesi
Geyre
Giirgiir
Gobey
Good
Gorgor
Guhaad
Guntaal
Guraase
Gureey
Gurey
Gurxan
Gutaale
Guuce
Guudle
Guuldoon
Guuleed
Guure
Guutaale
Guxaad
Habane
Habbane
Hanad
Hareeri
Hayaan
Haybe
Hidan
Hiirane
Hiraabe
Hiraad
Hiraale
Hirad
Horyaal
Hufane
Hufane Huruuse
Hurre
Huruuse
Iidle
Inshaar
Ishaar
Jaafi
Jaajuumow
Jaamac
Jabane
Jalaqow
Jama
Janaalle
Janogalle
Jayte
Jeylaani
Jeyte
Jiinow
Jilicow
Jimcaale
Jooqle
Kaafi
Kaafiye
Kaahin
Kaahiye
Kaariye
Kaarshe
Kablan
Kadiye
Kaliil
Karbaashe
Kayd
Kaynaan
Keenadiid
Keynaan
Keynadiid
Keyse
Khadaafi
Khadar
Khaliif
Khayre
Kheyre
Koosafaare
Kooshin
Kowtame
Kulan
Kulane
Kulmis
Kulmiye
Kuluc
Kunciil
Liban
Liibaan
Looshan
Looyaan
Maalin
Maax
Maaxaay
Maaxi
Macoow
Madar
Madoobe
Magan
Mahad
Malow
Maslax
Mataan
Maxamed
Maxamuud
Maygaag
Meecaad
Migil
Miigane
Mire
Mooge
Mowliid
Mukhtaar
Mursal
Muruxo
Muudeey
Muudey
Muxudiin
Muxumed
Naaleeye
Nabadoon
Nadiif
Nageeye
Nasteex
Naxar
Nimcaale
Nuune
Nuur
Nuuradiin
Nuure
Obsiiye
Obsiye
Odawaa
Olol
Oogle
Oomaar
Osman
Qaaje
Qaalib
Qaasin
Qabille
Qalaad
Qalinle
Qamaan
Qanyare
Qarshe
Qaybdiid
Qays
Qeyd
Qorane
Qorax
Qoslaaye
Qowdhan
Quulle
Raage
Ramaas
Rayaale
Rooble
Saacid
Saadaq
Saahid
Sacad
Saciid
Sade
Sadiiq
Sahal
Salaad
Saleebaan
Salow
Samaale
Samaan
Samaane
Samadoon
Samakaab
Samakab
Samatalis
Samatar
Samawade
Samokaab
Samow
Sareeye
Saruur
Saxardiid
Seed
Seeraar
Shaacir
Shaaciye
Shaafici
Shankaron
Shariif
Sharmaake
Sharmaarke
Sharmarke
Sharmooge
Shidane
Shido
Shiino
Shirdoon
Shire
Shiriye
Shirwac
Shooble
Shuuriye
Siyaad
Soofe
Sooraan
Sooyaan
Subeer
Sugaal
Sugule
Sugulle
Suudi
Suufi
Taajir
Taakooy
Tadalesh
Tahliil
Talasame
Tarabi
Tareey
Tawakal
Tiifoow
Timir
Toosane
Tooxow
Tubeec
Ubaxle
Ugaas
Urur
Waaberi
Waaheen
Waasuge
Wacays
Waraabe
Wardheere
Wardhiigley
Wardi
Warfaa
Warmooge
Warsame
Wayrax
Weheliye
Wehliye
Xaaf
Xaange
Xaashi
Xaayow
Xalane
Xandule
Xandulle
Xarbi
Xareed
Xashraawi
Xayd
Xayir
Xeef
Xeeyle
Xidig
Xiireey
Xiis
Xildiid
Xirsi
Xoosh
Xukun
Xuudi
Xuuki
Yaasiin
Yabaal
Yabaroow
Yalaxoow
Yalaxow
Yaxye