Abakán
Abdery
Aberayron
Aberdin
Aberistuit
Abidos
Abidzhan
Abingdon
Abissínija
Abkhaziya
Abrantish
Abrutstsi
Abu-Khammad
Acherentsa
Acherra
Adramition
Adrianopol
Adzhim
Adzhud
Adzhukru
Afiny
Afrasiab
Afrika
Afrodizias
Agder
Agilar-de-Kampoo
Agreda
Agridzhento
Akarnaniya
Akerskhus
Akhabo
Akharny
Akhichchkhatra
Akhmadabad
Akhmednagar
Akhmim
Akhsiket
Akhterkhuk
Akhtuba
Akhtubinsk
Akkade
Akmola
Akmolinsk
Akrefiya
Akrefnion
Akshekhir
Aksubayevo
Aksuyek
Aktau
Aktyubinsk
Akvino
Akvitaniya
Akzhuzht
Alabáma
Alagon
Alaniya
Alanson
Alan’ya
Alapayevsk
Alasiya
Alatyr’
Albani
Al’basete
Al’benga
Al’berike
Al’den
Al’dersbakh
Aleksandriya
Aleksandrovka
Aleksandrovsk
Aleksándrovsk-Saxalínskij
Aleksanriya
Alenker
Aleriya
Aleshd
Al’fedena
Al’gero
Alikante
Aliziya
Al’kala
Al’kala-de-Enares
Al’kantara
Al’karas
Alkaser-du-Sal
Alkasovash
Al’kaudete
Al’kesar
Al’khesiras
Alkhonskiye
Alkmar
Alkobasa
Al’koser
Alkotin
Almá-Atá
Al’masan
Almatý
Al’mendralekho
Almodovar
Al’puente
Al’sfel’d
Alst
Al’tenberg
Al’tmark
Al’topasho
Al’tsay
Aluksne
Alvayazeri
Alverston
Al’vesta
Al’viano
Al’vito
Al’yaga
Alzhezur
Alzhir
Amadiya
Amal’fi
Amas’ya
Ambrakiya
Ambuaz
Amérika
Amfaksitida
Amfipolis
Amfisa
Amikly
Amitern
Amnis
Amptkhill
Amrokha
Amshtetten
Amuar
Anaktoriy
Anan’i
Anatoliya
Anazarb
Anbon
Andenn
Andizhan
Andreapol’
Andzhangaon
Anel’
Ánglija
Anglsi
Angóla
Angulem
Ankona
Ankoridzh
Annandeyl
Annone
Ansi
Ansoategi
Antarktída
Antedon
Antekera
Ant’okiya
Antverpen
Anuradkhapura
Anzhe
Apameya
Apuliya
Arabatskaya
Araltobe
Arberiya
Arboreya
Ardebil’
Ardyal
Ardzhenta
Ardzhesh
Arekipa
Aretstso
Argau
Argolida
Arile
Arkadiya
Arkanzas
Arkheya-Pidna
Arkhona
Arklou
Arma
Arnshtayn
Arshamashat
Arsk
Artsava
Artsiz
Artua
Arxángelʹsk
Arzamа́s-16
Arzhantan
Arzhanton-na-Krez
Ashaffenburg
Ashano
Ashanti
Ashchisay
Ashersleben
Ashkhabad
Ashshchr
Asini
Ask
Askiton
Askoli-Picheno
Asnal’kol’yar
Assiriya
Assizi
Assuva
Astaná
Astipaleya
Astorga
Astrakhan’
Astrakhanka
Astudil’o
Asuns’on
Atakama
Ataki
Atarney
Atboy
Atenray
Atlanticheskiy
Atlasnyye
Atlon
Atyrau
Audagost
Audenbyurg
Auderkerk
Audevater
Audzhila
Aukshtaytiya
Auliyekol
Avdal
Avetstsano
Aveyru
Avransh
Avstriya
Áxen
Ayachcho
Ayaguz
Aydakho
Aydone
Aykhshtett
Aylekh
Aylenburg
Ayl’on
Ayn-Shams
Aynzidel’n
Ayodkh’ya
Ayova
Ayrshir
Ayud
Ayzab
Azbruk
Azerbaydzhan
Azhen
Azov
Baakuba
Bachkovo
Badenokh
Badenvayler
Badzhaur
Bageriya
Bagerkhat
Bagirmi
Bakbo
Bakhariya
Bakingemshir
Bakova
Bakston
Balager
Balakhna
Balakovo
Balashshad’yarmat
Balaton
Balchik
Baldyrgannyg
Balearskoye
Balkhash
Balykesir
Bamboro
Bamian
Banberi
Banf
Bangalor
Bangi
Bangkok
Bankrana
Bannovskiy
Bannoye
Ban’ol’
Banska-Sht’yavnitsa
Bapom
Bar
Baran’ya
Bardeyëv
Bardni
Bardo
Bardovikk
Bareli
Barentsevo
Barflër
Bargiliya
Barnaúl
Barnstapl
Barrankush
Barselona
Barskaun
Barsuki
Bartenshtayn
Bartyn
Bashnya
Bassak
Bastiya
Bastuliya
Bat
Batalya
Batayevka
Bataysk
Batetskiy
Batrun
Battikaloa
Batton’ya
Bauttsen
Bavariya
Bave
Baxmút
Baya
Baya-de-Arame
Baya-Mare
Bayanbulag
Baya-Spriye
Bayin’
Baykalovo
Baykonur
Bayroyt
Bearn
Bëblingen
Bech
Bečuanalend
Bedzhaya
Beer-Sheva
Begemdyr
Bejker
Bekeshchaba
Bekhar
Bekskhill
Bektashi
Bela-Tsrkva
Belaya
Bel’chite
Belebey
Belendzher
Bel’giya
Belgorod
Belgorod-Dnestrovskiy
Belgrad
Beliz
Bel’mopan
Belogórsk
Belogradchik
Belorussiya
Belostok
Béloye
Bel'sk
Bel'tsy
Bempur
Benaske
Bendery
Bengaliya
Bengazi
Benkha
Bensh
Bentivol’o
Berdichev
Berdjánsk
Beregovo
Berezino
Bereznik
Bergen-na-Zom
Berkhtesgaden
Berkshir
Berlín
Bernitsiya
Berri
Bervik
Berzherak
Beshenovo
Bessarabiya
Bessarabka
Bessmertnyye
Bevershtedt
Beysingstok
Beyush
Bezhetsk
Bez’ye
Biarmiya
Bibb’yano
Bichvinta
Bidzhapur
Bidzhnor
Bigorr
Bihach
Bikhar
Bikhor
Bilefel’d
Bilina
Bilun
Birdzhend
Biredzhik
Birobidzhan
Birshtonas
Birsk
Biryusa
Birzebudzha
Birzhai
Birži
Bistritsa
Biyella
Bizaa
Bkhaktapur
Bkhandara
Bkhanvad
Bkharatpur
Bkhavnagar
Bkhera
Bkhilvara
Bkhimtal
Bkhubaneshvar
Bkhudzh
Blagov
Blamon
Blay
Blayt
Blen
Blindkhaym
Blitburg
Blone
Blua
Bobovach
Bobruysk
Bodaybo
Bogazkale
Bogemiya
Bogodukhov
Bogota
Boguchar
Boguslav
Bojs
Boker
Bokhnya
Bokhuslen
Boleslavets
Bolgariya
Bolingbrok
Boliviya
Bolkhov
Bologa
Bologoye
Bolokhovo
Bolshoy
Bolʹšoj
Bol’taniya
Boltimor
Bol’tsano
Bomaris
Bomon
Bomon-na-Lezu
Bon
Borgkhol’m
Borgo-Val’sugana
Borisoglebsk
Borisov
Borkha
Borkyulo
Bornéo
Bornkhol’m
Borovichi
Borsha
Borshov
Borudzherd
Borzhava
Bosangoa
Bosfor
Bosuell
Botsvana
Bottiyeya
Bouness
Bove
Boyano
Boynitse
Boytsenburg
Bozdzhaada
Bozhansi
Bozhe
Bozok
Brakli
Branevo
Brashov
Braslav
Bratisláva
Bratsk
Bratstvo
Brauvayler
Braysgau
Braziliya
Bredalbeyn
Bredevort
Bredvell
Bregents
Breknokshir
Breshello
Breshia
Bressyuir
Brest
Bres’yë
Breteno
Breyfne
Breytovo
Bri
Brianson
Bridzhnort
Bridzhuoter
Brindaban
Brindizi
Brin-Navolok
Brin’ye
Brionn
Britania
Briuega
Briv’yeska
Briye
Brjahimov
Bronkkhorst
Brou
Broynlingen
Bruem
Brúklin
Bruney
Brunsbyuttel
Bryussel
Budimlya
Budslav
Búdvajz
Buénos-Ájres
Bugul’ma
Buguni
Bukharest
Bukheyra
Bukingem
Bukowo
Bulgar
Bulon’-na-Mer
Bumbeger
Bumtang
Buonal’bergo
Burbur
Burganëf
Burkhanpur
Burkhi-Gandak
Burriana
Buryatiya
Burzh
Bush-dyu-Ron
Butilimit
Butrinti
Buyon
Buzet
Buzeu
Buzhumbura
Buzonvil’
Bydgoshch
Byerso
B’yërtro
B’yeskas
Byrlad
Byrsa
Bytuv
Byudingen
B’yuken
Byuren
Bzhesko
Čečnjá
Celinograd
Černígov
Černobyl'
Černogórija
Černovcý
Čeróki
Cersk
Čéske-Búdejovice
Čexoslovákija
Chakhar
Chakpak
Chanakkale
Chandarly
Chandraketugarkh
Chantszi
Charnkuv
Charsadda
Chaslav
Cheboksary
Chefalu
Chehiya
Chelano
Chelbaska
Chelyábinsk
Chenstokhova
Chento
Chepstou
Cherikov
Cherkassy
Chernavode
Chërnoye
Chernyakhovsk
Chertal’do
Chertsi
Cherven
Cherveteri
Chervonnaya
Cheshir
Cheshme
Chezena
Chezenatiko
Chili
Chinchil’ya-de-Monte-Aragon
Chippenem
Chitrakuta
Chivitavekk’ya
Chkhindvara
Chkhunchkhondo
Chlukhuv
Chongrad
Chortkov
Chrobatia
Chudovo
Chuguyev
Chukhloma
Chumarleb
Chumikan
Chuntsin
Chuvashiya
Chzhauskhi
Chzhetszyan
Čikágo
Čitá
Čórnyj
Čudskóje
Čúdsko-Pskóvskoje
Čukótskij
Čxattisgárx
Daban’chen
Dabusiya
Daffild
Daftaun
Dagestan
Dakhau
Dakhla
Dakhlak
Damask
Damfris
Damshchng
Dandi
Dandolk
Danelag
Danfermlin
Dangannon
Danvich
Daporidzho
Darbkhanga
Dardzhiling
Darlovo
Darmshtadt
Dartmut
Dárvin
Dashoguz
Datcha
Daunpatrik
Debarva
Debretsen
Dedovichi
Dege
Dekheybart
Dekhra-Dun
Deli
Dellis
Del’menkhorst
Del’ta
Demetriada
Dëmits
Denbi
Denbishir
Dengchen
Deniya
Deol
Dera-Gazi-Khan
Derevno
Dërnberg
Derri
Desa
Deshte-Lut
Desht-i-Kipchak
Desiz
Detmol’d
Devin
Devr
Deyra
Dezh
Dɛli
Diaveltva
Diburg
Dikirkh
Dikoye
Dilos
Dinaburg
Dinan
Dinguoll
Dinkel’sbyul
Dirdorf
Disdorf
Ditmarshen
Divrigi
Diyarbakyr
Dizhon
Djungària
Dkhankuta
Dkharampur
Dkharmapuri
Dkharvad
Dkholka
Dnepr
Dnepropetróvsk
Dnipro
Dobegnev
Dobran
Dobrin'
Dobrudzha
Dogveyling
Dokha
Dokkyum
Dolenchane
Dolina
Domazhlitse
Dombrova-Gurnicha
Donauvërt
Donbass
Donéck
Donegol
Donskoe
Donznak
Dordrekht
Dorida
Dornokh
Dorokhoy
Draginʹyan
Dramkliff
Drë
Dregeshani
Drente
Drevniy
Drezden
Dribin
Driinopol’
Driopis
Drnish
Droeda
Drogobych
Drokhichin
Dromakher
Dros’ya
Drozdowo
Druskeniki
Drutsk
Druzhkovka
Drventsa
Duarnene
Dubay
Dubinki
Dubitsa
Dubrava
Dubrovnik
Duen’yas
Dulik
Dunafël’dvar
Dun-Eylin
Durovka
Durres
Dúšanbe
Dusburg
Dutinkhem
Duysburg
Dvarka
Dviná
Dvinsk
D’yënd’yësh
D’yenvil
D’yep
Dyor
Dyre-Daua
Dyunkerk
Dyurbyui
Dyušambe
Dyussel’dorf
Dzamtang
Dzerzhinsk
Dzhakhanpanakh
Dzhalandkhar
Dzhanet
Dzhankoy
Dzharrou
Dzhaunpur
Dzhavakhetiya
Dzhaysalmer
Dzhebel’-Shammar
Dzhedboro
Dzherablus
Dzherache
Dzhermuk
Dzherpoint
Dzhezual’do
Dzhidda
Dzhiroft
Dzhiu
Dzhkhalod
Dzhordzhiya
Dzhovinatstso
Dzhyakovo
Dzhyurdzhevats
Dzogang
Džúno
Dzyaldovo
E
Eanzh
Eberbakh
Ebershtayn
Ebersval’de
Edea
Eden
Edesa
Edisan
Efes
Eftality
Egersunn
Egeyskiye
Egeyskoye
Ekabpils
Ekhaliya
Ekhternakh
Ekseter
Ekshë
Ekvador
Èkvatorial'naya
Elateya
El’berfel’d
Elefsis
Elektrogórsk
Elektroperedáča
Elfashir
Elfin
Elgava
El’-Giza
Elida
Elimeya
El’-Khoseyma
El’-Khubar
Elling
Ellivare
Elmskhorn
El’vsborg
El’zas
Endzheyuv
Engels
Enniskorti
Eno
Enos
Ensisaym
Enskhede
Eolida
Eordeya
Eperne
Eppenshtayn
Epshtayn
Erbëmon
Erbitsaym
Erebru
Eretriya
Erifry
Erikur
Ermupol
Er-Rakka
Er-Rashidiya
Erril
Ersika
Erstal’
Ervas
Ervin
Erzindzhan
Erziya
Eshvayler
Esima
Eskalona
Esseks
Esslingen-na-Nekkare
Estammar
Ester
Esterdalen
Estergom
Estland
Estoniya
Estremadura
Estrikland
Etamp
Ever
Everkaliks
Evrë
Eydsvoll
Eyil’sstadir
Eyldon
Eylen-Donan
Eylsberi
Eylsford
Eyon
Eypen
Eyragola
Eysselsteyn
Ezi
Ez-Zaviya
Faentsa
Fal’chëping
Faleshty
Fal’kenberg
Fal’kenshtayn
Fal’ster
Famagusta
Famenskiy
Fanar
Faraonov
Faru
Faselis
Fegerash
Fekan
Felanich
Fel’dbakh
Fel’dents
Fel’dkirkhen
Fenetranzh
Fennoskandiya
Feodosiya
Ferganá
Ferness
Ferrerias
Ferreyra-du-Zeziri
Ferrol’
Fes
Fespii
Fessaliotida
Fessaliya
Festos
Feteshti
Fezansak
Fiatira
Fidai
Fidentsa
Figeres
Figeyro-dush-Vin’yush
Figig
Filiashi
Filippy
Filyakovo
Fíniks
Finlyandiya
Finskiy
Finstrëm
Firentsuola
Firneburg
Firuzkukh
Fivy
Flandriya
Flissingen
Flitvik
Fliunt
Floref
Florentsiya
Florianopolis
Foborg
Fodzha
Fokamberg
Fokida
Fokon’ye-na-Mer
Fokshany
Folin’o
Fol’kemon
Folkerk
Fondi
Formóza
Foteringey
Foykhtvangen
Fozher
Frakiya
Frakiyskoye
Framlingem
Frankoniya
Frantsiya
Frauenfel’d
Frayzing
Frezhyus
Fridrikhskhafen
Fridzhento
Frimantl
Frin’yano
Frittslar
Friuli-Venecija-Džulija
Friziya
Frodshem
Frolikha
Frolovo
Frontene
Frontenkhauzen
Fuentesauko
Fukan
Fukusíma
Furiya
Futa-Dzhallon
Fuzher
Fuzher-na-B'yevr
Fyun
Fyuresdal
Fyurstenfel’d
Gaaga
Gabes
Gabsburg
Gadebush
Gagauziya
Gaiti
Galaksidion
Galashils
Galats
Galiart
Galícija
Galileya
Galísija
Galitsiya-Volyn
Gal’kayo
Galle
Gallouey
Gal’telli
Gal’yegska
Gan’chzhou
Gandkhara
Gannover
Gantsevichi
Gapsal
Gariokh
Garnish
Garriouen
Garrisonberg
Garvolin
Gassanidiya
Gastings
Gatchina
Gatine
Gauting
Gauyiyena
Gavana
Gavrilovo
Gavrilov-Yam
Gaysmar
Gayzenkhauzen
Gdansk
Gdov
Gdynya
Gëkcheada
Gel’nkhauzen
Gempshir
Gengan
Gent
Genuya
Gerakleya
Gërlits
Germaniya
Gerol’shtayn
Gervan
Gessen
Gestiyeotida
Gëttingen
Geynsboro
Giedroyc
Gifkhorn
Gikhuelo
Gilford
Gimaraynsh
Gimsëy
Gin
Gingen-na-Brentse
Girokastra
G’irong
Girsovo
Girtakina
Girvasozero
Gisii
Glaĭkhen
Glamoch
Glazov
Glivising
Gloguv
Gloguvek
Gloster
Glostershir
Glubchitse
Glubokoye
Glukhov
Gnezno
Gnyozdovo
Gobardkhan
Gogenbaden
Golenyuv
Gollandiya
Golovachov
Gol’payyegan
Goluey
Gondomar
Gonduras
Gonkong
Gora
Gorakkhpur
Gorazhde
Gorica
Gorinkhem
Gorodets
Gorodnitsa
Gorodok
Gorokhovets
Gortiniya
Gorzhdy
Gostynin
Gosudarstvo
Gotki
Gótland
Gotse-Delchev
Gotso
Gótxob
Gouri
Govora
Grabov
Grachanitsa
Gradets-nad-Moravitsi
Gradishka
Gradizhsk
Grafenshakhen
Grafenshtayn
Grand-Shartrëz
Graubyunden
Gravlin
Grayfsval’d
Greno
Gretsiya
Greytrungiya
Grianana
Grimsbi
Grinyan
Grishino
Grobinya
Grodno
Grottal’ye
Groych
Groznyy
Grubeshov
Grudzëndz
Gryazovets
Guadis
Guanakhuato
Gudaúta
Gudžarát
Gudžranvála
Guinet
Gulyamy
Gundorovka
Gundorovskaya
Guryev
Gus
Guylin
Gvadalakhara
Gvadalest
Gvareniya
Gvastalla
G’yangdze
Gyumyushkhane
Gyuryun
Gyussing
Gyustrov
Gyutskov
Hokkajdo
Horvatiya
Hyrljeu
Ibbenbyuren
Iglezias
Iĭsalmi
Ikariya
Ikhar
Iletsk
Ili
Ilidzha
Ilkli
Il’mmyunster
Ilov
Il’yeskas
Imamizm
Imeretiya
Inchkhon
Inderborskiy
Indiána
Indianápolis
Indoneziya
Ingol’shtadt
Ingriya
Inovludz
Inovrotslav
Inverari
In’yesta
Iokanʹga
Ionicheskiye
Ioniya
Ipati
Ipkhofen
Ipsuich
Irlandskoye
Isakcha
Isenzho
Isk’ya
Islandiya
Ispaniya
Ispir
Istriya
Isudën
Ita
Itantsa
Ittsekho
Ivangorod
Ivanitsa
Ivankov
Ivano-Frankovsk
Ivanovo
Ivanovskoye
Ivreya
Ivshem
Iyerapetra
Iyerikhon
Iyerusalim
Iyyoki
Izborsk
Ize
Izheslavl
Izhévsk
Ižma
Izmail
Iznik
Jefrém
Jekaterinodár
Jevréjskaja
Jevrópa
Jorkšir
Joškár-Olá
Jupíter
Kabardíno-Balkárija
Kadan
Kadis
Kádʹjak
Kadnikov
Kadykëy
Kagayan
Kagoshima
Kagul
Kair
Kakabelos
Kakhetiya
Kalafat
Kalakhasti
Kalamocha
Kalanda
Kalaorra
Kalaseyte
Kalashio
Kalaus
Kalavrita
Kale
Kalem’o
Kal’i
Kalimantán
Kaliningrad
Kaliningradskiy
Kalinino
Kalinkovichi
Kalish
Kalishsko
Kalkhvined
Kal’kutta
Kallanish
Kallísto
Kal’mar
Kalmykiya
Kalocha
Kal’tadzhirone
Kal’tavuturo
Kal’vi
Kamaguey
Kamberlend
Kambodzha
Kambre
Kamchátka
Kámenec
Kamenets-Podilsky
Kamerino
Kamerun
Kampobasso
Kan
Kanada
Kanem-Borno
Kanfrank
Kangas-de-Onis
Kannaudzh
Kanny
Kanosa
Kanossa
Kantiano
Kantil’yana
Kanzas
Kaposhvar
Kaprijana
Kapuvar
Karabash
Karabogaz
Karachev
Karakalpakiya
Karakiya
Karambis
Karamyursel
Karashar
Karasyok
Kardigan
Kardona
Karéliya
Karelsky
Karely
Karey
Karfagen
Kargalyk
Kargopol’
Karin
Karintiya
Karistos
Kariya
Karkastil’o
Karkemish
Karkna
Karlayl
Karlou
Karlovka
Karlsrue
Karmartenshir
Karmona
Karnapkhuli
Karnarvonshir
Karnin
Karnul
Karnunt
Karoniya
Karpatos
Karrara
Karrik-na-Shannon
Karshi
Kárskoje
Karsovay
Kartakhena
Kartama
Kasablanka
Kasandriya
Kaseres
Kashel
Kashtru-Marin
Kashtru-Verdi
Kashubiya
Kaskante
Kasorla
Kasplya
Kassino
Kassopa
Kastal’ya
Kastan’yeda
Kastedzho
Kastellukk’o
Kastel’sarrazen
Kastiliya
Kastrokheris
Kastro-Urd’yales
Kastrovillari
Katalonskaya
Katandzaro
Kataniya
Katar
Kattara
Katterik
Kattsenel’nbogen
Kaufboyren
Kavan
Kavarna
Kavkaz
Kayaani
Kayervent
Kayrfilli
Kayruan
Kazalol’do
Kazan'
Kazaxstán
Kazerta
Kazimezh
Kazimezh-Dol’ny
Kazvin
Kechkemet
Kedaynyay
Kefaliniya
Keksgolm
Keleny
Kels
Kel’tse
Kel’tskoye
Kembridzh
Kembridzhshir
Kemchug
Kemerovo
Kemiyarvi
Kemiyoki
Kemnits
Kempbeltaun
Kemper
Kenedugu
Këngen
Kënsando
Kenten
Kenterberi
Kentshin
Kentukki
Këping
Kerbi
Keredigion
Kerkuoll
Kermanshakh
Kerri
Kersi
Kerzhenets
Këseg
Kestkhey
Këutukeynu
Këyk
Keyr
Keytness
Kezhmarok
Khabarovsk
Khabigandzh
Khaddar
Khaddington
Khadita
Khadramaut
Khadzhipur
Khaen
Khafel’berg
Khaka
Khakkyari
Khaknell
Khalandritsa
Khalastra
Khal’bershtadt
Khalebid
Khalkidiki
Khalland
Khall’sberg
Khal’mstad
Khama
Khamaland
Khamar-Daban
Khamirpur
Khandyga
Khankasalmi
Khanty-Mansiysk
Khan’ya
Khan-Yunis
Khaoniya
Kharais-de-la-Vera
Khardzh
Kharomsek
Kharran
Kharstad
Khartfordshir
Khartum
Khaskovo
Khasselt
Khastinapur
Khasvayn
Khativa
Khatseg
Khaugsdorf
Khayasa
Khaydarabad
Khayfa
Khayl’bronn
Khayligenberg
Khaynfel’s
Khaynsberg
Khazaran
Khazarasp
Khazariya
Khedebyu
Khedemora
Khedmark
Khekhingen
Kheksem
Khellenshtayn
Khelmno
Khelmzha
Khel’singborg
Khel’singër
Khel’singland
Khel’ston
Khemnits
Khënefoss
Khentsiny
Kheorot
Khereford
Khereke
Kherlen
Khernësand
Kheroniya
Khersonisu
Khertford
Khertsberg
Khëugesunn
Khevesh
Khevron
Kheygerstaun
Kheyluntszyan
Kheyuan’
Khibraleon
Khidzhaz
Khil’deskhaym
Khintada
Khios
Khirosima
Khittsakker
Khiyumaa
Khizhaniya
Khlynov
Khmelnytskyi
Khoenems
Khoenshtayn
Khokkenkhaym
Khol’bek
Kholi-Aylend
Kholivel
Khomas
Khonshtayn
Khopyor
Khorasan
Khordalann
Khorezm
Khorremabad
Khoshangabad
Khoten
Khoyna
Khoyyersverda
Khubey
Khumara
Khunlyuyuan
Khurnak
Khusabyu
Khusavik
Khushi
Khuvsgel
Khuyedin
Khvankhedo
Khvikke
Khyameenlinna
Khyukkesvagen
Khyuvinkyaa
Kichevo
Kiklady
Kilʹdin
Kilifarevo
Kilikiya
Kiliya
Kilkenni
Killalo
Killarni
Killashi
Killeneya
Kilmarnok
Kingston
Kinseyl
Kintayr
Kir
Kirena
Kireniya
Kirensk
Kirgiziya
Kirillov
Kirishi
Kirkesiy
Kiropolis
Kírov
Kirrim’yur
Kirsanov
Kisamos
Kishinyov
Kisutske
Kitira
Kitnos
Kitsbyuel
Kiyev
Kizik
Kkhalatse
Kladrubi
Klardzheti
Klarentsa
Klaydsdeyl
Klaypeda
Kler
Klifford
Klisma
Klitero
Klitor
Klívlend
Klodava
Klondolkin
Klonmaknoys
Klontarf
Kloppenburg
Klosternoyburg
Kloyn
Klyuch
Klyuchbork
Klyuni
Knid
Knoss
Knyaginino
Knyazhevats
Koauila
Kobrin
Koburg
Kodlya
K’odzha
Koken
Kokermaut
Kokhayto
Kokhima
Kokshaga
Kóla
Kolchester
Kol’dits
Kolin’i
Kolkhapur
Kolliur
Kolmogory
Kolno
Kolobzheg
Kolomyya
Kolonsey
Kolorado
Kólʹskij
Kolumbiya
Kolyma
Kolyvan'
Komakk’o
Komany
Komares
Komarom
Kombur
Kommersi
Komo
Konakri
Kondeysha
Kondopoga
Kóngo
Konisbro
Konnektikut
Konstantinovka
Konsuegra
Kontr
Konui
Kon’yak
Koper
Kopertino
Kopor’ye
Koprivnitsa
Kopshivnitsa
Korabiya
Korcha
Kordova
Koreja
Korela
Korelskoye
Korenëvo
Korenitsa
Korfinio
Korfu
Koria
Korik
Korinf
Korle
Kornoĭburg
Kornuoll
Korogo
Koroniya
Korór
Kororofa
Korotoyak
Korredzho
Korriyentes
Korshevo
Korsika
Korsun
Korte
Kortegana
Kortemiliya
Kortona
Korushi
Koryazhma
Kossato
Kostanay
Kosta-Rika
Kostroma
Kostsezhina
Kos’tsyan
Kotbus
Kotil’yas
Kotin’ola
Kótlas
Kotonu
Kotor-Varosh
Kottingkhem
Koval
Kovaleda
Kovasna
Kovil’yan
Kovno
Kovrov
Koydanava
Kozel’sk
Kozljak
Kozlov
Kraguyevats
Kraĭova
Krakolye
Kranii
Krannon
Kraslava
Krasnoarmeyskoe
Krasnodár
Krasnoyarsk
Krayl’skhaym
Krediton
Kremenchug
Kremenets
Kremljóv
Kremona
Kremsmyunster
Krévo
Krëz
Krikkhauell
Krishana
Kristiynankaupunki
Krizhevcy
Kroydon
Krozan
Krshko
Krum
Krupan
Krushevats
Krushvitsa
Kruya
Krym
Kryn
Kstovo
Ktsynya
Kúba
Kuban
Kuchevo
Kudak
Kudimaga
Kuenka
Kufshtayn
Kugunek
Kukeynos
Kukhbonan
Kukskhafen
Kukvill
Kuldiga
Kulikoro
Kul’mbakh
Kulom’ye
Kulon’
Kumaon
Kumertau
Kuneo
Kungur
Kunshtat
Kuntun
Kupyansk
Kurchum
Kurgan
Kurliándiya
Kurmeyd
Kurtatone
Kurted
Kurtene
Kurtya-de-Ardzhesh
Kushka
Kusi
Kussar
Kusseri
Kutna-Gora
Kutur-Ogly
Kut’yevo
Kuvorden
Kuyaviya
Kuytun’
Kuznetsk
Kvakva
Kvebek
Kvedlinburg
Kverfurt
Kvinslend
K’yaromonte
K’yavari
K’yavenna
K’yeri
Kympulung
Kyrdzhali
Kyrshekhir
Kyrykkale
Kyurasao
Kyustendil
Kyutakh’ya
K’yuzi
Kyzylyrmak
La
Labin
Laburdan
Ladlou
Ladyzhin
La-Flesh
Lagodekhi
Lagush
Lakhdzh
Lakhidzhan
Lakhol’m
Lakhor
Lakhti
Lakkhnau
Lakoniya
Lampsak
Lan
Lanarkshir
Lanchano
Landeylo
Langonne
Langosko
Langr
Lankaster
Lansarote
Lansing
Larisa
Larn
Larnaka
Larzhant’yer
La-Test-de-Byush
Latgaliya
Latviya
Laut
Lauterbakh
Lavan’ya
Laybnits
Layningen
Layno
Laysnig
Lebork
Lebrikha
Lefkas
Legnitsa
Lelyov
Lenchitsa
Lenchna
Lengenfel’d
Leninabad
Leningrad
Lenkhu
Lentsburg
Leon
Lepel
Lepushna
Ler
Lerdam
Lerinsk
Lester
Lestershir
Lesusa
Leten’ye
Lëts
Leuvarden
Lëven
Leyden
Leyptsig
Leyriya
Lezhaysk
Lhodzhag
Libava
Liberiya
Lichfild
Lida
Lidorikion
Liepaya
Lifre
Liguriya
Liguriyskoye
Likand
Likhtenfel’s
Likhtenshteyn
Likhula
Likiya
Likosura
Lill’bonn
Limerik
Lim-f’ord
Limira
L’imiyana
Limozh
Limpn
Linchëping
Lindisfarn
Lingere
Linkestida
Linkol’n
Linkol’nshir
Linlitgou
Lints
Lipany
Lipeck
Lippshtadt
Lirness
Lisimakhiya
Lissabon
Listouel
Litomerzhitse
Litos
Litrim
Litva
L’iviya
Liviya
Livno
Livoniya
Livonskiy
Liyeksa
Liyelvarde
Liyents
Lizhmozero
Liz’yë
Ljubljana
Lkhyundzhub
Llandidno
Llanvillin
Llin
Lodz'
Logatets
Logishin
Logon-Birni
Logoysk
Logron’o
Logton
Lokarno
Lokry
Lole
Lollann
Lollann-Fal’ster
Lombárdija
Lombardskaya
Lombe
Lombes
Lóndon
Longiyon
Longvi
Lonseston
Lopasnya
Lopshen’ga
Loriysk
Lorra
Losh
Louni
Loustoft
Lovich
Loyano
Lozanna
Lozhyuzan
Lozovaya
Luan
Luangpxabáng
Luarka
Lubeka
Luchera
Ludeak
Lugánsk
Luganskiy
Lugdunskaya
Lukka
Luksor
Lukuv
Lurestan
Lusaka
Luxonono
Luzhitsa
Luzin’yan
L’vov
L’yadorre
Lyanchzhou
Lyaodun
Lyaonin
L’yebana
L’yeyda
L’yezh
Lyubachuv
Lyublin
Lyublinets
Lyuboml’
Lyubsko
Lyubutsk
L’yuis
Lyukhov
Lyuneburg
Lyuttsen
Maastrikht
Macherata
Mach-Uenlok
Machva
Máču-Píkču
Maduray
Maestrasgo
Magás
Magasela
Magellanov
Magnesiya
Magnesiya-na-Meandre
Magnitogorsk
Magonset
Makao
Makhachkala
Makharashtra
Makhidpur
Makhoba
Mako
Maladzyechna
Malaya
Malayziya
Maleshevo
Malida
Mall
Mallakh
Malmsberi
Malmyzh
Malogoshch
Mal’yeze
Manbidzh
Mandalgarkh
Mandavar
Mandershayd
Mandor
Mangaliya
Mangistau
Mangualdi
Manikheystvo
Manipúr
Manitóba
Mansel’kya
Mansfel’d
Mansil’ya-de-las-Mulas
Manster
Manteygash
Mantineya
Manturovo
Mantuya
Manxɛ́ttɛn
Marafon
Maran’yan
Mariúpol'
Mariy
Mariyenverder
Markariya
Marke
Markianopol’
Marmaroshchyna
Marokko
Maroniya
Marrakesh
Marshano
Marvan
Marvezhol
Massachusets
Mas’yaf
Matkhura
Maverannakhr
Mavretaniya
Mayningen
Mayorga
Maysen
Mayyen
Mazoviya
Meandr
Mechetnaya
Medel’pad
Medenin
Medina
Medvezhya
Medvezh’yegorsk
Medzhya
Megalopol
Megreliya
Mehadiya
Meknasi
Mel’dorf
Melets
Mel’fi
Melil’ya
Melitopol
Mel’khus
Mel’nik
Melrouz
Melton-Mobrey
Memfis
Men
Mendzyzhech
Menzelinsk
Meranije
Merida
Merkine
Merkurya-Chuk
Mërs
Mersiya
Mertola
Mesansi
Mesiniya
Messena
Metapont
Metoni
Metropol
Metsovo
Mëyden
Meykon
Meynut
Meyo
Mezëkëveshd
Mezhgor’ye
Mezhotne
Michurinsk
Mičigán
Midinipur
Midlseks
Migdoniya
Mikashevichi
Mikeny
Mikhalovo
Mikhaylovka
Mikoluv
Mikonos
Milatstso
Milet
Milich
Millerovo
Minas-Zherays
M’insayn
Minsk
Mira
Miranda-du-Doru
Miranda-du-Korvu
Miriandr
Mirina
Mirkur
Mirmidonyane
Mirpua
Mishkovets
Misiya
Missisipi
Misurata
Mit
Mitava
Mitilini
Mitimna
Miyo
Mo
Mobëzh
Móda
Modika
Modil’yana
Mogadoru
Mogilev
Moglino
Moldaviya
Moleon
Mol’fetta
Molize
Molostsiya
Molotov
Monako
Monastyr’
Monbrizon
Mondon’yedo
Mondzeye
Monfal’kone
Monferrat
Mongol’skaya
Monkada
Monkal’vo
Monkontur
Monleri
Monlyuson
Monmedi
Monmut
Monmutshir
Monsan
Monsarash
Monsegyur
Monseliche
Montal’chino
Montanches
Montan’yana
Montarzhi
Montekk’o
Montekopiolo
Montelimar
Monteman’o
Montemor-u-Novu
Monterrey
Montgomerishir
Montrëy-na-Mer
Montrishar
Montsa
Moran
Moraviya
Mordoviya
Morel’ya
Mori
Morle
Morten
Morye
Mosbakh
Mosinopol
Moskvá
Moskvě
Mostarov
Motovun
Moxáve
Mstuv
Mugodzhary
Mukachevo
Mukish
Mulen
Multán
Munebrega
Munteniya
Mura
Murmansk
Myadel’
Myadininkay
Mychesk
M’yesa
Mys
Myunkhen
Myunster
Myurtstsushlag
Nabul
Nágalend
Nagardze
Nagchu
Nagórnyj
Nakhera
Nakhichevan’
Naknek
Naksos
Nal’shchany
Namestovo
Namyur
Nan’chan
Nan’chun
Nander
Nangchen
Nankín
Nansi
Nanter
Nan’tun
Narbonskaya
Naročj
Násik
Naugiek
Naugvik
Naushera
Naut
Navarrskaya
Navpakt
Nayrobi
Nazaret
Neapol'
Nedlak
Nedrigaylov
Neftekamsk
Neman
Nemeya
Nemur
Nestved
Nesvizh
Netenz
Neuken
Nevel’
Never
Nevesine
Nëviller
Nevrokop
Neystriya
Ngerulmúd
Niderlandy
Nigde
Nikolayev
Nikolayevsk
Nikoláyevsk-na-Amúrye
Nikomediya
Nikosiya
Nim
Nin
Nina
Ninsya
Nitsdeyl
Nitstsa
Nizhneudinsk
Nizhni
Nizhnie
Nizhniy
Nizhniye
Nizhny
Nizhnyaya
Noajon
Nobatiya
Nordkhauzen
Noren’ya
Noridzh
Noril’sk
Normandiya
Normandskiye
Nortamberlend
Nortgempton
Noruich
Norvegiya
Nosovka
Nottingem
Nottingemshir
Nóvgorod
Novgorod-Ugorsky
Novo
Novoalexandrovka
Novográd-Volýnskij
Novogrodzets
Novokolmogory
Novonikolayevsk
Novo-Nogájsk
Novorossiysk
Novoržev
Novoshareyevo
Novosibírsk
Novosil'
Novoslobódskaja
Novozybkov
Novyĭ
Novy-Sonch
Novy-Targ
Novyy
Noymyunster
Noys
Noyshtrelits
Nozhan
Nurberg
Nur-Sultán
Nuuk
Nyamts
N’yergeshchyfalu
N’yuberi
Nyuborg
N’yu-Deli
N’yu-Dzhersi
N’yufaundlend
Nyuk
N’yukasl
N’yuport
N’yuri
Nyurnberg
Oakhaka
Obena
Oberfellakh
Obidush
Obolensk
Oboyan’
Obskaya
Ochakov
Odertso
Odikhem
Odoyev
Offali
Ogayo
Oguziya
Ohotsk
Okan’ya
Okem
Okhansk
Okhzenkhauzen
Okich
Okkhampton
Okladnikova
Oklakhoma
Oknele-Mari
Oksenfurt
Oksfordshir
Oksiniya
Olafsborg
Olbani
Ol’biya
Ol’borg
Olchester
Oldboro
Ol’denburg
Oleshky
Olesnitsa
Olimp
Olimpiya
Olinf
Olita
Oliwa
Ol’kush
Ol’ne
Olomouts
Olonets
Ol’ster
Olteniya
Oma
Omish
Omsk
Onega
Onezhskiy
Ongermanland
Oni
Onikshty
On’yate
Opatuv
Opplann
Opunt
Oradya
Orden
Orense
Orestida
Organ’ya
Orgeev
Orik
Orike
Oriyak
Orkhomenos
Orlamyunde
Orle
Ornachos
Oroshkhaza
Orshva
Orva
Orviyeto
Oryakhovo
Oryol
Osele
Oser
Osh
Oshmyany
Osipenko
Óslo
Osnabryuk
Ostal’rik
Ostburg
Ostil’ya
Ostrog
Ostruda
Ostsheshchv
Osua
Osventsim
Otën
Otgon-Tenger
Overn’
Ozal'
Ozero
Paduya
Paflagoniya
Pafos
Paganiya
Palanga
Pallena
Pal’yars
Pal’yars-Khussa
Pal’yars-Sobira
Pamfiliya
Pam’ye
Panchevo
Pandzhgur
Panemune
Pangaliya
Pannoniya
Pannonkhal’ma
Parab’yago
Paraiba
Parchev
Parfiya
Parizh
Pasaj
Pasvalis
Paterno
Patkhankot
Patry
Paviya
Pavlodar
Pavlovo
Paykend
Payyern
Pazeval’k
Pazin
Pechenga
Pechora
Pechory
Pedrogan-Grandi
Pekin
Pelagoniya
Pelasgiotida
Pellena
Pel’t
Pembruk
Pempol’
Pendzhikent
Penedonu
Pengvern
Pen’iskola
Perekop
Peresopnitsa
Perigor
Perinf
Perkot
Perm
Pernambuku
Perneg
Peron
Perpin’yan
Perrebiya
Pérsija
Pertominsk
Perudzha
Perunov
Pervomaisk
Pesha
Peshkopiya
Pesht
Peskara
Petrograd
Petrovskoye
Petrovsk-Port
Pevensi
Pezaro
Pfal’ts
Piarnu
Pican
Pikalëvo
Pikering
Pila
Pil’zno
Pinsk
Piran
Pirenei
Pirey
Piryatin
Pisatida
Pisidiya
Piterboro
Piterkhed
Pitil’yano
Pitlokhri
Pitstso
Piyelinen
Pkhënchkhan
Pkhen’yan
Plankoet
Plasensiya
Platei
Plën
Pliska
Ploevo
Plotsk
Plugonven
Pl’zen
P’obbiko
Podlyash’ye
Podol’ye
Podosinovets
Podporozh’ye
Podrin’ye
Poduyevo
Podzho-Berni
Pokcha
Pokipsi
Poklington
Pokrov
Pokrovsk
Polanov
Pol’chenigo
Poliyiros
Polotsk
Polovtsk
Polyaniya
Polyostrov
P’ombino
Pombiya
Pomeránija
Pomerelija
Pomorav’ye
Ponevezh
Pont
Pontefrakt
Pontekorvo
Ponti-di-Lima
Pontin’i
Pontivi
Pontsone
Porech
Poroet
Porrantryui
Portalegri
Portil’o
Portiman
Port-Said
Portsmut
Portu
Portugaliya
Posert
Postavy
Potentsa
Potstsuoli
Pottenshtayn
Pouis
Povazhska-Bistritsa
Povenets
Pozhega
Poznan’
Prad
Praga
Praviya
Prentslau
Prestatin
Prestë
Pretoriya
Pridnestroviya
Priluki
Primorsk
Primorskiye
Priozersk
Prishtina
Priyego
Priyena
Priyepole
Prochida
Prokuple
Pronsk
Provans
Proven
Prussiya
Pryashiv
Pshedbuzh
Pshedech
Pshemkuv
Ptuy
Puat’ye
Puchserda
Puerto-Riko
Pugachyov
Pul
Pulj
Punakkha
Puntlend
Pustyni
Putivl
Putlits
P’yachentsa
P’yaliya
P’yatra-Nyamts
P’yedraita
Pyrskov
Pytalovo
Pyzhitse
Radeboyl
Radikofani
Radomyshl’
Radomysl’
Radzhanpur
Radzhastkhan
Radzhgir
Radzhpipla
Radzhsamand
Rafakh
Ragneta
Raguza
Rakhov
Rakkada
Rakovor
Ramalla
Ramatyuel’
Rameshvaram
Ramnunt
Ramzburi
Ranners
Rantsau
Ras-el’-Khayma
Raseynyay
Rashka
Ratangan
Ratlend
Ratsibuzh
Ratskeve
Rattseburg
Rauzi
Rayffershayd
Raygrud
Raykhersberg
Raynberg
Raynek
Raynfel’d
Rechitsa
Rëdëy
Reding
Redondesko
Redzho-di-Kalabriya
Reggan
Regin
Rekash
Rekena
Reksem
Remirmon
Renfru
Reni
Rerik
Reshitsa
Respublika
Retel
Retimnon
Rets
Retsyuns
Revel'
Reyley
Reyms
Ribagorsa
Ribatezhu
Rim
Rimskaya
Rinek
Ringkëbing
Rintel’n
Ristiyna
Ritberg
Riyad
Riyeti
Rjazánʹ
Roan
Rodopy
Rodos
Rogatitsa
Rogoz’no
Rokamadur
Rokfëy
Rokkenkhauzen
Rokster
Rol’yano
Roman-na-Izere
Romanov-na-Murmane
Romny
Romoranten
Rona
Rondoniya
Rongdzhag
Ronnebyu
Ros
Roshchino
Roshioriy-de-Vede
Roskommon
Ross-Karberi
Rosszijszkaja
Rostock
Rostov-na-Donu
Rotenburg
Rotenshtayn
Rozate
Rozendal
Rozes
Rozhnyava
Ruan
Ruanda
Ruayyan
Rube
Ruerg
Rugalann
Rugodiv
Rum
Rurmond
Ruselare
Russil’on
Ruteniya
Ruvoniog
Ruzhmon
Rybanis
Ryl’sk
Rymnik
Rymniku-Serat
Rymniku-Vylcha
Ryshnov
Saagun
Saar
Saarbryukken
Sabb’oneta
Sadberi
Sadli
Sajgón
Sakar’ya
Sakhalín
Sakmara
Sakrameniya
Sakramento
Saksoniya
Saksoniya-Ankhal’t
Sala-Konsilina
Salamanka
Salamin
Salamiya
Salatsgriva
Sal’daniya
Salekhard
Sal’khad
Sal’m
Saloníki
Salutstso
Sal’vador
Sal’vaneskiy
Salvaterra-di-Magush
Sal’yes
Samava
Sambir
Sambkhal
Samniy
Samora
San-Antonio
San-Bonifacho
Sandaun
Sangmelima
San-Kandido
San-Khuan
Sankt
San-Marino
Sans
Santa-Katarina
Sanuidzh
Saravak
Sarbur
Sargatskoye
Sarin’yena
Saróv
Sarverden
Sarytogay
Saskatún
Saudovskaya
Saule
Sautgempton
Sautuark
Sautvell
Savoyya
Sayan
Sayrensester
Se
Seara
Sebasteya
Sebennit
Sebeslavl'
Sebyu
Sedermanland
Sédna
Sefru
Segarcha
Seged
Segkhalom
Segoviya
Sëgyut
Sekeshfekhervar
Sekeyskiy
Seksard
Sekuyeni
Sėlazh
Selesta
Seliya
Selkerk
Sel’skaya
Semender
Sen-Bertran
Sen-Bertran-de-Kommenzh
Sen-Gilyan-le-Dezer
Sen-Godens
Sen’i
Senigalliya
Sent-Andru
Sent-Antoni
Sent-Asaf
Sentonzh
Serakhs
Serbiya
Sere
Serench
Servel’o
Servestan
Sessak
Sest
Seuta
Sevastopolʹ
Severnaya
Severnoye
Severodonéck
Severoural’sk
Severo-Zapadnaya
Severo-Zapadnyye
Severshchina
Seynyayoki
Sezimbra
Sfaks
Shabli
Shabva
Shakka
Shalkar
Shalon
Shalyu
Shamberi
Shamorin
Shampan’ol
Shangskoye
Shanlyurfa
Shanselad
Shan’si
Shantiyi
Sharol
Shartr
Sharukan’
Shasene
Shatelodren
Shatel’ro
Shatodën
Shatonëf-dyu-Pap
Shato-Reno
Shatoru
Shato-T’yerri
Shavish
Shavli
Shayzar
Shchuchin
Shchuchinsk
Shebester
Shekhre-Babek
Shellefteo
Shënau
Sherding
Shergarkh
Sheshuolyay
Shevrëz
Shidlovets
Shiklosh
Shimontorn’ya
Shini
Shinon
Shirnak
Shiyen
Shlaytaym
Shmal’kal’den
Shnakkenburg
Shoa
Shole
Shomod
Shomon-na-Luaru
Shongau
Shopron
Shotlandiya
Shpayyer
Shpits
Shpremberg
Shpreval’d
Shprotava
Shrensk
Shrirangam
Shrirangapatnam
Shropshir
Shtarkenberg
Shtasfurt
Shternberg
Shtiriya
Shtol’pe
Shtraubing
Shtrptse
Shtyulingen
Shubriya
Shumadiya
Shumava
Shumer
Shushter
Shvabiya
Shvaynfurt
Shverin
Shveytsarskoye
Shyaulyai
Shymkent
Shyumeg
Siám
Sianów
Sibírʹ
Sienychak-Lasynskiy
Siétl
Signakhi
Siguensa
Sikaso
Sikoku
Sikso
Sileziya
Sílla
Sillion
Šilokarchma
Silvish
Simbirsk
Sin’
Sindzhar
Sión
Sipalivini
Sirakuzy
Sirak’yus
Siriyskaya
Sirmiy
Siros
Sisak
Sist’yerna
Sitagri
Sito
Sivana
Siyena
Skagen
Skala
Skalitsa
Skallouey
Skaloviya
Skannerborg
Skarboro
Skarboro-Shol
Skay
Skepsiy
Skholy
Skh’yërdal
Skifiya
Skiros
Skobelev
Skonninge
Skopin
Skotusa
Skotussa
Skun
Skvezhina
Skvillache
Slavno
Slavonija
Slavyanogórsk
Slaygo
Šlezvig
Šlezvig-Golʹštejn
Sliford
Slima
Sloboziya
Slonsk
Slovakiya
Slupsk
Slupsk-Slawno
Smailov
Smolenitse
Smolensk
Snitin
Snoudoniya
Sobrantse
Sochi
Sodankyulya
Sofiya
Sokhachev
Sokhrevard
Sokode
Sokota
Sokulka
Solford
Soligalich
Soligorsk
Sollefteo
Sol-na-Gorodtse
Sólnce
Sol’nok
Solovetsky
Solsberi
Sólsberi
Sol’sona
Soltvud
Sol’vychegodsk
Sombatkhey
Somyur
Sonchino
Sorë
Soroki
Sosnitsa
Sovetsk
Sovétskij
Spartol
Spish
Springfild
Srebrenitsa
Sredizemnoye
Srednyaya
Sremska-Mitrovitsa
Srim
Staffordshir
Stálin
Stalinabad
Stalingrád
Stalino
Stalislav
Stambul
Stange
Staraya
Stara-Zagora
Stargart
Stari
Stárica
Starigrad
Stávropolʹ
Stekolnaya
Stenveyk
Stimfal
Storgoziya
Stounkheyven
Stratkhern
Stratklayd
Strekhaya
Strshibro
Stshel’no
Suasson
Sub’yako
Suchava
Sudak
Sudislavl’
Sudomir
Sudovel'
Suets
Sukhum
Šukmannburg
Sukre
Sula
Sulentsin
Suleyuv
Sunsi
Sunzha
Suonsi
Suoyarvi
Surgut
Susseks
Suvalkiya
Suza
Suzdal’
Svebodzin
Svennborg
Sverdlovsk
Sverg
Svetlogorsk
Sviashchennaya
Svinitsa
Svyataya
Svyatogorsk
Swiecie
Syamen
Syan”yan
Sycewice
Sychyovka
Syulli-na-Luar
Syunik
Syurzher
Syusmya
Syzran
Sztrela
Tadmor
Tadzhura
Tadzhurakh
Taganrog
Tagant
Taifaliya
Takla-Makan
Talakadu
Tal’gart
Talla
Tallakhassi
Tallin
Tal’yakotstso
Tambov
Tamshaket
Tangan’ika
Tannkhauzen
Tannu-Ola
Tanzher
Tao-Klardzheti
Tapol’tsa
Tarankon
Tarapaka
Taraskon
Tarasona
Tarkhuntassa
Tarnuv
Tarros
Tartariya
Tartess
Tartu
Tarudant
Tashir
Tasos
Tataban’ya
Tatavin
Tauchester
Taunduindzhi
Taurage
Tavistok
Taybey
Tayem’o
Taymyriya
Taymyrsky
Tayvan’
Tazerbu
Tebessa
Tegaza
Tegeran
Tegerfel’den
Tegeya
Tekirdag
Teksel
Tekuch
Telingana
Telʹshyaĭ
Temiskira
Temn
Temnikov
Tennessi
Tënsberg
Tenshbre
Teploye
Terbuny
Terebovlya
Terekhino
Ternitsa
Terrachina
Terradil’os
Terter-Oba
Teruan
Teshan'
Teshnad
Tesprotiya
Tetford
Tetova
Tevtonskiy
Texás
Teyush
Tigech
Tikhama
Tiksheozero
Til
Tillaberi
Til’zit
Timansky
Timerevo
Timuridy
Tindarida
Tinduf
Tingir
Tintedzhel
Tion
Tippereri
Tira
Tirana
Tiraspolʹ
Tirkonnell
Tirol
Tiron
Tirukoylur
Tiruvannamalay
Tishit
Titán
Titel
Tiv’ye
Tixuána
Tjan'-Šan'
Tkhandve
Tlemsen
Tlushch
Tmutarakan’
Tobermori
Tobólʹsk
Tofalariya
Togder
Tokantins
Tokhmayarvi
Tokhoku
Tokmak
Toksandriya
Toksovo
Tolay
Tolen
Tolido
Tol’kmitsko
Tol’metstso
Tol’na
Tolvayarvi
Tombuktu
Tomel’oso
Tomezhskoy
Tomislavgrad
Tomond
Tomsk
Tonbridzh
Tonner
Tonton
T’onvil’
Toporets
Torchello
Torik
Torn
Tornchino
Torópets
Torroel’ya-de-Montgri
Torskhavn
Torun’
Torzhok
Trakhin
Trali
Trankozu
Transdanubiya
Transilvaniya
Traunshtayn
Trausnits
Travnik
Trebine
Trebne
Treg’ye
Treviko
Trevil’o
Trezigallo
Triakastela
Tribzes
Trikariko
Tripoli
Tripolis
Trir
Trivandram
Triyest
Trizin
Troada
Trofey
Troya
Trshebich
Trukhil’o
Tsarítsyn
Tsayts
Tsedynya
Tsegled
Tsekhanuv
Tsele
Tsentral’naya
Tserbst
Tsetina
Tsetsina
Tsigenkhayn
Tsindao
Tsinkhay
Tsinnovits
Tsiurupynsk
Tsivil’sk
Tskhinval
Tsrikvenitsa
Tsul’o
Tsvaybryukken
Tsvetl’
Tsvifal’ten
Tsvikkau
Tsyurikh
Tszimay
Tszin’chan
Tszyansu
Tszyuchzhaygov
Tuar
Tuchkov
Tuchola
Tûgoku
Tukhchin
Tukuman
Tul
Tulcha
Tuluza
Tunde
Tundzheli
Tunis
Tunzhen’
Tur
Turki-osmany
Tursos
Tuson
Tutaev
Tuvkhen
Tverʹ
Tvistringen
Tvrdoshin
Tyachev
Tyan’tszin
Tyavzino
Tykotsin
Tynets
Tyrgu-Buzhor
Tyrgu-Muresh
Tyrgu-Nyamts
Tyrgu-Okna
Tyrgu-Zhiu
Tysmenitsa
Tyubiz
T’yuksberi
Uayt
Uaytkheyven
Udbina
Uddiyana
Uddzhayn
Udzharma
Udzhda
Ueksford
Uelshpul
Uel’va
Uerksop
Ueska
Ueskar
Uesseks
Uestmorlend
Uestrey
Ueymut
Uffaliz
Uigtaun
Uik
Uilington
Uilton
Uiltshir
Uinchester
Uinchkomb
Uitorn
Ukayali
Ukraína
Ulangom
Ulenty
Uliastay
Ultsin’
Ulyanovsk
Ul’yastret
Uneyuv
Ungen’
Unkastil’o
Uokingkhem
Uolfish-Bey
Uollingford
Uolsingem
Uorik
Uorkhem
Uoterford
Upa
Uppokra
Urán
Uranopolis
Urgamal
Urla
Urmiya
Urzhum
Ushitsa
Usolsk
Usson
Ustínov
Ust’-Ishim
Ustjug
Ust’-Katav
Ustrushana
Usuni
Usvyaty
Utremer
U-Tsang
Utsyoki
Utyana
Ut’yel
Uyguriya
Uzhenduv
Uzhgorod
Uzhitse
Vaddan
Vakayama
Valanse
Valaxija
Valch
Valday
Val’dek
Val’dkirkhen
Valensiya
Valentinua
Valespir
Val’kenrid
Val’kininkay
Vallerfangen
Vall’res
Valmiyera
Val’perga
Val’polichella
Val’t’yerra
Val’yadolid
Van
Vandom
Varadiya
Varakhsha
Varangal
Varazhdinske-Toplitse
Vargashi
Varniya
Varnyay
Varšava
Vartburg
Vasluy
Vassenberg
Vastseliĭna
Vatikan
Vattini
Vavilon
Vaydzhapur
Vayl’burg
Vayle
Vaynkhaym
Vaynsberg
Vayoming
Vaysenoe
Vayshali
Veĭi
Veksen
Vekshë
Vel’bark
Vele
Velegrad
Velichka
Velikaya
Velikij
Velikiy
Velikoye
Vel’ke-Kapushany
Vellingboro
Velʹpe
Vel’s
Velyun’
Vena
Veno
Venoza
Ventimil’ya
Vepsiya
Verakrus
Verchelli
Vërden
Verend
Verhnjaja
Verigino
Veriya
Verkhniy
Verkhnyaya
Verkhovazh’ye
Verkhovye
Verkola
Vermandua
Vermland
Vermónt
Vernigerode
Vérnyj
Vershinino
Vertkhaym
Vertsuolo
Vesilakhti
Veskovato
Vesprem
Vestberi
Vestfaliya
Vestfoll
Vestlann
Vestmanland
Ves’yegonsk
Vetluga
Vetrino
Vetspiyebalga
Vetsselpils
Veymar
Vezer
Vezon
Vezul’
Viana-du-Alentezhu
Vid
Vidarbkha
Vidzhayanagara
Vidzhayavada
Vidzhevano
Vieste
Vifiniya
Vifleyem
Vigmor
Viklov
Vikramashila
Vila-Nova-di-Gaya
Vil’don
Vil’fransh
Vil’khering
Vilkmerge
Vilʹkomir
Vilna
Vil’ster
Vilusa
Vil’yablino
Vil’yafafila
Vil’yal’pando
Vil’zhuber
Vimmerbyu
Vinaros
Vindkhuk
Vindzor
Viner-Noyshtadt
Vinnitsa
Vinogradov
Vin’ola
Vipperfyurt
Viranshekhir
Virginiya
Visbaden
Visbyu
Vishegrad
Vishniya
Vislitsa
Vissan
Vitaliyskiye
Vitan’ye
Vitmarshen
Vitre
Vittingen
Vizantiy
Vladímir
Vladímir-Volýnskij
Vladivostók
Vlasenitsa
Vlen’
Vlotslavek
Vnutrenniye
Vo
Vodemon
Voden
Vodice
Vogera
Vokulër
Vol’buzh
Vol’fenbyuttel
Volga
Vol’gast
Volgodonsk
Volgograd
Volgo-Ural
Volkhov
Volokolamsk
Volozhin
Vol’shtyn
Vol’terra
Volyn
Volyn’
Volzhskiy
Vombzhez’no
Vorms
Voronezh
Vorontsovka
Voroshilovgrad
Voroshilovsk
Vorotynsk
Vorskla
Vorst
Vostochnaya
Vostochno-Sibirskoye
Vostochnyy
Vostochnyye
Vostočnyj
Votkinsk
Voynich
Voynitsa
Vrane
Vranov-na-Toplëu
Vrbas
Vrshats
Vshchizh
Vskhova
Vukovar
Vul’chi
Vullongong
Vurden
Vuster
Vustershir
Vyatka
Vyaz’ma
Vyazovka
Vyborg
Vychegda
V’yerzon
V’yeste
Vyshkuv
Vyshogrud
Vyunsdorf
Vyurtsburg
Warzno
Xakásija
Xarárɛ
Xárʹkov
Xo
Xoms
Xošimín
Xux-Xóto
Yaffa
Yagoshikha
Yakobstad
Yakutsk
Yalu
Yanchzhou
Yangikent
Yanina
Yaponskoye
Yarkend
Yaroslavl
Yarotsin
Yasapati
Yasberen
Yassy
Yaunde
Yavor
Yaytse
Yedintsy
Yegipet
Yegorlyk
Yegorov
Yekaterinburg
Yekaterinoslav
Yelabuga
Yelnya
Yeniseysk
Yeshelnitsa
Yiglava
Yition
Yiyesh”yavrre
Yokmokk
Yol
Yonkhor
Yonnam
Yosipdol
Yudenburg
Yuel’goa
Yugoslaviya
Yuldybayevo
Yulikh
Yunden
Yuryev
Yutlandiya
Yuzel’danzh
Yuzhnaya
Yuzhnogo
Yuzhnyĭ
Yuzovka
Yyell
Yyuterbog
Zabajkálʹskij
Zabaykalye
Zalaegerseg
Zalavar
Zalėu
Zal’tsburg
Zambiya
Zambruv
Zamosts
Zangerkhauzen
Zaol’z’ye
Západnaja
Zapadnaya
Západnaya
Zapadno-Frizskiye
Zapadnyj
Zapadnyy
Zaporozhye
Zarandzh
Zaslavl
Zayechar
Zbrazh
Zdvyzhen
Zelandiya
Zelenogorsk
Zembitse
Zemljá
Zemno
Zendzhan
Zerend
Zgezh
Zhagan’
Zhagare
Zhalin’i-na-Bebr
Zhamblu
Zharnak
Zhatets
Zhemaytiya
Zheneva
Zheshchv
Zhevodan
Zhimboliya
Zhitava
Zhitikara
Zhitkovichi
Zhizor
Zhlobin
Zhnin
Zhodon’
Zhuan’i
Zhuanvil
Zhue-Le-Tur
Zhurilovka
Zhytomyr
Zigen
Zimnicha
Zindzhibar
Zink
Zirikze
Zlotoriya
Zol’ms
Zolotaya
Zolotiye
Zoloturn
Zontra
Zubcov
Zurvanizm
Zuyevka
Zvenigorod
Zveyndrekht
Zviagel
Zvolle
Zyuplingenburg
Zyutfen
Тек
