Aafjes
Aalbers
Aantjes
Aardsma
Aarts
Aartsen
Adriaanse
Aerts
Akkerman
Albers
Alberts
Alblas
Alders
Altena
Amerongen
Anderiesen
Andriessen
Appel
Appelman
Appelmans
Arends
Arents
Baan
Baanders
Baars
Baas
Backer
Baert
Bakker
Bal
Barend
Barendregt
Barends
Bartels
Bartholomeusz
Baten
Bauwens
Beckers
Beeckman
Beekman
Beethoven
Bekker
Bentinck
Berendsen
Berens
Bergkamp
Berkel
Berkhoff
Berkhout
Bettens
Beukers
Beumer
Biemans
Bijl
Bijlsma
Bisschop
Blaauw
Blanke
Bleecker
Bleeker
Bloem
Bloemen
Blok
Blokland
Blom
Boekbinder
Boeken
Boekhorst
Boer
Bogaert
Bol
Bongers
Boogaard
Booij
Boom
Boomsma
Boon
Boot
Borremans
Borsboom
Borst
Bos
Bosch
Boschman
Bosman
Bosmans
Bot
Bouman
Bouwens
Bouwman
Bouwmeester
Bovens
Braat
Brands
Brandts Buys
Brasser
Breukelen
Brink
Brinkman
Broekhuizen
Broekman
Broers
Brok
Brokmann
Brood
Brouwer
Brugman
Brugmans
Bruijn
Bruin
Bruins
Buijs
Burger
Burgers
Buter
Buwalda
Buys
Camphuysen
Ceulemans
Christiaens
Claassen
Claes
Claessen
Claessens
Claeys
Clijsters
Coenen
Coolen
Cools
Coomans
Coppens
Cornelis
Cornelisse
Cornelissen
Coster
Cremers
Croes
Cuypers
D'Hondt
Daems
Damen
Danneels
De Backer
De Bakker
De Beer
De Bie
De Bisschop
De Boer
De Bont
De Brouwer
De Bruijn
De Bruin
De Bruyn
De Bruyne
De Clerck
De Clercq
De Cock
De Coninck
De Coster
De Decker
De Geer
De Geus
De Goede
De Graaf
De Greef
De Groot
De Groote
De Haan
De Haas
De Heer
De Hondt
De Hooch
De Hoog
De Jager
De Jong
De Jonge
De Jongh
De Keyser
De Klerck
De Klerk
De Kock
De Kok
De Koninck
De Koning
De Korte
De Laet
De Lange
De Leeuw
De Ligt
De Man
De Meyer
De Mol
De Moor
De Nijs
De Nooijer
De Pauw
De Putter
De Regt
De Ridder
De Rijke
De Roo
De Rooij
De Roos
De Ruiter
De Smedt
De Smet
De Visscher
De Visser
De Vos
De Vreese
De Vriendt
De Vries
De Vriese
De Waal
De Waard
De Wet
De Wild
De Wilde
De Winter
De Wit
De Witt
De Witte
De Wolf
De Zeeuw
De Zwart
Declercq
Deelstra
Dejagere
Dekker
Dekkers
Demol
Den Boer
Den Dekker
Den Hartog
Den Ouden
Den Uyl
Derksen
Desmet
Devos
Dhondt
Dierckx
Dierickx
Dijkhuizen
Dijkstra
Dirks
Donders
Donker
Doornbos
Douven
Drenth
Driessen
Drost
Duif
Duijf
Duiker
Duin
Duut
Duyff
Dykstra
Ebben
Ebbers
Eekhout
Eenhoorn
Eggers
Elzinga
Engelbrecht
Engelen
Engels
Engelsman
Evenepoel
Evers
Everts
Faas
Feijen
Fijnje
Fokker
Fontein
Fortuin
Francken
Franken
Fransen
Franssen
Freriks
Gabriëls
Garritsen
Geelen
Geelvinck
Geerts
Gerretsen
Gerritsen
Geurts
Geysen
Gielen
Gies
Gijsen
Glas
Goes
Goethals
Goff
Goll
Goos
Goossen
Goossens
Goris
Gorter
Graaf
Graafland
Gregoor
Griffioen
Groen
Groenendijk
Groeneveld
Groenewegen
Groot
Groothuis
Gruijters
Haak
Haan
Haanstra
Haarhuis
Haas
Hageman
Hagens
Hals
Hamer
Hamerlinck
Hardenbergh
Harmsen
Hartman
Hartog
Haverkamp
Hector
Heemskerk
Heeremans
Heeren
Heijmans
Heijnen
Heineken
Heinen
Helder
Helmont
Helsloot
Hendrickx
Hendriks
Hendrikse
Hendriksen
Hendrikx
Hendrix
Hennies
Hennis
Herkenhoff
Hermans
Hermsen
Herrema
Hertog
Heylen
Hijmans
Hoeben
Hoek
Hoen
Hoes
Hof
Hofland
Hofman
Hofmans
Hofstede
Hogenkamp
Holt
Hom
Homan
Hooft
Hoogendijk
Hoogervorst
Hoogerwerf
Hoogland
Hoogstraten
Hoop
Hoorn
Hordijk
Houben
Hout
Houtman
Huberts
Huibers
Huisman
Huizenga
Huizinga
Huygens
Huysmans
In 't Veld
Jacobs
Jager
Jaliens
Jans
Janse
Jansen
Janssen
Janssens
Janszoon
Jaspers
Jenniskens
Jong-a-Pin
Jongejans
Jonker
Jonkers
Jonkman
Joosten
Joustra
Kam
Kamerlingh Onnes
Kamp
Kamphuis
Keijzer
Keizer
Kerckhoff
Kerkhof
Kerkhove
Kersten
Kerstens
Kessels
Ketelaar
Keulemans
Keyser
Kieft
Klaasen
Klaassen
Klapwijk
Klaver
Kleijn
Klein
Kleine
Klerck
Klerk
Klijn
Klijnsma
Klinkenberg
Klock
Klomp
Klooster
Kloosterman
Klopper
Kloppers
Knipp
Knol
Knoop
Knop
Koch
Koekkoek
Koelewijn
Koeman
Koenders
Koenen
Kok
Kolk
Koninck
Koning
Konings
Kooi
Kooijman
Kooiman
Kooistra
Kool
Koolen
Koolhaas
Koolhof
Koomen
Koopman
Koopmans
Koops
Koot
Korevaar
Korver
Koster
Kouwenhoven
Kracht
Kramer
Kreek
Kremer
Kremers
Kroes
Krol
Kroon
Kroos
Kropp
Kruk
Kuijken
Kuijpers
Kuiken
Kuiper
Kuipers
Kunst
Kuperus
Laar
Laats
Lambrechts
Lamers
Lammers
Lampsins
Landman
Landzaat
Lang
Lankhorst
Lansing
Lauwers
Leemans
Leenders
Leerdam
Leeuw
Leijten
Lemmens
Lenaerts
Lens
Lenssen
Liebaert
Lievens
Lindeman
Linssen
Lips
Litjens
Lodewijk
Loman
Loo
Loos
Louw
Lubbers
Luiken
Luyckx
Luyten
Lybaert
Maas
Maaskant
Maassen
Maatsen
Maertens
Maes
Maessen
Magerman
Mandel
Manders
Mangels
Mansveld
Maris
Marsman
Martens
Mathijsen
Matthijs
Matthys
Meertens
Meeuwis
Meeuwsen
Meijer
Meijerink
Meijers
Melis
Meppelink
Merckx
Mertens
Meuleman
Meulen
Michiels
Middelkoop
Moens
Moerman
Moeyaert
Mol
Molenaar
Moonen
Mostert
Muis
Mulder
Muller
Naesen
Naessens
Nagel
Nauta
Neefs
Nelis
Nelissen
Nieman
Nienhuis
Nieuwenhuis
Nieuwenhuizen
Nieuwenhuyzen
Nieuwland
Nijboer
Nijdam
Nijenhuis
Nijhof
Nijhuis
Nijland
Nijman
Nijs
Nijssen
Noe
Noorlander
Noort
Noteboom
Oerlemans
Olthuis
Oomen
Ooms
Oort
Oosterhuis
Oosting
Oostrom
Otten
Ouderland
Ouwehand
Overmars
Paas
Pauw
Peeters
Persijn
Peters
Peutz
Philipps
Philips
Phipps
Pieters
Pieterse
Pietersen
Pijl
Pijpers
Planckaert
Poelman
Poelmans
Poels
Polman
Pool
Poort
Poortvliet
Post
Posthuma
Posthumus
Prins
Prinsen Geerligs
Pronk
Provoost
Punt
Quist
Raaijmakers
Rademaker
Raes
Ras
Reekers
Reijnders
Reinders
Rens
Reus
Reybrouck
Reynders
Reynst
Rietveld
Rigters
Rijkens
Rijnders
Rijsbrack
Robbe
Robben
Rodenburg
Roelandts
Roelofs
Roelofsen
Roels
Roelvink
Roest
Rojer
Rombouts
Romeyn
Rood
Rooijakkers
Roos
Roosen
Roosenburg
Roskam
Rozeboom
Rozendaal
Rubens
Ruijs
Ruiter
Rutgers
Rutte
Rutten
Ruysch
Sanders
Schaap
Scheepers
Scheffer
Schellekens
Schelling
Schenk
Schepers
Scheppers
Schilder
Schimmel
Schimmelpenninck
Schipper
Schippers
Schoemaker
Schoenmaker
Scholte
Schoonmaker
Schouten
Schreuder
Schreurs
Schrijver
Schuller
Schut
Schutte
Schuurman
Schuurs
Schuyler
Segers
Seghers
Sels
Seyffardt
Siemons
Simons
Sinnaeve
Slager
Slauerhoff
Slingerland
Sluiter
Smeets
Smet
Smets
Smit
Smits
Smulders
Sneekes
Sneijder
Snel
Snellen
Snijders
Snoek
Snyder
Somers
Spee
Speelman
Spiegel
Spiering
Spijkers
Spruyt
Staal
Stam
Stassen
Steenacker
Steenbergen
Steenberghe
Stegeman
Stellingwerf
Stenvers
Sterk
Steur
Stevens
Stoffels
Stolk
Stoop
Storms
Strick
Strijbos
Strijk
Strik
Stroop
Struycken
Sutphin
Swanenburg
Swart
Swerts
Swinkels
Teerlink
Teeuwen
Tellegen
Ten Berge
Ten Boom
Ten Brink
Ten Cate
Ten Doesschate
Ten Eyck
Ten Heuvel
Ten Kate
Teniers
Ter Horst
Terpstra
Terwilliger
Teunissen
Theeuwes
Theil
Theunissen
Thielen
Thijs
Thijssen
Thomassen
Thys
Tielemans
Tigelaar
Timman
Timmer
Timmerman
Timmermans
Tinbergen
Tol
Top
Traets
Tromp
Troost
Uden
Uhlenbeck
Uittenbogaard
Ursel
Vaessen
Valentijn
Valk
Valkenburg
Van 't Hek
Van 't Hof
Van Aalten
Van Aanholt
Van Acker
Van Aelst
Van Aken
Van Alphen
Van Andel
Van Antwerpen
Van Arkel
Van As
Van Asperen
Van Assche
Van Baalen
Van Barneveld
Van Beek
Van Beest
Van Bekkum
Van Belleghem
Van Beneden
Van Benthem
Van Bergen
Van Berkel
Van Berlo
Van Beuningen
Van Beuren
Van Boetzelaer
Van Bommel
Van Breda
Van Bree
Van Bruggen
Van Buitenen
Van Buren
Van Buuren
Van Camp
Van Ceulen
Van Cutsem
Van Daele
Van Dalen
Van Dam
Van Damme
Van de Graaf
Van de Kamp
Van de Sande
Van de Stadt
Van de Velde
Van de Ven
Van de Vijver
Van de Walle
Van de Water
Van de Werve
Van de Wetering
Van de Wiele
Van den Abeele
Van den Akker
Van den Berg
Van den Bergh
Van Den Berghe
Van den Boogaard
Van den Bos
Van den Bosch
Van den Bossche
Van den Brink
Van den Broeck
Van den Broek
Van den Goorbergh
Van den Herik
Van den Heuvel
Van den Hoek
Van Den Spiegel
Van der Aa
Van der Beek
Van der Bijl
Van der Brugghen
Van der Burg
Van der Does
Van der Duim
Van der Elst
Van der Ende
Van der Gaag
Van der Geest
Van der Giessen
Van der Graaf
Van der Haar
Van der Hagen
Van der Ham
Van der Heck
Van der Heide
Van der Heijden
Van der Hoeven
Van der Hoorn
Van der Horst
Van der Hulst
Van der Kemp
Van der Knaap
Van der Kolk
Van der Kooy
Van der Laan
Van der Lans
Van der Lee
Van der Linde
Van der Linden
Van der Made
Van der Meer
Van der Meijden
Van der Merwe
Van der Meulen
Van der Molen
Van der Noot
Van der Plas
Van der Ploeg
Van der Poel
Van der Pol
Van der Sluijs
Van der Steen
Van der Stel
Van der Straeten
Van der Vaart
Van der Valk
Van der Veen
Van der Veer
Van der Vegt
Van der Velde
Van der Velden
Van der Vinne
Van der Vliet
Van der Vlugt
Van der Voort
Van der Vorst
Van der Wal
Van der Want
Van der Watt
Van der Weele
Van der Weide
Van der Weijden
Van der Werff
Van der Westhuizen
Van der Wiel
Van der Woude
Van der Zande
Van der Zee
Van Deventer
Van Dijck
Van Dijk
Van Dongen
Van Dooren
Van Doorn
Van Doren
Van Dort
Van Driel
Van Duijn
Van Dyck
Van Dyne
Van Eck
Van Egmond
Van Eijk
Van Engelen
Van Erp
Van Es
Van Essen
Van Est
Van Etten
Van Eyck
Van Galen
Van Geel
Van Geen
Van Gelder
Van Gelderen
Van Gendt
Van Gent
Van Gestel
Van Gils
Van Ginkel
Van Gogh
Van Gool
Van Gulik
Van Gundy
Van Hall
Van Haren
Van Hasselt
Van Hecke
Van Hee
Van Heemstra
Van Hees
Van Heeswijk
Van Helden
Van Hemert
Van Heumen
Van Heusden
Van Hoof
Van Hoogstraten
Van Hoorn
Van Hooydonk
Van Horn
Van Horne
Van Hout
Van Houten
Van Houwelingen
Van Hove
Van Iersel
Van Ingen
Van Kampen
Van Kempen
Van Kessel
Van Kesteren
Van Keulen
Van Klaveren
Van Kooten
Van Landeghem
Van Leeuwen
van Leeuwenhoek
Van Lier
Van Lierop
Van Lieshout
Van Loan
Van Loo
Van Loon
Van Looy
Van Maanen
Van Manen
Van Meegeren
Van Mierlo
Van Moorsel
Van Mourik
Van Nes
Van Noort
Van Oldenbarnevelt
Van Ommen
Van Ooijen
Van Oort
Van Oosten
Van Oostrum
Van Opstal
Van Os
Van Pelt
Van Poppel
Van Praag
Van Putten
Van Reenen
Van Riel
Van Rijn
Van Rijswijk
Van Roekel
Van Rooy
Van Rooyen
Van Rossum
Van Royen
Van Ryckeghem
Van Santen
Van Schaik
Van Schendel
Van Schie
Van Schoor
Van Sciver
Van Slee
Van Slyke
Van Son
Van Staveren
Van Straaten
Van Straten
Van Til
Van Tilburg
Van Tol
Van Tongeren
Van Valkenburgh
Van Veen
Van Veldhoven
Van Velsen
Van Vliet
Van Vollenhoven
Van Voorst
Van Voorst tot Voorst
Van Vugt
Van Westerhout
Van Wijk
Van Wijngaarden
Van Wolfswinkel
Van Zandt
Van Zanten
Van Zeeland
Vandamme
Vandenbroucke
Vanderbilt
Vansittart
Vansteenkiste
Vedder
Veen
Veerman
Vegter
Veldhuis
Veldkamp
Veldman
Veltman
Veneman
Verbeeck
Verbeek
Verbeke
Verbruggen
Verburg
Verdonk
Verdoorn
Verhaegen
Verhaeghe
Verhagen
Verheijen
Verheul
Verheyen
Verhoef
Verhoeff
Verhoek
Verhoeven
Verhulst
Verkade
Verkerk
Verlinden
Vermeer
Vermeersch
Vermeij
Vermeiren
Vermeulen
Vermeyen
Verschoor
Verschueren
Verschuren
Verschuur
Versluis
Verstappen
Versteeg
Verstegen
Verstraete
Vervoort
Verweij
Vinck
Vingboons
Vink
Vis
Visscher
Visser
Vissers
Vogel
Vogelaar
Vogels
Vogelzang
Vollenhoven
Vonck
Vonk
Voogt
Voorhees
Voorhoeve
Voorn
Vos
Voskamp
Vossen
Vriend
Vrolijk
Wagenaar
Wagtmans
Walraven
Warmerdam
Wauters
Weijers
Wesseling
Wessels
Westerhof
Westerveld
Wever
Wiegers
Wiggers
Wijnants
Wijnen
Wijnkoop
Wildeboer
Wilhelmus
Willems
Willemse
Willemsen
Willink
Windels
Windt
Winegar
Winkel
Winsemius