Aake
Aapeli
Aapo
Aappo
Aarne
Aarni
Aarno
Aaro
Aaron
Aarre
Aatami
Aato
Aatos
Aatto
Aatu
Ahti
Ahto
Ahvo
Aimo
Aki
Akseli
Aku
Alarik
Albert
Ale
Aleksanteri
Aleksi
Aleksis
Alex
Alfred
Ali
Allan
Alpi
Alpo
Altti
Alvar
Alvari
Alvi
Andreas
Ano
Anselmi
Anssi
Antero
Anton
Antti
Antto
Antton
Anttoni
Arhippa
Arho
Ari
Armas
Arsi
Arto
Arttu
Arttur
Artturi
Arvi
Arvo
Asko
Aslak
Asmo
Asser
Asseri
Atro
Atso
Atte
August
Aukusti
Aulis
Auno
Auvo
Benjam
Benjamin
Daavid
Daniel
Edvard
Eeli
Eelis
Eemeli
Eemil
Eerik
Eerikki
Eero
Eetu
Eevert
Eevertti
Einari
Eino
Elia
Elias
Eliel
Eljas
Elmer
Elmeri
Elmo
Elo
Ensio
Erkki
Ernesti
Erno
Esa
Esaias
Esko
Gabriel
Gideon
Hannes
Hannu
Harri
Heikki
Heimo
Heino
Hemminki
Hemmo
Henri
Henrik
Henrikki
Herkko
Herman
Hermanni
Huugo
Iikka
Iiro
Iisak
Iisakki
Iivana
Iivari
Iivo
Ilari
Ilkka
Ilmari
Ilmo
Ilpo
Ilppo
Immanuel
Immo
Inari
Into
Isko
Ismael
Ismo
Isto
Jaakkima
Jaakko
Jaakoppi
Jalmar
Jalmari
Jalo
Jami
Jani
Janne
Jari
Jarkko
Jarmo
Jarno
Jasper
Jere
Jeremias
Jesse
Jimi
Joel
Johannes
Joni
Jonne
Joona
Joonas
Joonatan
Jooseppi
Jori
Jorma
Jouko
Jouni
Juha
Juhana
Juhani
Juho
Jukka
Julius
Jussi
Justus
Juuso
Jyri
Jyrki
Kaapo
Kaappo
Kaapro
Kaarle
Kaarlo
Kai
Kain
Kaino
Kalervo
Kaleva
Kalevi
Kalle
Kari
Karri
Kasperi
Kauko
Kauno
Keijo
Kimi
Kimmo
Klaus
Klemetti
Konsta
Kosti
Kristian
Kristo
Kuisma
Kullervo
Kustaa
Kusti
Kyösti
Lari
Lasse
Lassi
Lauri
Leevi
leksi
Lennart
Lenni
Leo
Luukas
Manne
Manu
Markku
Marko
Markus
Martti
Matias
Matteus
Matti
Mattias
Mauno
Maunu
Mauri
Miika
Miikka
Mika
Mikael
Mikko
Miko
Miska
Mooses
Natanael
Nestori
Niilo
Niklas
Niko
Nikolai
Nooa
Nuutti
Nyyrikki
Ohto
Oiva
Olavi
Oliver
Olli
Onni
Orvo
Oskari
Osmo
Ossi
Ossian
Otso
Otto
Paavali
Paavo
Päiviö
Panu
Pasi
Patrik
Paul
Pauli
Pekka
Pekko
Pellervo
Pentti
Pertti
Perttu
Petri
Petteri
Pietari
Pirkka
Pyry
Raimo
Raine
Raino
Raitis
Ralf
Rami
Rauli
Rauni
Rauno
Reijo
Reima
Reino
Riku
Risto
Roni
Roope
Ruuben
Sakari
Sakarias
Saku
Salomo
Salomon
Sami
Sampo
Sampsa
Samu
Samuel
Samuli
Santeri
Santtu
Sasu
Sauli
Seem
Seet
Seppo
Severi
Siimon
Simeoni
Simo
Soini
Sulevi
Sulo
Taavetti
Taavi
Taisto
Taito
Taneli
Tapani
Tapio
Tarmo
Tarvo
Tatu
Tauno
Teemu
Teijo
Tenho
Teppo
Terho
Tero
Teuvo
Tiitus
Timo
Toimi
Toivo
Tomi
Tommi
Toni
Topi
Topias
Torsti
Totti
Touko
Tuomas
Tuomo
Tuukka
Tuure
Ukko
Uljas
Untamo
Unto
Uolevi
Urho
Urmas
Urpo
Usko
Uuno
Väinämö
Vaino
Väinö
Valde
Valdemar
Valto
Valtter
Valtteri
Veeti
Veijo
Veikka
Veikko
Veli
Verneri
Vesa
Vieno
Vihtori
Vilhelm
Vilhelmi
Vilho
Vili
Viljam
Viljami
Viljo
Ville
Villiam
Vilppu
Voitto
Waltteri
Ylermi
Yrjänä
Yrjö