Acidaua_Acidava
Acidava_Acidava # Enoșești, Romania
Acidava_Sacidava
Acmonia_Acmonia # Between Marga and Zăvoi, Romania
Ad Mutriam_Amutria
Ad Mutrium_Amutria
Admutrium_Amutria
Aeadaba_Aiadava
Aedabe_Aedava
Aedadeba_Aedava
Aedava_Aedava # On the Danubian road between Augustae and Variana.
Aedeba_Aedava
Aedeva_Aedava
Aiadaba_Aiadava
Aiadava_Aiadava # Bela Palanka, Serbia
Aigis_Aiziz
Aigizidava_Aiziz
Aixim_Aiziz
Aixis_Aiziz
Aizis_Aizis # Fârliug, Romania
Aizizi_Aizis
Akmonia_Acmonia
Alzisis_Aiziz
Amutria_Amutria # Romania
Amutrion_Amutria
Apoulon_Apulon
Apula_Apulon
Apulon_Apulon # Piatra Craivii, Romania
Arcidaua_Argidava
Arcidava_Argidava
Arcina
Arcobadara_Arcobara # The previously identified name for Arcobara
Arcobara_Arcobara
Argedauon_Argidava
Argedava_Argedava
Argedava_Argidava
Argidava_Argidava
Arkobadara_Arcobara # Alternate name for Arcobadara
Azisis_Aiziz
Azizis_Aiziz
Bregedaba
Buricodava
Buridava_Buridava
Burridava_Buridava
Buteridava
Capidava_Capidava
Carsidava
Comidava_Cumidava
Cumidava_Cumidava
Dausdava
Desudaba
Docidava
Eumolpias_Pulpudeva
Genucla_Genucla # Ancient fortress of the getae, on the riverbank of the Danube or on an island on the river. Mentioned by Dio Cassius in his "Historia Romana", book 51 ch. 26
Genuklo_Genucla. Mentioned on the Sinaia lead plates
Germidava_Germidava
Gildoba_Gildova
Gildova_Gildova
Giridava
Itadava_Itadava
Itadeba_Itadeba
Jidava
Jidova
Kapidaua_Capidava
Klepidaua
Kuimedaba
Marcodava_Marcodava
Markodaua_Marcodava
Murideba
Napoca_Napoca
Napuca_Napoca
Netindaua
Patridaua_Patridava
Patridava_Patridava
Pelendava_Pelendava
Pelendova_Pelendava
Perburidava
Petrodava
Piroboridava
Pulpudeva_Pulpudeva
Quemedava # An ancient dacian city in Dardania, mentioned by Procopius
Racidiva_Recidava
Ramidava_Ramidava
Recidava_Recidava
Recidiva_Recidava
Rhamidaua_Ramidava
Rusidava
Sacidaba_Sacidava
Sacidava_Sacidava # A dacian town between Cedonia and Apulon
Sacidava_SacidavaMoesia # A dacian town in Moesia Inferior, today's Dunăreni, Constanța, Romania.
Sagadava_SacidavaMoesia # Alternate name for Sacidava (Moesia)
Sandava
Sargedauon_Argedava
Sargedauon_Argidava
Sargedava_Argedava
Sargedava_Argidava
Scaidava_Scaidava
Setidaua_Setidava
Setidava_Setidava
Singidaua_Sinvidava
Singidava_Singidava
Skedeba_Scaidava
Sucidava_Sucidava
Sukidaua_Sucidava
Susudava
Suvidava_Sucidava
Sykidaba
Tamasidaua_Tamasidava
Tamasidava_Tamasidava
Thermidaua_Thermidava
Thermidava_Thermidava # An ancient dacian town in Illyria, mentioned by Ptolemy, as an inland town of Dalmatia. It could be located near modern Scodra
Utidaua_Utidava
Utidava_Utidava
Zargedauon_Argedava
Zargedauon_Argidava
Zargedava_Argedava
Zargedava_Argidava
Zargidaua_Zargidava
Zargidava_Zargidava
Zikideva
Ziridaua_Ziridava
Ziridava_Ziridava
Zisnedeva_Zisnedeva
Zisnudeba
Zisnudeba_Zisnedeva
Zisnudeva_Zisnedeva
Zizis_Aiziz
Zucidaua
Zurobara # Dacian town in today's Banat, nu tje Timiș river, north of Sarmizegetusa Regia, and south of Ziridava. Attested by Ptolemy in "Geographia" (III; 8; 4)
Zusidava
