Abladanar
Abuzaman
Agadurad
Agazuladab
Ajnazed
Akatrosag
Aligazavul
Ardatakud
Avarigapog
Azalung
Azoberag
Azojal
Baratarkar
Bardakar
Bekarobag
Benkitar
Berzogaleg
Betagontek
Betokaridal
Bezakalur
Borgavatar
Brakanag
Bundabalad
Dahtagunar
Dangabadal
Derokinar
Drumadar
Dugabatar
Entegramad
Erdakelamun
Etregar
Etrokoridad
Ezgarthol
Felguldir
Ferkonikur
Foldurekar
Fordabal
Fusabatur
Fusatamorun
Galuminar
Gamasukar
Gatakodor
Gebalovul
Genakadorun
Grakonavul
Gulagan
Guldukar
Gurdagamad
Hesoiam
Hundikatag
Ikabadol
Includak
Iotkabar
Kabadonom
Kalamunzad
Kalmundar
Kamarad
Katargol
Ketorigal
Kezaduman
Kolnatak
Korvinselur
Krantanar
Kulabadur
Kuligagek
Kumtanar
Kundabar
Kuntafar
Lamanagal
Limugatur
Ludukar
Lugudond
Lurakazidar
Metagal
Monugatar
Morikal
Oganoribal
Ograjal
Orbakagar
Pogadak
Ragdamas
Rakamonak
Redekun
Redunogad
Repegardak
Rundabatar
Samatakar
Starigitar
Sutrukar
Takadom
Takatar
Tigarodek
Tregadab
Trikadol
Trimikad
Trogamorijal
Tulagabaz
Ulazaribar
Urdanekal
Uzumimv
Valukezad
Volgakadar
Vurdekal
Zagatodal
Zemilejal
Zoldogalad
Zolomar