Abhazya
Abidos
Acrocoranto
Adakale
Adal
Adapazari
Ad Dammam
Ádelcewz
Adirnas
Adramytteion
Adrasan
Adriyatik Denizi
Afganistan
Afrika
Afrodisias
Afşin
Afyon
Afyonkarahisar
Ägina
Ağlasun
Agri Dagi
Aharnes
Ahaya
Ahılkelek
Ahıska
Ahlat
Ahmetler
Ahmim
Ahtamar Kilisesi
Ahtenbolu
Ahtubinsk
Ahvaz
Ahyolu
Aigion
Ain Zarba
Aiolis
Akadlar
Akçaalan
Akcadağ
Akçahisar
Akçakaya
Akdamar
Akdeniz
Ak Hisar
Akhisar-i Geviye
Ak Hun İmparatorluğu
Akitanya
Akkerman
Akmescit
Ak Orda
Ak Ova
Akra
Aksaray
Ak Saray
Akşehir
Ak Şehir
Aktabya
Aktöbe
Alaga Hisar
Ala Göl
Ala'iye
Alaiye
Alanya
Ala Şehir
Alasonya
Alaşya
Alatır
Albak
Alexa
Alkon Hunları
Alma-Dag
Alman Amerikan Birliği
Almanya
Almatı
Alpler
Alpuente
Alsas
Alsas-Loren
Alt Galatya
Altınkaya
Altın Orda
Aluşta
Amadiye
Amasra
Amasya
A-mdo
Amfipolis
Amfisa
‘Ãmudah
Amúriye
Anadolu
Anamur
Anavarza
Andhra Pradeş
Andican
Andire
Anı
Anje
Ankara
Antakiya
Antakya
Antalya
Antigua ve Barbuda
Anvers
Anzoategui
Apolyont
Arabistan
Arabistan Çölü
Arabsun
Arak Manastiri
Arapgir
Arapkir
Ardahan
Ardanuç
Ardebil
Argoz
Arguvan
Arnavutluk
Arslanbap
Arsuz
Artana
Artsah
Artsız
Artvin
Arvanid
Arzava
Aşağı Avusturya
Aşağı Kaliforniya
Aşağı Mısır
Aşağı Silezya
Asbasén
Aşdod
Aşkabat
Aşkaniler
Aşkelon
Aslan Liman
Aslar
Assuva
Astakos
Aştarak
Astipalaia
Astrahan
Asturies
Asur
Asurlular
Asurya
Asvan
Asya
Ataná
Atina
Atırav
Atlas Dağları
Atlas Okyanusu
Attika
Attu Adası
Auschwitz
Avanos
Avlonya
Avrupa
Avustralya
Avustralya Başkent Bölgesi
Avusturya
Ay
Ayasofya
Ayasus
Aydin
Aydintepe
Aydın
Aydıncıḳ
Aydonat
Aydos
Aynaroz
Ayntab
Ayvansaray
Azak
Azerbaycan
Azorlar
Babadavud
Babaeski
Babil
Baç
Baf
Bafra
Bağdat
Bage
Bagirmi
Bahamalar
Bahçesaray
Baherz
Bahreyn
Baka
Bakras
Baktriya
Bakü
Bakuba
Balahna
Balaşov
Balçik
Balear Denizi
Balikasri
Baliklava
Balıkesir
Balıklava
Balıkuyumcu
Balkan Federasyonu
Balkaş
Ballıhisar
Baltık Denizi
Baltoskandiya
Balyabadra
Bandirma
Bangladeş
Banya Luka
Bar
Baranovichi
Bardsir
Barish
Barış
Barköl
Barla
Barselona
Barsgan
Bartinit
Bartın
Basboluk
Başkurdistan
Baspinar
Bašqurdlär
Batı Avustralya
Batı Azerbaycan
Batı Bengal
Batı Ermenistan
Batı Galatya
Batı Makedonya
Batı Midlands
Batı Norveç
Batum
Bavyera
Bayburt
Baykonur
Bebris Kalesi
Beç
Beçe
Bedahşan
Beerşeba
Beg Pazari
Beg Şehir
Beğsöğüdü
Behmeni
Béjaia
Bejetsk
Bekeş-Çaba
Bektaşilik
Belçika
Belencer
Belenözü
Belgrad
Belgradčik
Belgrad-i Arnavud
Belgrad-i Erdel
Belgradı
Belmopán
Belogradçik
Belucistan
Bempur
Bender
Bender Hemir
Benelüks
Beni Süveyf
Berat
Berdesken
Berdiçev
Bergama
Bergiri
Berha
Berre
Besarabya
Beşkilise
Beyazit
Beyaz Kule
Beyaz Rusya
Beykoz
Beylegan
Beyözü
Beypazari
Beypazarı
Beyrut
Beysehir
Beyşehir
Beyt Lahya
Beytüllahim
Bezanson
Biala Podlaska
Biblos
Biga
Bigadiç
Biğrecik
Bijapur
Bile
Bilecik
Bilohirsk
Bingazi
Bingöl
Bircend
Birecik
Birgi
Birleşik Arap Emirlikleri
Birobican
Birzebbuga
Bisütun
Bitinya
Bitlis
Bitom
Bizâh
Bizans Papalığı
Blagay
Blagoveşçensk
Bobruysk
Bodrum
Boeotia
Boğazkale
Boğazköy
Boğazlıyan
Bogdan Prensligi
Boguçar
Bohemya
Bolhov
Bólí
Bolivya
Bolohovo
Bolonya
Bolu
Bolukendire
Bol Ulug
Bolus
Bolvadin
Böotya
Bordö
Borisov
Borlí
Börö
Boroviçi
Bostandere
Botsvana
Bozcaada
Boze
Bozen
Bozkir
Bozok
Braniçevo
Bretonya
Brezilya
Britanik Raj
Britanya
Britanya Hondurası
Britanya Kolumbiyası
Britanya Somalisi
Brodi
Brüksel
Bsikra
Bucak
Budapeşte
Budin
Buduva
Bufavento
Bügülme
Buhara
Buheyre
Bukabak
Bukarak
Bukellarion
Bukovina
Bükreş
Bulagay
Buleyde
Bulgar
Bulgaristan
Bulgarlar
Bunarhisar
Burdur
Burgaz
Burgonya
Bursa
Burtas
Burucerd
Buryatya
Buşehr
Butaş
Butrint
Buyr Gölü
Büyükdoğan
Büyük Eflak
Büyük Londra
Büyük Macaristan Ovası
Büyük Nefes
Büyük Polonya
Büyük Tuz Gölü
Byzantion
Caber Hisar
Çad
Cagliari Körfezi
Çakırhüyük
Campos dos Goitacazes
Çanad
Çanakkale
Çandarlı
Candere
Çankırı
Canköy
Çanli Kilise
Çärdän
Çariçin
Çarseda
Çaryovokokşaysk
Catalca
Cava
Cavaheti
Cavdarhisar
Çavdarhisar
Çavuşköy
Çayağzı
Cebel-i Şemmer
Cebelitarık
Cehennem Melekleri
Çekya
Celalabad
Çelebi Pazar
Celigra
Celile
Çelyabinsk
Çemisgezek
Cenevre
Cenova
Çenstohova
Cerablus
Ceraş
Cerenbulak Bucağı
Çerepovets
Cerha
Çerkassi
Cermük
Çernivtsi
Çernobil
Cernovi
Çernyahovsk
Çeşme
Çetine
Cezayir
Cezayir Çölü
Chuyel
Cibuti
Cidde
Cide
Çifit
Çimkent
Cimpe
Çin
Cinderes
Çinggil
Çinghay
Çirpan
Ciruft
Çitagong
Citroz
Çivril
Cizre
Çobanoğullar
Çölemerik
Çongçing
Coqen
Corlu
Çorum
Çörvoda
Cuba
Cücenler
Çudovo
Çuha
Çuhloma
Cuhúd
Cündişapur
Çungarya
Çusovaya
Çuvaşistan
Daçya
Dadya
Dağ
Dağıstan
Dağlık Karabağ
Dai Viet
Dakuk
Dalayman
Dalmaçya
Danimarka
Darbi Sak Kalesi
Darende
Darhan
Darüsselam
Daşoğuz
Datça
Davut Kulesi
Dawin
Debre
Değirmenlik
Değirmenyolu
Dehra Dun
Deleleşköy
Delfi
Demircilik
Demirhisar
Demir Kapi
Demre
Dengqen
Denia
Denizli
Deşt-i Kıpçak
Deve
Deylem
Deyrizor
Dicle
Digor
Dikson Adası
Dimetoka
Dimitrofça
Dinar
Divrigi
Divriği
Diyarbakır
Diyar-i Bekr
Dıraç
Dobriç
Dobruca
Dobruja
Dogansehir
Doğu Anadolu
Doğu Norveç
Doğu Rumeli
Doğu Trakya
Dolishane
Dolni Dıbnik
Dömeke
Dorogobuj
Drohobıç
Duhovşçina
Dülük
Dumet-ül Cendel
Dunganistan
Dursunbey
Düzce
Edirne
Edremit
Efes
Eflak
Efrasiyab
Egan
Ege
Ege Adaları
Ege Denizi
Egirdir
Egoistler Birliği
Eğri
Egriboz
Eğriboz
Egridir
Eksamil
Ekstremadura
Ekvador
Ekvator Ginesi
El Aris
Elâzığ
Elbistan
El Bitra
Elefsis
Eleskirt
Elfaşir
El Halil
El Huber
El Kâf
Elki
Elvan Çelebi
El Vecih
Endonezya
Endülüs
Enez
Engili Kasri
Engürü
Epemiye
Epir
Ercis
Erciş
Erdebil
Erdehstan
Erdek
Erdel
Erdel Belgradı
Ereğli
Erel'
Ergani
Ergili
Ergiri
Eriha
Eritre
Erivan
Ermenek
Ermenistan
Ermiye
Erse
Erzen
Erzen er-Rúm
Erzincan
Erzurum
Erzya
Esen
Esferlik
Eskifoça
Eski Hisar
Eski Kale
Eskişehir
Eski Şehir
Eski Stambul
Eski Zağra
Es-Sanemeyn
Estergon
Estonya
Etiyopya
Etrebolu
Etrürya
Eyinegöl
Falkland Adaları
Faroe Adaları
Fas
Faselis
Fatsa
Fedailer
Fehrec
Feke
Fenek Hisar
Fener
Fenike
Fergana
Fes
Festos
Fethiye
Fiaki
Fikel
Filakovo
Fildişi Sahili
Filek
Filibe
Filibecik
Filipin Denizi
Filipinler
Filippi
Filistin
Filyos
Finlandiya
Fırat
Flandre
Floransa
Foça
Fokşan
Foynitsa
Frankonya
Fransa
Frigya
Gabes
Gaçka
Gagavuzya
Galatya
Galiçya
Galler
Galler Prensi Boğazı
Galya
Gambiya
Gana
Garcistan
Gassaniler
Gatçina
Gazimağusa
Gazze
Geben
Geçitli
Gediz
Gekivize
Gelembe
Gelemis
Gelibolu
Gemerek
Gemleyik
Gence
Gent
Gerebena
Gerede
Geredei Bolí
Gerze
Gevas
Gevgeli
Geviye
Geyre
Ghorgos
Gilan
Gila Nehri
Gilisre
Gine-Bissau
Giresun
Girit
Girne
Gize
Gjopsa
Gökçeada
Göksun
Göksün
Göl
Gölbasi
Göle
Gölhisar
Golos
Gömbe
Goncali
Gönen
Gorajde
Gördes
Gordiyon
Görece
Görele
Görice
Gorohovets
Gortinya
Gözleve
Graçaniça
Gradişka
Grönland
Grozni
Gucerat
Gulam
Gulamuç
Gülek
Gülistan
Gülpaygan
Gül Sehri
Gumal Geçidi
Gümrü
Gümülcine
Gümüşhane
Güneş Şövalyeleri
Güney
Güney Afrika
Güney Avustralya
Güney Batı İngiltere
Güney Bohemya
Güney Bulgaristan
Güney Chahar
Güney Dakota
Güney Kaliforniya
Güney Karolina
Güney Kore
Gürcistan
Gürgan
Gurgusofça
Gürün
Gurzuf
Güvercinlik
Güzel Hisar
Gyumai
Habesistan
Hacıoğlu Pazarcık
Haçmaz
Hadisa
Hadramut
Haho
Hakasya
Hakkâri
Halandri
Halep
Halkidiki
Halkidikya
Hamar-Daban
Hamedan
Hana
Hankendi
Hantı-Mansiysk
Hanya
Han Yunus
Haraba
Harc
Harezm
Harmanlar
Harpas
Harput
Harran
Harrān
Hartum
Haruniye
Hasangazi
Hasankale
Hasankeyf
Hasanriz
Hasat
Haşhaşîler
Hasköy
Hayber
Haydarabad
Hayfa
Haymana
Haymanateyn
Hayrabolu
Hazarstan
Hazreti Süleyman Camii
Hekimhan
Hemshin
Hengduan Dağları
Hereke
Heroneya
Hersek
Herson
Heştgerd
Hicaz
Hilin
Hindistan
Hinis
Hiroşima
Hisn-i Mansur
Hispanyola
Hıms
Hırsova
Hırvatistan
Hmelnitski
Hocabey
Hollanda
Holomuç
Honaz
Hoover Barajı
Horasan
Horzum
Hospitalier Şövalyeleri
Hotin
Hövsgöl
Hucend
Humus
Hun İmparatorluğu
Hürmüz
Hürremabad
Hürremşehr
Huşengabad
Huzistan
İbadan
İbiza
Ibraila
İç Hebridler
İdil
İdil-Ural
Igdir
Iguazú Şelalesi
Igumeniça
Ihtiman
İjevsk
İkarya
Ilbasan
Ilbav
Ildırı
Ilgin
Ilgın
İlirya
Ilıca
İmamiye Şiası
İmereti
İmroz
Inebahti
İnebolu
İngiltere
İngiltere ve Galler
İngriya
İnnsbruck
Ipek
Ipsala
İran
İrbid
İrkutsk
İrlanda
İrlanda Denizi
Iscehisar
İsfahan
İshakçı
İsin
İskandinavya
Iskeçe
Iskele
İskenderiye
İskenderun
Iskilip
İskiri
İskitya
İskoçya
Iskodra
İslimiye
Islimye
Ismailiye
İșmasıl
İspanya
Isparta
İspir
İsrail
İssos
İstahr
İstanbul
Istanimaka
İstanköy
İstendil
Isterpçe
Istifan
Istife
Istip
İstirya
Istolça
Ístolni Belgrad
İsveç
Italya
İtalya
İvangorod
İvaniçe
İvano-Frankivsk
İvanovo
Iverönü
Ivrace
İvranye
İyonya
İyonya Adaları
İyonya Denizi
Izdin
İze
İzedhast
İzlanda
Izmīr
İzmir
İzmit
İznik
Iznikmid
Izveçen
Jamaika
Jekabpils
Jenne
Jitomir
Jomsvikingler
Jur Hisszarit
Kabardino-Balkarya
Kâbil
Kâbilistan
Kadiköy
Kafan
Kafkasya
Kafkasya İmamlığı
Kaghzvan
Kagizman
Kaheti
Kahire
Kahokya
Káhta
Kaksha
Kaksha-Jük
Kalabaka
Kalaça
Kalamatya
Kalambaka
Kalas
Kalavrita
Kale
Kale-i Sultaniye
Kaliforniya
Kalincar
Kalkandelen
Kalküta
Kalmukya
Kalonya
Kaloşvar
Kamaniçe
Kamboçya
Kamçatka
Kamerun
Kamışin
Kamışlov
Kanada
Kandehar
Kandira
Kandiye
Kangal
Kanije
Kapadokya
Kapıkırı
Kapoşvar
Kap Şehri
Karaağaç Limanı
Karabaş
Karabiga
Karaboğaz
Kara Boğaz Göl
Kara Bunar
Karacaova
Karaçev
Karadag
Karadağ
Karadeniz
Kara Deñiz
Karadeniz Ereğli
Karaferye
Karahamzılı
Karahisar-i Nalli
Karahisar-i Sahib
Karahisar-i Sahip
Karahoço
Karahüyük
Karakalpakistan
Kara-Kirman
Karakol
Karaköy
Karakurum
Karaman
Karamürsel
Karansebeş
Karaşehir
Karasi
Karasubazar
Karataş
Karatyak
Kareller
Karelya
Karintiya
Karkamış
Karkar
Karmalas
Karol
Karpatlaria
Karpaz
Karşi
Karşı
Kartaca
Kartal
Karya
Kaşgar
Kasimiye Camii
Kasrü'l-hayri'l-garbî
Kastamoni
Kastamonu
Kastilya
Katalan Bölüğü
Katalonya
Katanya
Katar
Kattara
Kayilar
Kayravan
Kayseriye
Kayserya
Kazablanka
Kazvin
Kefalonya
Kefe
Kelt Denizi
Kemah
Kemaliye
Kemer
Kengaver
Kerbela
Kerç
Kerder
Kerkenes Dağ
Kerkük
Kerpe
Keş
Kesendire
Keşmir
Kesriye
Keteriz
Ketta
Kharakene
Khopër
Kiklad
Kilifar
Kilikya
Kilis
Kilise Hisar
Kilya
Kineşma
Kinşasa
Kircaali
Kirene
Kirişi
Kirkagac
Kirman
Kirmanşah
Kisamu
Kişinev
Kiyev
Kizil Hisar
Kıbrıs
Kılkış
Kıpçak
Kırcaali
Kırçova
Kırgızistan
Kırıkkale
Kırım
Kırklar Kilisesi
Kırşehir
Kır Şehir
Kıyakdede
Kıyıkışlacık
Kızıldeniz
Kızılırmak
Kızıl-Su
Kızkalesi
Kladova
Klarceti
Klisura
Kobadin
Kocacik
Koca-eli
Kocalak
Koçhisar
Kögmen
Kökes
Kolhis
Kolıma
Kolombiya
Kolomıya
Kolumbiya Nehri
Kommagene
Konakri
Kongo
Koniçe
Konstantin
Konuralp
Konya
Kopenhag
Köpri
Köprülü
Kore
Korfu
Körfuz
Korhoga
Korint
Kormyš
Koron
Korsika
Korsika ve Sardunya
Koryajma
Kosova
Kostantiniye
Kostantiniyye
Kosta Rika
Köstence
Köstendil
Kotur
Kournas Gölü
Koyulhisar
Koyul Hisar
Koyunlu Hisar
Kozan
Kraguyevaç
Krakov
Kranon
Krasnokokshaysk
Kremençug
Kruşevca
Krusova
Küba
Kuçeva
Küçük Ermenistan
Küçük Polonya
Küçük Sunda Adaları
Kudüs
Kufe
Kuhbenan
Kule
Kumanat
Kummuhu
Kürdistan
Kurlandiya
Kuş
Kuşaklı Hüyük
Kuşara
Kuš Hisar
Kuşinagar
Kuşkalesi
Kütahya
Kutsal Roma İmparatorluğu
Kuveyt
Kuzey-Batı İngiltere
Kuzeybatı Toprakları
Kuzey Dakota
Kuzey Denizi
Kuzey İrlanda
Kuzey İskoçya
Kuzey Kanada
Kuzey Karolina
Kuzey Kıbrıs
Kuzey Kore
Kuzey Macaristan
Kuzey Makedonya
Kuzey Norveç
Kuzey Toprakları
Kuzey Veziristan
Labırya
Labıtnangi
Lādhiḳ Sūkhta
Lâdik
Lagodehi
Lahey
Lahic
Lahican
Lahor
Lahsa
Lakonia
Langaza
Laodikya
Laponya
Lapseki
Lapta
Larisa
Larnaka
Latilpur
Latin İmparatorluğu
Lausitz
Lazarethane
Lazkiye
Lefke
Lefkoşa
Lehistan
Leninabad
Les
Letonya
Levanten Denizi
Leymosun
Lezgistan
Liaotung
Libertatya
Liberya
Libya Çölü
Libya Denizi
Lidya
Ligurya
Ligurya Denizi
Lihtenştayn
Likaonya
Likya
Limira
Limni
Limonlu
Lindoz
Lipva
Litvanya
Livadya
Livonya
Livonyalı Kılıç Kardeşleri
Lizbon
Lofça
Logosh
Lombard Birliği
Lombardiya
Londra
Lozan
Lübnan
Lubni
Lukanya
Lüksemburg
Lüleburgaz
Luristan
Lut Çölü
Macaristan
Macellan Boğazı
Maçka
Maçova
Maçva
Madenli
Madensehri
Magnisa
Mağusa
Mahaçkale
Maharaştra
Maisur
Makao
Makedonya
Maladzyechna
Malatya
Malazgird
Maldivler
Maleşova
Malezya
Malmash
Malmıj
Mama Hatun
Manastir
Manavgat
Mangistav
Mani Dini
Mankalya
Manş Adaları
Mantova
Marakeş
Maramureş
Maras
Maraton
Margilon
Marmara
Maronya
Marsilya
Maskat
Massava
Maveraünnehir
Maydos
Mayo
Mayorka
Mazenderan
Mazgirt
Mazovya
Mazurya
McMurdo Boğazı
Mecidiye
Medenin
Medine
Megrelya
Mehadiye
Meket
Mekke
Mekran
Meksika
Melegöbi
Melendiz
Menderes
Menekse
Menemen
Menlik
Menteše
Meriç
Merkez Sırbistan
Mersin
Messinia
Meyafarikín
Meyafarikîn
Mezistire
Mezopotamya
Miçova
Midilli
Midye
Mihaliç
Mihaylovka
Miken
Mikonos
Milas
Milet
Minare Çiflik
Mingeçevir
Minzele
Miri
Misis
Misivri
Miskofça
Misurata
Misya
Mıkolayiv
Mırseyid
Mısır
Modonic
Mogadişu
Mogilyov
Moğol İmparatorluğu
Moğolistan
Mohaç
Mojaysk
Molivo
Monako
Mondros
Monferrato
Morá
Moravya
Mora Yarımadası
Mora Yenişehir
Mordovya
Moritanya
Moskova
Mozambik
Mtsheta
Mudurnu
Mukaçeve
Mukshi
Mukurra
Müküs
Münbiç
Münih
Muntenya
Murtana
Mus
Muş
Musalim Hisar
Muşalım Kalesi
Musul
Mut
Muturnu
Myrmidonlar
Nabil
Nağara
Nagarze
Nagazaki
Nahçıvan
Nakşa
Namrun
Namsā
Narda
Nareg Manastırı
Narlïkale
Nasıra
Nea Moni
Necef
Necid
Nenizi
Nerehta
Neustrasya
Nevesin
Nevrâkop
Nezak Hunları
Nieuve Cumhuriyeti
Nif
Nigbolu
Niğde
Nijer
Nijerya
Nikaragua
Nikomedia
Niksar
Nil Deltası
Ninova
Nişabur
Noqrat
Normandiya
Norveç
Novorjev
Novozıbkov
Nuakşot
Nubiya
Nurhak
Nusaybin
Nyasvij
Obran Osh
Obuk
Oderbos
Of
Offaly
Oğuzya
Ohri
Olendirek
Olimpiya
Olimpos
Oltenya
Oltu
Ölümsüzler
Ömürlü
Oniki Ada
Ordu
Ordu Baliq
Ordukänd
Orhangazi
Orhanie
Orhomenos
Orsova
Orta Afrika Cumhuriyeti
Orta Atlantik Sırtı
Ortaköy
Ortakuyu
Orta Macaristan
Orta Makedonya
Orta Yunanistan
Ösek
Ösk Vank
Osmancık
Osmaniye
Osmanlı İmparatorluğu
Osmanlı Türkleri
Ötügen
Oura
Özi
Öziçe
Padanya
Padova
Paflagonya
Paksa
Pamfilya
Pançova
Pankalya
Papalık Devleti
Papazli
Papyrius
Paşalimanı
Patagonya
Patiskum
Patra
Patracik
Payonya
Pazarköy
Peçenekler
Peçenga
Peçora
Peçorı
Peçuy
Pekin
Pelagonya
Pencap
Pencikent
Pensilvanya
Pereslavl-Zalesski
Pereyaslavl-Ryazanski
Pers
Perustiçe
Peşaver
Peşte
Peştunistan
Petervaradin
Petriç
Pilsovar
Pinarbaši
Pire
Pireneler
Pirepolye
Pirezin
Pirlepe
Pisidya
Pisiköy
Piyemonte
Pıtalovo
Platamona
Plevne
Plock
Podgoriçe
Podolya
Podporojye
Poduyeva
Pojega
Pokça
Poldohter
Polesiye
Polinezya
Polyoroz
Pomeranya
Portekiz
Porto Riko
Pozanti
Pozantı
Prag
Pravadi
Pravadı
Preveze
Prezhevalsk
Prien
Pristine
Priştine
Progress İstasyonu
Prusya
Pugaçyov
Puglia
Puglia ve Calabria
Pürzeyn
Qárs
Qostanaı
Quz-Ulush
Racasthan
Rahiv
Rahova
Rakka
Ramhürmüz
Ramla
Raşka
Ratsibuj
Refah
Refahiye
Remnik
Ren
Renanya
Resid
Resmo
Resne
Resulayn
Revandiz
Rezekne
Riyad
Rize
Rıbinsk
Rılsk
Rodezya
Rodop
Rodos
Rodoscuk
Rodosçuk
Roma
Roma İmparatorluğu
Romanya
Rtişçevo
Ruanda
Rubus
Rum
Rúm
Rumeli-i Şarkî
Rumkale
Rus Kasri
Rusya
Rusya İmparatorluğu
Ryazan
Şabankara
Sadak
Şadrinsk
Safakes
Safranbolu
Sağrak
Sahar
Sahra
Şahrıza
Saimbeyli
Sakarya
Sakız
Saksonya
Saksonya-Anhalt
Salankamen
Salanta
Salehard
Salhad
Saline
Şam
Samava
Samiran
Samnitler
Samogitya
Samsun
Samşvilde
Sanci
Şanlıurfa
Şansi
Santoron
Saratau
Saravak
Saraybosna
Sardarapat
Sardinya
Sardinya-Piemonte
Sardunya Denizi
Sariseki
Sarıhüyük
Sarkisla
Şarkışla
Sart
Sartmahmut
Şatili
Savranda
Saydá
Şayzar
Šebin Kara Hisar
Şebinkarahisar
Şebister
Segedin
Sehirköy
Şehr Babek
Šehr-i Zor
Şehrizor
Sekelistan
Selânik
Selef
Selendi
Selinti
Semadirek
Semendire
Semerkant
Semi Pazar
Semizkänd
Sengevi
Seniçe
Şenkursk
Septe
Serahs
Serez
Serfiçe
Serir
Serpuhov
Servistan
Sesprotya
Seul
Sevakin
Seydi Şehir
Seyidbeyli
Seyşeller
Seyyid Gazi
Shalta
Sharkil
Şibenik
Sibirya
Siblia
Sicilya
Siçuan
Sidi Belabbas
Sidney
Siğnaği
Si'irt
Şikago
Şile
Silezya
Şili
Silifke
Silistre
Silivri
Simav
Simnan
Šimšat
Sina
Sincar
Singapur
Sinob
Sirakavan
Siraküza
Siran
Sircan
Sire
Sirem
Siri
Şirvan
Sisam
Sitya
Sivas
Sivaslı
Siverek
Sivri Hisar
Siyon
Sizebolu
Sıçyovka
Sıktıvkar
Sırbistan
Sızran
Slavonya
Slovakya
Slovenya
Sofya
Sögüt
Söğüt
Sohum
Sokotra
Soligaliç
Solomon Adaları
Sölöz
Solvıçegodsk
Sonbor
Sorsovus
Souverek
Sovyetsk
Şravanabelagola
Srebrenitsa
Stalingrad
Stamboluk
Ştırpçe
Stokolm
Strathclyde
Strazburg
Sudak
Südet
Šugr'
Sühreverd
Suibu
Sukna
Sukotay
Süleimanli
Süleymanli
Sultan Hisar
Sultaniye
Sülümenli
Sulusaray
Sumena
Sümerler
Sumi
Sunda Adaları
Sünik
Şupaşkar
Şupria
Surinam
Suriye
Suriye Çölü
Suruç
Şurupak
Susanoglu
Şuşter
Suudi Arabistan
Suvar
Süveydiye
Süveyş
Süzebolu
Svabya
Syunik
Taberistan
Tacikistan
Tagant
Tahran
Tahtalı
Taifalliye
Talas
Tanca
Tanganika
Tanır
Tanukhidler
Tao-Klarceti
Tapançeng
Tapınak Şövalyeleri
Tarhuntaşa
Tarsiye
Tartarya
Tashkänd
Taşkent
Taşköprü
Tasmanya
Tasöz
Taşoz
Tataristan
Tatavin
Tavas
Tayvan
Teb
Tebriz
Tebük
Tekfur Ova
Tekirdağ
Tekmen
Teksas
Telafer
Tell-Ermen
Temeşvar
Temiskira
Terme Çayi
Termeh
Termiye
Terudent
Terzili
Tesalya
Tetuan
Teyma
Tibaze
Tiberya
Tientsin
Tiflis
Tigranagird
Tigranakert
Tihâme
Tihvin
Tilbesar
Tilbeşar
Tilimsan
Timan Sırtı
Timiş
Timur İmparatorluğu
Timurlu Hanedanı
Tíra
Tiran
Tireboli
Tiren Denizi
Tirhala
Tirol
Tiyaret
Tırhala
Tırnova
Tofa Eli
Togdeyr
Tokat
Tokmar
Tolchu
Tomarza
Topkapi
Töp Sirt
Toraman
Torjok
Tortum
Toskana
Tosya
Töton Şövalyeleri
Tozanli
Trablus
Trabzon
Trabzun
Trakay
Trakya
Trakya Denizi
Trakyalılar
Transbaykal
Transdinyester
Transilvanya
Transürdün
Travna
Trebinye
Trenje
Trevne
Trianta
Trinidad ve Tobago
Tripoliçe
Trizina
Tshinvali
Tucumán
Tulça
Tümen
Tunceli
Tunus
Tüpüt
Turgay
Turhal
Türingiya
Turkestan
Türkistan
Türkiye
Türkmenistan
Tuzer
Tuz Gölü
Tuzla
Tuzluca
Tyne ve Wear
Ubıhya
Ucarma
Ucda
Uchkilisa
Udmurtya
Uğrak
Ujgorod
Ukrayna
Ulan Batur
Ulangom
Ülgün
Ulubat
Uluborlu
Ulu Camii
Ümit Burnu
Umman Denizi
Ünye
Uplistsihe
Ürdün
Urfa
Urgenç
Ürgenç
Ürgüb
Ürgüp
Ürkmez
Urla
Urmiye
Usak
Üsküdar
Üsküp
Ustrumca
Ustyujna
Usun
Uyguriye
Uyluk
Uziçe
Vakıf
Valensiya
Valonya
Van
Varat
Vareg Muhafızlar
Varmiya-Mazurya
Varsangali
Varşova
Vartsihe
Varzazat
Vasburagan
Vaşington
Vatikan
Velestin
Velij
Venedik
Veramin
Verbas
Vestfalya
Veziristan
Vezirköprü
Vilnüs
Vinnitsya
Viransehir
Viranşehir
Virjinya
Virşaç
Vişegrad
Vitsebsk
Viyana
Vize
Vıborg
Vıçegda
Vınohradiv
Vışhorod
Vısotsk
Vıtegra
Vlaseniçe
Vodina
Volga
Volgograd
Volhov
Voljskiy
Voniçe
Voronej
Voyvodina
Wesfjırds
Wodina
Xankendi
Xozad
Yafa
Yağlıdere
Yahudi Özerk Oblastı
Yakacik
Yakezli
Yakutistan
Yakutsk
Yalakabad
Yalta
Yamurgi
Yanbolu
Yanghi
Yangi-Shehr
Yanikkale
Yanköy Hisarı
Yanya
Yanyá
Yarkent
Yarpuz
Yaş
Yassıhüyük
Yedi Adalar
Yedi Kilise
Yedikule
Yenice-i Vardar
Yeni Delhi
Yenidje
Yenifoça
Yeni Güney Galler
Yeni İngiltere
Yeni İskoçya
Yeniji
Yeni Kaledonya
Yenikapi
Yeni Şehir
Yenişehir i-Fenari
Yenişer
Yeni Zelanda
Yerapetra
Yerapetre
Yergöğü
Yerköy Kaplıca
Yeşilyurt
Yeterne
Yezd
Yitio
Yılankale
Yoğunhisar
Yorgi
Yoşkar-Ola
Yugoslavya
Yukarı Avusturya
Yukarı Cuma
Yukarı Mısır
Yukarı Volta
Yumurtalık
Yunanistan
Yunuslar
Yutland
Zağra-i Atik
Zagrep
Zakintos
Zaklisse
Zaliche
Zamanti
Zambiya
Zaporijya
Zaranc
Zayeçar
Zelanda
Zemindaver
Zemon
Zencan
Zengibar Kalesi
Zenta
Zerend
Zhlobin
Zibak
Zigetvar
Zigit
Zihya
Zile
Ziştovi
Znaym
Zürih
Zurvanizm
