0aTT
1xok
Ads20000
Aimela
amk
amonobeax
Ananace
andreashappe
anewson
anth
AnxiousInfusion
Arcadius-8606
Ardje
Arehandoro
artixbtw
Aryvandaar
AsciiWolf
AskQuestionsLater
Asu
Avehicle7887
Beamboom
beefsack
Beemer
benoliver999
BlackBloodRum
bolokanar
boltronics
Brokatt
BTRE
bubexel
buenaventura
calfret
CatKiller
catskinsox
CFWhitman
Cheeseness
Chesck
chimpy
Cmdr_Iras
coeseta
Colombo
Comandante Ñoñardo
coolbober
Corben
coruun
cRaZy-bisCuiT
Creak
crt0mega
cxpher
cybersol
Cybolic
Cyril
d10sfan
damarrin
DamonLinuxPL
DanglingPointer
ddeo
demencia89
DerpFox
devland
DJViking
dmantione
Dolus
dpanter
dredhammer
drlamb
drmoth
dubigrasu
Duckeenie
edddeduck_feral
edo
Egonaut
Ehvis
Eike
ElectricPrism
ellie_feral
elmapul
emphy
Enverex
eridanired123
erlaan
Essoje
etonbears
Expalphalog
EzyRhino
F.Ultra
Faalagorn
fabertawe
fabry92
fatriff
Feist
feketenap
flesk
fractal
FredO
g000h
ger_ball
gerasmus
gojul
GoLBuzzkill
Grimfist
Guppy
gurv
GustyGhost
hagabaka
Hal_Kado
hardpenguin
haspadar
herycp
hummer010
Hwkiller
HxE
IDNO
imdan12
iorekbyrnison
iuno
Izberion
jams3223
Jarmer
jasondaigo
jlacroix
Joeyboots80
johndoe86x
jonbitzen
Jpxe
jsa1983
JudasIscariot
Julius
Justin_S
JVargas
kaiman
kalin
Kallestofeles
kazriko
kDomb
Ketil
KimmoKM
Kimyrielle
kirgahn
km3k
knotted10
Kohrias
kon14
Koopacabras
koyal13
Kuduzkehpan
Lachu
Lanz
Larian
lejimster
lelouch
Lepopard
Liam Dawe
lidstah
liju
Linas
Linux_Rocks
Linuxer
LinuxGamesTV
Lomkey
lucifertdark
Luke_Nukem
lvlark
M@GOid
m0nt3
MaCroX95
Mai
Maki
manero666
manus76
Maquis196
Marlock
MayeulC
Mblackwell
mborse
mcphail
MercifulBoss
metro2033fanboy
Mike
Milanium
MintedGamer
Mohandevir
MountainMan
mrdeathjr
N30N
nadrolinux
Nanobang
Nasra
natewardawg
natis1
nattydread
neffo
neowiz73
niarbeht
no_information_here
NorMantis
NovenTheHero
nwildner
Nyamiou
oberjaeger
oldrocker99
OLucasZanella
omer666
opera
Orkultus
Overlord
PadreAdamo
pb
Peapoll
Pecisk
Pengling
Perkeleen_Vittupää
Philadelphus
poke86
psymin
Psyringe
Purple Library Guy
rafebelmont
rambo1462
razing32
rcrit
Redface
redneckdrow
ripper
robvv
RogueAI
ronnoc
Rosiel
rustybroomhandle
ryanzerbe
Ryblade
Sakuretsu
Saladien
Salvatos
Samsai
sarmad
scaine
Science
Seegras
SeekTheShrubbery
Sgt.Romeo9
ShabbyX
Shmerl
skinnyraf
Skiski
slaapliedje
Soul_Est
Soulprayer
spiffyk
Spud13y
sr_ls_boy
ssj17vegeta
StalePopcorn
STiAT
StoneColdSpider
Stupendous Man
sub
such
Szkodnix
t3g
TacoDeBoss
tarmo888
Tchey
Teodosio
Termy
thegh0st
TheRiddick
TheSHEEEP
thewho
throgh
thykr
Tiedemann
tmtvl
TobiSGD
toivo
tomaszg
tony1ab
Torqachu
toxicwolf
TSpencer
ttyborg
tuubi
tuxintuxedo
UncleSpanky
UnholyVision
uoou
uraeus
ValamirCleaver
Valck
Vardamir
Vash63
vickop
Villian
Vuko2000
Whitewolfe80
whizse
wintermute
wolfyrion
WorMzy
wvstolzing
x_wing
Xpander
Yasser
yerbestpal
yndoendo
ZekThePenguin
Zelox
ziabice
zimplex1
Zlopez