9mafalda9
10tothe22
a0a0
acrocat
adidas07
adrian87
Aedius
agorer
airtower
ajaykaul10
akonto
alcinnz
AmyIsCoolz
analiitikjis
Andii
AquaBear
avocado_toast
balooval
bbb222
Beannlily
bgannin
bobsi
BrodieOnLinux
chiku
coffeecat
confector
constantine
coyoty
dakkar
Danola
dersoi
dheadshot
Draconicrose
effy
eilonwy
eliasp
ellenor2000
eusebiu7
EUtopean
f4grx
fabiscafe
fauli1221
fred_clx2
ggmartin
gpowerf
gracicot
Greuceanu
gruik
GuyNamedBrian
HerFlorin
hyuchia
ikombucha
impooortant
in_sympathy
IvidappAvidapp
JanuaryJoe1960
jfmezei
jimmygnarly
JohnnyDessu
JSharp1436
jumianr
Kamikazepinguin
keir
kir0ul
kirwed
kmaryus
LaurentFr
legendwyn
LevelUp
lightweight
lispi314
ljenquin
luca_lichen
LunarLioness814
Milva
neonknightoa
neurologo
oregoner
OverlordTomala
PaintedDurian
Powareverb
precariousmind
ProMeToo
publicvoit
RainbowWarrior
raineer
rainerfiedler
redj
redux
ritawho
Romston
scalzi
selzero
serebit
sgc2000
sieyin
signalthirteen
siljaxylia
sonca
Soweitsogut
spectral_shadow
Steadynow
StillRise1963
tanghus
tasket
teancom459
Tejuino
teknomagic
ThatMermaid_J
thatmooooCow
the_andrei
thelinuxEXP
TheWise
tsallinia
unixviking
valpoy
veer66
Voicky
vuiet
writeblankspace
xaoc
xoubaman
Xynth
zburatorul
zutalorz