
420_Blazeit69
ac0lyt3
AcidMtRavenRock
AkinaYutashii
AlphaKurMum
amigovilla2003
AmusingConfusingGuy
Androza23
AposPoke
Ascizonda
AssistBorn4589
BamboozledMyself
brandyboffin
BubblyMango
Caron1822
ceratophaga
Designer_Ad7408
dugite-code
dumnem
EggAny5696
FearlessDamage1896
Fiddleboi
flamingfungi
fractalfocuser
FrankDuhTank
Game_Maker
ginuzzi
GreyXor
Harry7C
HeadEmptii
I_GAVE_MYSELF_GOLD
iAsuna
Im_Blackice
JonNathe
Kakamile
LamonGrahm
Lariixd
Loginataka
luxii32
MichauNeedHealing
mirsella
mitul036
molecula21
Molius42
musclepunched
nira007pwnz
Northstar1989
numeralnumber
Ok-Rule-6289
Ok_Significance_7194
Particular_Chance769
PatchPixel
PatheticChicken
Prif
Proderic
Raywuo
redhotmullet
reen_hurt
RegularDevelopment52
roachh2
Serylt
simion314
smw66466
Stetsed
Successful-Apple-670
Sulinia
tanj_redshirt
Tarlia
temisola1
Thecrazymoroccan
TheEntropicMan
thorxtu
Tricky_Couple3361
Tricky_Couple_3361
txmail
Vignesh_22
Village_Responsible
vimsee
xPofsx
yaolin_guai
YourFlakingFuture
z-c0rp