112
122068
6s
Ahmid
Ai
Aj
Baylan Skoll
Bluudi
Candyman
Carcass
Caveiramon
Chipmunk
Decimation
DominusJuris
DR HP
Drewen
Dudey xD
E T
Ectoplasm
Eimis
Emote
EPIK HIGH
Erasold
Erehk
Eskem Osee
F1V1NE SIG1L
Fade
Farmer Thor
Flamestar
Flury
Friuti
fwb
g9
Gardeni
Gecu
H3rm1td4fr06
Help me100
hori613
hori873
ifwewerekyle
iTrolledU
Its Dave
J oris
Jcw
Jere
Joffrey
Jose Return
Karl G
Kienan
Kritikul
Kuningas
le me
Legacy of KG
Light
LittlePk Br
Luiz
Luke
Lyricality
Maikeru
Mangekyo
Miley
Mistime
Nanci
Nelus
Omid
P1C4
Pasta
Physics Book
Poo185
Pur
pvmaChris
Radicalism
rago
Rail
Raul
Rido
Ril
Sage Black
scarypickle7
Shiz Nat
SimplyKarma
Skills Ownez
Slain Aura
Sliske
Smiller2k9
Snap it Nice
Starap
Stormy
Tcf99
Trav is Me
Vasco
viherpeukalo
Vub
WannieWhisky
Was
Windragon
Wisely Done
Wreckognize
wxrl
Xindrajayzda
Xuhe
Yak City Sr
Yickee
zezima