1wwtom
7own878
703kevlar
_lolness_8800
a.f.5490
aaleven4728
AceSpadeThePikachu
adimanole
ahumanzr
Aletho
AltFall
alxforbidden
AnalyticMinded
angeldude101
Aprylnators
arcticwolf49
arip9193
arr4nn_911
avengersspirit4751
azureScapegoat
BaconToPig
basically_boring
Battler624
Beryesa
BlueMewGamePlays
BlueNerd
bobbythefisherman
brandxn_1106
bruler111
busybee_2004
captaincreepergr6706
chasemason5129
cnrcosmin
Cobra365
CommanderFoxclone1010
confusedbees
corina3052
cosmic_horizon
CrazyFunnyCats
CrustyFox87
CygnusMC
dancingpuffin8936
DarkRevolution
datonedood3791
Dead-But_PrettyAU
deleted-something
dionnah1613
Dom_Maretti
dookiebutt616
DPadGamer
Dr.Pootis
dreamcat4
duckyosis
elpollorojo5271
Emeral
etiar31
FatDwalf
fineman1064
floppa9415
Floryn21
FonicsSuck
frostatlantik9949
GaudyMarko
Geedly
GeminiTay
generalghost7572
GhostInTheCogs
gigaherz_
GiornoJovani
goatsplitter
GothicPhantomZero
grzegorzdabrowski7300
gvee1445
HarrisonBorbarrison
Hazk1ant
hlcdriver
hoperose4098
HTWingNut
ibxtoycat
iskall85
ItzJhief
ivecodiny
Jacobus-MJEB
JayzTwoCents
jfolz
JoshDisher
KazukoKodo
Kbarrgamer87
kenn743
kevinvu5432
kilerow123
killerquality1446
kingkamoshida3234
Kiplabe
Koranos
Kosmo
kudvin3070
lapetusStag
limonero8757
logicalfundy
logminusone1272
mangofan01
Mawerik
maxvilocity
melodysheep
Mempler
mirrikybird
Momijie
MrBebemicmic
MrMezmerized
MrSaviorHD
mydogniko
nimk
nioxic77
NotSenz
notuxnobux
omegaalex18
Ominous_Leaf
ominousodyssey5275
OperatorDrewski
ordinarydork2515
PhyzzFizz
PietersonOficjal
pine_aatrox5260
pintub37
Plant-uu5ok
Populon993
progress
Psykolord1989
pugnace9169
QilleWolf
QuantumMechanicYT
QuietExe
RadKing
randoir1863
randombystander563
reekill_playlists
retroandgaming9134
Rie
riffraff7942
roberson644
RosieTheBat
RownTown
rrruby1377
Rysuko1
sablekitten51
SalC1
Salmence
SemiHypercube
sethd.8381
Seytonic
sgt.zaitsev287
Shadow2480games
shawnz6272
Sikecian
silentwisperer
Skyrionn
slicedlime
snap_oversteer
some_dude1234
sorbatos4602
SpaceWizardus47
steamclanker5963
sunblood701
SuperSmashDolls
Synonymous
szaszm_
technofire295
tepig2828
ThatGuyGlen
the80hdgaming
TheCubicplanet
TheEngieTF2
TheGuyWhoIsSitting
thewigle1074
thoriume
Throarbin
Tinnydirector
tomdragamer
toshiscool
tsczhaby
tzman1312
username1
uzeustosun
vanix_nss8382
vltin.11valentin86
voxelfusion9894
wattles
WiseFish
Wolfie_-qt6mn
wolveswordlupus8774
Xayllernste
xisumavoid
yahccs1
yamiraguero5541
Zera
zinthasmoridagnirflyingtoa5098