Aa
Aachen
Aalborg
Aalst
Aardenburg
Aarhus
Aarlud Khanate
Abakan
Abannaea
Abazinia
Abberffraw
Abbeville
Abbeycwmhir
Abbey Cwmhir
Abdera
Abeokuta
Aberaeron
Aberconwy
Abercorn
Aberdaron
Aberdeen
Aberdeenshire
Aberdon
Aberestuuþ
Aberfeldy
Abergavenny
Abernethy
Aberporth
Aberystwyth
Abindon
Abingdon-on-Thames
Abkhazia
Abrettene
Abrud
Abruzzo
Abu Dhabi
Abu Hammad
Abuja
Abydos
Abyssinia
Acadia
Acadiana
Accokeek
Accra
Achaea
Achaemenid Empire
Achalgarh
Acharnes
Achterhook
Adamawa
Adana
Adare
Addis Ababa
Adelaide
Aden
Adfert
Adhiwala
Adramyttion
Adrianople
Adriatic Galleys
Adriatic Sea
Aduatucia
Adygea
Aegea
Aegean Islands
Aegean Sea
Aegir Ridge
Aelariquia
Aeolis
Aetelrugia
Aetolia
Afar
Afghanistan
Afrasiyab
Africa
African Union
Agder
Agency Village
Aghaboe
Aghawillin
Agnam Godo
Aguleri
Ahlden
Ahmedabad
Ahmednagar
Ahrensberg
Aigio
Aileach
Ainos
Aiud
Aizuwakamatsu
Ajaccio
Ajim
Akershus
Akhaltsikhe
Akkad
Akmola
Akmolinsk
Akmoly
Akova
Akraifnio
Aktau
Aktobe
Alabama
Alabanda
Ala-Kul
Alampur
Alania
Alanya
Alaska
Alaska Panhandle
Alatyr
Alaunia
Alba
Albacete
Albania
Albanie
Albany
Alberic
Alberta
Albocensia
Albon
Albuquerque
Alcácer do Sal
Alcalá de Henares
Alcaraz
Alcester
Alchester
Alchon Huns
Aldeburgh
Aldreth
Aleksandrovka
Alemaine
Aleppo
Aleșd
Aleutian Trench
Alexandria
Alexandria Troas
Alexandrovka
Alexandrovsk
Alexandrovskaya
Alexandrovskoye
Alexandrovsk-Sakhalinsky
Alexandrovsky
Alfedena
Algeciras
Algeria
Algerian Desert
Algiers
Alhama de Aragón
Al-Hasa
Alicante
Alice Springs
Al Jibāl
Aljustrel
Allahabad
Allentown
Alligator
Alling
Allobrogia
Alma-Ata
Almada
Al-Mada'in
Almaty
Almohadi Caliphate
Alnwick
Alofi
Alpgau
Alpha Centauri
Alps
Alpuente
Alquézar
Alsace
Altai Republic
Altkirk
Alto Rio Negro Indigenous Territory
Alūksne
Alushta
Alvesta
Alyth
Alyzeia
Amalfi
Amantinia
Amaravati
Amasya
Amazon
Amazon Canyon
Ambiania
Ambidravia
Ambikapur
Ambisontia
Ambracia
Amdo
America
American Samoa
Amersham
Ametehul
Amiens
Amman Citadel
Amorgos
Amphilochian Argos
Amphipolis
Ampsivaria
Ampthill
Amravati
Amroha
Amurru
Anactorium
Anartia
Anatolia
Anazarbus
Ancaster
Anchory
Ancona
Andalusia
Andecamulensia
Andersonstown
Andhra Pradesh
Andijan
Andizetia
Andlau
Andorra
Andover
Andria
Andros
Angels Camp
Ångermanland
Angevin Empire
Anglesea
Anglesey
Anglia
Anglosphere
Angola
Angola Basin
Angria
Angrivaria
Anguilla
Angus
Anjou
Ankara
Annagassan
Annaghdown
Annan
Annand
Annandale
Annandesdale
Annapolis
Annapolis Royal
Ann Arbor
Annarbour
Annecy
Annestown
Ansamensia
Anshan
Antarctica
Antarctic Peninsula
Antarctic Plateau
Antelope Valley
Antequera
Anthedon
Antigua
Antigua and Barbuda
Antillean Confederation
Antioch
Antioch on the Maeander
Antioch on the Orontes
Antrim
Antsiranana
Antwerp
Anuradhapura
Anyam-Godo
Aosta
Aosta Valley
Aoudaghost
Aouzou Strip
Apacheria
Apalachee Bay
Apamea
Apamea on the Meander
Apia
Apleby
Apostolic Church
Appalachia
Appleby
Applecross
Apt
Apulia
Apulia and Calabria
Aq Qoyunlu
Aqsubay
Aqsuiek
Aquidneck Island
Aquitaine
Araba
Arabat Spit
Arabia
Arabian Desert
Arabian Sea
Arabiatia
Arachosia
Arad
Arafura Sea
Aragon
Aral Sea
Aralsk-7
Arane
Arbanon
Arboga
Arcadia
Archar
Archenfield
Arctic Canada
Arctic Circle
Arctic Ocean
Arctic Russia
Arctic Siberia
Ardabil
Ardagh
Ardara
Ardee
Ardfert
Ardnamurchan
Ards
Ardstraw
Area 51
Arevacia
Arezzo
Argentan
Argentina
Argentine Basin
Argeș
Argolis
Argos
Argyll
Arinagour
Arizola
Arizona
Arkansas
Arkhangelsk
Arkhyz
Arklow
Arles
Arlon
Armach
Armageddon
Armagh
Armenia
Armistia
Armorica
Arnhem
Arnprior
Arnstein
Aron
Arran
Arras
Arrochar
Arrow
Arsamosata
Arslanbob
Artemis
Artemisio
Artemovsk
Arthur Kill
Artois
Artsakh
Artsyz
Aruba
Arunachal Pradesh
Arundel
Aryan Brotherhood
Arykandia
Arzamas-16
Arzawa
Asbestos
Ascania
Asciano
Åsele
Ashanti
Ashby-de-la-Zouch
Ashdod
Ashgabat
Ashkelon
Ashridge
Asia
Asika
Asirgarh
Askeaton
Askersund
Asosa
Aspendos
Aspona
Assiniboine River
Assur
Assuras
Assuwa
Assynt
Assyria
Assyrian Empire
Astana
Asti
Astrakhan
Asturias
Asunción
Aswan
Aswan Dam
Asyut
Atacama
Atel
Athboy
Athenry
Athens
Atherdee
Athlone
Atholl
Athy
Atlanta
Atlantic City
Atlantic Ocean
Atlantis
Atlas Mountains
Atri
Attica
Attu Island
Auchterarder
Auckland
Aughagower
Augsburg
Augusta
Aulercia
Auliekol
Aumale
Ausetania
Aussa
Austin
Australasia
Australia
Australian Capital Territory
Australian Desert
Austral Islands
Austria
Austria-Hungary
Autolalia
Autrigonia
Autun
Auvergne
Auxerre
Avacha Bay
Avaldsnes
Avalitia
Avannaata
Avariginia
Avarua
Aveiro
Avignon Papacy
Avoch
Ayagoz
Aydhab
Aylesbury
Aylesford
Ayodhya
Ayrshire
Azerbaijan
Azores
Azores Plateau
Aztec Empire
Babylon
Babylonia
Back River
Bactria
Badajos
Badajoz
Baden
Badenoch
Baden-Württemberg
Badung Strait
Baekje
Baffin Bay
Baffin Island
Bagerhat
Baghdad
Bagheria
Baguirmi
Bahadoran
Bahamas
Bahraich
Bahrain
Baia
Baikal
Baikonur
Bainbridge
Baingoin
Baja California
Bakar
Baker
Baker City
Bakersfield
Bakewell
Bakhmut
Bakhtegan
Baku
Baku Commune
Bala
Balader
Balanjar
Balasagun
Balearic Islands
Balearic Sea
Balingen
Balkan Federation
Ballantrae
Ballater
Ballintruhan
Ballintubber
Ballycastle
Ballyeaston
Ballyistin
Ballymacswiney
Ballynure
Ballyshannon
Balmorhea
Balochistan
Balsa
Bălți
Baltic Empire
Baltic Sea
Baltimore
Baltoscandia
Bamako
Bamborgh
Bamburgh
Bampur
Bamyan
Banard
Banavasi
Banbury
Bandama Springs
Bandar Seri Begawan
Banff
Banff National Park
Bangkok
Bangladesh
Bangor
Bangor-on-Dee
Bangui
Baniensia
Banjul
Bannu
Baraba Steppe
Barabinsk
Baran
Baranavichy
Baranya
Barbarians
Barbary Coast
Barbuda
Barbury
Barcelona
Bard
Bardejov
Bardney
Bardowick
Bardulia
Bareilly
Barents Sea
Bargy
Bargylia
Bar Harbor
Bari
Barkhamstede
Barnstaple
Barrancabermeja
Barroks
Barrow
Barskon
Baruun Khanate
Barysaw
Barysh
Bashkortostan
Basingstoke
Basingwerk
Basque Country
Basra
Bastarnia
Bastetania
Bastia
Bastogne
Bastulia
Basutoland
Bath
Bathurst
Batna
Battle Town
Batumi
Bautzen
Bavaria
Bavarian Alps
Bavay
Bay of Bengal
Bay of Biscay
Bay of Pigs
Bayonne
Bayou La Batre
Baþe
Beachwood
Beaconsfield
Beagle Channel
Beatton River
Beaufort Sea
Beaumaris
Beaune
Beaver
Bechuanaland
Bedford
Bedfordshire
Bee Cave
Beersheba
Begemder
Behchokò
Beheira
Beijing
Beirut
Beit Lahia
Beja
Bejaïa
Bektashi Order
Belarus
Belcoo
Belfast
Belgium
Belgrade
Belize
Belize City
Belle Île
Bellême
Bellingshausen Sea
Bellovacia
Belluno
Belmopan
Belogorsk
Belogradchik
Beloretsk
Belton
Bender
Benelux
Benevento
Bengal
Bengal Delta
Bengaluru
Benghazi
Benin
Benin City
Benton Harbor
Beormaland
Bequia
Berchtesgaden
Berdiansk
Berehove
Berezan
Bergama
Bergamo
Bergen on Zoom
Bergerac
Bering Sea
Bering Strait
Berkeley
Berkeley Station
Berkhamsted
Berkshire
Berlin
Bermuda
Bermuda Triangle
Bern
Bernicia
Berryville
Berwick-upon-Tweed
Berwik
Bessarabia
Bethel
Bethesda
Beth Garmai
Bethlehem
Bethwyn
Bettendorf
Beverly Hills
Beverstedt
Bexhill-on-Sea
Beylagan
Béziers
Bhadohi
Bhadrak
Bhainsa
Bhainsrorgarh
Bhakkar
Bhandara
Bharatpur
Bhera
Bhilwara
Bhimtal
Bhitagarh
Bhojpur
Bhubaneswar
Bhutan
Biafra
Biała Podlaska
Białystok
Big Bend
Big Bend Country
Biggar
Bighorn River
Bight of Biafra
Bihar
Bikini Atoll
Bilanga
Bilbao
Billings
Bilohirsk
Biloxi
Bimini
Binche
Birdstown
Birgu
Birmingham
Birr
Birrens
Birsay
Bishopbriggs
Biskra
Bismarck
Bisshopescastel
Bistrița
Bitburg
Bithynia
Bittsevsky Park
Bituriga
Biturigia
Bizaah
Bjarmaland
Blachebourne
Black Bands
Black Belt
Blackburn
Black Coast
Blackfoot
Blackfoot Hills
Black Forest
Black Horde
Blacklion
Black Sea
Blagaj
Blagoveshchensk
Blair Atholl
Blambangan
Blambangan Peninsula
Blarney
Blekinge
Blenheim
Bletonisia
Blois
Blond
Blooming Grove
Bloomington
Blue Horde
Blue Mud Bay
Blue Nile
Blue Ridge
Blythburgh
Blythe
Blything
Bo
Bobovac
Bodmin
Bodrum
Boebeis Lake
Boelton
Boeotia
Bogotá
Bogotá Savanna
Bohemia
Bohemian Forest
Boise
Boizenburg
Bojano
Bokingham
Bolan Pass
Bolghar
Bolingbroke
Bolivia
Bologa
Bologna
Bolsover
Boltaña
Bolton
Bolzano
Bombay
Bonair
Bonaire
Boneyard
Bophuthatswana
Bordeaux
Boresworth
Borewardeslyme
Borgholm
Borgo Valsugana
Borkou-Ennedi-Tibesti
Borneo
Bornholm
Bornish
Borovichi
Borrowstounness
Boryspil
Borzhava
Bosnia
Bosnia and Herzegovina
Bosnia-Herzegovina
Bosphorus
Bosporan Kingdom
Boston
Bosworth
Bothwell
Botogol
Botoșani
Botswana
Bougouni
Bougtob
Boulder City
Boulder Dam
Bounty Trough
Bourbourg
Bourges
Bourn
Boutilimit
Bouvet Island
Boyce
Bozeman
Bozok
Brabant
Brackley
Bradwell
Bramber
Brancaster
Brandenburg
Braniewo
Branson
Braslaw
Brașov
Bratislava
Bratsk
Brauweiler
Braynford
Brazil
Brazil Current
Brazil–Malvinas Confluence Zone
Brazzaville
Breadalbane
Brecknockshire
Břeclav
Brecon
Breda
Breffny
Breifne
Brekenoke
Bremen
Brentford
Brescello
Brescia
Bressuire
Brest
Bretayne
Brewers Springs
Briançon
Bribir
Bridgewater
Bridgnorth
Bridgwater
Bridlington
Brigantia
Brindisi
Brionne
Brisbane
Brisgow
Bristol
Bristol Channel
Bristowe
Britain
British Columbia
British Honduras
British Indian Ocean Territory
British Malaya
British Raj
British Somaliland
British Virgin Islands
Brittany
Brixen
Brno
Brobury
Brockville
Brokdorf
Broken Hill
Bromsgrove
Bronckhorst
Bronx
Brooklyn
Brooks
Brotherhood of the Holy Sepulchre
Brothers
Brothers of the Sacred Heart
Brough
Brougham
Bructeria
Bruges
Brunebegy
Bruneck
Brunei
Brunei Town
Brunswick
Brunswick-Lüneburg
Brussels
Bruton
Bruttia
Bryansk
Brzesko
Buchan
Buchanan
Bucharest
Buckfast
Buckingham
Buckinghamshire
Budapest
Buena Vista
Buffalo
Buganda
Bugulma
Builth
Buir Lake
Bujumbura
Bukhara
Bukhtarma
Bukovina
Bulgaria
Bulingbroc
Bulls of Rishabha
Buncrana
Bundelkhand
Bunratty
Bunyoro
Burgas
Burgess Junction
Burgh
Burghead
Burgos
Burgundia
Burgundy
Burhanpur
Buridavensia
Burkettsville
Burkina Faso
Burkittsville
Burlington
Burma
Burpham
Burravoe
Burroughston Broch
Bursa
Burslem
Burton
Burundi
Buryatia
Bury Saint Edmunds
Busan
Bushmanland
Bushwick
Bute
Butella
Butte
Buxton
Byng Inlet
Bytom
Bytown
Byzantine Empire
Byzantine Papacy
Byzantium
Cabazon
Cadder
Cadihow
Cadurcia
Cadzow
Caen
Caerlaverock
Caerlion
Caernarfon
Caernarfonshire
Caernarvon
Caerosia
Caerphilly
Cagayan
Cagliari
Cahersiveen
Cahir
Cahokia
Cairo
Caithness
Calabria
Calactea
Caladunia
Calcehou
Calcutta
Caledon
Caledonia
Caledonian Confederacy
Caletia
Caliente
California
Callan
Callander
Callanish
Calleacia
Callisto
Calontiensia
Caluria
Calydon
Cambodia
Cambridge
Cambridgeshire
Cambrigge
Camelon
Camerino
Cameron
Cameron Bridge
Cameroon
Cameroons Town
Cammack Village
Campania
Campbellton
Campbeltown
Camp David
Camps
Camross
Canaan
Canada
Canadian Prairies
Canadian River
Canadian Shield
Canberra
Cancun
Canossa
Cantabria
Cantabrian Sea
Cantanhede
Canterbury
Cantiacia
Cantwellscourt
Canyonville
Capariensia
Cape Breton Island
Cape Canaveral
Cape Cod
Cape Colony
Cape Coral
Cape Delgado
Cape Framnes
Cape Kennedy
Cape of Good Hope
Cape Town
Cape Verde
Cappadocia
Caprivi Strip
Caracas
Carajás Mountains
Cara Oasis
Caravan Route
Carbon
Carbondale
Carcastillo
Carchemish
Cardiff
Cardigan
Caria
Carisbrooke
Caristia
Carlile
Carlisle
Carlow
Carlsbad
Carmarthen
Carmarthenshire
Carmona
Carnarvan
Carnarvon
Carnew
Carnia
Carnonacia
Carnutia
Caroline Islands
Carpathia
Carpathian Ruthenia
Carpetania
Carrick
Carrickfergus
Carrick-on-Shannon
Carrigaline
Carrigallen
Carrizozo
Carryk
Carson City
Carsphairn
Cartagena
Carthage
Carvetia
Casablanca
Cascadia
Caserta
Cashel
Caspian Sea
Caspian Steppe
Castel Barri
Castelton
Castile and León
Castille
Castlebar
Castlecomer
Castlederg
Castleford
Castleton
Castletown
Castro Verde
Catalan Company
Catalonia
Catania
Catenatia
Catenesse
Catterick
Caucasian Imamate
Caucasus
Caucasus Mountains
Caucoensia
Caunterbury
Cavan
Cawarong
Cawdor
Cayman Islands
Cayoosh Flat
Cedar Rapids
Cedar Shoals
Cedarville
Cedynia
Cegléd
Celegeria
Celesitania
Celje
Celtiberia
Celticia
Celtic Sea
Celtic Union
Cempsia
Central Africa
Central African Republic
Central America
Central Antarctica
Central Asia
Central Australia
Central England
Central Epirus
Central Europe
Central Greece
Central Hungary
Central Indian Ocean
Central Java
Central Jutland
Central Macedonia
Central Mediterranean Sea
Central Park
Central Polynesia
Central Queensland
Central Russia
Central Serbia
Central Siberia
Central Spain
Central Texas
Central Thrace
Central Ukraine
Central Venezuela
Centre
Centre-South
Centurion
Ceres
Cesar
Çeşme
Cessetania
Cestrefield
Cetiania
Cetinje
Ceylon
Chabahar
Chad
Chad Basin
Chaeronea
Chagatai
Chaghcharan
Chahar
Chalandri
Chalandritsa
Chalastra
Chalcidice
Chalkidiki
Chalkyitsik
Chalon
Chambéry
Champagne
Champawat
Champhone
Chancelade
Changchun
Chania
Channel Islands
Channel Islands Beach
Chaonia
Chaouia
Chappaquiddick Island
Characene
Charikar
Charleroi
Charleston
Charles Town
Charlie-Gibbs Fracture Zone
Charlotte
Charlotte Amalie
Charolais
Charolles
Charudia
Châtellerault
Chattanooga
Chatteris
Chaves
Chechnya
Chellah
Chelmeresford
Chelmsford
Chelsea
Chelyabinsk
Chepstow
Chepstowe
Cherbourg
Cherbourg-Octeville
Cherepovets
Chernigov
Chernobyl
Chernobyl Exclusion Zone
Chernyakhovsk
Cherokee
Cherokee Nation
Cherokee Station
Cherokee Village
Chertsey
Cheruscia
Cherven
Cherven Cities
Cheshire
Chester
Chesterfield
Chester-le-Street
Chestre
Chestreshire
Cheyenne Mountain
Chhattisgarh
Chiang Mai
Chiang Rai
Chiayi
Chicago
Chicagoland
Chicestre
Chichen Itza
Chichester
Chickahawk
Chicoutimi
Chikkamagaluru
Chile
Chilhowee
Chillicothe
China
Chinatown
Chiny
Chios
Chiplun
Chipnam
Chippenham
Chiprana
Chișinău
Chita
Chita Peninsula
Chitrakoot
Chittagong
Chiusi
Chobanidia
Choctaw Beach
Chojna
Chola Nadu
Chosen of Ashoka
Chosen of Perkunas
Christchurch
Christ Church
Christecerce
Christian Hook
Christiansted
Christmas
Christmas Island
Chrysaorian League
Chuhuiv
Chukchi Peninsula
Chula Vista
Chunar
Chungcheong
Chungthang
Chuvashia
Cianjur
Cibuco Swamp
Cieszyn
Cilicia
Cilicia Pedias
Cilicia Trachea
Cima
Cimarron River
Cimbria
Cincardin
Cincinnati
Cirencester
Cisalpine Gaul
Ciscaucasia
Cisleithania
Cistierna
Citadel of Homs
Clackmannan
Clacmanan
Clandeboye
Clandonagh
Clanricarde
Clanwilliam
Clare
Clear Lake
Clearwater
Cleaveland
Cleveland
Cleveland Zoo
Clifford
Clitheroe
Clogher
Clonakilty
Clonard
Clondalkin
Clones
Clonfort
Clonmacnoise
Clonmel
Clonmore
Clontarf
Cloppenburg
Cloughoughter
Cloyne
Clun
Clunie
Cluny
Clydesdale
Coal Creek
Coastal Ecuador
Coastal Ghana
Coastal Mauritania
Coastal Peru
Coatzacoalcos River
Cockburn Town
Cockermouth
Cocos Islands
Cocos-Keeling Islands
Coddenham
Codlea
Codrington
Coen
Coerensia
Coeur d'Alene
Coevorden
Coffs Harbour
Cognac
Coimbra
Coixtlahuaca
Colchester
Colchestre
Coldingham
Coleraine
College of Pontiffs
College Station
Collesano
Coloflats
Cologne
Colombia
Colombo
Colonial Polynesia
Colonsay
Colorado
Colorado Springs
Columbia District
Columbia River
Columbia River Estuary
Columbus
Comacchio
Comancheria
Commagene
Comoros
Company of St. George
Company of the Hat
Company of the Rose
Company of the Star
Company Shops
Compton
Conakry
Concania
Conch Republic
Condrusia
Conestoga
Confederate States of America
Cong
Congo
Congo Basin
Congo Free State
Conisbrough
Coniscia
Connacht
Connecticut
Connecticut and Rhode Island
Connecticut River
Connecticut River Valley
Connor
Conococheague Creek
Conoy Township
Constantine
Constantinople
Continental Divide
Conversos Papacy
Conway
Conwy
Cooke City
Cookeville
Cook Islands
Cook Strait
Copeland Islands
Copenhagen
Copertino
Copper River
Coptic Papacy
Coquitlam
Corabia
Coracensia
Corby
Córdoba
Corduene
Corfinio
Corfu
Corinth
Corinthia
Coriondia
Cork
Corke
Cork Harbour
Cornavia
Corner Brook
Cornewayle
Cornovia
Cornwall
Coronation Gulf
Correggio
Corsica
Corsica and Sardinia
Corsican Guard
Cortona
Costa Rica
Costești
Cosuanetia
Cotati
Cotentin Peninsula
Cotile Landing
Cotingham
Cotinia
Cottbus
Cottingham
Council of Chalcedon
Council of Three Fires
Courland
Coventre
Coventry
Cow Ford
Coxhall
Crab Island
Craig Phadrig
Cranberry Portage
Crater Lake
Crediton
Cremona
Crescent Valley
Crete
Crichton
Crickhowell
Crieff
Crimea
Crimean Peninsula
Croatia
Cromartie
Cromarty
Croom
Crosby
Crossraguel
Croydon
Crozant
Crozet Basin
Cruachu
Csanád
Csongrád
Ctesiphon
Cuba
Cugernia
Cujmir
Culverwell
Culzean
Cumania
Cumberland
Cumberland Mountains
Cumberland Plain
Cumberland Plain Woodland
Cumberland Plateau
Cumberlond
Cumbernauld
Cumbria
Cundinamarca
Cuneo
Cunningham
Cupar
Cut and Shoot
Cut Bank
Cut Bank Airport
Cyclades
Cynetia
Cyprus
Cyrene
Cyropolis
Cyrrhestica
Cyzicus
Czechia
Czechoslovakia
Częstochowa
Daajing Giids
Dabancheng
Dachau
Dacia
Dacre
Dagestan
Dahlak Kebir
Dahomey
Dakar
Dakhla
Dalecarlia
Dallas
Dalmatia
Damaraland
Damascus
Dambadeniya
Dammam
Damnonia
Danang
Danba
Daneland
Danelaw
Danube
Danubia
Danville
Daporijo
Darab
Darbye
Dardanelles
Dardania
Darién Gap
Darinia
Darjeeling
Darlington
Darmstadt
Dartmouth
Darwin
Dasapura
Dassaretia
Daugavpils
Dauphiné
Davenport
Davenport Landing
Daylam
Daytona Beach
Dead Sea
Deadwood
Dearnington
Death Valley
Debarwa
Debrecen
Deceanglia
Deer
Dêgê
Deira
Deitania
Delaware
Delbna
Delgertsogt
Delhi
Delian League
Déline
Delmatia
Delmenhorst
Delos
Delphi
Demensk
Demerara
Demerara Plain
Demmin
Denbigh
Denbinghshire
Deneham
Denham
Dénia
Denmark
Denmark Strait
Denver
Depalpur
Dera Ghazi Khan
Derawar
Derbent
Derby
Derbyshire
Derryfield
Deseret
Desert
Des Moines
Desmond
Desmonde
Des Plaines
Dessaw
Detmold
Deuria
Deva
Devagiri
Devalgarh
Devaraja
Devendranagar
Deventer
Devon
Devylyn
Devylynburgh
Dhaka
Dhakeshwari
Dhankuta
Dharampur
Dharampuri
Dharwad
Diamantina Fracture Zone
Diamond Rock
Dieppe
Dijon
Dikson Island
Dildo
Dimapur
Dindaria
Dingwall
Dingwell
Dinkelsbühl
Dipalpur
Dire Dawa
District of Columbia
Dithmarsh
Dixie
Diyarbakır
Djado Plateau
Djibouti
Dnieper
Dobele
Dobrich
Dobunnia
Dodecanese
Dodekaschoinos
Dogger Bank
Doha
Dolgellau
Dombóvár
Dominican Republic
Donbas
Doncaster
Doncastre
Don Cossack Host
Donegal
Donetsk
Dongola
Donington
Dorchester
Dorestad
Doris
Dornoch
Dorogobuzh
Dorohoi
Dorset
Dorsete
Dort
Dortmund
Douala
Douarnenez
Douglas
Doune
Dounpatryk
Dover
Dovere
Downpatrick
Drăgășani
Dreary Isthmus
Dreghorn
Drenthe
Dresden
Drøbak Sound
Drogheda
Droghedagh
Drohiczyn
Droitwich
Dromahair
Dromore
Drumahaire
Drumcliff
Drumcliffe
Drumholm
Dryopida
Duart
Dubai
Dublin
Dublin Castle
Dubrovytsia
Dubuque
Dudinka
Duffield
Dufftown
Duitiquia
Dukhovshchina
Dulce
Duleek
Duluth
Dumbarton
Dumbreþan
Dumfermelyne
Dumfries
Dumyat
Dunajská Streda
Dunamase
Dunasead
Dunbar
Dunbeath
Dunbeg
Dunblane
Dunboy
Duncalden
Dun Carloway
Dundalk
Dundalk Lower
Dunde
Dundee
Dunedin
Dunfermline
Dunfres
Dungannon
Dungiven
Dunhuang
Duniquia
Dunkeld
Dunkirk
Dunleary
Dunlough
Dunluce
Dunmore East
Dunmow
Dunnottar
Dunollie
Dunragit
Dunrobin
Dunrod
Dunseverick
Dunstaffnage
Dunure
Dunvegan
Dunwich
Dunyveg
Duram
Durango
Durham
Durlack
Durness
Durnoch
Durotriga
Durrow
Dushanbe
Düsseldorf
Dutch East India Company
Dynbar
Dyrnes
Dzungaria
Dʿmt
Eagle Pass
Eagle Rock
Earth
East Africa
East Anglia
East Angola
East Bengal
East Berlin
East Borneo
East Chicago
East China
East China Sea
Easter Island
Eastern Afghanistan
Eastern Anatolia
Eastern Antarctica
Eastern Aragon
Eastern Baltic Sea
Eastern Bavaria
Eastern Bay of Bengal
Eastern Bulgaria
Eastern Cantabria
Eastern Cape
Eastern Desert
Eastern English
Eastern Europe
Eastern Ghats
Eastern Gotland
Eastern Hudson Bay
Eastern Liberia
Eastern Macedonia
Eastern Manapia
Eastern Marches
Eastern Mediterranean Sea
Eastern Mongolia
Eastern Montana
Eastern Norway
Eastern Polynesia
Eastern Roman Empire
Eastern Rumelia
Eastern Samar
Eastern Sayan
Eastern Seaboard
Eastern Serbia
Eastern Siberia
Eastern Slovakia
Eastern Sudetenland
Eastern Swiss Alps
Eastern Switzerland
Eastern Ukraine
Eastern Usdia
Eastern Zealand
Eastfjords
East Florida
East Francia
East Franconia
East Frisia
East Germany
East Hausaland
East India Company
East Indian Ocean
East Indies
East Java
East Jerusalem
East Jutland
East Karelia
East Kent
East Kilbride
East London
East Mauritanian Desert
East Micronesia
East Midlands
East Moline
East Pakistan
East Palestine
Eastphalia
East Prussia
East Rajasthan
East Renfrewshire
East Riding
East Siberian Sea
East Texas
East Thrace
East Timor
East Tunguska
East Wenatchee
Ebersberg
Eblania
Eburania
Eburonia
Eburovicia
Ebytown
Ecuador
Ecumenical Patriarchate
Edéa
Edenburgh
Edessa
Edetania
Edgeville
Edinburgh
Edirne
Edmonton
Ednam
Edom
Edwards Plateau
Eel River
Eger
Egorlyk
Egremont
Egypt
Egyptian Desert
Egyptian Sea
Eidsivating
Eights Station
Eilat
Eildon Hill
Eindhoven
Einsiedeln
Elafonisi
Elam
Elazığ
Elbocoria
Elburg
El Dorado
Elektrogorsk
Elektroperedacha
Eleuthera
Elgin
Elis
Elizabethtown
Elizabethville
El Kef
Elko
Elliot Lake
Ellis Island
Ellon
Elmet
Elmham
Elmina
El Paso
Elphin
Elsinore
Elwang
Ely
Emden
Emilia
Emly
Enderby Land
Enegus
Engelond
England
England and Ireland
England and Scotland
England and Wales
Englefield
English Channel
Ennis
Enniscorthy
Eordaia
Eowland
Ephesus
Ephraim
Epirus
Episford
Eppstein
Equatorial Africa
Equatorial Guinea
Erandol
Eraviscia
Erding
Eretria
Erford
Eris
Eritrea
Ermoupolis
Errew
Errill
Errol
Erythrae
Erzurum
Erzya
Escanaba
Escondido
Esher
Eskişehir
Eskragh
Eslami Island
Essex
Esslingen-on-the-Neckar
Esterabad
Estionia
Estonia
Estriþing
Estsex
Esuvia
Eteocrete
Ethiopia
Eu
Euboea
Eudosia
Eunice
Eurasia
Eurasian Steppe
Europa
Europe
European Union
Euxine Sea
Eveleth
Everest
Evesham
Évora
Ewloe
Ewyas Harold
Exarchate of Ravenna
Exeter
Exmouth
Extremadura
Eye
Eynsham
Faenza
Fahan
Fairfield
Fairy Glen
Fairy Hill
Falkenberg
Falkenstein
Falkirk
Falkland
Falkland Islands
Falmouth
Falster
Famagusta
Far East
Fargo
Farnham
Faro
Faroe Islands
Farsala
Farther Pomerania
Fashion
Faughart
Faukirke
Faversham
Favonia
Fearn
Fecamp
Federal Capital Territory
Feldbach
Fenni Stratford
Fennoscandia
Fenny Stratford
Fergana
Ferghana
Fermoy
Ferns
Ferrard
Ferreries
Ferrol
Fethard
Fethard-on-Sea
Feuchtwangen
Fez
Fidenza
Fife
Figueres
Figuig
Fiľakovo
Finglas
Finlaggan
Finland
Finnmark
Firaesia
Fishguard
Flanders
Flatts Village
Flint
Flitwick
Florence
Florida
Florida Panhandle
Flying Fish Cove
Fly River
Focșani
Foggia
Folga
Followers of Arjuna
Fontaine
Forcalquier
Fore Abbey
Forest
Forest Brothers
Forestville
Forfar
Formosa
Forradh
Forres
Fort Duchesne
Forteviot
Fort Franklin
Fort Hamilton
Fortingall
Fort Langley
Fort Miro
Fort Nez Percés
Fortrose
Fort Totten
Fort Wayne
Fort Yukon
Fotheringhay
Fougères-sur-Bièvre
Four Corners
Fowdray
Framlingham
France
Franco-British Union
Franconia
Frankford
Fraser Island
Fredriksten
Free Syrian Army
Freising
Fremantle
French Guiana
French India
French Polynesia
French Somaliland
French West Africa
Frentania
Freslond
Fresno
Freswick
Frewin
Friant
Fribergh
Frisia
Friuli
Frodsham
Fuerteventura
Fujian
Fukushima
Fukushima Exclusion Zone
Fullham
Funen
Furness
Futa Tooro
Fuvahmulah
Fuþernes
Fyffe
Fyvie
Gabès
Gaborone
Gaël
Gaetulia
Gagauzia
Gainsborough
Gairloch
Galanta
Galápagos Islands
Galashiels
Galați
Galaxidi
Galewey
Galicia
Galicia and Lodomeria
Galilee
Gallia Lugdunensis
Gallic Empire
Gallipoli
Galloway
Gallowglasses
Galuschele
Galveston
Galveston Bay
Galway
Galway Bay
Gambia
Gandhinagar
Ganeshpur
Ganges Delta
Gangnam
Ganymede
Ganymede Heights
Ganzhou
Garabogaz
Gardenstown
Garioch
Garmania
Garryowen
Gartan
Gaugamela
Gaul
Gazankulu
Gaza Strip
Geneva
Genoa
Genoese Navy
Georgenthal
Georgia
Georgian Bay
Geraldton
Gerloch
German American Bund
German Confederation
German New Guinea
Germantown
Germany
Gerolstein
Gerrha
Getia
Gettysburg
Ghadames
Ghana
Gharchistan
Ghassanids
Ghent
Ghilman
Gibraltar
Giengen on Brenz
Gifhorn
Gilan
Gila River
Gilbert
Gilbert Islands
Gildeford
Gillingen
Gindania
Ginestra
Giresun
Girona
Girvan
Giyani
Giza
Gjirokastër
Glacier Bay
Glamorgan
Glarentza
Glascome
Glasgow
Glasgu
Glazov
Glen Allen
Glencoe
Glendalough
Glen Dochart
Glenelg
Glenfinnan
Glenluce
Glen Park
Gliwice
Glogaw
Gloucester
Gloucestershire
Gloucestre
Gnezdovo
Godhavn
Godmanchester
Godthaab
Goes
Goguryeo
Golan Heights
Gold Coast
Golden Gate Bridge
Golden Hills
Golden Horde
Golden Triangle
Goleniów
Golestan
Golmud
Golspie
Gombe
Gomorrah
Gonaïves
Gonâve Island
Gondomar
Gondwana
Gongju
Gonzaga
Goodsprings
Gorakhpur
Gordon
Gore
Gorgan
Goritsa
Goritz
Gorodetz
Gothenburg
Gothograecia
Gotland
Gotthard Pass
Govardhan
Goverin
Govindanahalli
Gower
Gowran
Gowrie
Gozo
Grabow
Granada
Granard
Grand Banks of Newfoundland
Grand Canyon
Grand Coulee
Grand Coulee Dam
Grand Duchy of Finland
Grand Junction
Grandtully
Granite City
Grannagh
Grassy Butte
Great Australian Bight
Great Barrier Reef
Great Basin
Great Bear Lake
Great Bend
Great Black Swamp
Great Britain
Great Company
Great Dunmow
Greater Antilles
Greater Armenia
Greater Austin
Greater Caucasus
Greater Chicago
Greater Egypt
Greater Ethiopia
Greater Funen
Greater Germany
Greater Hungary
Greater Iberia
Greater Ionia
Greater Italy
Greater Lithuania
Greater London
Greater Manchester
Greater Mongolia
Greater Nigeria
Greater Poland
Greater Serbia
Greater Sudbury
Greater Sunda Islands
Greater Toronto
Greater Vancouver
Great Falls
Great Falls Airport
Great Horde
Great Hungarian Plain
Great Igbo
Great Lakes
Great Liao
Great Moravia
Great Plains
Great Qing
Great Salt Lake
Great Slave Lake
Great Smoky Mountains
Great Victoria Desert
Great Wallachia
Great Yuan
Great Zimbabwe
Greece
Greenan
Green Bay
Green Forest
Greenland
Greenland Ice Sheet
Greifswald
Grenada
Grenland
Grennan
Greuthungia
Grianan of Aileach
Grimbergen
Grimsby
Griqualand
Griqualand East
Griqualand West
Grisons
Groce's Stop
Grodno
Groitzsch
Groningen
Groote Eylandt
Groswater Bay
Grozny
Gruyères
Gryazovets
Guadalajara
Guadiato
Guam
Guangdong
Guangzhou
Guantánamo Bay
Guantanamo Bay Naval Base
Guanzhong
Guarda
Guatemala
Guatemala City
Guazhou
Guben
Gudauta
Guelders
Guiana Highlands
Guildford
Guilin
Guinea
Guinea-Bissau
Guînes
Guizhou
Gujarat
Gujranwala
Gulathinglaw
Gulbarga
Gulbene
Gulf of Aden
Gulf of Alaska
Gulf of Cagliari
Gulf of California
Gulf of Carpentaria
Gulf of Corinth
Gulf of Finland
Gulf of Gonâve
Gulf of Mexico
Gulf of Ob
Gulf of Riga
Gulf of St. Lawrence
Gulf of Tomini
Gulf of Valencia
Gulf Plains
Gulf Stream
Gumal Pass
Gundeshapur
Gundorovka
Gundorovskaya
Gurjaradesa
Gurramkonda
Guryev-20
Gurzuf
Güssing
Guthaven
Guyana
Gwalior
Gwynedd
Gyeongsang
Győr
Gytheio
Gyumri
Gyzantia
Habsburg
Hackballscross
Haddington
Haddoxburg
Hadhramaut
Haditha
Hagerstown
Haguenau
Haicheng
Haida Gwaii
Haifa
Haines Junction
Haiti
Hajipur
Halaib Triangle
Halberstadt
Halifax
Haliheved
Halland
Halle
Halls Creek
Hallstatt
Halmahera Sea
Halmstad
Halong
Halton
Halyfax
Hamadan
Hamburg
Hämeenlinna
Hamgyong
Hamilton
Hampshire
Hanau
Hangu Pass
Hanoi
Hanover
Hansa
Hanseatic League
Hanzhong
Happy Valley
Happy Valley-Goose Bay
Harare
Harbin
Harcourt
Hardelagh
Harev
Hargeisa
Harishchandragad
Harlem
Harpers Ferry
Harran
Harrisburg
Harrison
Harrisonburg
Hartlepool
Hart's Bottom
Hastinapur
Hastings
Hatch
Haugesund
Havana
Havasu Falls
Havasu Lake
Havelberg
Haverford
Havering
Havre de Grace
Hawaii
Hawaiian Islands
Hawaiian Trough
Hawarden
Hawikuh
Heath End
Hebrides
Hebron
Hedeby
Hedmark
Heiligenberg
Heilongjiang
Heinsberg
Hejaz
Helena
Heligoland Bight
Hell
Hellas
Hellenic League
Hellenic Trench
Hellespontine Phoros
Hells Angels
Helmsley
Helsingborg
Helsinki
Helston
Helveconia
Hemel Hempstead
Henderson
Hendersonville
Hengduan Mountains
Hennebont
Hephaestia
Hephthalite Empire
Heraclea
Heraclea at Latmus
Heraclea in Trachis
Heraclea Pontica
Herat
Hereford
Herefordshire
Hereroland
Hermunduria
Hershey
Herstal
Herterpol
Hertford
Hertfordshire
Herulia
Herzegovina
Hesse
Hesse-Darmstadt
Heves
Hexham
Hextildesham
Hi-Catoctin
Hickory Ground
Hickory Township
High Aragon
High Atlas Mountains
High Cross
Highland Park
Highland Rim
Hiiumaa
Hildesheim
Hill Country
Hinkletown
Hiroshima
Hispaniola
Hitzacker
Hlučín
Hlukhiv
Ho
Hobbema
Hoboken
Hobson
Ho Chi Minh City
Hohenbaden
Hohenburg
Hohenstein
Hohhot
Hoima
Hokkaido
Holi Romain Empire
Hollola
Hollywood
Holman
Holsatia
Holyhead
Holy Roman Empire
Holy See
Holywell
Home Counties
Home Islands
Homonadia
Homs
Honduras
Honfleur
Hong Kong
Honiara
Honolulu
Honshu
Hook Norton
Hoopa Valley
Hoover Dam
Hordaland
Hormuz
Horncastle
Horn of Africa
Hot Springs
Houtman Abrolhos
Howell's Crossing
Hradec nad Moravicí
Hradyzk
Hsinking
Hsipaw
Huainan
Huaiyang
Hubei
Hucknall
Hudson Bay
Hudson Bay Company
Hudson Strait
Hue
Huelva
Huesca
Hulao Pass
Humboldt Wells
Hungarland
Hungary
Hunnic Empire
Huntingdon
Huntingdonshire
Huntly
Huron
Huronia
Hurstingstone
Hwanghae
Hyannis
Hyannis Port
Hyderabad
Hy-Many
Hythe
Ialomița
Iapodia
Iazygia
Ibadan
Ibapah
Iberia
Iberian Sea
Ibibioland
Ibiza
Ibiza and Mallorca
Icaria
Iceland
Iceland Plateau
Ichikikushikino
Ichinoseki
Icklingham
Iconoclast Patriarchate
Idaho
Idaho Falls
Idaho Panhandle
Igaedetania
Ignacio
Iguazu Falls
Iherir
Iida
IJsselstein
Ikorodu
Ilam
Ilchester
Ilchestre
Ilemi Triangle
Ilercavonia
Ilergetia
Ilkey
Ilkhanate
Illinois
Illyria
Ilmmünster
Ilulissat
Ilvatia
Imbros
Imereti
Imerina
Immortals
Imotski
Impington
Inchaffray
Incheon
Independence
Independence and Mango Creek
India
Indiana
Indianapolis
Indian Ocean
Indian Ocean Territory
Indian Subcontinent
Indian Territory
Indiketia
Indochina
Indonesia
Indore
Indus Valley
Ingolstadt
Ingria
Inishcaltra
Inishkea
Inishowen
Inishtrahull
Inis Patraic
Innera Hebrides
Inner Eritrea
Inner Hebrides
Inner Mauritania
Inner Mongolia
Inner Morocco
Innes Corners
Innichen
Innisfallen
Innsbruck
Insubria
Insular Phoros
Interamicia
Intimilia
Inuvik
Inveraray
Inverary
Inverbervie
Invercargill
Invergarry
Inverness
Invernis
Inverurie
Ioannina
Iona
Ionia
Ionian Islands
Ionian Phoros
Ionian Sea
Iowa
Iowa Great Lakes
Ipeswiche
Ipswich
Iran
Iraq
Irbid
Ireland
Ireland and Wales
Irish Free State
Irish Sea
Irkutsk
Irlond
Iron Confederacy
Irrawaddy Delta
Irvine
Isenburg
Isfahan
Ishinomaki
Isin
Isindia
Iskandariya
Island of France
Islay
Isle
Isle of Bute
Isle of France
Isleworth
Israel
Issoudun
Issyk-Kul
Istakhr
Istanbul
Istria
Italia Annonaria
Italian Social Republic
Italian Somaliland
Italy
Itanagar
Iuist
Ivakoany Massif
Ivangorod
Ivano-Frankivsk
Ivica
Ivory Coast
Iwo Jima
Ixworth
Izhevsk
Izmir
İznik
Jabal Shammar
Jackpot
Jackson
Jacksonville
Jacobshaven
Jaén
Jaffa
Jaintia
Jajce
Jakobshavn
Jalalabad
Jamaica
Jamaica Channel
James Bay
Jamestown
Jamestowne
Jammu
Jammu and Kashmir
Jämtland
Jangladesh
Jan Mayen
Japan
Jarabulus
Jarai-ka-Math
Jarnac
Jarrow
Jarwe
Java
Java Sea
Jawor
Jayapura
Jedburgh
Jeddah
Jeddeburgh
Jędrzejów
Jefferson City
Jeju
Jeju Island
Jelgava
Jerash
Jericho
Jernigan
Jerpoint
Jersey Shore
Jerusalem
Jesselton
Jever
Jewish Autonomous Oblast
Jhalawar
Jharkhand
Jiangsu
Jihlava
Jimbolia
Jinchang
Johannesburg
Johnson Space Center
Johnston Atoll
Johnstone
Jomsvikings
Joranda Gadhi
Jordan
Josselin
Juarez City
Juba
Jubail
Jubaland
Jülich
Junction City
Juneau
Jupa
Jupiter
Jüterbog
Jutland
Kabardino-Balkaria
Kabul
Kabwe
Kaesong
Kairouan
Kaiserslautern
Kakheti
Kalaburagi
Kalamata
Kalamunda
Kalaus
Kalavryta
Kalay
Kalemie
Kaleshwaram
Kaliakra
Kalimantan
Kaliningrad
Kalmar
Kalmar Castle
Kalmar Union
Kalmykia
Kalpi
Kamarina
Kamchatka
Kampala
Kampen
Kamphaeng Phet
Kamyshin
Kamyshlov
Kanchipuram
Kandahar
Kandyagash
Kannauj
Kano
Kansas
Kansas City
Kanto
Kanto Plain
Karaganda
Karaist High Priesthood
Karakalpakstan
Karakiya
Karakol
Karakorum
Karakul
Kara Sea
Karasjok
Karasubazar
Karbala
Kardzhali
Karelia
Karelian Isthmus
Karelians
Kargopol
Karimata Strait
Karkaraly
Karlsruhe
Karmarthyn
Karnataka
Karpasia
Karpathos
Karryke
Kartli
Kar-Tukulti-Ninurta
Karzok
Kashgar
Kashmir
Kashubia
Kaskaskia
Kassandreia
Kathmandu
Kauai
Kaufbeuren
Kavangoland
Kayavarohan
Kayseri
Kaysone Phomvihane
Kazakh Steppe
Kazembe
Keams Canyon
Kecskemét
Keeling-Cocos Islands
Keeling Islands
Kefalonia
Keith
Kells
Kelso
Kemaon
Kemes
Kemijärvi
Kendal
Kendujhar
Kenilworth
Keningau
Kenitra
Kenmore
Kennataia
Kenora
Kenseley
Kensington
Kent
Kentucky
Kenya
Kenya and Uganda
Keonjhar
Kerdif
Kerdigan
Kerguelen Islands
Kerimor
Kerman
Kerry
Kessinia
Keswick
Ketama
Ketchikan
Ketering
Kętrzyn
Kettering
Key West
Kežmarok
Khachmaz
Khakassia
Khalistan
Khamis Mushait
Khanthaboury
Khan Yunis
Kharesmia
Khargone
Kharkiv
Khartoum
Khaybar
Khmer Empire
Khobar
Kholmogory
Khomas
Khorramabad
Khorramshahr
Khortytsia
Khouribga
Khujand
Khumar
Khust
Khwarezm
Kiannacht
Kibyratia
Kidderminster
Kideleministre
Kidlington
Kidwelly
Kiel
Kiel Canal
Kielce
Kiev
Kilbrittain
Kilcash
Kilcudbrit
Kilcudbrite
Kildalton
Kildare
Kilfenora
Kilkenny
Killaerney
Killala
Killaloe
Killarney
Killashee
Kill Devil Hills
Killeter
Killucan
Kilmacrennan
Kilmarnock
Kilmartin
Kilmaurs
Kilmore
Kilmun
Kilpatrick
Kiltaraglen
Kinai
Kincardine
Kincora
Kingarth
King Salmon
Kingsferry
Kingston
Kingston upon Hull
Kingston upon Thames
Kingston-upon-Thames
Kingstown
Kings Trough
Kinloch
Kinlochkilkerran
Kinloss
Kinneil
Kinross
Kinsale
Kinsey City
Kinshasa
Kintore
Kintyre
Kionga Triangle
Kipchak
Kircalethin
Kirghiz Khanate
Kiribati
Kirishi
Kirkabikendale
Kirkby
Kirkcaldy
Kirkcubright
Kirkcudbrightshire
Kirk Michael
Kirkuk
Kirkwall
Kirriemuir
Kirton
Kisimul
Kissidougou
Kitara
Kitchener
Kitsap
Kitty Hawk
Kitzbühel
Kırşehir
Klagenfurt
Klamath
Klamath Falls
Klosterneuburg
Knickerbocker
Knidos
Knighton
Knights of the Sun
Knights Templar
Knockaulin
Knowth
Kobryn
Kodava
Kodiak
Kodiak Island
Kola
Kola Peninsula
Kolbeinsey Ridge
Kolhapur
Kolkata
Kołobrzeg
Koluvere
Komárom
Kondopoga
Koper
Koporye
Koprivnica
Koprzywnica
Kordofan
Korea
Korea Bay
Korean Peninsula
Koreatown
Koror
Korsholm
Kortrijk
Košice
Kosovo
Kosturino
Koszalin
Kota Bharu
Kota Kinabalu
Kot Diji
Kotennia
Kotlas
Kozhikode
Krakaw
Kralendijk
Kran
Krasnodar
Krasnokokshaysk
Krasnopartizansk
Krasnoufimsk
Krasnoyarsk
Krasnyi Lyman
Kremlyov
Kremmling
Kristiansand
Kristinestad
Krustpils
Kruszwica
Kučevo
Kujawy
Ku Klux Klan
Kuldīga
Kumaon
Kupiansk
Kurdistan
Kuressaare
Kurnool
Kush
Kushinagar
Kussara
Kutur-Ogly
Kuwait
Kuwait Bay
Kuwait City
Kuwait Naval Base
Kuybyshevka-Vostochnaya
Kuzarite High Priesthood
Kwararafa
Kykotsmovi
Kyldare
Kyle
Kyngeston
Kyoto
Kyrgyzstan
Kythnos
Kyungqu
Kyushu
Kyzylorda
La Algaba
Labourd
Labrador
Labrador Sea
Labytnangi
Lacetania
Laconia
Ladakh
Lafayette
Laggan
Lagodekhi
Lagos
Lahij
Lahijan
Laholm
Lahore
Lahti
Lake
Lake Adair
Lake Catherine
Lake Champlain
Lake City
Lake Constance
Lake Erie
Lake Eyre Basin
Lake Fitri
Lake Geneva
Lake Havasu
Lake Havasu City
Lake Heihai
Lake Huron
Lake Inari
Lake Kournas
Lake Ladoga
Lake Lämmi
Lake Las Vegas
Lake Madawaska
Lake Manicouagan
Lake Minto
Lake Nasser
Lake Nipigon
Lake Nipissing
Lake of the Woods
Lake Ontario
Lake Peipsi
Lake Peipus
Lake Pihkva
Lake Poopó
Lake Rhine
Lake's Crossing
Lake Simcoe
Lake Tahoe
Lake Titicaca
Lake Tuz
Lake Urmia
Lake Vostok
Lake Wales
Lalasia
Lalganj
Lalibela
La Libertad
Lalitpur
Lambeth
Lanark
Lanarkshire
Lancashire
Lancaster
Lancastershire
Lanciensia
Lancing
Land's End
Langley
Langley Prairie
Lang Mountains
Langres
Lannarc
Lantudenou
Laodicea on the Lycus
Laon
Lapland
Lapwai
Larino
Larissa
Larne
Las Anod
Las Flores
Las Vegas
Latakia
Latheron
Latin Empire
Latobicia
Latvia
Launceston
Lausanne
Laval
Lawrenceburg
Laxey
League of Corinth
League of Nations
Lebaea
Lebanon
Lebus
Lecce
Łęczyca
Ledbury
Ledes
Leeds
Leer
Leeward Islands
Leger's Corner
Leghorn
Leghtonston
Legnica
Leh
Leicester
Leicestershire
Leicestre
Leiden
Leighlin
Leightonstone
Leiningen
Leinster
Leintwardine
Leipzig
Leiria
Leith
Leitrim
Leix
Le Mans
Lemnos
Lemovicia
Len
Lenborough
Lendia
Lenghu
Leninabad
Leninsk
Lennox
Leodus
Leonsberg
Leopoldville
Lerwick
Lesbos
Lesmahagow
Lesotho
Lesser Armenia
Lesser Funen
Lesser Poland
Lesser Sunda Islands
Lesser Wallachia
Letenye
Letterkenny
Leuchars
Leunia
Leuven
Levantine Sea
Levedia
Levenachs
Lewes
Lewis
Lexington Park
Lexovia
Leynyster
Leyre
Lhasa
Liaodong
Liaoning
Liberia
Liberians United for Reconciliation and Democracy
Libertatia
Libourne
Libreville
Libya
Libyan Desert
Libyan Sea
Licatia
Lichfield
Lidoriki
Liechtenstein
Liepāja
Liffré
Liguria
Ligurian Galleys
Ligurian Sea
Lihula
Lillooet
Lima
Limerick
Limoges
Limousin
Lincoln
Lincolne
Lincolnshire
Lindaw
Lindisfarne
Lindsay Island
Linkoping
Linkville
Linlithgow
Linlithgowshire
Linz
Lion of the Aldama
Lipetsk
Lipin Bor
Lippe-Detmold
Lippstadt
Lisbon
Liskeard
Lismore
Listowel
Litani River
Lithgae
Lithuania
Litoměřice
Little Bighorn River
Littleport
Little Rock
Little St. Louis
Little Thetford
Liuboml
Liverpool
Liverpool Island
Livonia
Livonian Brothers of the Sword
Livonian Order
Liyan
Ljubljana
Llanddewi Brefi
Llandovery
Llandrindod Wells
Llandudno
Llanelli
Llanelly
Llangollen
Llangors
Llanstadwell
Lobetania
Locarno
Loch Awe
Loch Doon
Lochindorb
Lochmaben
Loch Ness
Lochore
Lodelow
Lodi
Lodz
Loess Plateau
Lohn
Loire
Loitz
Lolland
Lolland-Falster
Lombard League
Lombardy
Lombers
Lomond
Lompoc
Loncastre
London
Londonderry
Long Beach
Longford
Long Island
Lonigo
Lord Howe Island
Lords of the Sky
Lorestan
Lorraine
Lorrha
Los Alamos
Los Angeles
Los Angeles Basin
Lostwithiel
Lothian
Loughgall
Loughor
Lough Ramor
Loughton
Louhans
Louisa Reef
Louisburg
Louisiana
Louisville
Loulon
Louth
Louthian
Low Countries
Lower Austria
Lower Bosnia
Lower Brittany
Lower Canada
Lower Dnieper
Lower Don
Lower Egypt
Lower Ends
Lower Ferry
Lower Franconia
Lower Galatia
Lower Lake Constance
Lower Lorraine
Lower Navarre
Lower San Francisco Bay
Lower Silesia
Lower Volga
Lowestoft
Lowland Elis
Luanda
Lublin
Lubumbashi
Lucania
Lucayan Archipelago
Lucca
Lucera
Lüchow
Lucknow
Ludlow
Lugoj
Luguidonensia
Lugwardine
Lugwurthin
Luhonono
Luhyny
Luju
Lukeville
Lukomorye
Lumbini
Lunda Plateau
Lunenburg
Lusaka
Lusatia
Lusitania
Lusonia
Lut Desert
Luton
Lutselk'e
Lutsk
Luwuk
Luxembourg
Luxembourg City
Lviv
Lycia
Lydford
Lydia
Lyman
Lyme
Lymeryke
Lympne
Lyndeseye
Lynn
Lyttelton
Lyubim
Maastricht
Macao
Macaronesia
Macau
Macclesfield
Macedonia
Machu Picchu
Machylia
Maclesfield
Macomb
Macon
Mačva
Madagascar
Madderty
Madrid
Maedia
Maelblatha
Maeotia
Magdalena
Magdeburg
Maghera
Maghreb
Maginot Line
Magnesia
Magnesia on the Maeander
Mahabad
Maharashtra
Mahdist Sudan
Mahendragiri
Mahidpur
Mahiladvipika
Mahon
Maillardville
Maindong
Maine
Maionia
Majapahit
Majorca
Majuro
Makhnovia
Malabarist High Priesthood
Malabo
Málaga
Malawi
Malay Peninsula
Malaysia
Malazgirt
Malbork
Maldives
Maldon
Mali
Malin Head
Malin Sea
Mallusk
Malmesbury
Malmyzh
Malpas
Malta
Malton
Man
Manapia
Manassas
Manassas Junction
Manbij
Mancetter
Manchester
Manchuria
Mandalgarh
Mandawar
Mandore
Mandubia
Mango Creek
Manguéni Plateau
Manhattan
Manhattan Commune
Manichaeism
Manila
Manila Bay
Manitoba
Mankessim
Mann
Manned Spacecraft Center
Manning
Mansfeld
Mantua
Mar
Marambio Station
Maramureș
Marble Canyon
Marblehead
Marburg
Marche
Marcianopolis
Marcomannia
Marcus Island
Margam
Margao
Margilan
Mariana Islands
Mariana Trench
Mariandynia
Marie Byrd Land
Mari El
Marienwerder
Maritime Union
Maritsa
Mariupol
Marksville
Marlborough
Marmara
Marmirolo
Maroantsetra
Maroneia
Marquesas Islands
Marrakesh
Mars
Marseille
Marshall Islands
Marstrand
Martha's Vineyard
Martin's Point
Maryland
Mary's Harbour
Maryville
Mascarene Plateau
Maskwacis
Masovia
Massachusetts
Massaesylia
Massawa
Massylia
Masuria
Masurian Lakeland
Matabeleland
Matera
Mathrafal
Mathura
Maughold
Mauretania Tingitana
Mauritania
Mauritanian Desert
Mauritius
Maxwell
Mayboill
Maybole
Mayenne
Maynooth
Mayo
Mayreau
Mazovia
Mbale
McComb
McMurdo Sound
McMurdo Station
Meander
Mearns
Meath
Meaux
Mecca
Mecklenburg
Mecklenburg-Strelitz
Međa
Medellin
Medelpad
Medicine Bow
Medicine Hat
Medicine Lake
Medicine Lodge
Medina
Medina Sidonia
Mediterranean Sea
Megara
Meissen
Meknassy
Meknes
Mekong Delta
Melanesia
Melbourne
Meldorf
Melfi
Melilla
Melita
Melitopol
Mellifont
Melpómene Cove
Melrose
Melton Mowbray
Memphis
Menapia
Mendocino Fracture Zone
Meneith
Menidi
Mercenaries
Mercia
Mercury
Mérida
Merina Kingdom
Merionethshire
Merkinė
Mesa Verde
Meskwaki Settlement
Mesoamerica
Mesopotamia
Mesopotamian Desert
Messapia
Messenia
Messina
Metaline Falls
Methone
Methoni
Métis Confederacy
Metropolis
Metsovo
Metz
Mexican Water
Mexico
Mexico City
Michigan
Micronesia
Mid-Atlantic Ridge
Middelburg
Middelsex
Middle Atbara
Middle Atlas Mountains
Middle Congo
Middle Egypt
Middle Franconia
Middleham
Middle Pyrenees
Middlesex
Midgard
Midhowe Broch
Midlands
Midnapore
Midway Atoll
Międzyrzecz
Mikaševičy
Milan
Mileševa Monastery
Miletus
Milford Haven
Millard City
Milltown
Milton Keynes
Milwaukee
Minneapolis
Minnesota
Minoa
Minsk
Minumouþe
Minutemen
Mirabel
Miranda do Corvo
Mirandola
Mirepoix
Miskolc
Missirikoro
Mississippi
Mississippi River
Missouri
Missouri River
Mithe
Mithymna
Mizhhirya
Moab
Mobile
Mobile Bay
Modena
Moeniccia
Moenkopi
Moerne
Moesia
Mogadishu
Mogaung
Mogilev
Moincêr
Mojave
Mojave Desert
Moldova
Moline
Molossia
Molyvos
Mombasa
Monaco
Monaghan
Monastery of Saint Moses the Abyssinian
Monastery of the Holy Transfiguration of God
Moncada
Monfalcone
Mongol Empire
Mongolia
Mongolian People's Republic
Monmouth
Monmouthshire
Monroe
Monrovia
Monselice
Montallegro
Montana
Montbrison
Montélimar
Montemor-o-Novo
Montenegro
Montevideo
Montferrat
Montgomery
Montgomeryshire
Montreal
Montreuil
Montserrat
Monza
Moon
Mooselookmeguntic Lake
Mora
Moravia
Moray
Mordialloc Creek
Morecania
Moreton Corbet
Morgallion
Morgantina
Morgantown
Morocco
Morpeth
Mortain
Mortelag
Mortemer Abbey
Moscow
Mosquito Coast
Mossel Bay
Mossy Creek
Mostar
Mosul
Mosynopolis
Mounestre
Mountain
Mountain Iron
Mountain Springs
Mountmellick
Mountrath
Moville
Moyaone
Moydow
Mozambique
Mozambique Channel
Mozhaysk
Mtsensk
Mtskheta
Muchelney
Much Wenlock
Mughal Empire
Mugodzhar Hills
Muiden
Muldraugh
Mull
Mullagh
Mullet
Mumbai
Mungret
Munich
Munster
Münster
Murcia
Mureive
Murmansk
Murom
Murray River
Muscat
Muscle Shoals
Muscovy
Muskingum
Mussel Shoals
Mustique
Musulamia
Mutsu Bay
Muzaffarpur
Myanmar
Mycenae
Mygdonia
Mykonos
Myra
Myrmidons
Myrtle Beach
Mysia
Myślibórz
Mysore
Mytilene
Naas
Nădlac
Nador
Næstved
Nagaland
Nagarzê
Nagasaki
Nagorno-Karabakh
Nagpur
Nagqu
Naha
Naharvalia
Nairn
Nairobi
Najd
Nakhchivan
Naknek
Nakskov
Nallamala
Namaqualand
Namibia
Namibian Desert
Namnetia
Nanchang
Nancy
Nancy Harts
Nandagiri
Nandapur
Nanded
Nandurbar
Nanjarayapatna
Nantong
Nantwich
Naples
Nara
Narach
Narberth
Narita
Narvik
Nasamonia
Nashik
Nashville
Nashville Seamount
Natives
Natsudomari Peninsula
Naupactus
Nauplion
Navan
Navarre
Navarrese Company
Navarro
Naxos
Naypyidaw
Nazareth
N'Djamena
Neagh
Neamț
Neander Valley
Neath
Nebraska
Nedryhailiv
Negev
Neidpath
Neman
Nemea
Nemuro Strait
Neosho River
Nepal
Neptune
Nerekhta
Neuquén
Neustria
Neutral Moresnet
Nevada
Nevada Basin
Nevel
Nevis
New Africa
New Aklavik
Newark
New Atlantis
New Brunswick
Newburg Landing
Newbury
New Caledonia
Newcastle
Newcastle upon Tyne
New Delhi
New England
New England Seamounts
Newentone
Neweport
Newfoundland
Newfoundland and Labrador
New France
New Granada
New Guinea
New Hampshire
New Haven
New Jersey
Newland
New Liverpool
New Margelan
New Mexico
New Orleans
Newport
Newport News
New Providence
New Romney
New Ross
Newry
New Santa Fe
New South Wales
New Spain
Newton Mearns
New Toronto
Newtown
New Town
New York
New York City
New Zealand
Nezak Huns
Ngerulmud
Niagara Falls
Niamey
Nicaea
Nicaragua
Nicaragua Canal
Nice
Nicholas I Island
Nickajack
Nicobar Islands
Nicomedia
Nicosia
Niger
Niger Basin
Niger Delta
Nigeria
Niha
Nijmegen
Nikolayevsk-on-Amur
Nile
Nile Delta
Nineveh
Ningxiang
Nishapur
Nithsdale
Nitra
Nitria
Niue
Nizhnie Vorota
Nizhny Novgorod
Nobatia
Norberg
Nordmark
Nord-Pas-de-Calais
Norfolk
Norfolk Island
Norilsk
Norman
Norman Cross
Normandie
Normandy
Normannecros
Norman Wells
Norrland
North Africa
North Albania
North America
Northampton
Northamptonshire
North Angola
North Australia
North Borneo
North Carolina
North Chhattisgarh
North China
North Dakota
North Dalmatia
North-East England
Northeastern Canada
Northeast Indian Ocean
Northeast Siberia
Northern Arabian Sea
Northern Bahamas
Northern Baltic Sea
Northern Bay of Bengal
Northern California
Northern Cameroon
Northern Canada
Northern Cape
Northern Coriondia
Northern Cyprus
Northern England
Northern Epirus
Northern Gangwon
Northern Hungary
Northern Ireland
Northern Isles
Northern Italy
Northern Jutland
Northern Kashmir
Northern Manapia
Northern Norway
Northern Norwegian Sea
Northern Ontario
Northern Polynesia
Northern Quebec
Northern Samar
Northern Siberia
Northern Tasman Sea
Northern Territory
Northern Transylvania
Northern Ukraine
Northern Vietnam
Northern Zealand
North Fork
North Friesland
North German Confederation
North Germany
North Hamgyong
North Hordaland
North India
North Indian Ocean
North Island
North Israel
North Karnataka
North Korea
North Macedonia
North Madagascar
Northmavine
North Palau
North Pole
North Rhine
North Rhine-Westphalia
North Riding
North Ronaldsay
North Sardinia
North Scotland
North Sea
North Sea Empire
North Sentinel Island
North Sinai
North Slovenia
North Texas
Northumberland
North Vietnam
North Wales
North Waziristan
North-West England
Northwestern Canada
Northwest Russia
Northwest Siberia
Northwest Territories
Northwich
Northworthing
Norumbega
Norway
Norwegian Sea
Norwegian Trench
Norwich
Norwiche
Norþfolk
Norþriþing
Norþumbrelond
Norþ Wales
Noto
Notre Dame Bay
Nottingham
Nottinghamshire
Nouakchott
Novara
Nova Scotia
Novhorod-Siverskyi
Novhorodske
Novohrad-Volynskyi
Novonikolayevsk
Novo-Nogaisk
Novorzhev
Novosibirsk
Novosil
Novoslobodskaya
Nowata
Nowy Targ
Nubia
Nukufetau
Nunavut
Nuneaton
Nunne Eton
Nuremberg
Nur-Sultan
Nuuk
Nyala
Nyuk
Oahe Dam
Oakham
Oak Island
Oak Ridge
Oban
Óbidos
Occitania
Ocean
Oceania
Oceanside
Ocean Side
Oceanville
Ochsenfurt
Odense
Odessa
Odiham
Odin
Odomantia
Odrysia
Oesyme
Offaly
Offalyshire
Oghuzia
Ogmore
Ohio
Ohkay Owingeh
Ohrid
Oinoandia
Okehampton
Okhamptone
Okinawa
Oklahoma
Oklahoma City
Oklahoma Panhandle
Oktyabrsk
Olavinlinna
Olbia
Olcadia
Old Deer
Oldleighlin
Old Leighlin
Old Ryazan
Olinda
Olney
Olomouc
Oltenia
Olympia
Olympic Peninsula
Olympic Valley
Olympus
Omagh
Omaha
Omaha Beach
Oman
Omani Desert
Omdurman
Omsk
Ondangwa
Onega
Onega Peninsula
Ontario
Oodnadatta
Oostburg
Opatów
Opeongo Lake
Ophelayn
Opole
Oppidania
Oppland
Orange Free State
Orange River Sovereignty
Orchomenus
Order of Assassins
Order of Hospitallers
Order of Saint Anthony
Order of Santiago
Ordu
Oregon
Orenburg
Orestis
Oretania
Orgayle
Orgenomescia
Orhei
Oriel
Orinoco
Orinoco Delta
Orlando
Orléans
Ormond
Oroandia
Oromia
Oromocto
Oromocto River
Orono
Orono Bog
Orosháza
Orșova
Oryahovo
Oryol
Osaka
Osceola
Oshima
Oshima Peninsula
Oslo
Oslofjord
Osnabrück
Osserye
Ossory
Ostend
Osterburg
Osterland
Ostrobothnia
Ostrogothic Papacy
Ostrov
Oswego
Oświęcim
Osypenko
Otago
Ot-ki-a-wing
Otranto
Ottawa
Ottoman Empire
Ottoman Turks
Ouagadougou
Oudewater
Oujda
Ouranoupoli
Oute-Iles
Outer Banks
Outer Chicagoland
Outer Eritrea
Outer Hausaland
Outer Hebrides
Outer Manchuria
Ovamboland
Oviedo
Owen Sound
Oweynagat
Owo
Oxenford
Oxford
Oxfordshire
Oxybia
Ozurgeti
Pacific Coastal Plain
Pacific Ocean
Pacific Rim
Padmanabhapuram
Padua
Paektu
Paemania
Paeonia
Paesicia
Paesuria
Pagania
Pago Pago
Painted Desert
Paisley
Pakanadu
Pakistan
Pala
Palace
Palatinate
Palau
Palermo
Palestine
Palestrina
Palmer Station
Palmerston
Palmyra Atoll
Palmyrene Empire
Pamiers
Pamlico Sound
Pampas
Pamphylia
Pamplona
Panama
Panama Canal
Panama Canal Zone
Panama City
Panjakent
Pannonia
Pannonian Basin
Papal States
Papcastle
Papeworthe
Paphlagonia
Paphos
Papua New Guinea
Papworth
Paradise Valley
Paraguay
Paralakhemundi
Parappanangadi
Paris
Paris Commune
Parisia
Parker
Parma
Paros
Parry Sound
Pârscov
Parthia
Pasay
Pasewalk
Pashtunistan
Passage East
Passage West
Passaw
Pastaza
Pasvalys
Patagonia
Patras
Patriarchate of the East
Paugwik
Paulistania
Pavia
Pawhuska
Paýpstown
Pazin
Peach Springs
Pearl Harbor
Pearl River Delta
Pechenegs
Pechenga
Pechora
Pécs
Pednelissia
Peebles
Peel
Peeling
Pelagonia
Pelignia
Pella
Peloponnesian League
Pelt
Pembridge
Pembroke
Pembrokeshire
Penbrook
Penicuick
Peniscola
Penllyn
Pennal
Pennsylvania
Penrith
Penwith
People's Republic of China
Peoria
Pereslavl
Pereslavl-Ryazansky
Peresopnytsia
Perigord
Périgueux
Perm
Perminundia
Pernik
Perorsia
Perpignan
Persia
Persian Gulf
Perth
Perth and Kinross
Perthshire
Peru
Peru-Bolivia
Perugia
Peshawar
Peshkopi
Pest
Peterborough
Peterburgh
Peterhead
Peterheved
Petham
Petra
Petrich
Petrocoria
Petropavlovsk-Kamchatsky
Petrovaradin
Petrozavodsk
Pevensey
Pharaoh's Island
Phaselis
Philadelphia
Philippi
Philippines
Philippine Sea
Phnom Penh
Phocaea
Phocis
Phoenice
Phoenicia
Phoenician Sea
Phoenix
Phoenix Company
Phrygia
Phrynia
Phthiotic Thebes
Piacenza
Pialeia
Piatra Neamț
Picardy
Picentia
Pickering
Pictonia
Picuris Pueblo
Piedmont
Piedrahíta
Pielinen
Pierre
Pilistvere
Pindus
Piney Woods
Piombino
Piraeus
Pirates
Pisa
Pisidia
Pitcairn Islands
Pitești
Pitinika
Pitlochry
Pit River
Pitten
Pittsburgh
Plancoët
Plasencia
Plauen
Plavsk
Pleshey
Pleven
Ploiești
Pluto
Plymouth
Pocatello
Pocklington
Podgorica
Podolia
Podporozhye
Podrinje
Pogesania
Point Judith
Poitiers
Pola
Poland
Poland-Lithuania
Polania
Pole
Polistra
Polotsk
Poltava
Polynesia
Polynesian Triangle
Polyrrhenia
Pomerania
Pomerelia
Pomesania
Pontefract
Pontic Mountains
Pontic Steppe
Pontus
Poole
Poor Fork
Poplar River
Porcupine
Porcupine Abyssal Plain
Porcupine Plain
Portage la Prairie
Port Angeles
Port Brabant
Portchester
Port Clarence
Port Coquitlam
Port Darwin
Port Edward
Portersville
Portglenone
Portland
Port Lockroy
Port Lyautey
Port North
Porto
Port of Los Angeles
Port of San Francisco
Port Royal
Port Said
Portsmouth
Portugal
Portuguese Guinea
Poston
Potiskum
Potsdam
Pottenstein
Potulatensia
Poughkeepsie
Po Valley
Poverty Flats
Powhattan
Powis
Powis Fadog
Powis Wenwynwyn
Powys
Poznań
Pozzuoli
Prabuty
Prague
Prairie Village
Prayagraj
Prescott
Prešov
Pressburg
Preston
Pretoria
Prilep
Primm
Prince Albert Sound
Prince of Wales Strait
Prince William Sound
Pristina
Progress Station
Provadiya
Provence
Providence
Prussia
Przhevalsk
Pskov
Psyllia
Pueblo
Pueblo of Isleta
Puerto Rico
Puget Sound
Puigcerdà
Punjab
Punta Colonet
Puntland
Pusan
Putlitz
Puyallup
Pyeongchang
Pyongyang
Pyrenees
Qaidam Basin
Qara Qoyunlu
Qarshi
Qatar
Qedar
Qeqertarsuaq
Qin
Qing
Qingdao
Qinggil
Qinghai
Qinghai Lake
Quad Cities
Quadia
Quantico
Quapaw
Quebec
Quedlinburg
Queen
Queen Charlotte
Queen Charlotte Islands
Queen Creek
Queens
Queensferry
Queensland
Queen Victoria Sea
Quenesferie
Quetta
Quil Ceda Village
Quimper
Quintin
Quweisna
QwaQwa
Rabbinist High Priesthood
Racibórz
Radefelt
Radfield
Radnor
Radnore
Raeburnfoot
Rae-Edzo
Rafah
Rahan
Raidergoe
Rajanpur
Rajasthan
Rakvere
Ralik Chain
Ramadi
Ramallah
Ramatuelle
Rameseie
Rameswaram
Ramla
Râmnicu Vâlcea
Ramsbury
Ramsey
Rand
Randers
Rannoch
Raphoe
Raqqada
Ras al-Khaimah
Rascia
Raseiniai
Raška
Ras Tanura
Ratacensia
Rathangan
Rathbeg
Rathika
Rathlaoghaire
Rathmore
Rathnadarve
Rathnariogh
Rathnaseanadh
Rat Portage
Raudondvaris
Râul Canadian
Rauma
Raumaricia
Rauracia
Ravello
Ravennika
Rawandiz
Rayleigh
Reading
Rebels
Recaș
Red Banks
Red Deer
Redding
Redinge
Redonia
Red Ruthenia
Red Sea
Redshanks
Reeder
Refugee Cove
Regency of Algiers
Regensburg
Reggane
Reggio Calabria
Regina
Rehoboth Beach
Reindeer Lake
Relignaree
Renesse
Renfrew
Renfrewshire
Reni
Rennes
Reno
Repton
Republic
Reserve
Resia Valley
Reșița
Restormel
Retford
Rethel
Rethymno
Retong
Reudignia
Reval
Revillagigedo Islands
Reykjavík
Rhayader
Rheims
Rheinberg
Rhine
Rhineland
Rhinelander
Rhineland-Palatinate
Rhode Island
Rhodes
Rhodesia
Rhodope
Rhos-on-Sea
Ribchester
Richmond
Riga
Rigolet
Rimavská Sobota
Rimini
Rinbung
Ringsted
Rio Grande
Rio Grande Valley
Ripon
Rishabhdeo
Ristiina
River
Riverina
Riverside
Riyadh
Roan Plateau
Robogdia
Rochechouart
Rochester
Rockall
Rockingham
Rock Island
Rock of Cashel
Rocky Harbour
Rocky Mountains
Roden
Rodez
Roermond
Rogaland
Rohilkhand
Rokol
Romagna
Romain Empire
Roman
Roman Empire
Romania
Roman Kingdom
Romanov-on-Murman
Roman Republic
Rome
Romerike
Romney Marsh
Romny
Ronaldsay
Ronda
Ronneby
Ronsberg
Roscommon
Roscrea
Rosello
Rosemarkie
Rosemary Bank
Roses
Roslavl
Ross
Rosscarbery
Ross-on-Wye
Ross Sea
Rostov-on-Don
Roswell
Rothbury
Rothenburg
Rothsville
Rotterdam
Rouchestre
Rouen
Rouergue
Rough and Ready
Rouran
Rousay
Routhebury
Rovereto
Rovigo
Roxburgh
Roxolania
Royan
Rubrinsia
Ruby Ridge
Rucinatia
Rufford
Ruhr Coalfield
Rum
Rumelia
Rupert's Land
Rus
Rushen
Russia
Russian Empire
Russian Far East
Russian River
Rutenia
Ruthenia
Ruthin
Rutland
Rutlond
Rutog
Rwanda
Ryazan
Rybachy Peninsula
Rybinsk
Ryukyu Islands
Saarbrücken
Saarland
Sable Island
Sacramento
Sadamisaki Peninsula
Saddell
Sagalassia
Saguenay
Sahagún
Sahara
Saharan Atlas
Sahrawi Arab Democratic Republic
Saigon
Saint Agatha
Saint Albans
Saint Albones
Saint Andrew
Saint Andrews
Saint Anthony
Saint Antoninus
Saint Arnold
Saint Asaph
Saint Benedict
Saint Bertrand
Saint-Bertrand-de-Comminges
Saint Bridget
Saint Catherine
Saint David
Saint Denis
Saint Diego
Saint Dominic
Saint Edmundsbury
Saint Emmeran
Saint Ferdinand
Saint Francis
Saint George
Saint Helen
Saint Helena
Saint Helens
Saint James
Saint John
Saint Johnston
Saint Joseph
Saint Joseph of the Vale
Saint Julian
Saint Kitts
Saint Kitts and Nevis
Saint Lawrence
Saint Leonard
Saint Lewis
Saint Louis
Saint Lucia
Saint Lucia Channel
Saint Machar
Saint Martin
Saint Mary
Saint Maximilian
Saint Michael
Saint Moluag
Saint Moses
Saint Moses the Abyssinian
Saint Nicholas
Saint Patrick
Saint Patrick's
Saint Paul
Saint Peter
Saint Peter Port
Saint Petersburg
Saint Pierre and Miquelon
Saint Pontia
Saint Quentin
Saint Severina
Saint Stephen
Saint Trudpert
Saint Vincent
Saint Vincent and the Grenadines
Saipan
Saissac
Sakhalin
Saksin
Salacgrīva
Salamanca
Salamis
Salamiyah
Salassia
Salavan
Saldensia
Salem
Salem Center
Salen
Salford
Salisbury
Salish Sea
Salluvia
Salonika
Salonta
Salt Lake City
Saltwood
Salvaterra
Salzburg
Samannud
Samaria
Samaritan High Priesthood
Samarkand
Samar Sea
Samassi
Samnium
Samoa
Samogitia
Samothrace
Samsun
Sanaga-Maritime
San Antonio
San Benedicto
San Bernardino
Sancerre
Sancte Johnstoun
Sandbach
Sandfordscourt
Sandham
San Diego
San Diego Zoo
Sandown
Sandwich
San Francisco
San Francisco Bay
San Francisco Bay Area
San Juan
San Marcelino
San Marcos
San Marino
Sanquhar
Santa Barbara
Santa Barbara Channel
Santaclaus
Santa Claus
Santa Fe
Santa Monica
Santander
Santarém
Santonia
São Francisco River
Sapcote
Sarajevo
Sarakhs
Sarangpur
Saratov
Sarawak
Sardinia
Sardinia-Piedmont
Sargasso Sea
Sarisberie
Sarkel
Sarmatia
Sarov
Sarra Triangle
Sarrebourg
Sarvestan
Saskatchewan
Saskatchewan River
Saskatoon
Sassari
Satiyaputa
Sattagydia
Saturn
Saudi Arabia
Sauford
Sault Ste. Marie
Savannah
Savannakhet
Savoy
Savu Sea
Saxe-Coburg-Gotha
Saxe-Lauenburg
Saxe-Meiningen
Saxe-Weimar
Saxlond
Saxony
Saxony-Anhalt
Sayan
Scalloway
Scandinavia
Scania
Scapa Flow
Scarborough
Scarborough Shoal
Scarinish
Schaftesbury
Scharburgh
Schärding
Schaumburg
Schengen Area
Schrobesbury
Schuckmannsburg
Schweinfurt
Sciria
Scone
Scordiscia
Scotland
Scotland and Ireland
Scotland and Wales
Scotlond
Scott City
Scottish Guards
Scottish Highlands
Scottish Lowlands
Scranton
Scythia
Seabrook Island
Sea Islands
Sealand
Sea of Galilee
Sea of Japan
Sea of Sardinia
Searles Valley
Seattle
Sebasteia
Sedetania
Sedna
Sees
Sefrou
Segestania
Segni
Segusiavia
Seiling
Selby
Selechirche
Selenga Valley
Seleucid Empire
Selinia
Seljuk Empire
Seljuks
Selkirk
Sells
Selonia
Sēlpils
Selsey
Selymbria
Semender
Seminole
Semnonia
Sendamangalam
Senegal
Senigallia
Sennar
Senonia
Sens
Senta
Seoul
Sequania
Serbia
Serekunda
Serpukhov
Servantikar
Seurria
Seuthopolis
Sevacia
Sevastopol
Sevastopol Bay
Seven Magyars
Seven Slavic Tribes
Severia
Severin
Severn Sea
Seville
Sevsk
Seychelles
Sfax
Shaanxi
Shabwa
Shackleton Fracture Zone
Shadrinsk
Shaftesbury
Shahi Island
Shahrazur
Shahr-e Gholghola
Shaizar
Shandong Peninsula
Shanghai
Shangri-La
Shanksville
Shanxi
Sheet Harbour
Sheffeld
Sheffield
Shelburne
Shendi
Shene
Shenkursk
Shenzhen
Sheopur
Sherbrooke
Shergarh
Sherkin
Sherwode
Sherwood
Shetland
Shevchenko
Shia Caliphate
Shibuya
Shigatse
Shiloh
Shinjuku
Shiprock
Shipston
Shipston-on-Stour
Shlisselburg
Shoshone Falls
Shravasti
Shrewsbury
Shropshire
Shrule
Shuruppak
Shwebo
Siachen Glacier
Siam
Šibenik
Siberia
Sichuan
Sicily
Siculia
Sieradz
Sierra Leone
Sigüenza
Sihanoukville
Sijilmasa
Sikasso
Sikh Empire
Sikkim
Siklós
Silchar
Silenia
Silesia
Siletiteniz
Siliguri
Silla
Siluria
Șimand
Simbiling
Simmons Island
Simpson's Store
Sims
Sinai
Sinai Peninsula
Sinaloa Cartel
Sindh
Singapore
Singhanavati
Sinj
Sinjar Mountains
Sioux City
Sipaliwini
Siracia
Siraj-ji-Takri
Siret
Sirius
Sirmium
Siruvachur
Sisseton
Sistan
Sisteron
Sitagroi
Sitonia
Siuntio
Siwa Corridor
Şırnak
Skagen
Skåneland
Skardu
Skellig
Skipsea
Skobelev
Skopje
Skwierzyna
Skye
Skyros
Slavia
Sleaford
Sleat
Sleswick
Sligo
Sloan
Sloane's Station
Slovakia
Slovenia
Small Swords Society
Smederevo
Smithers
Smithers Landing
Smith River
Smolensk
Smyrna
Snake River
Snake River Plain
Snare Lake
Snizort
Snoqualmie Pass
Snowdonia
Snowdrift
Sobrance
Socorro
Socorro Island
Socosia
Socotra
Sodom
Sofia
Sogdia
Sohm Abyssal Plain
Sola
Solicia
Solikamsk
Solin
Solomon Islands
Soltaniyeh
Solymia
Somalia
Somaliland
Somapura Mahavihara
Somerset
Somersete
Somerton
Somogy
Sonneberg
Sonning
Sons of Kaleva
Sonsorol
Sophene
Sopron
Sorbia
Sordonia
Soroca
Sortavala
South Africa
South America
Southampton
Southamptonshire
South Angola
South Australia
South Bohemia
South Carolina
South Chahar
South Chhattisgarh
South China
South China Sea
South Dakota
South Dalmatia
South Dildo
Southeastern Arabian Sea
South Ellington
Southend-on-Sea
Southern Africa
Southern Albania
Southern Bahamas
Southern Baltic Sea
Southern Bay of Bengal
Southern Bessarabia
Southern Bight
Southern Bulgaria
Southern California
Southern Cantabria
Southern Chaco
Southern Coriondia
Southern England
Southern Gangwon
Southern Hanover-Brunswick
Southern Indochina
Southern Ireland
Southern Italy
Southern Jutland
Southern Macedonia
Southern Manapia
Southern Minnesota
Southern Norwegian Sea
Southern Ocean
Southern Ontario
Southern Polynesia
Southern Rhodesia
Southern Sahara
Southern Serbia
Southern Slovakia
Southern Tasman Sea
Southern Ukraine
Southern Vietnam
Southern Zealand
South Georgia
South Georgia and the South Sandwich Islands
South Germany
South Hamgyong
South Hargaya
South Hodh
South Hordaland
South Indian Ocean
South Island
South Israel
South Kordofan
South Korea
South Madagascar
South Naknek
South Pass
South Pass City
South Pole
South Ronaldsay
South Sardinia
South Scotland
South Sentinel Island
South Sinai
South Sudan
South Texas
South Tyrol
South Vietnam
South Wales
Southwark
Southwell
South West Africa
South West England
Southwestern Arabian Sea
South Yorkshire
Souþeray
Souþfolk
Souþsex
Souþ Wales
Sovana
Soviet Union
Sozopol
Spain
Spanish Africa
Spanish Virgin Islands
Sparta
Spas-Demensk
Speyer
Spirit Guardians
Spokane
Spokane Valley
Spoleto
Sponheim
Spreewald
Spremberg
Springfield
Springhead
Squamish
Squawvalley
Squaw Valley
Sremska Mitrovica
Srikalahasti
Sri Lanka
Srinagar
Srirangam
Srirangapatna
Sri Surya Pahar
Stadacona
Staffordshire
Stafforrd
St Aidan's
Stalin
Stalinabad
Stalingrad
Stalino
Stamford
Stamford Bridge
St. Andrews
Stange
Stanley
Stanton
Stanton upon Hine Heath
Starkville
Starodub
Starodub-on-the-Klyazma
St Asaph
State Line
Staten Island
Stavanger
St. Cathan
St. Cyrus
St. Davids
Steamboat Springs
Stegeborg
Steinvikholm
Stepanakert
Sterlitamak
Stevens Village
St. George's
St George's Channel
St. George's Channel
Stirling
St. Ishmael
St. Ives
St. Kentigern
St. Lawrence River
Stobo
Stockholm
Stonehaven
Storgosia
Stornoway
Stortford
Stow of Wedale
St Paul's Islands
Stradbally
Stradearn
Strait of Bonifacio
Strait of Gibraltar
Strait of Magellan
Strait of Messina
Stralsund
Strangford
Strasbourg
Stratford-upon-Avon
Strathardle
Strathclyde
Strathearn
Strathgryte
Streamstown
Strevelin
Stromness
Stroud
Štrpce
Struan
Strumica
Stuart
Sturgis
Stuttgart
Stymphalia
Styria
Suakin
Suardonia
Subartu
Subcarpathia
Sucre
Sudan
Sudanese Desert
Sudan Revolutionary Front
Sudbury
Sudeley
Sudetenland
Sudinoia
Sudovia
Suez
Suez Canal
Suffolk
Sugambria
Suionia
Sulby
Sulina
Sulphur Island
Sümeg
Sumer
Sumy
Sun
Sunda Islands
Sundance
Sunni Caliphate
Supai
Superatia
Superior
Surgères
Surguja
Surigao City
Surrey
Suruga Bay
Susa
Sussex
Sutherland
Suthernelond
Suthewark
Suzdal
Suþbery
Svendborg
Svishtov
Swabia
Swallow Reef
Swanfield
Swansea
Sweden
Swedish Africa Company
Sween
Sweland
Sweynesse
Swift Current
Swiss Guard
Swiss Plateau
Switzerland
Sydenham
Sydney
Synthetics
Syracuse
Syria
Syriac Orthodox Church
Syrian Desert
Syros
Szczecin
Szczecin Lagoon
Szeged
Szekeler Land
Szerencs
Szigetvár
Szolnok
Szombathely
Szydłowiec
Tabaristan
Tabasco
Tabriz
Tabuk
Tadjoura
Tadmur
Taexalia
Tagant
Tahiti
Tahlequah
Tahlonteeskee
Taifalia
Tain
Taipei
Taiwan
Tajikistan
Takrur
Talakad
Talgarth
Talladega
Tallaght
Tallahassee
Talley
Tallinn
Taluria
Tama
Tamagania
Tamaricia
Tambov
Tambunan
Tamil Nadu
Tampa
Tampa Bay
Tamworth
Tandridge
Tanganyika
Tangier
Tannu Tuva
Tanukhids
Tanzania
Taormina
Taos Pueblo
Taphus
Tapolca
Tapolia
Tara
Taranto
Tarazona
Tarbellia
Targhee Pass
Târgu Jiu
Tarim Basin
Taroudant
Tarragona
Tarsus
Tartary
Tartu
Tashir
Tashkent
Tashkurgan
Tasmania
Tasman Sea
Tataouine
Tatarstan
Tattershall
Taulantia
Taungup
Taunton
Taurinia
Tauriscia
Tavistock
Tayk
Taylor's Crossing
Taymyr Peninsula
Tbilisi
Teakettle Junction
Tecklenburg
Tectosagia
Tecuci
Teffia
Tehran
Telangana
Telemark
Telkibánya
Tell Atlas
Templepatrick
Templin
Tenby
Tencteria
Tenerife
Tenkodogo
Tennessee
Teramo
Terek Pass
Termonfeckin
Ternate
Ternate Island
Terni
Terrace Heights
Terteroba
Teruel
Tetjnae
Tetrakomia
Teuria
Teutonia
Teutonic Order
Teutonic State
Tevedale
Teviotdale
Tewkesbury
Texarkana
Texas
Texas Panhandle
Texel
Thailand
Thames
Thandwe
Thasos
Thebes
The Guianas
The Hague
The Hwicce
Thembuland
The Metropolitanate of the West
The Pass of the North
Thermaic Gulf
The Sky-Temple
Thesprotia
Thessalonica
Thessaloniki
Thessaly
Thetford
The Valley
Thilerstane
Thionville
Thirlestane
Thirteen Colonies
Thiruvananthapuram
Thohoyandou
Tholen
Tholey
Thomond
Thomone
Thorn
Thornbury
Thor's Harbour
Thouars
Thrace
Thracesia
Thracian Goths
Thracian Phoros
Thracian Sea
Threave
Three Affiliated Tribes
Three Leagues
Three Seats
Thunder Bay
Thuringia
Thurso
Thyatira
Tiachiv
Tianjin
Tian Shan
Tiaret
Tibet
Tibulatia
Tiburia
Tichit
Tidore
Tidore Island
Tierra Amarilla
Tigray Region
Tigris
Tigurinia
Tihamah
Tijuana
Tikhvin
Tikrit
Tilburg
Tillamook Bay
Timachia
Timahoe
Timan Ridge
Timbuktu
Timor
Timurid Dynasty
Timurid Empire
Timurids
Tinchebray
Tintagel
Tintaieol
Tintern
Tipasa
Tipperary
Tipperaryshire
Tiptona
Tirana
Tirawley
Tirhugh
Tirtaliquia
Tiruchirappalli
Tirukoilur
Tirunelveli
Tiruppur
Titan
Titel
Tivland
Tivoli
Tlemcen
Tmutarakan
Tobago
Tobermory
Togo
Togoland
Tögsköl Khanate
Tokharistan
Tokugawa Shogunate
Tokyo
Toledo
Toledo Strip
Tolentino
Tolistobogia
Tollensians
Tolna
Tolofon
Tonbridge
Tong Pass
Tongren
Tonlé Sap
Tonsberg
Toodyay
Topcliffe
Topeka
Toppenish
Topusko
Torgau
Torksey
Toro
Toronto
Toropets
Torpichen
Tórshavn
Tortuga
Toteneys
Totnes
Tougenia
Toulouse
Touron
Towcester
Tower of David
Town and Country
Toxandria
Trachis
Trajanic Trophy
Tralee
Transalpine Gaul
Transbaikal
Transcarpathia
Transcaspia
Transdanubia
Transjordan
Transjurania
Transnistria
Transoxiana
Transvolcanic Belt
Transylvania
Trapani
Trausnitz
Travancore
Trebinje
Trebizond
Trebnje
Trench Town
Trethevy
Tretower
Treveria
Treysa
Triakontaschoinos
Triballia
Triboccia
Tricassia
Trier
Trieste
Trikala
Trim
Trincomalee
Tring
Trinidad
Trinidad and Tobago
Trinovantia
Trnava
Troad
Trocmia
Trogir
Troia
Troitsk
Trondheim
Trotternish
Troy
Troyes
Trucial States
Trujillo
Truro
Truth or Consequences
Tsakhur
Tsaritsyn
Tsaryovokokshaysk
Tselinograd
Tskhinvali
Tsugaru Strait
Tswanaland
Tuam
Tuareg Shield
Tuba City
Tubajon
Tucker's Town
Tucson
Tudela
Tuktoyaktuk
Tulare Lake
Tulingia
Tullibardine
Tullyhogue
Tullymongan
Tumen
Tunceli
Tunis
Tunisia
Tur Abdin
Turdetania
Turdulia
Turin
Turkestan
Turkey
Turkmenia
Turkmenistan
Turks and Caicos Islands
Turmodigia
Turnberry
Turnhout
Turonia
Turtlepoint
Turuberan
Tuscan League
Tuscany
Tuscany and Umbria
Tutbury
Tver
Tvrdošín
Tweedmouth
Twelver Imamate
Twin Bridges
Twin Buttes
Twin Cities
Twin Falls
Twin Peaks
Two Sicilies
Tykocin
Tymandia
Tymphaia
Tyndaria
Tyne and Wear
Tynemouth
Tyngstown
Tyninghame
Tyr
Tyrconnell
Tyrgetia
Tyrol
Tyrone
Tyrrhenian Sea
Tysmenytsia
Tyumen
Ubon Ratchathani
Ubykhia
Uchangidurga
Udmurtia
Ufa
Uffenheim
Uganda
Uig
Uist
Ujiji
Ujjain
Ukraine
Ulaanbaatar
Ulaangom
Ulcinj
Uliastai
Ullapool
Ulnester
Ulster
Ulukhaktok
Ulverston
Umbria
Umma
Ungava Bay
Unified Silla
Unincorporated Town No. 1
Uninhabitable Desert
Union of Egoists
United Arab Emirates
United Baltic Duchy
United Belgian States
United Kingdom
United Nations
United Netherlands
United States
United States of Africa
United States of America
United States of Central America
United States of Latin Africa
United States Virgin Islands
Universal City
Universitet
Uperacia
Upper Armenia
Upper Austria
Upper Baguirmi
Upper Bosnia
Upper British Columbia
Upper Brittany
Upper Burgundy
Upper Canada
Upper Do
Upper Egypt
Upper Franconia
Upper Kwararafa
Upper Lake Constance
Upper Lorraine
Upper Michigan
Upper Milk
Upper Moldavia
Upper Ossory
Upper Peninsula
Upper Peru
Upper San Francisco Bay
Upper Silesia
Upper Thrace
Upper Volta
Upper Wasulu
Uppland
Uppsala
Ural
Uranus
Urgell
Uromi
Urquhart
Uruguay
Uryel
Useldange
Ushnagh
Ushytsia
Usipetia
Usk
Usora
Ust-Ishim
Ustyuzhna
Ust-Zeysky
Utah
Ute Mountain
Uthal
Utqiagvik
Utrecht
Utsalady
Utsjoki
Uttar Pradesh
Uvalde
Uyghuria
Uzbekia
Uzbekistan
Uzhhorod
Vaccaeia
Vacoas-Phoenix
Vadinia
Vadnagar
Vaghli
Vaijapur
Valashejerd
Val-des-Sources
Valencia
Valkenburg
Vallabhipur
Valladolid
Valletta
Valley Station
Valparaiso
Valtierra
Vancouver
Vancouver Island
Vandalia
Vangionia
Varangian Guard
Varberg
Vardulia
Varinia
Värmland
Varna
Varniai
Varrinia
Vasconia
Vaslui
Vaspurakan
Vast Desert
Västmanland
Vasylkiv
Vasyugan
Vatican
Vatican City
Vaud
Vavuniya
Velashjerd
Veliocassia
Velizh
Vellore
Velsk
Velykyi Bereznyi
Vemulavada
Vendôme
Venellia
Venetia
Venetian Navy
Venetie
Venezuela
Venice
Venicnia
Venlo
Venosa
Ventspils
Venus
Vepsia
Verbigenia
Vercelli
Verden
Verdun
Vermont
Vermont and New Hampshire
Verniy
Veroia
Verona
Versailles
Veruela
Verwoerdburg
Vestfold
Veszprém
Vetluga
Vettonia
Vianen
Vicenza
Vichy
Vichy France
Victoria
Victual Brothers
Vidarbha
Vidin
Vidisha
Vidzeme
Vienna
Vientiane
Vieques
Vieste
Vietnam
Vietnamese Highlands
Vijayapura
Víkin
Vilnius
Vilvoorde
Vinaròs
Vindhya Pradesh
Vineland
Vingulmark
Vinland
Vinnytsia
Virginia
Virginia Peninsula
Virgin Islands
Viromanduia
Virumaa
Visegrád
Višegrad
Viseu
Vistula Lagoon
Vitebsk
Viterbo
Vladimir
Vlorë
Vocontia
Voden
Vojvodina
Volga
Volga Bulgaria
Volga-Ural
Volgograd
Volkhov
Volodymyr
Volodymyr-Volynskyi
Vologda
Volterra
Voluntia
Voronezh
Vorotnavank
Votadinia
Vozrozhdeniya Island
Vozviahel
Vranje
Vranov nad Topľou
Vrindavan
Vrlika
Vršac
Vyangi
Vyazma
Vyborg
Vyshgorodok
Vyshny Volochyok
Vytegorsky Pogost
Vytegra
Wabanaki Confederacy
Wąbrzeźno
Waddan
Wadden Sea
Wagga Wagga
Wake Forest
Wake Forest College
Wake Island
Waldeck
Wales
Wall
Wallaby Plateau
Wallachia
Walla Walla
Wallingford
Wallonia
Walsingham
Walton
Walvis Bay
Walvis Ridge
Wandel Sea
Wareham
Warewik
Warkworth
Warmia-Masuria
Warnabia
Warriors of Perun
Warsangali
Warsaw
Wartburg
Warwick
Warwickshire
Washington
Wassenberg
Waterberg Coalfield
Water Eaton
Waterford
Watertown
Watoga
Waukesha
Waverley
Waziristan
Weddell Sea
Weeks Island
Weeting
Weimar
Weinheim
Weisforthe
Weitchpec
Wekweètì
Wekweti
Wellingborough
Wellington
Wells
Wellsboro
Wellsborough
Wels
Welshpool
Wenatchee
Wendish Empire
Wendling
Weno
Wertheim
Weser
Weser-Ems
Wessex
West Africa
West Aswan
West Auckland
West Azerbaijan
West Banat
West Bengal
West Berlin
West Borneo
Westbury
West China
West Damot
West Derby
Western Afghanistan
Western Antarctica
Western Aragon
Western Armenia
Western Australia
Western Baguirmi
Western Baltic Sea
Western Bay of Bengal
Western Bulgaria
Western Cape
Western Europe
Western Gotland
Western Hudson Bay
Western Jutland
Western Macedonia
Western Manapia
Western Mediterranean Sea
Western Mongolia
Western Montana
Western Norway
Western Norwegian Sea
Western Polynesia
Western Pomerania
Western Roman Empire
Western Russia
Western Sahara
Western Sayan
Western Seaboard
Western Siberia
Western Slovakia
Western Tasman Sea
Western Togoland
Western Ukraine
Western Usdia
Western Zealand
Westfjords
West Florida
West Franconia
West Friesland
West Frisian Islands
West Germany
West Glacier
West Gurma
West Hargaya
West Hodh
West Indian Ocean
West Indies
West Indies Federation
West Java
West Jerusalem
West Karelia
West Kilbride
West Kordofan
West Mauritanian Desert
Westmerlond
West Micronesia
West Midlands
Westminster
Westmorland
West Pakistan
Westphalia
West Point
Westport
West Prussia
West Rajasthan
Westray
West Riding
Westriþing
West Rutland
West Slavia
West Switzerland
Westsylvania
West Tagant
West Texas
West Timor
West Tunguska
West Valley City
West Virginia
West Yorkshire
Wetuuangha
Wetwang
Wexford
Weymouth
Wherwell
Whitby
Whitecastle
White Company
Whitehaven
White Horde
Whitekirk
White Plains
White Sea
White Sulphur Springs
White Tower
Whithofthaven
Whithorn
Whitstable
Whittier
Whittington
Wic
Wichita
Wick
Wicklow
Widdin
Wieluń
Wiener Neustadt
Wight
Wigmore
Wigtown
Wild Horse
Wildon
Wilhelmshaven
Wilkes-Barre
Willandra Lakes
Williamsburg
William the Fourth's Island
Willington
Wilmington
Wilster
Wilton
Wiltshire
Wilusa
Winchcombe
Winchelsea Beach
Winchester
Winchestre
Window Rock
Windsor
Windward Coast
Windward Islands
Winnebago
Winnipeg
Winter Harbor
Winter Harbour
Winterstoke
Winterthur
Wirtemberg
Wisbech
Wisconsin
Wisconsin Rapids
Wissant
Witeby
Witney
Wixebrug
Woking
Wokingham
Wolgast
Wollaston Lake
Wollongong
Wolof
Wolverhampton
Wolvesey
Wolvrenehampton
Woodstock
Woodstown
Worcester
Worcestershire
Worcestre
Worksop
Woxbrigge
Wrexham
Wroxeter
Wschowa
Wurzburgh
Wusun
Wycombe
Wycumbe
Wygingelow
Wyola
Wyoming
Wyoming Valley
Wyre
Wyszogród
Xiamen
Xi'an
Xiangyang
Xianyang
Xingcheng
Xiongnu
Yabrin
Yalta
Yalu
Yamacraw Bluff
Yamantau
Yamashiro
Yangtze Delta
Yangzhou
Yankton
Yaoundé
Yap
Yaqui River
Yarlestre
Yarmouth
Yatenga
Yaudheya
Yedisan
Yeha
Yekaterinburg
Yekaterinodar
Yell
Yella
Yellow Sand Society
Yelnya
Yemen
Yengisar
Yerevan
Yerington
Yoredale
York
Yorke
Yorkeshire
Yorkshire
Yorubaland
Yoshkar-Ola
Youghal
Yssingeaux
Yuan
Yucatán
Yucatán Peninsula
Yugoslavia
Yukon
Yukon Flats
Yukon River
Yukon Territory
Yulin
Yuma
Yunaska Island
Yunnan
Yuzovka
Zabaykalsky Krai
Zabulistan
Zadar
Zagreb
Zaire
Zamakhshar
Zambezia
Zambia
Zamora
Zamthang
Zaolzie
Zaporozhzhia
Zaragoza
Zawiya
Zealand
Zealandia
Zealots
Zebak
Zeeland
Zell
Zenith Plateau
Zhangbei
Zhangjiakou
Zhejiang
Zhelezny Ustyug
Zhongnan Mountains
Zhongzhou Reef
Zhubei
Zhytomyr
Zia Pueblo
Žilina
Zimbabwe
Zinc
Zinjibar
Zion
Zlatoust
Zoar
Zoarville
Zubtsov
Zululand
Zurich
Zürich
Zurvanism
Zurvanite High Priesthood
Zutphen
Zviahel
Zvolen
Zweibrücken
Zwolle
Zygia
Þedeford
Þorsa
