Abaclia
Albina
Alexanderfeld
Alexandru Ioan Cuza
Andrușul de Jos
Andrușul de Sus
Antoneni_Antoneuca
Antonești
Antoneuca_Antoneuca
Arionești
Baccealia
Băcioi
Badicul Moldovenesc
Bahmut
Baimaclia
Balasinești
Bălbănești
Bălcăuți
Bălțata
Baraboi
Baroncea
Bașcalia
Batâr
Baurci-Moldoveni
Beleavinți
Berlinți
Bogdănești
Borceag
Boșcana
Botnărești
Brânza
Bravicea
Briceni
Bubuieci
Bucuria
Buda
Budești
Bulboaca
Burlăceni
Burlacu
Căbăiești
Câietu
Calfa
Cania
Capaclia
Carabetovca
Caracușenii Vechi
Cârnățeni
Cârnățenii Noi
Cârpești
Câșla
Câșlița-Prut
Cenac
Cernoleuca
Cetănești_Pervomaiscoe
Chetrosu
Chioselia
Chioselia Mare
Chirca
Chircăiești
Chircăieștii Noi
Chițcani
Cimișeni
Ciobalaccia
Ciobanovca
Ciorescu
Ciucur-Mingir
Ciuflești
Climăuți
Cobusca Nouă
Cobusca Veche
Cocieri
Cociulia
Codreni
Colibași
Colicăuți
Colonița
Condrița
Copanca
Corbu
Corjeuți
Corjova
Coșcalia
Coșernița
Coșnița
Coștangalia
Coteala
Cotiujeni
Cotova
Cremenciug
Crihana Veche
Crișcăuți
Criva
Cruglic
Cruzești
Cucoara
Delacău
Dereneu
Doina
Dolinnoe
Dominteni
Dondoșani_Dondușeni
Dondușeni_Dondușeni
Doroțcaia
Drăsliceni
Drepcăuți
Drochia
Drumoasa
Dubăsarii Vechi
Ecaterinovca
Elisabeta
Elizaveta
Enichioi
Fântânița_Fântânița
Fârlădeni
Floreni
Frasân_Frasin
Frasin_Frasin
Gâsca
Găvănoasa
Geamăna
Ghica-Vodă_Miciurin
Ghidighici
Ghizdita_Fântânița
Giurgiulești
Gotești
Grădinița
Gradiște
Grătiești
Gribova_Gribova
Grigorievca
Grimăncăuți
Gura Bâcului
Gura Galbenei
Hagimus
Halahora de Sus
Haragâș
Hârbovăț
Hârjauca
Hârtop
Hârtopul Mare
Hăsnășenii Mari
Hăsnășenii Noi
Hirova
Hlinga
Hoginești
Holercani
Horodiște
Horodiște_Horodiște
Horodiștea_Horodiște
Hrușova
Huluboaia
Ialpujeni
Iordanovca
Iserlia
Ișnovăț
Iujnoe
Ivanovca Nouă
Izbiște
Jevreni
Juvgur
Larga
Larga Nouă
Lărguța
Lebedenco
Lingura
Lipoveni
Lopățica
Lucești
Măgdăcești
Mândâc
Manta
Maramonovca_Maramonovca
Marcăuți
Marcăuți_Marcăuți
Mărcăuți_Marcăuți
Mascăuți
Maximovca
Medveja
Meleșeni
Mereni
Merenii Noi
Miciurin_Miciurin
Miclești
Mihăileni
Mihailovca
Moara de Piatră
Moara Nouă_Maramonovca
Molovata
Molovata Nouă
Moșana
Moscovei
Nădușita_Gribova
Nădușița_Gribova
Nicoreni_Nicoreni
Nicorești_Nicorești
Nișcani
Ochiul Alb
Ochiul Roș
Onișcani
Onițcani
Opaci
Oxentea_Oxentea
Oxintea_Oxentea
Palanca
Pârâta
Pârjolteni
Pașcani
Păulești
Pelinei
Pelinia
Pererâta
Pervomaisc
Pervomaiscoe_Pervomaiscoe
Peticeni
Petreni
Pitușca
Pivniceni
Pleșeni
Plop_Plop
Plop-Știubei
Plopi
Plopi_Plop
Pocrovca
Popeștii de Jos
Popeștii de Sus
Porumbești
Porumbrei
Proteagailovca
Puhăceni
Răciula
Răculești
Râșcova
Rediul Mare
Roșcani
Roșu
Sadâc
Sadaclia
Sadova
Sadovoe
Sagaidac
Săiți
Sălcuța
Șalvirii Vechi
Șamalia
Săseni
Satul Nou
Scăieni # Formerly Scăienii de Sus
Selemet
Șerpeni
Sipoteni
Șirăuți
Slobozia Mare
Slobozia-Dușca
Slobozia-Șirăuți
Sofia
Speia
Stăuceni
Stoianovca
Sudarca
Șuri
Suric
Tabani
Tănătari
Tănătarii Noi
Țânțăreni
Taraclia
Țarigrad
Târnova
Tartaul
Tartaul de Salcie
Tătărești
Țaul
Teleșăuca_Teleșeuca
Teleșeuca_Teleșeuca # Formerly Teleșăuca Veche
Telița
Temeleuți
Tețcani
Țibirica
Țiganca
Toceni
Tocuz
Tohatin
Topala
Traclia de Salcie
Trebisăuți
Troițcoe
Trușeni
Tuzara
Ucrainca
Ursoaia
Ustia
Vadul lui Isac
Vălcineț
Valea Perjei
Văleni
Varnița
Vărzăreștii Noi
Vișinovca
Zăicana
Zaim
Zârnești
Zgurița
Zolotievca