A Algaba
Abecásia
Abeocutá
Abidjã
Abidos
Abissínia
Abrantes
Abruço
Abu Camal
Acádia
Acaia
Acarnânia
Acarnas
Acmim
Açores
A Corunha
Acra
Acrotíri
Adália
Adem
Adrianopla
Afeganistão
Afrassíabe
África
África do Sul
África Espanhola
Agenês
Ager
A Graça
Aguardia
Aguas Mortas
Águia
Aguiar de Campoo
Ahmadnagar
Aidabe
Ainos
Aiódia
Airarate
Aitos
Ajudaço
Akhtúbinsk
Akmolinsk
Akmoly
Alagão
Alânia
Alarixe
Alasca
Alásia
Alba d'Aliste
Alba Júlia
Albânia
Al-Buhaira
Alcácer
Alcácer de Carana
Alcácer de São João
Alcácer do Geriz
Alcaçer d'o Sal
Alcácer-Quibir
Alcáçovas
Alcalá do Xúcar
Alcanhiç
Alcântara
Alcântarela
Alcobaça
Alcochete
Alcoutim
Aleksandrovoca
Alemanha
Alemanha Oriental
Alenquer
Alepo
Alexandria
Alexandria da Trôade
Alfama de Aragão
Algarve
Alhariz
Aljezur
Almaraz
Almedina do Campo
Almedina Sidonia
Almodôvar
Almodovar do Campo
Almunhécar
Alpes
Alpes Marítimos
Alponte
Alsácia
Alsácia-Lorena
Alta Áustria
Alta Bosnia
Alta Cuararafa
Alta Lorena
Altemburgo
Alto Aragão
Alto Egito
Altopasso
Alto Peru
Altopolo
Alto Volta
Al-Uqaylah
Alva de Tormes
Alvaiázere
Alvalade
Alvsburgo
Amã
A Mancha
A Marca
Amazonas
Ambar
Ambrácia
Amedabade
Amedi
Amendoeirelo
América
Amesterdão
Amicleia
Amiterno
Ampúrias
Amsterdã
Anápolis
Anatólia
Anatólia Oriental
Anazarbo
Ancara
Âncio
Andaluzia
Andijon
Andra Pradexe
Andravilla
Anfípolis
Ânglia
Angolema
Anguila
Anguilla
Ansã
Antequeira
Antígua e Barbuda
Antioquia
Antuérpia
Anuradapura
Apameia
A Penha
Appenzell Interior
Apúlia
Aqmola
Aquisgrano
Aquitânia
Arábia
Arábia Saudita
Arabisso
Aracósia
Aragão
Aral Caracum
Aranda do Douro
Arbaistão
Arbinjã
Arcangel
Arcos de Valdevez
Área 51
Área da Baía de São Francisco
Areço
Areópago
Argel
Argélia
Argentiferoso
Argóvia
Arlanc
Arles
Armagedão
Armanhaco
Arménia
Armênia
Armênia Inferior
Arménia Ocidental
Armênia Superior
Armino
Armórica
Arnhemia
Arouche
Arquipélago das Lucaias
Arraiolos
Arroyo da luz
Artemísio
Artésia
Artsaque
Árvora
Arzaua
Arzila
As Belhostas
Ascalão
Aschafemburgo
A Selva
A Serena
Asgabate
As Guianas
Ásia
Ásia Central
As navas do madronho
As Pedronheiras
Aspendo
Assíria
Assis
Assiut
Assuão
Assunção
Astana
Astipaleia
Astorga
Astracã
Astudilho
Astúrias
Astúrias de Santilhana
Astúrias d'Oviedo
Atacama
Atarneu
Atenas
Ática
Atiença
Atundalândia
Audagoste
Augsburgo
Aujila
Austrália
Austrália Central
Austrália Meridional
Austrália Ocidental
Áustria
Auvérnia
Auvérnia-Ródano-Alpes
Aváris
Aveiro
Avelino
Avinhão
Avis
Azambuja
Azerbaijão
Azerbaijão Ocidental
Baalbeck
Babilónia
Baça
Bacia Argentina
Baçorá
Báctria
Bacu
Badallouço
Bagdá
Bagdade
Baharia
Baía de Avacha
Baía de Galway
Baía de Guantánamo
Baía de Manila
Baía de Mutsu
Baía de São Francisco
Baiona
Baixa Áustria
Baixa Califórnia
Baixa Lorena
Baixa Silésia
Baixo Egito
Balaclava
Balasagum
Baliquesir
Balsa
Baluchistão
Bamaco
Bamburgo
Banato
Bancos Externos
Banguecoque
Banho de Arame
Baquba
Barânia
Barbarão
Bareli
Barém
Bario
Barrancos
Bascortostão
Base Naval da Baía de Guantánamo
Basileia
Bassão
Bassiana
Bastetania
Bastonha
Batalha
Baticaloa
Baviera
Bearne
Bechuanalândia
Beirute
Beja
Bektashis
Belalcaçar
Belcorte
Belém
Bélgica
Belgrado
Belle-Isle
Belogorsk
Belogradčik
Belo Horizonte
Belo-lugar
Bengala
Bengala Ocidental
Bengala Oriental
Bengasi
Benim
Benvento
Beócia
Beregovo
Bérgamo
Berlim
Berna
Bernícia
Bersebá
Berxa
Bessarábia
Betanços
Bexhill
Bhuj
Biar
Biblos
Bielorrússia
Bienna
Bilbau
Birobidjan
Biscaia
Bitínia
Bizâncio
Boavale
Bobruisk
Bocas do Ródano
Boémia
Boêmia
Boêmia do Sul
Bolção
Bolgar
Bolívia
Bolonha
Bolonha-do-Mar
Boltanha
Bomporto
Bonagulha
Bonfado
Bonilha
Bordéus
Borgonha
Borgonha Transjurana
Bornéu
Borovichí
Borxa
Bosanka Krajina
Bósforo
Bósnia
Bósnia e Herzegovina
Bosra
Botsuana
Brabante
Braga
Bragança
Branção
Brandemburgo
Brasil
Brasília
Brazavile
Brède
Bresanona
Bréscia
Breslávia
Bretanha
Brisgóvia
Broncais
Bronkhorst
Bruges
Brunico
Brunsvique
Brunsvique-Luneburgo
Bruxelas
Bubanesvar
Bucara
Bucareste
Bucovina
Budapeste
Budjac
Bugia
Buguni
Bulgária
Bulgária do Volga
Bulhão
Burbônés
Burges
Buriácia
Burriana
Butão
Cabanilhas do Campo
Cabeço de Lameirão
Cabo Cod
Cabo da Boa Esperança
Cabo de Frigideira do Texas
Cabo Delgado
Cabo Verde
Cabreira
Cabul
Cacássia
Caçris
Cádis
Cagaiã
Cairuão
Caiseri
Calábria
Calanhas
Calávrita
Calcídica
Calcutá
Calecute
Cálhari
Califado Almóada
Califado Sunita
Califado Xiita
Califórnia
Caliningrado
Calistão
Calmarça
Calmúquia
Camarina
Camarões
Camberra
Camboja
Cambrígia
Camecháteca
Campanha
Campânia
Campogrosso
Campos dos Goytacazes
Canadá
Canadá Inferior
Canadá Superior
Canal da Jamaica
Canal da Mancha
Canal de Moçambique
Canal de Santa Lúcia
Canárias
Canas
Candaar
Caneia
Canhete dos Torres
Cano
Cantão
Cantuária
Caônia
Capadócia
Capilavastu
Cápua
Caquécia
Caracalpaquistão
Caracena
Caracórum
Caramânia
Carambe
Carântono Marítimo
Caraxar
Carbala
Carcastelo
Care
Carélia
Carélios
Cária
Caríntia
Caristo
Carnataca
Carnunto
Carolina do Norte
Carolina do Sul
Carpásia
Cárpatos
Carquemis
Carsoli
Cartago
Cártlia
Car-Tuculti-Ninurta
Cartum
Carvalho de a Sagrado
Carxi
Casal Grande
Casalmaior
Casal Médio
Cascádia
Casgar
Cassúbia
Castanheda
Castela
Castelhão
Castelnovo
Castelnovo do Papa
Castelo Arenço
Castelo Branco
Castelocidade
Castelo de Dublin
Castelo de Kalmar
Castelos
Castória
Castro Daire
Castro Marim
Castro-Urdiales
Catalunha
Catalunha Nova
Catânia
Catar
Cataratas do Iguaçu
Catmandu
Cáucaso
Caunas
Cavala
Cavaleiros do Sol
Caxemira
Ceará
Cefalónia
Cefalônia
Celorico da Beira
Celtibéria
Centocelas
Central Grega
Centro de Queensland
Cerdanha
Cerveira
Ceuta
Cevenas
Chadrinsk
Chatigão
Chaves
Chéquia
Chequião
Chernobil
China Ocidental
Chingai
Chipre
Chócue
Chumbiho
Chupanidia
Churupaque
Chuváchia
Cibistra
Cíclades
Cidade
Cidade de Ho Chi Minh
Cidade de Nova Iorque
Cidade de Surigao
Cidade do Benim
Cidadela de Amã
Cidade Rodrigo
Cidades de Cherven
Cidades Gêmeas
Cidade Velha
Cieza
Cilícia
Cinfães
Cinto
Cinturão Negro
Cípsela
Círculo Ártico
Círculo do Pacífico
Cirene
Cirénia
Cirro
Ciscaucásia
Cisleitânia
Císsamos
Cister
Citera
Cítia
Cítnos
Ciutadela
Cízico
Clarjétia
Cláudiopla
Clazômenas
Cleves
Cnido
Coblença
Coburgo
Coimá
Coimbra
Coira
Colberga
Colômbia
Colónia
Colônia
Colúmbia Britânica
Comalho
Comana Pôntica
Companhia Catalã
Compludo
Conacri
Conca
Condados Domésticos
Condeixa
Confederação Antilhana
Cónia
Cônia
Conjiverão
Consença
Constança
Constantina
Constantinopla
Copenhaga
Copenhague
Coração
Corásmia
Cordilheira do Atlas
Cordofão
Córdova
Córdova a Velha
Coreia
Coreia do Norte
Coreia do Sul
Corfínio
Cória
Corícia
Corinto
Corno de África
Cornualha
Coroneia
Corramabade
Corrente do Brasil
Corsabade
Córsega
Córsega e Sardenha
Coruche
Corunna
Costa do Marfim
Costa do Ouro
Costa dos Mosquitos
Costroma
Cotonu
Courtrai
Couto Misto
Covasna
Covilhã
Coyança
Cõymbra
Cracóvia
Crato
Creta
Criméia
Crisôndio
Crisopla
Croácia
Cruesa
Cruja
Cuararafa
Cubã
Cuélhar
Cujanda
Cujávia
Cumânia
Cumas
Cúmbria
Cundinamarca
Curaçao
Curdistão
Curgã
Curlândia
Cuxe
Dácia
Daguestão
Dahchur
Dakota do Norte
Dakota do Sul
Dalmácia
Damaralândia
Damasco
Dambadenia
Damieta
Damote
Danúbio
Daomé
Dardânia
Darfur Ocidental
Darhan
Dassareta
Debdú
Deça
Delfinado
Delfos
Deli
Delta do Ganges
Delta do Níger
Delta do Nilo
Delta do Rio das Pérolas
Demétrias
Deradum
Derbente
Deserto da Arábia
Deserto da Argélia
Deserto da Líbia
Deserto de Lute
Deserto de Mojave
Deserto Oriental
Deserto Pintado
Deserto Sírio
Diar Baquir
Diar Mudar
Diar Rabi'a
Didimoteico
Dinamarca
Dinastia Timúrida
Dioclecianopla
Dire Daua
Distrito de Colúmbia
Djidjiga
Dobruja
Dodecaneso
Dois Irmãs
Donetsk
Do Ponto
Dordreque
Dórida
Dorsal Mesoatlântica
Drente
Duas Pontes
Dubrovnique
Ducado Báltico Unido
Duenhas
Duína
Duína Ocidental
Duisburgo
Dunquerque
Dur-Curigalzu
Dzhankoy
Ecaterimburgo
Edelberga
Edimburgo
Éfeso
Egeia
Égio
Egito
Elão
El Cito
Eldorado
Eleia
Elêusis
Élida
Elvas
Emília
Emília-Romanha
Emirados Árabes Unidos
Empério Romano
Enseada do Príncipe Guilherme
Entença
Entre Rios de Minas
Eólia
Épiro
Equador
Erétria
Erevan
Eritreia
Ervás
Erzia
Erzincã
Escandinávia
Escânia
Escastelo
Escépsis
Escócia
Escolas Palatinas
Escópia
Eslavônia
Eslováquia
Eslovénia
Eslovênia
Esmalcalda
Esmirna
Esna
Espanha
Esparta
Espírito Santo
Espoeço
Espoleto
Esquiro
Estação Progress
Estado Livre Irlandês
Estados Confederados da América
Estados Pontifícios
Estados Unidos da África
Estados Unidos da África Latina
Estados Unidos da América Central
Estakhr
Estalinegrado
Estelha
Estepanaquerte
Estepe Pôntica
Estetino
Estíria
Estocolmo
Estónia
Estrasburgo
Estreito de Karimata
Estreito de Magalhães
Estreito do Príncipe de Gales
Estremadura
Estróbilo
Estugarda
Eteocreta
Etiópia
Etólia
Eubeia
Eufrates
Europa Central
Évora
Exea dos Cavaleiros
Fabeiro
Faiença
Faixa de Aouzou
Faixa de Caprivi
Faixa de Toledo
Famagusta
Fasélide
Faustinopla
Fedayin
Fenice
Fenícia
Fenolheda
Fermoselhe
Ferrária
Ferreira do Zêzere
Ferreiro
Ferrol
Festo
Fezão
Fiadrimdalândia
Fidença
Figueira da Foz
Figueiras
Figueiró dos Vinhos
Filipinas
Filipos
Finlândia
Finuídia
Fiónia
Flandres
Flessingue
Fliunte
Floraco
Florença
Florianópolis
Flórida
Foceia
Fodia
Fonsaída
Fonte do Maestre
Fontesabugueiro
Forcalceiro
Formosa
Fornalhas
Fornovo
Fortaleza
Forte da França
França
Franco Condado
Francônia
Freiberga
Frente Revolucionária do Sudão
Friburgo
Frígia
Frísia
Frísia Oriental
Frisinga
Friul
Friul-Veneza Júlia
Funje
Fusco
Futa Jalom
Gagaúzia
Galácia
Galaroça
Gales
Gales do Sul
Gália
Gália Cisalpina
Gália Lugdunense
Gália Narbonense
Galícia
Galícia e Lodoméria
Galileia
Galípoli
Galiza
Galtelli
Gâmbia
Gana
Gandara
Gante
Ganzasar
Gasconha
Gassânidia
Gasvim
Gates Orientais
Genebra
Génova
Gênova
Geórgia
Gérasa
Germânia Prima
Gerra
Gerunda
Gibraleão
Gilgit-Baltistão
Giteio
Gizé
Glogóvia
Gloucester
Gmünd
Golfo da Finlândia
Golfo de la Gonâve
Golfo de Ob
Golfo de Tomini
Golfo do Biafra
Golpayegã
Gorizia
Gotemburgo
Gotinga
Gotlândia
Grã Canária
Grande Barreira de Coral
Grande Hungria
Grande Lago Salgado
Grande Londres
Grande Pântano Negro
Grande Polónia
Grande Prado
Grande Vancouver
Granhena
Grão-Canato Uigur
Greçia
Grécia
Grisões
Groelândia
Groenlândia
Groninga
Grózni
Grutungia
Guadalaxara
Guarda Varegue
Guardiães Espirituais
Guarenha
Guastalha
Guéldria
Guerreiros de Perun
Guimarães
Guiné
Guiné-Bissau
Guiné Equatorial
Guiné Portuguesa
Guipúscoa
Guiumri
Guixuelo
Gujarate
Gulam
Gularia
Gulating
Gulistão
Gurgã
Gyantsé
Hadita
Hadramaute
Haia
Haida Gwaii
Haiderabade
Haliarto
Hamadã
Hamburgo
Hanôver
Harã
Hareve
Hastinapura
Hébridas Interiores
Hebrom
Hejaz
Hélade
Helsingor
Helsinque
Helsínquia
Heracleia
Heracleia Cibistra
Heracleia da Traquínia
Heracleia Pôntica
Heraclião
Hérculeopla
Hermonassa
Hermópolis
Hilacu
Holanda
Homburgo
Honduras Britânicas
Horda Branca
Horda Dourada
Horda Negra
Hornisa
Horta
Hrodna
Huícios
Hungria
Iacútia
Ialta
Iaroslavl
Iaundé
Iázigia
Ibadã
Ibiça
Icária
Icónio
Idanha
Idanha-a-Nova
Ielets
Iémen
Iêmen
Ierápetra
Igreja Apostólica
Igrejas
Ilcanato
Ilha Attu
Ilha Christmas
Ilha de França
Ilha de la Gonâve
Ilha de Páscoa
Ilha do Faraó
Ilha Kodiak
Ilhas Carolinas
Ilhas Cocos
Ilhas da Rainha Carlota
Ilhas de Barlavento
Ilhas de Sotavento
Ilhas do Canal
Ilhas Egeias
Ilha Sentinela do Norte
Ilhas Feroe
Ilhas Jónicas
Ilhas Malvinas
Ilhas Marshall
Ilha Socorro
Ilhas Turcas e Caicos
Ilha Vancouver
Ilha Yunaska
Ilhescas
Ilíria
Imerícia
Imortais
Império Bizantino
Império Heftalita
Império Huno
Império Latino
Império Mongol
Império Otomano
Império Romano
Império Russo
Império Selêucida
Império Seljúcida
Índia
Índia Francesa
Indonésia
Inglaterra
Íngria
Iorque
Iorubalândia
Ioshkar-Ola
Irã
Irão
Iraque
Irlanda
Irlanda do Norte
Irlanda do Sul
Irmandade Ariana
Irmãos das Vitualhas
Irmãos Livônios da Espada
Irunha de Oca
Isim
Islândia
Ísquia
Istambul
Ístria
Itália
Itália Anonária
Itália Suburbicária
Itil
Iucatã
Iucatão
Ivrea
Íxar
Jabal Xamar
Jafa
Jalandar
Jamena
Janina
Javaquécia
Jedburgo
Jericó
Jerusalém
Jesi
Jidá
Jima
Jimai
Jitomir
Joiosa
Jônia
Jordânia
Jubalândia
Jugoslávia
Júliopla
Justinianopla
Jutlândia
Jutlândia Central
Kamyschin
Karnafuli
Khaltsi
Khanty-Mansiisk
Khoper
Khuzistão
Kolimá
Krak dos Cavaleiros
Krasnokokchaisk
Kulikoro
La Calandri
Laço
Lacônia
Ladaque
Lago Ness
Lago Poopó
Lagos
Lago Simcoe
Lamego
Lâmpsaco
Lançarote
Laodiceia
Laodiceia do Lico
Laore
Lápito
Lapónia
Lapônia
Lárissa
Lárnaca
Lassa
Lataquia
Lategália
Lausana
Lavelo
Lavínio
Leão
Legnão
Leida
Leirẽa
Lemos
Leninabade
Leontópolis
Leópolis
Lepanto
Lépiel
Lérida
Letoceto
Letónia
Levkas
Lherena
Liaoningue
Liautum
Líbano
Liberdade
Libéria
Liberianos Unidos pela Reconciliação e Democracia
Líbia
Lica
Licandos
Lícia
Licto
Lídia
Liga Hanseática
Liga Lombarda
Ligúria
Lilongué
Limia
Limusino
Lincéstide
Lípsia
Lisbõa
Listra
Lituânia
Liubliana
Livónia
Livônia
Llerena
Lócrida
Locros
Lodum
Loèche
Logronho
Lombardia
Londres
Lopádio
Lorena
Lorestão
Lorri
Lotaríngia
Loulé
Loura do Rio
Lovaina
Lua
Luanda
Luarca
Lubni
Luca
Lucerna
Lucnau
Lugansk
Luganskiy Zavod
Lugo
Luisiana
Lulo
Luneburgo
Lusaca
Lusácia
Lusinhão
Lusitânia
Luxemburgo
Maarastra
Macáçar
Macedônia
Macedônia Central
Macedónia do Norte
Macedônia Ocidental
Macedonopla
Maçuá
Madeira
Madri
Magdeburgo
Mahackala
Mahão
Mahilou
Maiçor
Maior
Maiorca
Malásia
Malásia Britânica
Maldivas
Malines
Mambije
Manapia Austral
Manarbio
Mançanares
Mancha
Manchúria Exterior
Mangualde
Maniqueísmo
Mansilha das Mulas
Manteigas
Mântua
Manziquerta
Maputo
Mar Adriático
Maranhão
Mar Arábico
Maratona
Mar Báltico
Marbelha
Mar Branco
Marburgo
Marcas
Mar Celta
Mar da Irlanda
Mar da Noruega
Mar da Sardenha
Mar das Baleares
Mar de Savu
Mar do Norte
Mar Egeu
Margão
Marguilã
Mar Jônico
Mar Levantino
Mar Lígure
Mármara
Mar Mediterrâneo
Mar Negro
Maronia
Marraquexe
Marrocos
Marselha
Mar Tirreno
Mar Trácio
Marvão
Mar Vermelho
Mascara
Mascate
Masserão
Massiafe
Mastrique
Matagrifo
Mato Grosso
Matura
Máuria
Mauritânia
Mauritânia Tingitana
Mazóvia
Meca
Mecklemburgo
Mecklemburgo-Strelitz
Medelhim
Medellín
Médenine
Médio Egito
Megalópolis
Mégara
Melide
Melilha
Melitópol
Mênfis
Mepumalanga
Merano
Mercadal
Mércia
Mérida
Mértola
Mésia
Mesoamérica
Mesopotâmia
Messénia
Metaponto
Metímna
Métsovo
México
Micenas
Míconos
Midelburgo
Midi-Pirinéus
Midlands Ocidentais
Midlands Orientais
Midnapore
Milão
Mileto
Minas do Rio de Contas
Minas Gerais
Mindanau
Minde
Minorca
Mira
Mirabel
Miranda d'o Doiro
Miranda do Douro
Miranda do Ebro
Mirmidão
Mísia
Missiricoro
Mitilene
Mixas
Moçambique
Mocímboa da Praia
Moda
Módena
Módica
Modon
Mogadíscio
Mogadouro
Mogúncia
Moimenta da Beira
Mojaisk
Moldávia
Molina A Seca
Molóssia
Mombaça
Mónaco
Moncada
Monção
Mondonhedo
Monemvasia
Monferrato
Monforte
Monforte de Lemos
Mongólia
Monróvia
Monsaraz
Montanhas Sinjar
Montanha Ute
Montealbano
Montebelo
Monteblanco
Monteclaros
Montedragão
Monte Faro
Montemor-o-Novo
Monte O Velho
Montepenseiro
Monte Rei
Monterreal do Campo
Montes Mugodzhar
Monte Tabor
Montevidéu
Montilha
Montixo
Morávia
Mordanha
Mordóvia
Moreia
Morelha
Moria
Moscovo
Mosela
Mosinópolis
Mossul
Mosteiro
Mota do Corvo
Mourão
Mtsqueta
Munieira
Munique
Muntênia
Múrcia
Murmansque
Nairóbi
Nallamala
Namíbia
Nanquim
Nápoles
Naquichevão
Naravã
Narbona
Náuplia
Navalmoral da Mata
Navarra
Náxera
Nazaré
Negapatão
Negueve
Néjede
Nemeia
Nêustria
Nével
Névoa
Nezaque
Niala
Niça
Nicarágua
Niceia
Nicomédia
Nicósia
Níger
Nigéria
Nimegue
Ninhou
Nínive
Ninxiá
Nisa
Nixapur
Nobácia
Nórcia
Norenha
Normandia
Noroeste da Inglaterra
Norte da Inglaterra
Norte do Canadá
Norte do Vietnã
Nortúmbria
Noruega
Noruega Setentrional
Nossa Dona
Nova África
Nova Caledónia
Nova Deli
Nova Escócia
Nova França
Nova Gales do Sul
Nova Granada
Nova Inglaterra
Nova Iorque
Nova Jérsia
Nóvalos
Nova Orleães
Nova Providência
Novara
Nova Zelândia
Novo Brunswick
Novocastelo
Novo Castelo
Novohrad-Volinski
Novo Laredo
Novo México
Novoslobodskaia
Núbia
Nunavute
Nuremberga
Nur-Sultã
Oásis de Qara
Óbidos
Oblast Autônomo Judaico
Occitânia
Oceano Atlântico
Odemira
Oguzia
Ólbia
Oldemburgo
Olímpia
Olimpo
Olinda
Olinto
Olivença
Olma
Olovo
Oltênia
Olva
Ondurmã
Onha
Onhate
Ontário
Ontário Meridional
Ontário Setentrional
O Paular
Orã
Orânia
Or Barém, Barein, Bareine
Orbidelo
Órcades
Orcômeno
Ordem de Calatrava
Ordem de Santiago
Ordem de São João
Ordem dos Assassinos
Ordem dos Templários
Orden de Santo António
Orden do Santo Sepulcro
Orden Teutónica
Orekhovo-Zuyevo
Oremburgo
Orgaç
Orinoquia
Oriol
Orjahovo
Orleães
Orveto
Osnabruque
Osruxana
Ostende
Óstia
Ostrobótnia
Ourense
Ourique
Ovambolândia
Overissel
Oxônia
Padânia
Padiando
Padron
Pádua
Paflagónia
Pafos
Pagânia
Painonha
País Basco
País do Loire
Países Baixos
País Sículo
Palatinado
Palência
Palermo
Palestina
Palimbão
Palmela
Palmira
Panamá
Panfília
Pangasinan
Pangasinán
Panjaquente
Pantelária
Papado Bizantino
Papado Converso
Papado Ostrogodo
Papia
Paraguai
Paraíba
Paraná
Paranã
Pártia
Passo de São Gotardo
Patagónia
Patan
Pátras
Patriarcado Copta
Patriarcado do Oriente
Patriarcado Ecumênico
Patriarcado Iconoclasta
Paulistânia
Pechenegues
Pechinha
Pedra
Pedrafita
Pedrógão Grande
Pela
Pelasgiótide
Peloponeso
Penedono
Penhafiel
Penharanda
Península de Chita
Península de Onega
Península de Rybachy
Península de Sadamisaki
Península do Cotentin
Península Olímpica
Peníscola
Pensilvânia
Peônia
Pequena Polônia
Pequim
Pereslavl-Zalessky
Pérgamo
Perinto
Pernambuco
Perpinhã
Perrébia
Perúgia
Pésaro
Peste
Petite-Pierre
Petropavlovsk-Kamchatski
Pexauar
Picardia
Piemonte
Pietermaritzburgo
Pinerolo
Pireneus
Pireu
Pisídia
Placência
Planalto Antártico
Planalto de Edwards
Planalto Suíço
Planície de Kanto
Plateias
Plebeconvenho
Plisca
Plutão
Poço Canhada
Podólia
Poitou
Polania
Polatsk
Polésia
Polígiros
Polinésia
Polirrénia
Polônia
Polônia-Lituânia
Pomerânia
Pomerélia
Pompeia
Ponferrada
Ponte de Lima
Ponte do Órbigo
Porec
Portalegre
Portilho
Portimão
Porto
Portochano
Porto de Los Angeles
Porto de Santa Maria
Porto Lockroy
Porto Novo
Porto Princesa
Porto Rei
Porto Rico
Porto Said
Porto Velho
Portugal
Posnânia
Praga
Pretória
Príncipe
Prócida
Prócion
Provadija
Provença
Prússia
Pula
Puntlândia
Putalão
Puy
Qattara
Qostanay
Quatro Cantos
Quebeque
Quedlimburgo
Queimona
Quenedugu
Quermanção
Quermanxá
Queroneia
Quintanar do Rei
Quinxassa
Quios
Quipechac
Quircuque
Quirguistão
Quitara
Quizuatena
Racada
Rajagarra
Rajastão
Ráscia
Ratisbona
Rauandiz
Ravena
Ravenica
Récia
Recife de Masinloc
Regência de Argel
Reggio da Calabria
Régio da Emília
Reino do Bósforo
Reino Unido
Renânia
Reno
Represa Hoover
República da Concha
República Popular da Mongólia
República Social Italiana
Retimno
Rezekne
Riade
Riazan
Riba d'Eu
Ribagorça
Ribeira Brava
Rikhabdeo
Rio de Contas
Rio de Janeiro
Rio Gila
Rio Grande
Rio Grande do Norte
Rio Grande do Sul
Rio Pit
Rio São Francisco
Roche
Roche-Bernard
Ródano
Rodes
Rodésia
Ródope
Roma
Romanha
Romanov-on-Murman
Romão Mosteiro
Roménia
Romênia
Roncesvalhes
Rondônia
Roraima
Roseta
Rossilhão
Rotemburgo
Rotemburgo do Fulda
Roterdã
Roterdão
Rtichtchevo
Ruanda
Ruão
Rusellae
Rússia
Rustaque
Saara
Sabá
Sabioneta
Saboia
Sacaria
Sacro Empério Romano
Sakara
Salamina
Salamiyeh
Saldanha
Salem
Salém
Salónica
Salúcar a Maior
Saluço
Salvaterra
Salvaterra de Magos
Salzburgo
Samarcanda
Sâmnio
Samogícia
Samora
Samotrácia
Sangmelima
Sangoesa
Santa Águeda
Santa Catarina
Santa Cruz de Campeço
Santa Irene
Santa Justa
Santa Lúcia
Santa Maria de Faaron
Santa Maria do Naranco
Santa Mônica
Santarém
Sant'Iago
Santilhana
Santilhana do Mar
Santo André
Santo Antônio de Mato Grosso
Santo Estêvão
Santonha
São Africo
São Aniano
São António
São Beltrán
São Brioco
Sao Candido
São Cláudio
São Clemente
São Cucufate
São David
São Desidério
São Diogo
São Dionísio
São Domingo
São Domingos da Estrada
São Émile da Cogolha
São Emilio
São Estêvão
São Facundo
São Fernando
São Floro
São Francisco
São Galo
São Gildas
São Hilário
São Jaime
São Jerónimo
São João
São João Batista
São Jorge
São José
São José do Rio Preto
São José do Vale
São José Hiato
São Juliano
São Leonardo
São Leonardo de Yague
São Luís
São Luiz do Paraitinga
São Maclou
Sao Magêncio
São Marinho
São Martinho
São Miguel
São Nicolau
São Paulo
São Paulo de Leão
São Pedro
São Pedro de Perix
São Pedro de Roda
São Petersburgo
São Quintino
São Roque
São Salvador
São Salvo
São Sebastião
São Severino
São Severo
São Tomé
São Tomé e Príncipe
São Usso
São Vicente
São Vicente da Barqueira
São Vicente e Granadinas
São Vito
São Vitorián
Saragoça
Sarauaque
Sardenha
Sárdis
Sarquel
Sarre
Sássari
Savillão
Savonlinna
Saxe-Lauemburgo
Saxónia
Saxônia
Saxónia-Anhalt
Sciaffusa
Seabra
Sebasteia
Sebastopol
Sebennytos
Sé de Urgell
Sefru
Segóvia
Segundo Casal Grande
Seispila
Semenanjung Tanah Melayu
Semêndria
Semnã
Senar
Senigália
Sennores Celestiais
Serinagar
Serpa
Sérpukhov
Serra dos Carajás
Serralato
Serres
Sérvia
Sérvia Central
Sesimbra
Sesto
Sétimo
Setuvel
Seul
Sevéria
Sevilha
Shiliguri
Shirvan
Sião
Sibéria
Sicília
Sida
Siderocastro
Sigüença
Sijilmassa
Silando
Silandro
Silésia
Silião
Silve
Silves
Sinai
Singapura
Sinope
Siracusa
Síria
Sírmia
Sirmio
Siro
Sistão
Soberania do Rio Orange
Sociedade das Espadas Pequenas
Socotorá
Sofena
Sófia
Soleura
Solin
Somalilândia
Somalilândia Britânica
Somalilândia Francesa
Sonsoral
Sória
Sotocinzas
Stalino
Suábia
Suaquém
Subcontinente Indiano
Sucumi
Sudetas
Sudoeste da Inglaterra
Suécia
Suíça
Sujuão
Sul do Vietnã
Suméria
Susa
Susdália
Svaliava
Svistov
Syzrã
Taclamacã
Tadmor
Tafilete
Tagant
Tagaza
Taif
Taifalia
Taipé
Taiq
Tajiquistão
Talin
Tanganica
Tânger
Tanuquidas
Taraçõa
Tarento
Tarso
Tartária
Tartaristão
Tarudante
Taruntassa
Tasmânia
Tasos
Tasquente
Taungû
Tavira
Tcheboksary
Tcherepovets
Tcherkássi
Tchudovo
Teate
Tebas
Teerã
Teerão
Tégea
Telanganá
Temiscira
Tenerife
Tennis
Téramo
Termessus
Términos
Terra
Terra Indígena Alto Rio Negro
Terra Nova
Terras Altas
Território da Capital Australiana
Território do Norte
Territórios do Noroeste
Téspias
Tesprócia
Tessália
Thorshavn
Tiama
Tiatira
Tiberíades
Tibete
Tiblíssi
Tigre
Tilburgo
Timor-Leste
Timúridas
Tiro
Tirol
Tiruvanantapura
Titã
Tiumen
Tiundalândia
Tiúscia
Tívoli
Tobruque
Tocantins
Togolândia
Togolândia Ocidental
Tohoku
Tolosa
Tomilhoso
Tongóbriga
Tordesilhas
Torone
Torópets
Torre de David
Torre de Moncorvo
Torre do Grego
Torres Novas
Torroelha de Moncinza
Toscana
Toxândria
Tracesia
Trácia
Trácia Oriental
Tramacastela
Trancoso
Transcarpátia
Transcaucásia
Transilvânia
Transilvânia do Norte
Transjordânia
Transnístria
Transpomerânia
Trápani
Trapessac
Traquínia
Trastâmara
Trebisonda
Tremecém
Trento
Três Ligas
Tréveris
Treviso
Trezena
Triacontasqueno
Triângulo de Ilemi
Triângulo de Quionga
Triavna
Trícala
Trípoli
Tripolitânia
Trôade
Trujillo
Truxilho
Tsariovokokchaisk
Tsarítsin
Tselinogrado
Tsequinváli
Tubinga
Tucumã
Tui
Tunes
Tunísia
Turena
Turim
Turíngia
Turquemenistão
Turquestão
Turquia
Turuberânia
Uarzazate
Ucrânia
Ucrânia Central
Udmúrtia
Ujaim
Ujda
Ujhorod
Ulã Bator
Úlster
Ultramar
Uma
União Africana
União de Egoístas
Uolofe
Urais
Urbinho
Urguenche
Urla
Uruenha
Uruguai
Usun
Utreira
Utreque
Utrielhas
Vaixali
Valáquia
Valdegralhas
Valdigrejas
Vale Antílope
Vale da Morte
Vale de Neander
Valência
Valência de Alcântara
Valencia de Dom João
Vale Paraíso
Valês
Valespir
Valhadolid
Valônia
Valterra
Valva
Vármia-Masúria
Varsóvia
Vaspuracan
Vaticano
Vavuiya
Veilburgo
Veios
Veneza
Venta do Moral
Ventator
Ventimilia
Verêndia
Véria
Verona
Versalhes
Veruela
Vesanção
Vestfália
Viana do Alentejo
Viana do Castelo
Viazma
Vicenca
Vidixá
Viena
Vietnã do Norte
Vietname do Norte
Vigevão
Vigo
Vilablino
Vilacarvalheira
Vilacastín
Vilafranca do Bierzo
Vilagarcía de Arousa
Vilalba
Vilalpando
Vilalva dos Barros
Vila Nova da Esteva
Vila Nova de Gaia
Vila Nova de Nossa Senhora do Livramento das Minas do Rio de Contas
Vila Real
Vila Trigo de Morais
Vilavelha
Vilhena
Villalba de los Barros
Villanueva do Fonte
Vinaroce
Vinduque
Virgínia
Virônia
Visegrado
Viseu
Vitória
Viveirês
Voivodina
Volfembutel
Volga
Volgogrado
Volodimir
Voronej
Voroshilovogrado
Vulcos
Waziristão
Waziristão do Norte
Wurtzburgo
Xabaloias
Xaca
Xaém
Xaizar
Xanxim
Xaraiz da Vera
Xátiva
Xendi
Xerez
Xerez dos Cavaleiros
Xiprana
Xirvam
Xixão
Xoa
Xunquim
Yuzovka
Zacro
Zalaca
Zâmbia
Zanjã
Zaporójia
Zaquinto
Zaquintos
Zelândia
Zelândia Austral
Zelândia Ocidental
Zelândia Oriental
Zona de confluência Brasil-Malvinas
Zona de Exclusão de Chernobil
Zona de Fractura Charlie-Gibbs
Zungária
Zurique
Zurvanismo
Zvíahel
