Abijoo-Anoo
Ah-Malz
Ah-Ra
Ah-Shehs
Ahaht-Ei
Ahaht-Kilaya
Ahaht-Naat
Ajim-Jaa
Ajum-Jekka
Ajum-Kajin
Aki-Osheeja
Alan-Tei
Am-Sakka
An-Jeen-Sakka
An-Jeen-Seek
An-Taeed
An-Zaw
Anooz-Izt
Anooz-Lar
Aojee-Da
Aojee-Ei
Aojee-Mota
Aomee-Shehs
Atl-Xulith
Az-Maxath
Az-Muz
Azeex-Eix
Azjai-Tee
Baar-Taeed
Bar-Neeus
Batar-Meej
Baxilt-Gah
Beek-Kajin
Beek-Metaku
Beem-Ja
Beem-Kiurz
Bijum-Ta
Bimee-Kas
Brand-Ra
Brand-Shei
Bun-Teemeeta
Bur-Tee
Bur-Waska
Chal-Jah
Chal-Maht
Chaleed-Wan
Chath-Jaa
Chee-Jah
Chee-Sakka
Chee-Sei
Cheedal-Gah
Cheedal-Jeen
Cheesh-Nassa
Dakee-Goh
Dakee-Mota
Dal-Eekwa
Dan-Ru
Dar Jee
Dar-Jasa
Deed-Mema
Deed-Tei
Deer-Xol
Deesh-Mota
Deet-Zeeus
Deetum-Gih
Deetum-Ja
Deetum-Jah
Depasa-Chath
Deroh-Metaku
Deroh-Zah
Desh-Taa
Dosu-Muz
Dreet-Lai
Effe-Lar
Effe-Tei
Ei-Ei
Ei-Eiuus
Ei-Etaku
Eleedal-Kia
Eleedal-Lai
Eleedal-Lei
Er-Jaseen
Er-Teeus
Ereel-Dum
Ereel-Sa
Gah Julan
Gah-Dum
Gajul-Lei
Gam-Kur
Geeh-Lurz
Geel-Gei
Geel-Lah
Geel-Ma
Geem Jasaiin
Gin-Rajul
Gin-Wulm
Gir-Ta
Gjomee-Loh
Gom-Tulm
Gulum-Ei
Gulum-La
Haj-Ei
Haj-Meht
Haj-Ru
Hal-Nei
Han-Tulm
Heek-Dimik
Heem-Jas
Heem-La
Heem-Weska
Heir-Marza
Heir-Zish
Hixeeh-Raj
Ilas-Tei
Im-Kajin
Im-Kilaya
Im-Nei
Im-Zish
Ixtah-Nasha
J'Ram-Dar
J'ram-Hei
J'ram-Jeen
Ja-Reet
Jaree-Eeto
Jaree-Ra
Jee-Lar
Jee-Tah
Jee-Tan
Jee-Tul
Jeeba-Eius
Jeelus-Tei
Jeer-Maht
Jeer-Tei
Jeetum-Hei
Jeetum-Tulm
Jeetum-Ze
Jin-Ei
Jotep-Liurz
Junal-Lei
Kamax-Ei
Kasa-Jas
Keel-Medul
Keema-Ja
Keema-Ru
Keema-Ta
Keerasa-Lan
Keerasa-Tan
Kizta-Lee
Kud-Lan
Lara-Eix
Loh-Jat
Luh-Maxath
Mach-Makka
Mach-Taeed
Mahei-Muz
Mahei-Tei
Marz-Ja
Meeleeh-Een
Meema-Zaw
Meer-Mesei
Mere-Glim
Miun-Eidu
Miun-Gei
Mush-Jekka
Mush-Mere
Mush-Shei
Muz-Shah
Nam-Shah
Neeti-Nur
Nema-Pachat
Nesh-Deeka
Noyei-Heem
Nulaz-Eidu
Odeel-Shehs
Okan-Jeen
Okan-Julan
Okan-Sakka
Okan-Shei
Okaw-Dar
Oleed-Ei
Oleed-Tah
Oleen-Gei
Oleen-Jei
Oleen-Tul
Olik-Jah
Olink-Nur
Onurai-Betu
Otumi-Lar
Owai-Leem
Pad-Ei
Pad-Julan
Peek-Shah
Peek-Tul
Pekai-Jee
Pimaxi-Loh
Pimaxi-Taeed
Pimaxi-Zeeus
Porliss Caith
Ree-Kia
Reeh-Jah
Reek-Koos
Reezal-Jul
Sar-Keer
Seed-Maht
Shanil-Nei
Sheer-Hahtsei
Sheer-Saak
Silm-Dar
Tah-Tehat
Taleel-Bex
Talen-Jei
Tan-Skee
Tar-Makka
Tar-Meeus
Tee-Lan
Tee-Marza
Tee-Wan
Teeba-Ei
Tim-Jush
Topeeth-Gih
Topith-Kuz
Tsatva-Lan
Tumma-Beekus
Tun-Zeeus
Tunbam-Kahz
Ukka-Dimik
Ukka-Malz
Uta-Chuna
Uta-Ra
Uxith-Ei
Vara-Zeen
Vetra-Zaw
Vistha-Jush
Vistha-Kai
Vohta-Lan
Vuh-Dimik
Waku-Mat
Wanam-Jush
Wanan-Dum
Wanum-Neeus
Weebam-Na
Weedum-Eius
Wideem-Voh
Wih-Eius
Wud-Neeus
Wuja-Lei
Wuja-Sei
Wuleen-Shei
Wuleen-Weska
Xal-Geh
Xal-Nur
Xhon-Mehl
Xil-Jekka
Xil-Vilax
Xul-Mot
Yinz-Hei
