Abaty
Abaty-ar-Dafwys
Abaty’r-Iâ
Abchasia
Aberaera
Aberaeron
Aberauc
Aberconwy
Abercurnen
Abercwcra
Aberdaron
Aberdaugleddau
Aberderw
Aberdwy
Aberedw
Aberfal
Aberfelly
Aberffraw
Aberffro
Abergafenni
Abergwaun
Abergwern
Abergwesyn
Abergwig
Abergwyngregyn
Aberhonddu
Aberhwmyr
Abernard
Aberneithon
Abernis
Aberogwr
Aberpis
Aber-porth
Aberprym
Abertarwafon
Abertawe
Aberteifi
Abertuedd
Aberwey
Aberystwyth
Aerfwr
Aergwyn
Aeron
Affganistan
Affrica
Afon
Afoneogiaid
Aidan
Ailigh
Airgíalla
Alacante
Alban
Alecsandria
Alger
Alnwyc
Alpau
Alt
Amwythig
An
Andalucía
Andreas
Anialwch
Antigwa
Antiochia
Antwerp
Aontroim
Aper
Aqua
Ar
Arberth
Ar-Bontydd
Arfderydd
Arfordir
Argoed
Arlais
Arymôr
Asia
Assiout
Assyria
Atacama
Athen
Awstralia
Awstria
Ayr
Babilon
Bachwyon
Bae
Baelydan
Baetraeth
Bafaria
Bangor
Barstabl
Bearroc
Belarws
Belffast
Belîs
Benywlwys
Beograd
Bexhill
Bilbo
Biwmares
Blaen
Bolifia
Boness
Boniffas
Bosfynach
Bosnia
Bostyn
Brasil
Breguntford
Breizh-Izel
Brelez
Brellys
Brewyn
Brigffroen
Briog
Brofwn
Brogen
Brogydrin
Brunswick
Brwnei
Brwsel
Brynaich
Brynbuga
Bryncreigiog
Bryneich
Bryneifr
Bryngeirw
Brynyd
Bryste
Buallt
Buchod
Buckingham
Burch-Eryr
Bwcarést
Bwlch
Bwlgaria
Bwrch
Bwrch-Ban
Bwrch-Cymer
Bwrchfro
Bwrchganol
Bwrch-y-Din
Bwrgwyn
Bwrwndi
Caer
Caerain
Caeraneirid
Caer-ar-Ws
Caerberis
Caerbont
Caerdderwennydd
Caerddin
Caerddraitw
Caerddwrhelig
Caerddwrn
Caerdydd
Caeredin
Caereding
Caerergyng
Caerfaddon
Caerfaes
Caerfaldon
Caerfernyr-Rais
Caerferwig
Caerffili
Caerfincip
Caerfryneich
Caerfuddai
Caerfunn
Caerfynach
Caergaint
Caergaledin
Caergeri
Caergonan
Caergor
Caergradawc
Caergrawnt
Caergwnc
Caergybi
Caergynwydion
Caergystennin
Caerhaes
Caerhirfryn
Caerifl
Caerledon
Caerlinnwys
Caerliwelydd
Caerllion
Caerloedd
Caerloyw
Caerlwdd
Caerlwytgoed
Caerlŷr
Caersallog
Caersws
Caerwallawg
Caerweir
Caerwenddolau
Caer-went
Caerwent
Caerwrygion
Caerwynnoclad
Caerwynt
Caerwysg
Caint
Caintafon
Cair
Caisleán
Caisteal
Calanais
Calchfynydd
Calchow
Calchwynedd
Caledonia
Caledwfr
Califfornia
Callestr
Camerŵn
Canolbarth
Caradog
Carn
Carthago
Cary
Cas-ar-Adwr
Cas-ar-Lawder
Cas-gwent
Casllwchwr
Casnewydd
Cas-Pap
Cas-Raby
Castell
Castell-ar-Draeth
Castell-Awdryn
Castell-Bryan
Castell-Craig
Castell-din
Castell-Ewyas
Castell-nedd
Castell-Newydd-ar-Fawydden
Castell-Pawl
Castell-Rhys
Castell-Tuedd
Castellyn
Cas-terfyn
Castil
Cas-ym-Goedwig
Cataibh
Catalwnia
Catraeth
Cawcasws
Cawnas
Ceann
Ceffalonia
Cefn
Cefnfor
Cei
Ceigalch
Ceioen
Ceirw
Cenia
Ceredigion
Cernyw
Chailes
Cill
Cille
Cinn
Cintin
Cirgistan
Ciwba
Cleiaubae
Clif
Closydd-ar-Dam
Closyddgein
Closydd-y-Eglwys
Coed-ar-Ddeifr
Coeden
Colbhasa
Colunwy
Colwnwy
Comiwn
Conc-Cernyw
Connachta
Conwy
Corc
Corea
Corle
Corn-y-môr
Cors
Cosofo
Cothnais
Coweit
Craig
Creta
Creuddyn
Cribdarw
Cribludw
Crimea
Croes
Croesfford
Croesoswallt
Crucywel
Crug
Crwcabae
Crwctan
Culbachwy
Culfor
Cwlen
Cwrdistan
Cwthbert
Cydweli
Cymanfalleoedd
Cymer
Cymergrwysau
Cymerlle
Cymru
Cyndeyrn
Daearydd
Daearynys
Dagrau
Daufinat
De
Degannwy
Degwaith
Deheubarth
Deheufro
Deheuleh
Deheuwyr
Deifr
Delhi
Denmarc
De-orllewin
Deri
Diffeithwch
Din
Dinas
Dinbych
Dinbych-y-pysgod
Dindân
Dinevurus
Dinfirllyn
Dinrhyd
Dintagell
Diùranais
Dofr
Dogfeiling
Dôl
Dôlarnw
Dolaucothi
Dolforwyn
Dolfryn
Dolgellau
Dolgeɬey
Dolný
Dolur
Dones
Draenen
Drefaldwyn
Driduana
Drywglyn
Dulyn
Dún
Dunoting
Duonglassafon
Duonrhyd
Dwrglir
Dwrglir-yn-Elfed
Dwrogobrif
Dwyrain
Dyfed
Dyffrynwrgi
Dyfnaint
Dyfrdwy
Dyfrig
Dyrnfedd
Ebrauc
Ecwador
Edeirnion
Edeyrnion
Effesus
Efrog
Eglwys
Eglwysfrith
Eglwystref
Eilean
El
Elfed
Eli
Elmet
Eochaill
Epiddant
Eryri
Ewffrates
Ewlo
Ewropa
Fathain
Feigh
Feirionnydd
Felizh
Feneswela
Fenis
Ffasiwn
Ffenicia
Ffiords
Fflandrys
Fflorens
Ffolger
Ffraidclywed
Ffrainc
Ffrisia
Ffynnon-ar-Fab
Ffynnon-dde
Ffynnondegel
Ffynnonfadec
Ffynnonfair
Fienna
Fietnam
Føroyar
Frycheiniog
Fynwy
Gaer
Gaerfyrddin
Gaerhirfryn
Gaerlŷr
Gaernarfon
Gaerwrangon
Gaiana
Gailimh
Gâl
Galilea
Galisia
Galladd
Galwyddel
Garth
Garthwys
Gefrin
Genefa
Gent
Gifl
Gini
Glastenning
Gleann
Glynallwedd
Glywysing
Gogledd
Gogleddculdir
Gogledd-orllewin
Gogleddwyr
Gorllewin
Groeg
Guent
Guinea
Guofan
Guynet
Gwag
Gwaith-newydd
Gwaundderu
Gwaunredyn
Gwened
Gwent
Gwern
Gwernfran
Gwernhardd
Gwersyllbom
Gwic
Gwicdraeth
Gwiclow
Gwicopa
Gwiddin
Gwigwaun
Gwirosidd
Gwizien
Gwlad
Gwladfa
Gwynaidd
Gwyned
Gwynedd
Gwynngamp
Gwynrhan
Gwyntwg
Gwynun
Gwyr
Gynghrair
Gyrwm
Halchraig
Halwynau
Helyg
Helyggoed
Henbont
Henffordd
Hep
Hertford
Hijaz
Holand
Hondwras
Hong
Hrodna
Hufenaruchel
Hwlffordd
Hwngari
Ìle
Ileclle
Inis
Ïonia
Iosilyn
Irac
Iuddeu
Iwerddon
Iwgoslafia
Jammu
Jawa
Jerwsalem
Jerzenez
Jibwti
Jylland
Kaer
Kemper
Kemperle
Kénitra
Komborn
Krasnokokshaisk
Kymri
La
Laighin
Lanark
Landevenneg
Lann
Lannales
Lannstefan
Lapurdi
Lárisa
Latfia
Lauwedder
Lengadòc
Leòdhas
Leon
Lerpwl
Libanus
Libia
Lios
Lithwania
Ljouwert
Lladdaeron
Llam
Llanbadarn
Llanbedr
Llanbryn
Llandalarican
Llanddew
Llanddewi
Llanddyffryn
Llandeilo
Llandernoc
Llandregor
Llandrillo-yn-Rhos
Llandrindod
Llanelen
Llanelwy
Llan-faes
Llanfair
Llanfairpwllgwyngyll
Llanfairpwllgwyngyllgogerychwyrndrobwllllantysiliogogogoch
Llanfihan
Llanfyllin
Llangammarch
Llangollen
Llangonnet
Llan-gors
Llangwned
Llangydr
Llangyngar
Llanio
Llanishmel
Llanismel
Llanllieni
Llannerch
Llanstadwel
Llanwnog
Llanwrtyd
Llanwyn
Llanwysg
Llanymddyfri
Llanywen
Llanywon
Lleddwd
Llefryn
Lleuddiniawn
Llifri
Llion
Llocwyltas
Lloegr
Llogwyreg
Llongborth
Llundain
Llwydlo
Llwyfandir
Llychlyn
Llydaw
Llydwg
Llyfn
Llyn
Llŷn
Llynaedd
Llynaer
Llynafon
Llyndin
Llynesgob
Llynlleifiad
Llys
Loch
Lochynaich
Lombardia
Lú
Lucerne
Luitcoyt
Lwcsembwrg
Lwytgoed
Lydd
Lygea-Byrig
Lynnllaithcau
Lys
Mabfawr
Macedonia
Machicwl
Machynlleth
Madagasgar
Maesfihal
Maesfin
Maesmawr
Maeswen
Mahagw
Maigh
Maleisia
Malfin
Mallwoc
Mamffynnon
Manaw
Manceinion
Mantova
Marchogion
Margam
Maswria
Mathrafal
Mawgan
Mawrth
Mecsico
Medcaut
Médenine
Meirionnydd
Mewan
Mirabel
Moelfryn
Moldofa
Moncontwr
Montreleis
Môr
Morafia
Morgannwg
Moroco
Mosambic
Moscfa
Mukacheve
Mwnt
Mwynis
Mynachdy
Mynyddoedd
Nafarroa
Nant
Nantdraeth
Naoned
Nasareth
Naser
Nawned
Neamț
Neuadduchel
Nicaragwa
Ninefeh
Norddmandi
Norwy
Ocsitania
Ohcejohka
Onnddofr
Osraige
Pabaeth
Paderneg
Padova
Palesteina
Paragwâi
Pawl
Peairt
Pebyll
Pedr
Pempwll
Pen
Penafr
Penarlâg
Penbryn
Pencraig
Penfro
Pengwawl
Pengwern
Pen-hela
Pen-llin
Penmon
Penn
Penndu
Pennhadllin
Penntyrau
Pennwydh
Pennyglyn
Penrhudd
Penrhyn
Pentrefeglwys
Penycwm
Perenwydd
Perfeddwlad
Perth
Piran
Pla
Plastâl
Plwton
Plwychaer
Plwyescad
Plwyfgonfen
Plwyfrifw
Plwygaer
Plwyrfael
Ponddewi
Pondi
Pont-ar-Dderwennydd
Pont-ar-Hafren
Pontrhydfendigaid
Pont-toredig
Pont-y-Din
Pontypridd
Porfa-y-afr
Pornith
Port
Porth
Porth-Lym
Portiwgal
Powroed
Powys
Prag
Prestatyn
Profens
Prwsia
Prydain
Puglia
Pumsaint
Pwllgeirw
Pwllgwyngyll
P'yŏngyang
Pyreneau
Rais
Rayadyr
Reptyn
Resyn
Rhaeadr
Rhaeadrau
Rhedged
Rhedyn
Rhegin
Rhein
Rhosan
Rhosffordd
Rhoskoff
Rhostraenen
Rhosyr
Rhuddin
Rhuddlan
Rhufain
Rhufoniog
Rhuthun
Rhyd
Rhydafon
Rhyd-ar-Wy
Rhydaur
Rhydeang
Rhydganol
Rhydgei
Rhydgeirw
Rhydgoed
Rhydgoel
Rhydgymraeg
Rhydhwl
Rhydlydan
Rhydwely
Rhydwerin
Rhydychen
Rie
Roazhon
Roeddon
Ronsyfal
Ros
Rosbroch
Rosko
Rostorrmel
Rothon
Rwmania
Rwmelen
Rwseiffa
Rwsia
Rydychen
Sachalin
Sacsoni
Saigon
Sain
Sain-Ffilberth-Deas
Saith-Ynys
Samarcand
Sambia
San
Sansibar
Sant
Sant-Brieg
Santes
Sant-Maloù
Sawdi
Sbaen
Seion
Seland
Semnān
Sgythia
Sianel
Sinai
Singapôr
Sir
Siracusa
Sisili
Sligeach
Slofacia
Slofenia
Sruthair
Stanehyve
Steòrnabhagh
Strasbwrg
Styria
Suain
Sumatera
Swdan
Swmer
Swydd
Taclamacan
Tajicistan
Tal
Talacharn
Talaith
Talgard
Talgart
Talgarth
Talyllychau
Tanganica
Tanger
Taranupenn
Teabhtha
Tegeingl
Thessaloníci
Tìbhiotglyn
Tierra
Tigris
Tiobraid
Tír
Tiraethnen
Tirfrain
Tiriogaeth
Tiriogaethau'r
Tirol
Tiwnis
Tobar
Tobruch
Toriad
Toscana
Transylfania
Trebedr
Tref
Trefaeddan
Trefaen
Trefafel
Trefafon
Trefaldwyn
Trefannedd
Tref-ar-Drannon
Tref-ar-môr
Trefddefaid
Trefdraeth
Trefefail
Trefegon
Trefesgob
Treffechan
Treffrwd
Treffwc
Treffwl
Treffynnon
Trefgaerog
Trefganol
Trefgawell
Trefgeltan
Trefgoed
Trefgraig
Trefleiandy
Treflwyf
Trefoffeiriad
Treframlan
Trefwyn
Tref-y-clawdd
Trefynwy
Tregaron
Tregor
Tretŵr
Trindod
Tsaryovokokshaysk
Tsieina
Tsili
Twrci
Twrcmenistan
Tyddewi
Tyddynaueglwys
Tyfedw
Tyfryn
Tyndyrn
Tyne
Tynewydd
Tyrcestan
Tytref
Uchdergaddan
Ucheldiroedd
Urdd
Walonia
Wcrain
Wganda
Wlaidd
Wrecsam
Wrwgwái
Wyrog
Wyth
Y
Ydyl
Ymerodraeth
Ynys
Ynysoedd
Ynysporth
yr
Yr
Ystrad
Ystrath
Ywenlle
