Abhazija
Abidos
Abingdon
Ablasta
Abov
Admundska Dolina
Adrineja
Adžud
Afganistan
Afrika
Afrodizija
Agrafa
Ahaja
Ahtopol
Ahtubinsk
Ajdab
Ajtos
Akad
Akarnanija
Akvitanija
Alanija
Alapajevsk
Alba Julija
Albanija
Aleksandrija
Aleksandrija Troada
Alep
Al Gharbīyah
Alikante
Aljaska
Aljmaš
Alma Ata
Almati
Almiros
Alpe
Alst
Alušta
Alžir
Amasija
Ambrakija
Amèrika
Amfipolis
Amfisa
Anápa
Anatolija
Anazarb
Andaluzija
Andjelgrad
Andora
Andro
Andrusa
Angȏla
Angvila
Anšan
Antigva i Barbuda
Antiohija
Apameja
Apolonija
Apulija
Arabija
Arabijska Pustinja
Arad
Arakova
Arapsko More
Arđeš
Arg
Arhangelsk
Arilje
Arkadija
Armenija
Ar-Raka
Arsk
Arta
Artemizij
Arva
Ašantska
Asasini
Ašgabat
Asirija
Asizi
Asjut
Aškelon
Aslangrad
Asos
Aspend
Astana
Aštarak
Astipalea
Astrahan
Asturija
Asuan
Asur
Atena
Atika
Atirau
Atlantída
Atlantski Okean
Atlas
Atlon
Augzburg
Australija
Austrija
Azebruk
Azerbajdžan
Azija
Azori
Azov
Babilon
Bač
Backovo
Bagdad
Bahrein
Bajdov
Baje
Bajhlingen
Bakova
Baktrija
Balašađarmat
Balaton
Balearsko More
Balgarija
Baludžistan
Balvanjgrad
Bangalor
Bangladeš
Banja Luka
Banska Bistrica
Banska Štjavnica
Baranaviči
Baranja
Barc
Barca
Bardo
Barlad
Barou
Barwice
Basijana
Baskija
Baškirija
Bastulija
Bata
Batanja
Batorove Kosihi
Batrun
Bavarska
Beč
Bečej
Bečko Novo Mjesto
Bečuana
Bedžaja
Bedžemder
Begeč
Bejrut
Bektaši
Bela Crkva
Belaja Veža
Belaya
Belci
Belgija
Belgrad-Dnestrovski
Beli
Beligrad
Beljak
Belo Donje
Belogradčik
Belo Jezero
Belo More
Belorusija
Bengazi
Benin
Beocija
Beograd
Bernicija
Beršeba
Berzaska
Besarabija
Bešenovo
Betlehem
Bezanson
Biala
Biblos
Bihać
Biharija
Bijeli Huni
Bijeljina
Bilir
Biloberežja
Bilovo
Binja
Biograd
Biologard
Birdžand
Bistrica
Bitinija
Bitolj
Bitom
Bizantijum
Bjala
Bjala Podlaska
Bjec
Bjehovo
Blagaj
Blagojevgrad
Blatnohrad
Blatnozero
Blatograd
Bludište
Bobovac
Bocvana
Bodonica
Bodro
Bogota
Bohemija
Bohnja
Bojgrad
Bojka
Bojnjice
Boleslavec
Bolğar
Bolivija
Bolvansky
Bordo
Borša
Boršava
Boršograd
Boršov
Borudžerd
Bosanska Gradiška
Bosfor
Bosilegrad
Bosna
Bosna i Hercegovina
Bosra
Botevgrad
Botošani
Bove
Bože
Bozen
Božićni Otok
Božigrad
Božjakovina
Brajlovo
Braničevo
Branjin Vrh
Braslav
Brašov
Bràtislava
Brčko
Brenna
Bretanja
Brežnica
Breznik
Brezno
Bribir
Brijest
Brijud
Brinje
Britanija
Britanska Kolumbija
Britanski Honduras
Brjahimov
Brjansk
Brodi
Brodica
Brodno
Brskovo
Brukla
Brunej
Bruselj
Brza Palanka
Bucij
Bucu
Bučum
Buda
Buđak
Budějovice
Budgost
Budim
Budimlja
Budimpešta
Budin
Budišin
Budlimlje
Bugarofigon
Bugarska
Buhara
Buinsk
Bukowo
Bukurešt
Bukvanac
Burgundija
Burjatska
Butan
Butrint
Buzaj
Buzet
Buzjaš
Buzov
Bžesko
Cadca
Cahlow
Calandrica
Čanad
Čanadska
Čanakale
Caricin
Carigrad
Casna
Cazma
Cedynia
Cehanov
Čehoslòvāčkā
Čeljabinsk
Celovac
Censtohova
Centralna Australija
Centralna Srbija
Cepina
Cer
Čerepovec
Čerkasi
Cerkniško
Cernigov
Černivci
Černjahovsk
Černobilj
Cersk
Cešin
Češka
České Budějovice
Cetina
Cezareja
Chelmža
Cherdyn
Chinvali
Chišineu-Kriš
Chistibanka
Chocków
Chojna
Chojnice
Choszczno
Chrobatia
Čile
Cimpa
Cipar
Circezij
Cirena
Cislajtanija
Čita
Cobanc
Colerni
Conavija
Cordoba
Corlu
Cozsterine
Cres
Crikvenica
Crna Gora
Crnograd
Crno More
Crven
Crvena Rusija
Crveno More
Čugoku
Čurgov
Ćustendil
Čuvaška
Czaplinek
Dabie
Dahomej
Dakija
Đakovo
Dalmacija
Damala
Damam
Damask
Danj
Danska
Dašt-e Lut
Debar
Debelo
Debrecin
Dedoviči
Deksaroija
Delaver
Delfi
Delta Nila
Demetrijas
Deta
Đevđelija
Devin
Devol
Dikoye Pole
Dimotika
Dire Dava
Đirokastra
Djampolj
Djenova
Djeva Marija
Djevojčica
Djula
Djur
Dnjepar
Dnjepropetrovsk
Dnjipro
Dobignev
Doboj
Dobran
Dobrič
Dobrin
Dobrudža
Dodekanez
Doksani
Dolni Kubin
Domok
Donel'
Donja Austrija
Donja Bosna
Donja Kalifornija
Donja Šleska
Donjeck
Donji Egipat
Donji Kraji
Donji Milanovac
Donji Vrecko
Dorohoj
Dospat
Dovhopillja
Drač
Dragicin
Draginjan
Dragobuž
Drama
Drastar
Drawsko
Dražđane
Drežnik
Drijeva
Drinopolj
Drivast
Drniš
Drogobic
Dropul
Drozdowo
Dubica
Duboka
Dubovac
Dubrava
Dubrovnik
Dudleb
Duklja
Duljebi
Dunajska Streda
Dunav
Dunavgrad
Đurđevac
Đurđu
Duvno
Dvina
Dyetakov
Dymin
Džankoj
Džeraš
Džibuti
Džiroft
Džuba
Džungarija
Edelštejn
Edesa
Edisan
Efes
Egeja
Egejski Otoci
Egina
Egipat
Ekstremadura
Ekvador
Ekvatorijalna Gvineja
Elasona
Elateja
Elazig
Eldena
Elefsina
Elena
Elida
Elzas
Elzas-Lotaringija
Emilija
Engleska
Enkoridž
Enže
Eolida
Epenštajn
Epir
Erdelj
Erd-Šomljo
Eretrija
Erevan
Eritreja
Ermopolis
Esauira
Eštergon
Estonija
Etampes
Etaples
Etiopija
Etolija
Eubeja
Falklandski Otoci
Fara
Farsal
Farski Otoci
Faselis
Fašer
Fener
Fenikija
Fes
Figeras
Filadelfija
Filipi
Filipini
Filipovolje
Filjakovo
Finska
Firenca
Flandrija
Flijunt
Fojnica
Fokeja
Fokšani
Fonjod
Francuska
Frankonija
Frigija
Frizija
Furlanija
Gabes
Gabrovo
Gacko
Gagauzija
Gajzlingen
Galac
Galaksidijon
Galič
Galicija
Galič-Volin
Galija
Galileja
Galipolje
Gambija
Gana
Gandara
Gansava
Gardikija
Garestin
Gasanidija
Gat
Gatčina
Gavrilov-Jam
Gdanjsk
Gemer
Gent
Georgeni
Geraci
Gerona
Gibe
Gieca
Gijeca
Gition
Gjec
Gjumri
Glajhen
Glamoč
Glarenca
Glavač
Glaž
Glognica
Glogov
Glogovac
Glogovica
Glubcice
Glubočica
Glucin
Gnjevkovo
Gnjezno
Goce Delčev
Godžam
Goleta
Golubac
Gora
Goražde
Gorica
Gornja Austrija
Gornja Bosna
Gornja Burgundija
Gornja Šleska
Gornja Štajerska
Gornji Egipat
Gornji Korint
Gostinjin
Gračanica
Gradac
Gradic
Gradicijon
Gradiška
Gradište
Grbalj
Grčka
Greben
Grenada
Grenland
Grobi
Grozni
Grozswina
Grubješov
Gruzija
Grypswold
Guča Gora
Gulami
Gundešapur
Gvineja
Gvineja Bisau
Habarovsk
Hadramaut
Hadriani
Hag
Hajbar
Hajderabad
Hakasija
Halikarnas
Halkidiki
Halkis
Halštat
Hanja
Hardek
Hariopolj
Haršovo
Haštgerd
Havana
Hazarija
Hebron
Heksamil
Helada
Helge
Hengistgrad
Henrikov
Herakleja
Herakleja kod Latma
Herakleja Linkestis
Herakleja Minojska
Herakleja Pontska
Herakleja Trahinijska
Hercegovina
Heroneja
Hidžaz
Himara
Hios
Hirlau
Hirošima
Hlemuci
Hlivno
Hljinov
Hmeljnicki
Hoenburg
Holàndija
Holavnik
Hona
Hont
Hopjor
Horamšaher
Horasan
Horezm
Hotča
Hotin
Hrizopolj
Hrudim
Hrvatska
Hum
Humel
Humno
Hunski Kaganat
Huši
Huzestan
Hvar
Hvosno
Ičinoseki
Iglava
Igumenica
Ikarija
Ilidža
Ilirija
Ilko
Ilok
Imam
Imotski
Indija
Indonezija
Ingrija
Inovlodz
Irska
Irsko More
Isakča
Isalmi
Isavrija
Išinomaki
Isjum
Island
Istahr
Istočna Anadolija
Istočni Midlands
Istočni Renfrewshire
Istra
Itaka
Italija
Ivanjica
Iž
Izadhast
Ize
Iževsk
Ižma
Izmajil
Izola
Izrael
Jadransko More
Jafa
Jailsamer
Jajce
Jakin
Jakutsk
Jakutska
Jalomica
Jalšakot
Jalšnica
Jalta
Jamajka
Janica
Janjina
Jarocin
Jaromin
Jaromjerž
Jaroslav
Jaroslavlj
Jasava
Jasberenj
Jaši
Jasov
Javor
Jazdov
Jazigija
Jedingrad
Jedrene
Jegar
Jeha
Jekaterinburg
Jekaterinodar
Jelec
Jemela
Jemen
Jemtland
Jendžejov
Jenez
Jenisejsk
Jerapetra
Jerihon
Jeriso
Jeruzalem
Jetropole
Jomsvikinzi
Jonija
Jonski Otoci
Jonsko More
Jork
Jorkšir
Josipdol
Jugoslavija
Jugozapadna Engleska
Jurilovca
Južna Afrika
Južna Australija
Južna Dakota
Južna Karolina
Južna Koreja
Južni Wales
Južnočeški
Kadanj
Kaffa
Kagošima
Kaigorod
Kairo
Kajlar
Kalabrija
Kalafat
Kalame
Kalampaka
Kalaraš
Kalaus
Kalavrita
Kaliata
Kalifornija
Kalinjingrad
Kalipol
Kalivija
Kaljiš
Kalmikija
Kaloca
Kambodža
Kamčatka
Kamenec
Kamerun
Kamien
Kamnik
Kampanija
Kanada
Kanalska Ostrva
Kanija
Kanto
Kanzas
Kapadocija
Kapljica
Kapošvar
Kaprijana
Kapua
Karansebeš
Karantanija
Karaševo
Karasubazar
Kareli
Karelija
Karija
Karist
Karitajna
Karkemiš
Karlovac
Karnuntum
Karpatija
Karpatos
Karpno
Kars
Kartaga
Kartlijci
Kartum
Kasandrija
Kašava
Kaseg
Kašina
Kasiopi
Kašmir
Kassogia
Kastamon
Kastilja
Katalonija
Katancaro
Katar
Kavala
Kavarna
Kavkaz
Kavurskoto Kale
Kȁzahstān
Kazan'
Kazhirovo
Kazimjež
Kazvin
Kcinja
Kcyn
Kečkemet
Kefalonija
Keln
Keltsko More
Kerasunt
Kerineja
Kermanšah
Kermendin
Keruan
Kežmarok
Khavalisy
Kičevo
Kijev
Kikladi
Kilija
Kilikija
Kina
Kipsela
Kireš
Kirestika
Kirgistan
Kirijelejs
Kiriši
Kirov
Kišinjev
Kisucke Nove Mesto
Kitera
Kitnos
Kizik
Kizistrija
Kizlyar
Kjelce
Kjušu
Kladovo
Kladrubi
Kladska Bistrica
Kladsko
Klardžeti
Klatovi
Klazomena
Klisura
Ključ
Klodava
Kluč na Sani
Kluž
Kluž-Napoka
Knezko
Knežko Polje
Knid
Knin
Knjaževac
Knosos
Kokosovi otoci
Kokšaga
Kokšarova
Kokšaysk
Kolbacz
Kolbrzeg
Kolima
Kolmogory
Kolomija
Koloneja
Kolumbija
Komana
Komarac
Komárno
Komjatice
Konica
Konjic
Konjin
Konot
Konstanca
Konstantin
Kopar
Kopenhagen
Koper
Koprivinica
Kopšivnjica
Korča
Korchev
Korčula
Koreja
Korfinij
Korint
Korjažma
Kornojburg
Koroni
Koronija
Korotoyak
Korsun
Koruška
Korzika
Korzika i Sardinija
Košcjan
Košice
Kosovo
Kosta Brava
Kostanjevica
Kostarika
Kostur
Koszalin
Kotao
Kotor
Kotor-Varoš
Kovale
Kovasna
Kovin
Kozarac
Kozaria
Kozinc
Kozljak
Kozlov
Koznik
Kragujevac
Krajova
Krakov
Kran
Kranj
Krapina
Krasna
Krasnodar
Krasnojarsk
Kratovo
Krdžali
Kremenec
Kremnjica
Kremže
Krf
Kričim
Krim
Krišana
Krit
Križevci
Krk
Krnskigrad
Kromjeržiž
Kruja
Kruna
Krunograd
Krupanj
Krupina
Kruševac
Krušvica
Krzyz
Ksanti
Ktenija
Kúba
Kuban
Kučevo
Kuclat
Kudymkar
Kujavija
Kukes
Kuklograd
Kukshaven
Kumanija
Kunštat
Kurasao
Kuš
Kutina
Kutjevo
Kutlovica
Kuvajt
Labin
Lacha
Lacij
Lagadin
Lagodehi
Lahidž
Lahidžan
Lakedemonija
Lakonija
Lampsak
Land
Landštejn
Langadas
Laodikija
Laponija
Larisa
Latakija
Latgalija
Latinsko Carstvo
Laurion
Lavov
Lebork
Lebus
Lefkada
Lehonija
Lelov
Lencica
Leon
Lepant
Lepelj
Lepi Trg
Lérida
Lerin
Lestkov
Letonija
Levoca
Ležajče
Lezbos
Libanon
Liberija
Libija
Libijska Pustinja
Libijsko More
Lidija
Lidoriki
Ligurija
Ligursko More
Lihtenštajn
Lika
Likand
Likija
Limnos
Linec
Linkestis
Lipa
Lipani
Lipeck
Lipsko
Liptov
Liptovski Hradok
Liptovski Sveti Nikola
Lisabon
Litomerice
Litvanija
Liv
Livadija
Livno
Livonija
Livonska Braća Mača
Livonski Red
Lizimahija
Lješ
Ljubacev
Ljubava
Ljubavna
Ljubim
Ljubljana
Ljuboml
Ljuleburgas
Ljupina
Ljutica
Loara
Lodin
Lokrida
Lombardija
Lombardski Savez
Lomža
London
Lopšenga
Lopušica
Lorena
Losh
Losice
Loveč
Lovjic
Lovoršev
Lubeka
Lubjec
Lubjin
Lubowla
Lučenjec
Luck
Lugdunumska Galija
Lugnica
Lugoš
Luka
Lukomoria
Lukov
Luksemburg
Luksor
Luni
Lupak
Luristan
Lužica
Luzitanija
mabad
Macumoto
Macusaka
Mačva
Mađarska
Madit
Magellanov Tjesnac
Maglaj
Magnezija
Magnezija na Meandru
Makao
Makarska
Makedonija
Makurija
Mala Armenija
Maladzečna
Malaga
Malatija
Mala Vlaška
Malaya Kokšaga
Maldivi
Maleševo
Malezija
Maligrad
Malogost
Malopoljska
Manastir Mileševa
Mandok
Mangalija
Manihejstvo
Mantineja
Mantova
Manych
Marakeš
Maramureš
Maraton
Marcalin
Maribor
Marica
Marijanin
Mariupolj
Marke
Maroko
Maronja
Marsa
Massava
Materštof
Mauritanija
Mavruda
Mazovija
Mcheta
Mecovo
Meda
Međa
Médenine
Medina
Medjugrad
Međugorje
Megalovlahija
Meka
Meksiko
Meldi
Melita
Melnik
Memfis
Menzelinsk
Meranije
Mercija
Mesena
Mesenija
Metoni
Mezek
Mezen
Mezija
Mezopotamija
Midija
Mihajlovac
Mihaljovo
Mijanmar
Mijerkureja Čuk
Mikena
Mikon
Milet
Miletopolj
Milhajm
Milič
Minhen
Minutaši
Mira
Mirangrad
Mirmidonci
Miškin
Miškovci
Mislibož
Mistra
Misurata
Mitilena
Mitilene
Mitimna
Mizija
Mjedobanja
Mjendzižec
Mjesecno Jezero
Mlaki
Mlin Petrij
Modra
Modruš
Mogadišu
Mogaun
Mohac
Mokro
Mokro Polje
Moldavija
Molosija
Monako
Monakov
Monemvasija
Mongolija
Mongolsko Carstvo
Monošter
Montekapijola
Morača
Morava
Moravska
Mordvinska
Morkvashi
Mosinopolj
Moskva
Mošon
Most
Mostar
Motovun
Mozambik
Mscislav
Mstov
Mŭglen
Mukačevo
Muntenija
Muskat
Myslibórz
Nadin
Nadlak
Nahod
Naks
Namestovo
Napulj
Narbonska Galija
Naupakt
Navijork
Navplij
Nazaret
Nazarje
Nečvem
Nečven
Nedžd
Nemeja
Neopatrija
Nerdlingen
Nerehta
Nerežišca
Nesebar
Neustrija
Nevesinje
Nevrokop
Newcastle na Tyneu
Nica
Nideršenenfeld
Nigerija
Nikaragva
Nikeja
Nikli
Nikolajev
Nikolcice
Nikolov
Nikomedija
Nikopolj
Nikozija
Nikšić
Nikulin
Nin
Ninčićevo
Niniva
Niš
Nisa
Nišapur
Nižnji Novgorod
Nizozemska
Njala
Njamc
Njasviž
Njemačka
Njitra
Nju Delhi
Nojštrelic
Noriljsk
Norland
Normandija
Norveška
Nova Engleska
Nova Fundlandija
Nova Kaledonija
Nova Škotska
Novi Banovci
Novi Brunswick
Novigrad
Novigradic
Novi Južni Wales
Novi Meksiko
Novi Pazar
Novi Sad
Novi Sonc
Novi Trg
Novi Zeland
Novo Brdo
Novokolmogory
Novo Mesto
Novo Misto
Novo Trgovište
Nowogard
Nubija
Nur-Sultan
Obala Slonovače
Obalj
Oblucica
Obrovac
Očakov
Odesa
Odri
Offaly
Oglej
Ognjena Zemlja
Ohotsk
Ohrid
Okanja
Okič
Okinava
Okladnikova
Oknele Mari
Oksi le Šato
Oldřišov
Olešje
Olesno
Olimp
Olimpija
Olint
Oliwa
Olkuš
Olomuc
Oltenija
Omiš
Onega
Onogošt
Opat
Opatov
Orahovica
Oran
Oravica
Orej
Orel
Orgeev
Orhej
Orhomen
Orle
Orljava
Orlova
Ormož
Oromija
Orop
Oršava
Oshel
Osijek
Osmansko Carstvo
Osno
Osowo
Ostija
Oštrac
Ostrobotnija
Ostrogon
Ostšešov
Osvencin
Ovec
Ovruc
Ozalj
Padova
Paflagonija
Pafos
Paganija
Paganska
Pajonija
Paleo Frurio
Paleohora
Palestina
Palmira
Pamfilija
Pančevo
Panevėžis
Pangalija
Panonija
Par
Paradyz
Paragvaj
Pardanj
Parion
Pariz
Parskov
Partija
Pasava
Pastuh
Patagonija
Patra
Patras
Pazin
Pec
Pečenezi
Pečora
Pečori
Pečuh
Pecvar
Peilštajn
Pela
Pelagonija
Peloponez
Pelym
Pera
Perejaslav
Periferija Centralna Grčka
Perint
Perm
Perm' Velikaya
Pernek
Pernik
Persijski besmrtnici
Perusipnica
Peruštica
Peškopija
Pešta
Peti
Petric
Petrič
Petrokov
Petrovaradin
Petrov Trg
Pican
Pidna
Pijemont
Pikardija
Pila
Pilcama
Pinesk
Piran
Pirej
Pirineji
Pisidija
Piškopeja
Pitešt
Pizdri
Pjatra Njamc
Pjongjang
Plasi
Plateja
Plav
Plešcina
Pleven
Plisko
Ploešt
Plomin
Plonia
Plovdiv
Plzenj
Podgorica
Podlasija
Podolje
Podosinovec
Podrinje
Podujevo
Pogansko
Pogožela
Pojenari
Pokata
Polanov
Pol-e Dohtar
Polesje
Poligiros
Poljanija
Poljska
Polock
Polovrađi
Pomeranija
Pomoravlje
Pompeji
Pompejopolj
Pont
Ponyzzia
Poprad
Porajnje
Porcija
Poreč
Portoriko
Posert
Postojna
Potamukastel
Potasija
Potšah
Povaška Bistrica
Povolška Bugarska
Pozdawilk
Požega
Poznanj
Požun
Prag
Prank
Prekodunavlje
Prerava
Preševo
Preslav
Previdca
Pridnjestrovlje
Prijepolje
Prilep
Priština
Prizren
Prjevidza
Prokuplje
Prosek
Provansa
Prozor
Prusija
Pšedbož
Pšedec
Pšement
Pšemisl
Pset
Ptuj
Puhov
Pula
Pulj
Puntlend
Pyrzyce
Qin
Rab
Ráb
Radgosc
Radžejov
Radžinj
Rafa
Rahiv
Rahovo
Rajac
Rajgrad
Rajna
Rakus
Ramnik
Ramniku Valča
Ras al-Kajma
Raška
Ratibor
Rauna
Rava
Ravno
Razgrad
Rdokup
Red Svetog Antuna
Reihersberk
Rejkjavik
Rekaš
Rerik
Rešica
Retimno
Reval
Režišce
Ribinsk
Riblje
Ribnica
Ribnjak
Rijad
Rijeka
Rila
Rim
Rimavska Sobota
Rimska Imperija
Rimsko Carstvo
Risan
Rjašev
Rjazanj
Robov
Rod
Rodezija
Rodopi
Rodosto
Rogatica
Rogoj
Romanja
Rona
Roslavlj
Rosvar
Rožan
Rozeta
Rožnjava
Rozstoc
Rt Dobre Nade
Ruanda
Ruda
Rudnik
Rugard
Rugia
Rujno
Rumunija
Rusija
Rusko Carstvo
Rusovid
Rutenija
Rybanis
Šabestar
Šabva
Sagunt
Sakara
Sakmar
Saksin
Saksonija
Saksonija-Anhalt
Salamina
Salaž
Sališko More
Salmides
Salvador
Samara
Šamberi
Samnijum
Samobor
Šamorin
Samotraka
Šampanja
Samundžijevo
Sanc
Šangaj
Šanlijurfa
Santok
Saporo
Sarahs
Sarajevo
Saratov
Sard
Sardinija
Sarmatija
Saskov
Satagidija
Saudijska Arabija
Šaunberk
Saur
Savoja
Sborište
Šcecin
Šcinava
Šcižice
Scorbuze
Sebislavci
Šecehov
Sedmikulsko
Sedmogradska
Sedmokamen
Segedin
Sejšeli
Sekava
Sekljobrv
Seksar
Seleukija
Selge
Selimbrija
Selurinac
Selvesborg
Šemudvar
Senar
Sendre
Senj
Senta
Šentvid
Ser
Seres
Šerpc
Servija
Sest
Seul
Sevasteja
Sevastopolj
Sevents
Severinska
Severna Koreja
Severozapadna Engleska
Sevilja
Sianów
Šibenik
Sibinj
Sibir
Sicilija
Sidžilmasa
Siget
Signagi
Šikloš
Šikoku
Silivrija
Šimand
Šimeg
Sinaj
Singapur
Šintava
Sira
Sirakuza
Sireta
Sirija
Sirijska Pustinja
Siroc
Sisak
Siverin
Sivista
Sjanik
Šjauljaj
Sjenica
Sjeničak Lasinjski
Sjeradz
Sjeverna Dakota
Sjeverna Engleska
Sjeverna Irska
Sjeverna Karolina
Sjeverna Makedonija
Sjeverna Teritorija
Sjeverno More
Sjeverozapadni Teritoriji
Sjunik
Skadar
Skalovija
Skandinavija
Skanija
Skiros
Skitija
Skoplje
Škotska
Skradin
Skrapar
Skvižina
Slani
Slankamen
Slava
Slaven Gradac
Slavenska Krajina
Slavonija
Slažialeja
Šleska
Šleza
Šlezvig
Šlezvig-Holštajn
Slivno
Sloboda
Slonjsk
Slovačka
Slovenija
Slupie
Slupsk-Slawno
Smederevo
Smoljan
Smoljenjice
Šoa
Soči
Sofena
Sofija
Sogut
Sohacev
Sokol
Sokolac
Sokotra
Soligrad
Solin
Solun
Somalija
Sombor
Somlo
Šomođ
Sopot
Šopron
Soroka
Sovjetsk
Sozopolj
Španija
Sparta
Špinjarica
Spiš
Spiška Bila
Split
Springfild
Srbija
Srebrenica
Srebrenik
Sredec
Središnja Makedonija
Središnji Jylland
Sredozemno More
Srem
Šrem
Sremska Mitrovica
Sremski Karlovci
Šrenjsk
Staford
Štajerska
Štajr
Stalingrad
Stambol
Stanimaka
Štanjel
Stara Zagora
Stargart
Starhemberk
Starigrad
Stari Kostolac
Staro Bešenovo
Starogród
Stenica
Steničnjak
Šternberk
Sticna
Štip
Stojanovo
Stolni Biograd
Ston
Strehaja
Strelca
Strij
Struma
Strumica
Stšelno
Štubenberk
Studenice
Stupava
Štutgart
Sucava
Sudeti
Sudomjež
Sudovci
Suec
Suhumi
Sulejov
Šumadija
Šumgrad
Sumi
Šumla
Šumsk
Surduk
Surinam
Sušice
Šuštar
Sutjesk
Suvar
Suzdalj
Švapska
Svaran
Švedska
Sveta Gora
Sveta Mudrost
Sveti Andrija
Sveti Benedikt
Sveti David
Sveti Dimitrij
Sveti Dominik
Sveti Đorđe
Sveti Gerard
Sveti Hipolit
Sveti Jakov
Sveti Martin
Sveti Martin na Muri
Sveti Nikola
Svetla
Svetog Antuna
Sveto Mesto
Sveto Rimsko Carstvo
Svibnica
Švicarska
Svinjica
Svištov
Sviyazhsk
Svrljig
Swiecie
Sycewice
Sztrela
Szvuine
Tadžikistan
Taik
Tajvan
Takla Makan
Talin
Tamiš
Tamnokamen
Tanchlim
Tanganjika
Tanger
Tars
Tartešani
Tarudant
Taškent
Tasmanija
Tasos
Tavograd
Teba
Tebessa
Tegeja
Teheran
Telšiai
Temiš
Temišvar
Temryk
Terbovl
Teritorija Glavnog Grada Australije
Terka
Tesalija
Tešanj
Tespija
Tesprotija
Tetovo
Tetuan
Tetyushskaya Zastava
Teutonski Viteški Red
Tiberijada
Tiburgrad
Tigina
Tihama
Tihomel
Tijatira
Tikocin
Timuridska Monarhija
Tinduf
Tinec
Tingitanska Mauretanija
Tir
Tira
Tirana
Tiraspolj
Tirensko More
Tiringija
Tirol
Tirštajn
Tisa
Tismenicja
Titograd
Titov Vrbas
Tjekov
Tjumenj
Tmutarakan
Tokio
Toksandrija
Tolisa
Tomislavgrad
Topla
Toplica
Toplicani
Topovska Vrata
Topusko
Torik
Torun
Torzym
Toskana
Totabanja
Trahin
Trajanopolj
Trajanov Trofej
Trakija
Trakijsko More
Transilvanija
Transkarpatija
Transoksijana
Travensko
Travna
Travnik
Travunija
Trebinje
Trebnica
Treskavac
Trezena
Trgi Njamc
Trgovišće
Trgu Okna
Trident
Trikolj
Tripoli
Tripolica
Trjavna
Trnava
Trnica
Trnin
Trnopolj
Trnov
Trnovgrad
Trnovo
Troada
Trogir
Tršebic
Trst
Trzebiatów
Tržic
Tšemešno
Tuchola
Tukhchin
Tulica
Tulin
Tunis
Tur
Turav
Turčjan
Turjak
Turska
Tutrakan
Tuzla
Tvrdošin
Udbina
Udmurtska
Ugol
Ugrovesk
Ujedinjene Američke Države
Ujedinjeni Arapski Emirati
Ujedinjeno Kraljevstvo
Ujgurija
Ujscie
Ukrajina
Ulcinj
Uljanovsk
Ungeni
Unjejov
Unjicov
Unutarnji Hebridi
Urla
Urugvaj
Urzhum
Ušce nad Laba
Usolye-na-Kamskom
Ustilug
Ustra
Ust-Vym
Utyn
Užgorod
Užice
Vac
Vajmar
Vakajama
Valamara
Valensija
Valizija
Valonija
Valovište
Valva
Vancouver
Varadija
Varaždin
Varaždinske Toplice
Varminsko-Mazursko
Varšava
Varta
Vartemberk
Vasluj
Vatikan
Vatja
Vavel
Veji
Velbužd
Velegrad
Veles
Veligrad
Vèligrad
Velika Mađarska Nizina
Velika Vlaška
Veliki London
Veliki Ustjug
Veliki Varadin
Velikomoravska
Velikopoljska
Velja
Veljke Kapušani
Vels
Venecija
Verden
Verija
Vernij
Versinikija
Veršinino
Vešov
Vesprim
Vestfalija
Vetluga
Vetrenica
Viborg
Vicebsk
Vičegda
Vicina
Videm
Vidikovac
Vijetnam
Vijlak
Vilavce
Vinica
Vinkovci
Vinograd
Virovitica
Višegrad
Višera
Viši Brod
Viškov
Vislica
Višnja
Višnja Gora
Visoki
Vitanje
Viteški red Templara
Vitezovi Sunca
Vitlejem
Viza
Vizna
Vjatka
Vjelunj
Vježbna
Vladava
Vladislavec
Vlaherna
Vlaknorov
Vlasenica
Vlaška
Vlora
Voden
Vodičevo
Vodopadi Iguazú
Vojnic
Vojvodina
Vojvodov Belgrad
Vojvodovo
Vojvograd
Volbož
Volga
Volgast
Volgograd
Volin
Volinj
Volovo
Volšperk
Vonica
Voronjež
Vorskol
Voščica
Vraca
Vranduk
Vranje
Vranov na Toploj
Vratargrad
Vratislav
Vrbas
Vrestenica
Vrhbosna
Vrisa
Vroclav
Vršac
Vščiž
Vuka
Vukovar
Vukovisk
Vukovo
Vym
Warzno
Wielen
Wolyn
Yarensk
Yelabuga
Žabljak
Zaborani
Zadar
Zagorje
Zagrab
Zagreb
Žagvija
Zahumlje
Zainsk
Zaječar
Zakintos
Žalec
Zambija
Zandžan
Zante
Zapadna Australija
Zapadna Frizija
Zapadna Makedonija
Zapadni Azarbajdžan
Zapadni Bengal
Zapadni Midlands
Zapadnofrizijski Otoci
Žari
Žarnov
Zaslav
Žatec
Zatvor
Zavija
Zavolochia
Završje
Zbaraž
Ždjar
Ždralska Gora
Ždrelo
Žegligovo
Zela
Zeland
Zelengora
Železnograd
Želiv
Željezno
Žemajtija
Zembice
Zemlja Sekelja
Zemljen
Zemun
Ženeva
Žensko
Žerkovo
Zgjež
Žiča
Žice
Zikhija
Zilaj
Žilina
Zindžibar
Ziporeja
Žitava
Žitomir
Zituni
Živograd
Žjun
Zlatibor
Zlatna Horda
Zletovo
Zliwitz
Zlotuv
Žnjin
Žombolj
Zoneberg
Zorešt
Zuarin
Županjac
Zvečan
Zvoljen
Zvonigrad
Zvornik
