Amber-Eyes
Argues-with-Frogs
Ashen-Skinned
Axe-Fist
Barters-with-Wit
Bathed-in-Steel
Bitten-Once-Shy
Black-Silk-Earth
Blazing-Glory
Blue-Bird
Blue-Eyes
Blue-Scale
Born-Under-Stars
Borrows-Trouble
Branded-Heart
Brands-the-Guar
Breech-Star
Breezes-Whisper
Brown-Tooth
Calls-to-Nature
Calm-Water
Changer-of-Minds
Cherishes-Water
Chews-on-Moss
Chews-The-Marrow
City-Swimmer
Coin-Hoarder
Cooks-the-Meat
Dances-with-Kwama
Dawn-Scale
Deca
Delves-Deeply
Dreams-in-Daylight
Dreams-of-Honey-and-Gold
Dusk-Scale
Eats-To-Learn
Egg-Face
Eight-Feather-Tail
Erects-The-Spine
Evening-Star-Rising
Eyes-Like-Night
Eyes-of-Steel
Far-From-Water
Far-Walker
Fearless-Breath
Fights-With-Tail
Finds-Plants
Flies-In-Wind
Follows-the-Sun
Gathers-Dead-Things
Gentle Waters
Gentle-Heart
Gnarled-Root
Gold-Tail
Golden-Heart
Good-with-Numbers
Grayscale
Green-Eyes-Wander
Grins-At-Cats
Hard-Scales
Has-No-Loom
Head-in-Clouds
Hears-the-Stone
Hears-the-Wind
Hears-the-Winding
Heat-On-Scales
Hides-Aplenty
Hides-Her-Heart
Hides-the-Ashes
Honey-Nose
In-No-Hurry
Juggles-Scorpions
Kassandra
Keen-Eyes
Knuckle-Bones
Leaps-Before-Looking
Leaps-Over-Thistle
Licks-Longfins
Licks-the-Sand
Lifts-Her-Tail
Lights-Sparks
Lights-the-Way
Listens-By-Smell
Listens-to-Sea
lizard/Eater
Long-Cast
Long-Claw
Looks-Forward
Looks-too-Long
Loves-the-Water
Makes-Many-Soups
Makes-Many-Waves
Makes-No-Ripples
Makes-One-Soup
Many-Eyes
Many-Eyes-Watching
Mind-of-Ice
Moves-Like-Water
Murk-Watcher
Mysteries-of-Trees
Names-the-Leaves
Nimble-Fingers
Nimble-Knuckles
On-Staya Sundew
One-Eye
Open-Hands
Paints-the-Sky
Pale-Heart
Peers-Through-Glass
Plays-In-Puddles
Plucks-the-Coin
Poor-Scales
Purple-Plumes
Quill-Weave
Relieves-Burdens
Remains-Silent
Rising-in-Still-Waters
River-Swimmer
Rope-Gill
Runs-in-Circles
Runs-with-Questions
Sails-Through-Storms
Scale-Mender
Scales-Like-Silver
Scales-Like-Steel
Scared-of-Snow
Seeks-Better-Deals
Seeks-Her-Glory
Seeks-Old-Words
Seeks-White-Bird
Sees-All-Colors
Sees-Many-Paths
Shares-with-Many
Sharp-Edge
Sharp-Eye
She-Who-Gleams
Sheathed-in-Silk
Shimmerscale
Shiny-Trades
Short-Tail
Silver-Scales
Silver-Throat
Sings-at-Dawn
Sings-to-Stumps
Sings-with-Frogs
Sings-With-Joy
Sings-With-Reed
Sister-of-Wind
Sky-Seer
Slays-No-Dragons
Sleeps-with-Open-Eyes
Slips-Through-Fingers
Slow-at-Words
Smiles-With-Knife
Snail-Tail
Snub-Tail
Soars-in-Sadness
Soft-Wind
Sour-Tooth
Spark-Scale
Speaks-in-Tongues
Speaks-to-Clouds
Speaks-With-Hammer
Speaks-with-Leaves
Speaks-With-Lights
Spills-No-Drinks
Stares-at-Stars
Steps-Lightly
Stokes-the-Flame
Stones-Over-Water
Strong-Voice
Strong-With-Tail
Sun-in-Shadow
Sun-on-Scales
Swift-Needle
Swims-in-Silence
Swims-the-Seas
Swims-to-Sea
Tale-Spinner
Tall-Trees-Falling
Tastes-the-Breeze
Teeth-Like-Stars
Tends-All-Things
Tern-Feather
Thinks-in-Gears
Thorned-Blossom
Through-Gilded-Eyes
Travelling-New-Woman
Trips-Over-Dirt
Two-Tail
Under-Root
Values-Many-Things
Wakes-from-Hope
Walks-in-Ash
Walks-In-Dry-Places
Walks-In-Leaves
Walks-Lonely-Steps
Walks-Many-Leagues
Walks-On-Air
Walks-with-Bargains
Wallows-In-Sand
Wanders-Far
Warm-River
Waters-the-Grass
Way-with-Words
Wide-Eye
Wine-For-All
Wonders-at-Stars
