Abasìnia
Abcaxia
Abruso
Acaja
Acarnània
Adamaoua
Adrianupleos
Afganistan
Àfrica
Agiuran
Agrixento
Ajacio
Ałasca
Ałesandria
Almissa
Alpe
Alpi Maritime
Alta Bretagna
Altipian Svìsaro
Alto Ezito
Alto Parù
Alvergna
Alvergna-Rodano-Alpe
Alzeria
Ambosa
Anatòlia
Anberg
Anburgo
Andalusìa
Andora
Andra Prâdéš
Anfasite
Anfilòchia
Angora
Anguiłara Vèneta
Antigua e Barbuda
Antivari
Anzier
Apùlia e Całàbria
Aràbia Saudia
Arachòzia
Arcàdia
Àrea 51
Arezo
Argòłide
Argovia
Armòrega
Arsawa
Arzignan
Ascània
Ascole
Asìria
Atamània
Àtega
Ausa
Austrałia
Àustria
Avełin
Avezano
Àzia
Àzia Sentrałe
Babiłònia
Bagdad
Bagnacavało
Baicàl
Baja de Galway
Baja de Tillamook
Baja Groswater
Bakù
Baltimora
Barcełona
Barleta
Barsełona
Basa Austria
Basan
Baso Ezito
Bastetània
Batajsk
Baxilea
Baxilea Canpagna
Béal Feirste
Belanzana
Belgrado di Romania
Bełize
Bełun
Belzo
Bengała
Beòsia
Bernìcia
Besanzon
Betleme
Bieła
Biełorùsia
Biriusa
Bołivia
Bolzan
Bordò
Borseła
Bòsnia e Erzegòvina
Brandiburgo
Braziłe
Bressa
Bressanone
Bretagna Inferiore
Brindixi
Bruza
Bùcarest
Bułogna
Buriati
Càdice
Cajari
Cajena
Całabria
Calchfynedd
Calcuta
Całifornia
Calsìdega
Camerun
Cànada
Cànada Setentrionałe
Canal de Pànama
Canboja
Càndia
Cano
Canpania
Canpobaso
Caònia
Càorle
Capodistria
Caracene
Carara
Cària
Carinsia
Caroƚina de el Nord
Cartàlia
Cartàxene
Catània
Catanxaro
Cataro
Catełogna
Caxerta
Celtibèria
Cexenàtego
Chiavena
Chupànidia
Ciad
Ciàvari
Ciłe
Cingołi
Cióxa
Ciscaucàzia
Çità de Casteło
Cittavecchia
Cividât
Civitavecia
Çiviteła in Val de Chiana
Coinvra
Colimá
Cołogna
Cołónbia
Cołorado
Copenaghen
Coranto
Cordoba
Coregio
Corno d'Africa
Cornovagia
Coron
Còrsega
Costa d'Avorio
Costansa
Cotignoła
Coto Misto
Crimia
Croàsia
Cuncuardhia
Curtaton
Dakota del Nord
Dakota del Sud
Dalmàssia
Dardània
Deir el-Zor
Diolof
Dire Daua
Distreto de Colùmbia
Distreto de Cołumbia
Dogado Bàltego Unio
Dòride
Dorsale Walvis
Do Sicìlie
Duin
Durazo
Ebora
Ècuador
Egito
Egra
Ekibastūz
El Cairo
Elide
Elimiòtide
Ełipi
Emiłia
Emiłia-Romagna
Emirai Arabi Unìi
Enos
Eòłide
Eoràzia
Eòrdia
Eoropa
Èrevan
Erzegòvena
Estiòtide
Estònia
Etzina
Fam
Fare
Favenza
Fenici
Ferara
Fidensa
Filipine
Firense
Firensuoła
Fiume Fly
Fiume Kemi
Forlimpopołi
Fòside
Fosonbron
Foxa
Francònia
Fransa
Friul
Friul-Venesia Julia
Ftiòtide
Gàłes
Gàłes del Nord
Gales del Sud
Gàlia
Gàlia Cizalpina
Gàlia Lugdunense
Gàlia Narbonense
Gałisia
Gànbia
Gand
Ghati Orientałi
Gibiltera
Gimma
Glarona
Golfo de Adén
Golfo de Finlandia
Golfo del Obi
Golfo de Valénsia
Gorisia
Granada
Granda Armènia
Granda Cołónbia
Granda Pałù Nera
Grande Orda
Gravo
Gresa
Gresa sentrałe
Grixoni
Groseto
Groznyj
Guinea Equatorial
Hãnsa
Hierusalem
Ilercavònia
Iłìria
Il Pireo
Imamà del Càucazo
Indocina
Indonèzia
Inghiltera
Ìngria
Inpero Azteco
Inpero Bizantin
Inpero Móngoło
Inpero Otoman
Inpero Roman
Inpero Sełeùsido
Inpruneta
Insbruc
Isole Jonie
Israełe
Itałia
Ìxoła de Pasqua
Ìxołe del Canal
Ixołe Fær Øer
Jacuzia
Jemen
Jònia
Jopior
Jugoslàvia
Jutland Sentrałe
La Canea
L'Aja
Laponia
Lapurdi
Łasio
Ła Spesia
Ł'Avana
Lece
Leida
Leopołi
Łetonia
Łibia
Lìcia
Łiguria
Lincèstide
Lion
Łisbóna
Łituania
Łivorno
Lòcride
Łoira
Lojan
Łonbardia
Łondra
Longatico
Łoxana
Lubeca
Łubiana
Łuca
Lucània
Ługàn
Łuna
Lusenburgo
Lusin
Luxerna
Macaronèzia
Maçerada
Machačkala
Màłaga
Małàzia
Małèzia Britànega
Małì
Małide
Mànega
Màntova
Mar Adriàtico
Maranhao
Mar Bàltego
Marburgo
Mar Cantàbrego
Mar Celtego
Mar de Irlanda
Mar de Kara
Mar de Làbrador
Mar de ła Rezina Vitòria
Mar de łe Fiłipine
Mar del Nord
Mar de Sardegna
Mar de Tasman
Mar Ezeo
Mar Jonio
Mar Lìguro
Mármara
Mar Mediteràneo
Marmiroło
Mar Moro
Mar Morto
Maroco
Mar Roso
Marsegia
Martełago
Martìnega
Mar Tiren
Màstrit
Mazuria
Mełanèzia
Meran
Mèsego
Mesina
Mexopotamia
Midlands Osidentałi
Migdònia
Miłàn
Miodi-Pirenei
Misurata
Mìzia
Moldàvia Superior
Mołize
Mònaco
Monaco de Baviera
Monfalcon
Monferà
Mongołia
Monsa
Monséłeze
Montagna
Montanjana
Montecopioło
Montenégro
Mozanbico
Muran
Napoli di Romania
Nàpułi
Narenta
Nauplia
Navara
Nèpal
Neresi
Nicoxia
Nigaragua
Niza
Nord-Paso de Całè
Norveja
Nova Zełanda
Novo Gales del Sud
Oderso
Olee
Olimpo
Ołinpia
Oltènia
Ondùras
Ongarìa
Ontàrio Setentrionałe
Òrcade
Orda Bianca
Orda d'Oro
Orèstide
Oretània
Orinoco
Orliens
Osèano Àrtego
Osèano Atlàntego
Ositània
Osroene
Pàdoa
Paéxi Basi
Paexi de ła Loira
Paezi de Retz
Pafos
Pała
Pałatinà
Pałermo
Pànama
Panfìłia
Papado Bizantin
Parenzo
Parixe
Partia
Pasavia
Patan
Patraso
Pełagònia
Pelaszòtide
Penabiłi
Perèbia
Perù-Bołìvia
Peruxa
Péxaro
Piacensa
Piràn
Pixa
Pixin
Podlàchia
Podòlia
Pogibonsi
Poła
Polcenic
Połinezia
Połonia
Porcía
Pordenon
Portogało
Portogruèr
Porto Rico
Potensa
Provensa
Puia
Raguxa
Regno Unio
Rejo Całabria
Repubblica Sociale Italiana
Rèsia Curiense
Reverina
Reykjavik
Rimano
Rodèzia
Rodopa
Romanìa
Rossejon
Rovan
Roveredo
Ruanda
Rusia
Rutènia Rosa
Sacro Roman Inpero
Saiani Orientałi
Saiani Osidentałi
Sałerno
Sałisburgo
Salonico
San Andrea
San Bernardin
San Bonifaso
San Dordi
Sànio
San Marin
San Pieroburgo
Santiago de Conpostèła
San Zorzi
Saragosa
Sardegna e Còrsega
Sarmàsia
Sasari
Sassonia-Anhalt
Scalòvie
Scìsia
Selva Boema
Sènegal
Sèrbia
Sibilia
Siciłia
Siera dos Carajás
Singapor
Sintura Nera
Sio
Sipro
Siracuxa
Sisa
Sità Cherven
Sità del Cao
Sità del Kansas
Slovàchia
Slovegna
Sòfia
Sołeta
Somàlia Britànega
Sovranità del Rio Orange
Spàlato
Spilimbèrc
Stetin
Stiria
Stocarda
Stocólma
Sumeri
Svèsia
Tajìkistan
Tartària
Taškent
Teodoro
Tesalioòide
Texas Orientałe
Texas Osidentałe
Texas Sentrałe
Tezaja
Tiroło
Togołàndia Osidentałe
Tolmezo
Toloxa
Tołoxa
Torceło
Toxàndria
Tràcia Orientałe
Transcaucàzia
Transnìstria
Trebisonda
Trénto
Trevere
Trevizo
Trièst
Trinidad e Tobago
Tripułitània
Túnixi
Tunixia
Turìn
Turinza
Uarsangheli
Ùdine
Uiguria
Umago
Uni Bianchi
Urałi
Urbìn
Uruguai
Vałacia
Vaładołì
Valénsia
Vałénsia
Vałexe
Valpołexeła
Var
Vasiugán
Vategan
Vegia
Vèneto
Venexia
Verçełi
Verì
Vibo Vaƚénsia
Vicensa
Vicenzsa
Víchegda
Viena
Virginia de l'Òvest
Vladivostoc
Voltera
Xełanda
Xenevra
Xermanja
Xirona
Zabułistan
Zafo
Zagavria
Zagora
Zànbia
Zante
Zaolsie
Zaria
Zavachèzia
Zordania
Zorzania
