+40 (720) 138 884
+40 (720) 174 217
+40 (720) 314 575
+40 (720) 382 422
+40 (720) 673 484
+40 (720) 696 180
+40 (720) 696 402
+40 (720) 696 800
+40 (721) 589 361
+40 (722) 194 731
+40 (723) 182 284
+40 (723) 837 733
+40 (723) 875 468
+40 (723) 938 175
+40 (724) 253 586
+40 (727) 883 897
+40 (728) 883 691
+40 (731) 194 933
+40 (731) 814 253
+40 (731) 843 726
+40 (732) 751 635
+40 (732) 757 316
+40 (734) 296 333
+40 (734) 896 089
+40 (734) 896 249
+40 (734) 897 151
+40 (737) 729 792
+40 (737) 741 624
+40 (737) 741 695
+40 (740) 568 349
+40 (742) 055 550
+40 (742) 386 882
+40 (743) 227 893
+40 (743) 348 298
+40 (743) 547 683
+40 (743) 806 591
+40 (744) 528 826
+40 (744) 702 740
+40 (744) 708 530
+40 (745) 134 009
+40 (745) 188 324
+40 (745) 317 274
+40 (745) 487 232
+40 (745) 639 724
+40 (745) 816 377
+40 (745) 864 572
+40 (746) 183 442
+40 (746) 188 324
+40 (751) 526 192
+40 (751) 843 726
+40 (752) 334 433
+40 (752) 438 295
+40 (752) 837 557
+40 (752) 837 826
+40 (754) 382 422
+40 (756) 230 765
+40 (756) 844 825
+40 (770) 136 745
+40 (770) 456 987
+40 (770) 886 193
+40 (771) 671 329
+40 (772) 133 586
+40 (772) 159 753
+40 (772) 826 887
+40 (775) 181 387
+40 (775) 277 892
+40 (775) 854 675
+40 (775) 882 365
+40 (790) 113 948
+40 (790) 206 564
+40 (790) 383 696
+40 (790) 431 832
+40 (790) 432 844
+40 (790) 744 847
+40 (790) 919 443
+40 (792) 149 814
+40 (793) 286 493
+40 (796) 988 862