Abagarlas
Abamath
Agea Relle
Anga
Anutwyll
Arpenia
Atatar
Balamath
Bawn
Belarata
Belda
Beldaburo
Carac Agaialor
Ceyatatar
Culotte
Dwynnarth
Elenglynn
Enduum
Erokii
Eyearata
Fanacas
Fanacasecul
Gandranen
Garlas Agea
Garlas Malatar
Hame
Hrotanda Vale
Kemen
Lindai
Lipsand Tarn
Loriasel
Mackamentain
Malada
Miscarcand
Molavar
Morahame
Moranda
Moriseli
Nagastani
Narfinsel
Nen Ria
Nenalata
Nenyond Twyll
Nilata
Ninendava
Niryastare
Nonungalo
Nornal
Nornalhorst
Ondo
Par Molag
Piukanda
Rielle
Salas En
Sardavar Leed
Sedor
Sercen
Silorn
Silumm
Talwinque
Telepe
Trumbe
Vahtacen
Vanua
Varakun
Varondo
Varsa Baalim
Veawend Ede
Veyond
Vilverin
Vindasel
Welke
Wendelbek
Wendir
Wenyandawik