Āān
Aba
Ābǎidīng
Ābàiduōsī
Ābǎilǐsītèwēisī
Ābǎipiáo
Ābākǎn
Ābèiàokùda
Ābèidálōng
Ābēiduōsī
Ābèilāní
Ābǐràng
Ābǐxīníyà
Ābódélā
Ābùhācí
Ābùlántèshén
Ābùlǔzuŏ
A-chiu
Achtarak
Â-chû
Ācíbùlǔkè
Ācíōu
Ā-ciŭ
Ādakǎmǎ
Ādeěr
Ādélāmǐdíwēng
Ādélānuò
Ādémēngtè
Ādérúdé
Ā-dī-ā Hāi
Ādīkǎ
Ādīmìxīān
Adriatic Hái
Aegea Hāi
Āēnjiānggēāàoēn
Āěrāmǎ dé Yàlāgòng
Āěrbā
Āěrbāng
Ā'ěrbāníyǎ
Āěrbāníyāběibù
Āěrbāníyānābù
Āěrbānuòbōlìsī
Āěrbèi
Āěrběnjiā
Āěrbóléiyà
Āěrcài
Āěrdálā
Āěrdéěrsībāhè
Āěrdēng
Āěrēnsītàiyīn
Āěrfánfūlā
Āěrfèidénà
Āěrgàiluó
Āěrgāo
Āěrgēsī
Āěrgǔmò
Ā'ěrhàngé'ěrsīkè
Āěrhuònà
Āěrjìcí
Ā'ěrjíěr
Āěrjiéshén
Āěrjiéshén hépàn Kùěrtàiyā
Ā'ěrjílìyǎ
Āěrjílìyā
A'erjin
Āěrkǎ
Āěrkǎndalā
Āěrkǎodétè
Āěrkēbāsà
Āěrkèmǎěr
Āěrkèsàěr
Āěrkēsāiěr
Āěrkētíng
Āěrkùěr
Āěrkùshéndíwǎěrdéwéishén
Āěrlōng
Āěrméndélāláihuò
Āěrmòduōwǎ
Āěrmòluò
Āěrrèzǔěr
Āěrrúshéntèléiěr
Āěrsàsī
Āěrsàwǎ
Āěrsīfèiěrdé
Āěrsītè
Āěrtèmǎkè
Āěrténgbèigē
Āěrtuōpàxiāo
Āěrwǎyāshìlǐ
Āěrwéilǐkè
Āěrwéituō
Āěrwéiyànuò
Āěrwòsīda
Āěrzāhè
Āfǎěr
Āfúěrbódé
Āfùhàn
Āfūlǎngshén
Āfúlāxīābo
Āgēdéěr
Āgēléidá
Āgēlínníwēng
Āgēlǐzhēntuō
Āgēntíng
Āhāěrkǎlājī
Āhètèhuòkè
Āhètúbīnsīkè
Àiālā
Àiàoníyā
Āibǎiěrshītàiyīn
Āibǎiláo
Āibèiěrbāhè
Āibèiěrsībèiěrgē
Āibèiěrsīwǎěrdé
Āibèiláiběn
Āicíwòěr
Āidān
Āidapǔlè
Àiduōnèi
Āiěr
Āiěrbǎifèiěrdé
Āiěrbǎimēng
Āiěrbǎo
Āiěrbiéěrsuŏ
Āiěrbǐtèzàn
Āiěrdàikè
Āiěrdīng
Àiěrfūsībǎo
Āiěrfútè
Āiěrjīnzhān
Āiěrkǎsàěr
Ài'ěrlán
Àiěrlánhǎi
Àiěrmǎshàn
Āiěrméitè
Āiěrmùbōlì
Āiěrmǔsīhuòěrēn
Àiěrsībǎilǐ
Āiěrwǎsī
Āiěrzǔlǔmǔ
Āifúdīng
Āifūlè
Āigēěr
Āigēěrsōng
Ăi-gĭk
Àihāmàidábādé
Àihāmàidénègēěr
Àihèmǐmǔ
Ái-ī-làng
Āijí
Āijībāsītúcí
Àikěnxiōngrén
Āikèsāitè
Āikèshě
Âi-khi̍p
Ai-ki̍p
Àilābāndá
Āiláifūxīnà
Āiláikè
Àilālātè
Āilán
Āilánduōěr
Āiléisuŏsī
Āilǐkùěr
Àilìwēng
Āilún
Àilúnbǎo
Āilǜtèláiyà
Àimǐkèsī
Àimǐlìyā
Āimǔdēng
Āinèbāng
Ài-ní-lân
Ài-ní-lân Hái
Ain Re Lang
Āinuò
Āipèiěrnài
Āipéngshītàiyīn
Āipǔsītàiyīn
Āipǔtè hépàn Shātuō
Àiqínhǎi
Àiqínhǎizhū
Āiruìbùní
Āisāi'ébǐyǎ
Āisāikèsī
Āisèěrsītàiyīn
Āisēn
Àishāníyā
Āishīwéilè
Āisīkǎluònà
Āisīkǒngdíduō
Āisīlíngēn
Āisītèléimǎdùlā
Āitàiěr
Āitángpǔ
Āixièěrníchá
Àixīsītè
Āixītènàhè
Āiyīěrsīdajǐ
Àiyīnshāmǔsī
Àiyīnxīdélún
Āizésà
Ājǐhāyāsàwáng
Ājīkèkùlè
Ājílāěrdékǎnbōào
Ākǎdédì
Ākǎdíyà
Ākǎnài
Ākǎnàníyā
Ākǎxīkǎifū
Ākēdátè
Ākèluò
Ākèluódìlǐ
Ākèrútè
Akesai
Ākèsàlài
Ākèshénhúsī
Ākètào
Ākètuōbié
Ākèxièxīěr
Ākuínuò
A-kuo
Ā-lá-báik Lièng-hăk Dâi-gŭng-guók
Ālábǐsuŏsī
Ālābó
Ālābó Hǎi
Ālāgòng
Āláiduō
Āláilǐyā
Āláishéndé
Ālāmǔpǔěr
Ālāmùtú
Ālán
Alang
Ālǎngsōng
Ālánrì
Â-lâ-pak Lièn-ha̍p Thai-kûng-koet
Ālāpàyēfūsīkè
A-la-pek Hái
A-la-pek Liân-ha̍p Thâu-lâng-kok
Alashan
Ālāsī
Ālātèlǐ
Ālāwǎ
Ālāwéiěrdí
Āléijīpàdàōu
Āléizuŏ
Ali
Ālìfèi
Â-li-kham-thi̍t
Ālǐliè
Ālíngē
Ālìtúsī
Ālìyàjiā
Alpes
Ālǔ-hépàn-Tǔlún
Ālúkèsīnà
Ālúndéěr
Ālúnkèěr
Āmǎ
Āmǎdíyē
Āmǎěrfēi
Āmǎěrkǎēndakè
Āmǎsīlā
Āmòěrgēsī
Āmǔbāxīyà
Āmǔbǐkǎpǔěr
Āmǔláodì
Āmǔluóhā
Â-muòng
Āmǔshītàiténg
Āmǔsītèdān
Āmùwǎěr
Ānàní
Ānàwéisuŏsī
Ānbōsīda
Ānbùluōláolǐ
Āndàlvè
Āndàoěr
Āndāoěr
Āndàoěr Chéng
Āndǎoshì
Āndélièyābōěr
Āndélǐyā
Āndéluōsī
Āndìàojīyà
Āndùfú
Ānduō
Ānfēibōlìsī
Ānfēiluójīyà dey Àgēsī
Ángbùwǎsī
Ángdàinè
Ángdéluò
Ăng-dô̤-ī
Āngēěrxī
Āngēlā
Āngēsī
Ánggǔláimǔ
Âng-hái
Â-ngì-pî-sṳ̂ sân
Ăng-kā-lá
Ángrè
Ānjíyán
Ānkǎlā
Ānkēnà
Ānmàn
Ānnàtuōlìyā
Ānshàn
Ānsōnggē
Ānsuŏātèjí
Āntǎndélǔsī
Āntèkèlā
Āntèlǐmǔ
Āntèwèipǔ
Āntèxīěr
Antigua gâe̤ng Barbuda
Antigua kap Barbuda
Antigua lâu Barbuda
Antiochia
Āntuōfǎjiāsīda
Ānuònài
Àobānní
Àobā Yóulìyà
Àobǐdùshén
Àobóliánsīkè
Àobóyáng
Àobù-hépàn-Bāěr
Àodágēsītè
Àodálè
Àodéěrzuŏ
Àodékǎiěrkè
Àodelì
Àodélǐ
Àodémǐlā
Àodēngbǎo
Áodésà
Àodéwòtè
Àodíèmǔ
Àodìlì
Àoduōmàndīyà
Àoduōní
Àoduōyēfū
Àoěrbāní
Àoěrbǎo
Àoěrbǐyā
Àoěrdébǎo
Àoěrdēngbǎo
Àoěrdù
Àoěrhǎiyī
Àoěrhuòmàinuòsī
Àoěrjiāníyà
Àoěrkùshén
Àoěrlāmíngdé
Àoěrnàqiáosī
Àoěrshàowǎ
Àoěrsītè
Àoěrtèníyā
Àoěrtuōnà
Àoěrwéiyētuō
Àofǎlì
Àogēsībǎo
Àogǔcí
Àohànsīkè
Àojílā
Àokǎníyà
Àokèěrbù
Àokèhànpǔdú
Àokèlán
Àokèmǔ
Àokèní
Àokèshītàidīyā
Àolādíyà
Àoláixīníchá
Àolāwéichéngbǎo
Àolièshénjī
Àolǐjī
Àolǐkùmǔ
Àolínpǐs
Àolínpǐyà
Àolǐyāhuòwò
Àolìyēkēlì
Àolúnbǎo
Àoluòmùkè
Àomǎ
Àomén
Àoméntèbiéhángzhèngōu
Àomǐshén
Àoníháng
Àoníyàdì
Àopàtèfúěrwò
Àopàtúfū
Àopàwǎ
Àopǔdáěr
Àopǔlán
Àosèlè
Àosēnfùěrtè
Àosēnháosēn
Àoshénmǐyānà
Àosīda
Àosīdaěrlǐkè
Àosīlù
Àosīlǔsīsànā
Àosīmàndì
Àosīnàbùlǚkè
Àosīqiēshūfū
Àosītè
Àosītèěrbùěrgē
Àosītèlǔdá
Àosītèluōfū
Àosītèluōhè
Àosīwēixīn
Àotàipèi
Àotègēntēnggēěr
Àotèlǎngtuō
Àoyīpéng
Àozǔěrgàidì
Â-pak-tên
Āpàméiyā
Āpàmǐyā
Āpàmòyà
Āpòěrduōlún
Āpǔlìyā hé Kǎlābùlǐyā
Â-pu-lû-tsó
Āpǔtè
Āqiēlā
Āqiēlúnzā
Āràng
Āràngtáng
Āsèbàijiāng
Āshāfēnbǎo
Āshéndalākè
Āshěsīláiběn
Āsīdakēsī
Āsīkè
Āsīkēlìpíqiēnuò
Āsīlōng
Āsīnàěrkēlìyàěr
Āsīpānduōsī
Āsītǎnà
Āsītèlāhǎn
Āsītèlāhànkǎ
Āsītúdílvè
Āsītuōěrjiā
Ā-sŭk
Asuo
Āsuŏsà
Āsuŏsī
Â-sṳ̂-thù-lî-â-sṳ̂
Ātèlāsīshānmài
Ātèlǐ
Â-tet-lî-â-hói
Ātúdá
Au-chû
Àu-mûn
Àu-thai-li-â Sú-tû Liâng-thi
Āwǎěrsīnàsī
Āwǎlǐsī
Āwǎlōng
Āwǎlǔā
Āwéiěrsà
Āwéiláisī
Āwéilìnuò
Āwéizānuò
Āxiànuò
Āxīkǎ
Āxīxī
Āyāgǔcí
Ayakekumu
Āyākùqiáogǎng
Āyángrì
Āyīnsà
Āyóudé
Āzhēnda
Baa Lai
Baa Sai
Bābǐlún
Bă-bī-lùng
Bābōmǔ
Bādalìyā
Bādé
Bādélākè
Bādēng
Bādēngwèiláiěr
Bādīkǎluòā
Báe̤k Ái-ī-làng
Báe̤k-gĭng
Báe̤k-hāi-dô̤
Báe̤k Liāng-tū
Báe̤k Mā-gì-dóng
Bāēnsītèpǔěr
Bāěr
Bāěrdàiyāofū
Bāěrduōwéikè
Bāěrfūlè
Bāěrkāshén
Bāěrnǎoěr
Bāěrsīhǎn
Bāěrténg
Bāěrtiělā
Bāěrwǎniǔshén
Bāěrwǎsītèluó
Bāfǔluòdáěr
Bāfūnājiāěr
Bāgédá
Bă̤-géng
Bag Gian
Bāhāmǎ
Bāhèlàijī
Bāhèmùtè
Băh-ngṳ̀ng
Baiba
Bǎibùlíngēn
Bái'éluósī
Báiéluōsī
Bàiēnsà
Bǎiěrlādé
Bǎiěrní
Bàihālǐyē
Baijiantan
Báijīnhàn
Báijīnhànjùn
Bàikǎluòwò
Bǎikè
Bàikèdashénjiāotuán
Báik-lìng
Bailang
Bàiléiwūtè
Bǎilì
Bǎilìcí
Bǎilìkè
Bǎinābùgē
Bǎiníxīyā
Baire
Báishāwǎ
Bàitèlóng
Báiyín
Báizhànghán
Bàizhāntíng
Bājiāoěr
Bājíěrmǐ
Bājīsītǎn
Bākǎěr
Bākèsīdú
Bak Gen
Bak Ging
Bākù
Bakuo
Bă-là̤
Bālā
Bālāgēěr
Bālāhènà
Bālākèlāwǎ
Bālākēwò
Bālánkēsī
Bālánníyà
Bālánzháěr
Bālàshāgǔn
Balear Hái
Bālèdíkè
Bāléilì
Bāléishén
Bālèkèāixīěr
Bālètè
Ba Lhai
Bālí
Bālǐ
Bālièda
Bālín
Bāluódá
Bālǔwǎdeōulìlè
Bāmǐyáng
Bānámǎ
Bānbǎilǐ
Bānbǎo
Bānbùěr
Bāndálā
Bānèfèiěrdé
Bānfū
Bāngbōěrtuō
Bangda
Bāngdùkù
Bāngē
Bānggǔjiālā
Bānghǎiluōsī
Bangong
Bàngqīngyáng
Bāngtèlán
Bānièěrdébǐgēěr
Bāníyàkǎwǎluò
Bānjī
Bānjiāluōěr
Banma
Bānshén
Bānsīkǎshénjiāfūníchá
Bānwǎdé
Bāocén
Bǎojiāěr
Bǎojīalìyà
Bàolǐsuŏfū
Bāoluòshàojiāoěrmáotè
Bāotuōníào
Bǎozhuó
Bāqílāàoēn
Bă-să̤
Ba Sai
Bāsàiluónà
Bāsāiluōnā
Bāshèngde
Bāshénkēěrtuōsītǎn
Bashu
Bāsī
Bāsīdìyà
Basong
Basque tē-hng
Bātàisīkè
Bat Lit Din
Bāwǎjiādé
Bāwéi
Ba Xi
Bāxī
Bāxīlìyǎ
Bāyā
Bāyādéālāmò
Bāyàdéālǐyēshén
Bāyāmǎléi
Bāyànbùlāgē
Bāyāsīpǔliè
Bayern
Bayi
Bêd Gin
Bèiāēn
Běiāndàlvè
Běiānpǔdú
Běiānpǔduì
Bēibēng
Bèibùěr hépàn Yālìní
Bèibùlā
Běidákētā
Bèiěrdíjīfū
Bèiěrdìnuòluó
Bèiěrgēláidé
Bèi'ěr Hú
Bèiěrjiāmǎ
Bèiěrjiāmò
Bèiěrjītè
Bèiěrlánjiā
Bèiěrmòbāng
Bèiěrrèlākè
Bèifèiěrsītè
Bèigēmǔdélè
Bèigǔyà
Bèihāěr
Bèihēngàopǔzuŏmǔ
Bei Jing
Běijīng
Bèijǐyē
Bèikǎishénqiáobāo
Běikǎluóláinà
Bèikè
Bèikèsīxīěr
Bèilācíěrkèwǎ
Bèiláimǔ
Bèilǐ
Bēilǐ Shèng Àidémēng
Bèilúnuò
Bèimǎyángzé
Bèinàsīkè
Bèinàwǎléi
Bèinàwéntuō
Bèisāngsōng
Beiting
Bèitúfū
Běiwūlāěrsīkè
Bèixīniè
Bèixīnsītuōkè
Bèixītèsījiādēng
Bèiyóushén
Be Jin
Be̍k-se-ko
Běnchágān
Běndìwòlìào
Běndōu
Běnhā
Bēnnāfádànnāguó
Běnnǔ
Benxie
Beyrouth
Bianba
Bián-tiān
Bǐbǐyànuò
Bǐdébǎilè
Bǐdégēshén
Bǐdéhēidé
Bǐdélāyīda
Bǐdéluówǎlādīng
Bǐdéluózāwòcíkè
Bǐdénā
Bǐdéwǎshāláo
Bǐdīnggēn
Bǐdīníyā
Biéěrjiāngsīkè
Biéjī
Biélièbiéyī
Biéliègēwò
Biélièjīnnuò
Biélièzàn
Biérècíkè
Bǐěrgǔ
Bǐěrmǔ
Bǐěrsēn
Bǐěrshéntuōnàsī
Bǐěrsīkè
Bieruoze
Bǐěrzébùgǔ
Bǐěrzhāndé
Bǐgēěr
Bǐgǔpǔěr
Bǐhāěrbāng
Bǐhuòěr
Bǐjī
Bǐjiénuòěr
Bǐlèfèiěrdé
Bǐléiāifūsī
Bǐléijíkè
Bī-lé-sì
Bǐlètuólìyā
Bǐlìnà
Bǐlìniúsī
Bǐlìshí
Bǐliúsàhé
Bǐlìyàěrpānduō
Bǐlìyàfǎfēilā
Bǐlìyàfūlìnuò
Bǐlìyàléihuò dé Sàěrwǎnèisī
Bǐlōng
Bǐlún
Bǐluóbǐzhān
Bǐmǔdaěr
Bǐnàluósī
Bīng
Bīngdǎo
Bĭng-dō̤
Bìng-iōng
Bīnhǎiāěrbēisī
Bīnhǎibùluòniè
Bīnjiélǐ
Bìsīkǎsī
Bǐsītèlǐchá
Bǐtèbǎo
Bǐtuōmǔ
Bǐyēěrsuŏzìyóuzhēn
Bǐyēfūěr hépàn Fùrèěr
Bǐyēlā
Bóbǐào
Bóbùlǔyīsīkè
Bócígǔ
Bōcínā
Bōcítǎn
Bódàibó
Bōdàinuònà
Bōdaláigēléi
Bōdāndùsī
Bōdébōluōrìyē
Bōdélāxīyà
Bōdīāiā
Bōduōlígě
Bōduōlǐyà
Bōduōnuòfú
Bōduōxīnuòwéicí
Bōdùyēwò
Bóēndeōu
Bóēnhuòmǔ
Bōěrchánuò
Bóěrdaníyà
Bōěrdìlvè
Bōěrdìmáng
Bō'ěrduō
Bóěrgē
Bóěrgēwǎěrsūjiānà
Bóěrhā
Bóěrhuòfū
Bōěrqiēnígē
Bóěrsuŏfú
Bōěrtú
Bōěrtuōgēlǔāluó
Bōěrtuō Wéinèiléi
Bóěrzāwǎ
Bōgēsīkǎi
Bógǔqiàěr
Bóhèníyā
Bóhúsīlāfū
Bōjiāobèiěrní
Bókǎiěr
Bokala
Bōkèlíngdú
Bōkèluōfū
Bókèshā
Bo̍k-su-kho
Bókùěr
Bóláisīwǎwéicí
Bōlán
Bōlǎngtèlǚ
Bóláo
Bōléijī
Bólǐhuòěrmǔ
Bólín
Bōlìwéiyā
Bólǐyànà
Bōlìyīluósī
Bólǔjiéěrdé
Bōluòcíkè
Bōluódìhǎi
Bóluògēyē
Bóluòhuòwò
Bóluōwéijī
Bōmǎlìsī
Bóméisī
Bomi
Bómùbógēěr
Bónàěrbèiěrgē
Bónè
Bónèisī
Bónèwò
Bông-kó͘
Bông-kó͘ Tè-kok
Bōpéngdéda
Bōqǐpǔxīshì
Bóràngxī
Bōrèjiā
Bósānggēā
Bōshìdùn
Bōsīdawéi
Bo Si Deon
Bo Si Dun
Bósīpǔlǔ
Bósīwòsāi
Bosnia gâe̤ng Herzegovina
Bosnia kap Herzegovina
Bosnia lâu Herzegovina
Bótàifūgēlè
Bōtǎnchá
Bōténgsītàiyīn
Bōtèqiēsītè
Bou Luk Leon
Bōxīmǐyà Sēnlín
Bóyànuò
Bóyīcénbǎo
Bōyīkěntè
Bóyīnícǎi
Bōyīsī
Bōzhánā
Bōzuŏlì
Bùbānèishénwǎěr
Buchu
Budala
Bùdān
Bùdésīláo
Bùěrbǎo
Bùěrjiānèfū
Bùěrnuò
Bùěrrì
Bùgǔlìmǎ
Bùgǔní
Bùhǎilā
Bùhālā
Bùhúsī
Bùkǎláimù
Bùkètèěrmǎhé
Bùlācílāfū
Bùlāfū
Bùlāgē
Bùlái
Bùláijīnè
Búláiméi
Bùláisī
Bùláisībǎo
Bùlàisīgāo
Bùláixī
Bùlán
Bùlānièwò
Bùlánkǎsītè
Bùláowèiláiěr
Bùlāsīlāfū
Bùlāsuŏfū
Bùléicíníkè
Bùléidéfútè
Bùléidìní
Bùléigēncí
Bùléikènuò
Bùléiláisī
Bùléisànuònèi
Bùléisītè
Bùléitènuò
Bùléixièluò
Bùléixīyà
Bùlǐ
Bùlǐāi
Bùlǐàonè
Bùlièdiān
Bùlièsītè
Bùlièyītuōwò
Bùlǐ Gēndégē
Bùlǐjīnuòsī
Bùlǐjīwòtè
Bùlǐlè
Bùlíndíxī
Bùlínniè
Bùlǐsītuōěr
Bùlǐwéijiā
Bùlǐwéiyēsīkǎ
Bùlǐyànà
Bùlǐyángsōng
Bùlóngcháláisī
Búlóngdí
Bùlōngkèhuòsītè
Bùlǔkèlín
Bùlúncí-hépàn-Jīngēn
Bùlúnsībǐtèěr
Bùluókèduōěrfū
Bùluóluò
Bùluònài
Bùluóyīēnlíngēn
Bùlǔsāiěr
Bùlúwǎ
Bumutang
Bùmǔtáng
Bûn-lâi
Buò-dò̤-ngà
Bùqiàjī
Bùqióngbùlā
Bùrèsīkē
Buruo
Bury St. Edmunds
Bùsāituō
Bùshìwū
Bùtàilā
Bùtèlíntè
Bùyínuòsī-Àilìsī
Bùyītèlāgē
Bùyŏng
Bùzōngwéiěr
Càicí
Cǎidìnà
Cǎidìniè
Cǎidíníyā
Cǎiěrbùsītè
Cǎigēláidé
Cǎiliè
Caka
Caoka
Carthago
Ceará
Celtic Hái
Ceon
Cháěrtèlèsuìdāo
Chágànbùlāgé
Cháhāěr
Chái
Chaidan
Cháláidiāo
Chálǐjīn
Chánāzìzhìzhèngfǔ
Chǎngbái
Chángchūn
Chángcūn
Changdu
Changgeng
Changji
Chāngjí
Chángqí
Chángqíshì
Chángshēng
Changtang
Changzhu
Chāojièsì
Cháoxiǎn
Chaoyang
Cháwǎlóng
Cháwéisī
Chaya
Chéngdū
Chengguan
Chéngtián
Chengxiang
Chentang
Chesko
Chêu-sién
Chhak-tho Guinea
Chheng-hái
Chheng-tó
Chhiah-tō Guinea
Chhia̍p-khiet
Chhiong-kiat
Chhòng-chhûn
Chiáh-dô̤ Guinea
Chiat-kang
Ch'iëh-tsang
Chihuahua
Chi-ka-ko
Chĭng-dō̤
Chĭng-hāi
Chitrakuta
Chóngqìng
Chóngshéng
Chónqìng
Christmas-tó
Chǔdǎo
Chugecuoruobo
Chǔkēqí Bàndǎo
Chuk-pet
Chundui
Chûng-fà Ngìn-mìn Khiung-fò-koet
Chûng-koet
Chūntián
Chuvashia
Chǔwǎshén
Ciék-gŏng
Ciék-káik
Cígàirì
Cílātènà
Cílǐkèwéiníchá
Cínuòyīmò
Cíwèibùlǚkěn
Cíwéiēndéléihètè
Cíwéifǎěrténg
Cíwéikǎo
Cíwòěrníkè
Cíwòlè
Cíwòlún
Cíwòtuōléiyā
Cíxīnwǎlì
Coeng-ceon
Corse
Cuìshìwéi
Cuomei
Cuona
Cuoqin
Cuòqín
Cuoren
Cuòshéluómǎ
Cuòshéqiāngmǎ
Dabàilèbālā
Dàbǎn
Dábǎnchéng
Dàbiéliècíní
Da Chaidan
Dàchōngbīngtuán
Dádálìyā
Dádásītǎn
Dáēndùkǎ
Dáěrhán
Daěrjiāsī
Daěrjísītè
Dáěrmǎpǔlǐ
Daěrnǔfū
Daěrqíntuō
Daěrsūsī
Dá'ěrwén
Dagānluōgē
Dahaleteng
Dáháo
Dahúēndashā
Dàiàoěr
Dài-báe̤k
Dàiěrfūzǎiěr
Dàiěrménhuòsītè
Dàifēntèěr
Dáik-guók
Dàimíng
Dàinícílì
Dàirì
Dâi-să̤-iòng
Dâi-só
Dàitèmòěrdé
Dài-uăng
Dajianlu
Dàjílǐng
Dàjǐng
Dájísītǎn
Dákǎ
Dà Kǎpǔshāní
Dakèlāmǎgān
Dà Kùlún
Dalā
Dálāgān Gbùsì
Dalāhāxī
Dalāmò
Dálāmǔpǔěr
Dálāmǔpǔlǐ
Dalanba Geyang
Dalǎngtàisī
Dalánkŏng
Dalāpàlā
Dálāsī
Dalāsīkŏng
Dalāsuŏnà
Dalāwéilā
Dalǐfǎ
Dálíngdú
Dalìyàkēzuŏ
Dalǔdāntè
Dàlújī
Daluòsī
Dámàiěr
Damáolìpàsī
Dàmǎshìgé
Damu
Dámǔshīdatè
Dámǔsītǎtè
Danba
Dānbā
Dāndákǎrǎnyà
Dānduì
Dánènbèigē
Dăng-măh
Dāngxióng
Danísī
Dānjíěr
Dānkùda
Daofu
Dàpèidéluōgāng
Daqian
Dà Qīng
Dásāiěr
Dáshāgǔcí
Dà Shāmò
Dashéngān
Dashénkèpǔlǚ
Dátèmáosī
Dátèqià
Dàwèida
Dawéilā
Dawéisītuōkè
Daxia
Daxiong
Dàxī Yánghǎi
Dàyègēěrléikè
Dayīfū
Dà Yuán
Dàyuān
Dazébǎolù
Dazhao
Dazhūlā
Dazi
Debǐsī
Débùlèsēn
Dê-dṳ̆ng-hāi
Déěrēnbèiěrgē
Déěrfěi
Déěrníshén
Déěrwéncháhé
Dégē
Degelaka
Dégēnduōěrfū
Dê-giù
Déguó
Déhēibāsī
Dei Kau
Délāduì
Délājiājìhán
Délāwòěr
Délè
Délègēshāní
Delei
Déléidáwǎ
Déléisīdú
Délǐ
Delǐyāsītè
Délǔcíkè
Délúntè
Délǜnǔbōlìsī
Déluōhèdá
Déluōhuòbèijī
Déluōxīqín
Délǔrìjīfūkǎ
Démǐcí
Démǐtèlǐāsī
Dèngbā
Dēngbādéníyā
Dèngbādú
Dēngbǐ
Dèngbùlán
Dèngdí
Dèngduōkè
Dèngfúlǐsī
Dèngfúmǔlín
Dènggānnèn
Dè̤ng-ìng
Dēngjiālóng
Dèngkŏu
Dènglǐjī
Dèngnàlín
Dénièsītèhéyánàn
Deon-wong
Dépàěrpǔěr
Derucun
Désà
Déwǎ
Déwǎěrkǎ
Déwéiēndélānàjiāěr
Déwén
Déxīcí
Dexing
Déyīlè
Dezhōnghǎi
Díānwéiěr
Díbǎo
Dìbǐcí
Dìbǐlìsī
Diebu
Diémùchāokè
Dìěr
Dìěrbǎo
Díěrbǐ
Díěrduōěrfū
Dièu-siēng
Diexi
Dífūlǐyī
Dígēngwēi
Dìhuánà
Díjīxī
Dìkēqīn
Dìkèsībǎilǐ
Dìlābèilǐ
Dìlānà
Dìlóng
Dìlǔkēyīlúěr
Dìlǔnàěrwéilì
Dīluò
Dìluóěr
Dìlǔwénnàmòlái
Dímǎpǔěr
Dìmǐshén
Dínā
Dínàěr
Dínàwǎ
Dingjie
Dīngkèěrsībǐěr
Dīngqīng
Dingri
Dīngwòěr
Dìnièbǎiluó
Dìnuòsīdǎo
Diòng-chŭng
Dípèinǎo
Dīpólārě
Dìpòléilǐ
Dìpòléilǐjùn
Dìqiú
Dìróng
Dìsàfēilàidé
Dísīduōfū
Disikete
Dìtàiěr
Dítèmǎěrshēn
Dìtúěrxīyà
Dìwéiyē
Dìwòlì
Dīwūmǔ
Dìyēlǐbǎo
Díyēpǔ
Dìyŏngwéilè
Dōngběidīng
Dòngbùluówǎ Gǔěrníqià
Dòngcínàkè
Dongcuo
Dōngduìzhī
Dongga
Dōnggāozhǐshānmài
Dònggē
Donggei
Dōnghāěrmǎ
Dōng Hǎi
Dòngjǐ
Dōngjīng
Dōngnuówēi
Dōngsàyàn
Dōngsèléisī
Dô̤ng-uǎ Nêng-měng Gō̤ng-uǎ-gŏ
Dōngyāotèlán
Dōulāsī
Dōulíng
Dou Paak Lam
Dùāiníyàsī
Dúbāsī
Dùbǐchá
Dūbólín
Dùfūduì
Duìbùlèwéiní
Duìkèěrkè
Dùlángē
Dulishi
Dùluó hépàn Ālándá
Dùluōhépànmǐlándá
Dùmòhǎiěr
Dung Hoi
Dṳ̆ng-huà Ìng-mìng Gê̤ṳng-huò-guók
Dṳ̀ng-kéng
Dūnhuáng
Duōbiégēnièfū
Duōbùlǐjī
Duōduōnà
Duōěrgàilái
Duōěrkǎ
Duōěrmǎgēn
Duōěrqiēsītè
Duōfēinèi
Duōkèmǔ
Duōkèsàní
Duōléisīdadé
Duōlúnduō
Duōluōgēbùrì
Duōluōhuòyī
Duoma
Duōmǎrìlìcǎi
Duomatang
Duōnàjiāěr
Duōnǎo
Duōnǎowòtè
Duōnuòhè
Duōsāitè
Duōtèmēngdé
Dùsāiěrduōfū
Dùsībǎigē
Dùtínghèmǔ
Dùwǎnènèi
Dùyīsībǎo
Dzin
É-dâi-lé
Èěrcíyà
Ege-hái
Èguāduōěr
Éhàié
Èlìsī
Eluo
Éluósī
Ē-mn̂g
Éng-dô
È̤ng-hāi
Éng-nà̤
Eng-tē
Éng-teng-koān
Ēngǔlǔ
Ēnnísī
Ēnnísīkēxī
Ēnsīhèdé
Ēnsītèbùlún
Ēnsūkǎ
Ēntúmàn
Ēnxīsàimǔ
Erevan
Ěrqiānghé
Èsītèdáěrshāngǔ
Fǎěrkěnbèilǐ
Fǎěrsītè
Fǎěrxuěpíng
Fǎfúshěmǔ
Fǎguó
Fálābǐ
Fǎlánkèfú
Fǎlánxībǎo
Fǎlǎowáng
Fǎlǔ
Fǎmǎgǔsīda
Fǎméiēn deōu Mǎěrshén
Fàndìgāng
Fǎnuò
Fap-koet
Faroe Gùng-dō̤
Faroe Khiùn-tó
Faroe Kûn-tó
Fà-sâ
Fǎsāilìsī
Fǎsàluòsī
Fǎwūxīnbǎo
Fǎxīěr
Fēibāng
Fēidēngzā
Fèiěrdébāhè
Fèiěrdēng
Fèiěrdēngcí
Fèi'ěrgānnà
Fèiěrmò
Fēiěrsīténgfèiěrdé
Fēigàiluōdùshénwéiniǔshén
Fēiháng
Fēijígē
Feijyu Waan
Fēilākēwò
Fèilālā
Fèilānítèsī
Fèiléilā dù Shìjǐlǐ
Fēilèsīdáěr
Féilìbǐ
Fēilìyāxī
Fěilìyāxiūsī
Fēilìyù
Fēilǜbīn
Fēilǔcíkù
Fèilúndìluò
Fēilúnzuŏlā
Fèiluóěr
Fèinèitèlǎngrì
Fēisī
Fèitàishéndì
Féitèliègǎng
Fēixī
Fēiyānèn
Fēiyú Wān
Fēizhōu
Fènghuángchéng
Fēngsàlìdá
Fēngtènài-lè-kŏngtè
Fēngtèshàokē
Fēngtèxīn
Fēnlán
Fēnluò
Fēnnèiěr
Fēnnísītèlāfútè
Fēnsītèlún
Fî-chû
Firenze
Fok Sing
Fóluòkèxītè
Fómēngtèzhōu
Fò-Ngiàn
Fózhōu
Fùāitèwéntúlā
Fúbǎo
Fúcángsàkèbǎi
Fùdagǔlōng
Fúdaléisà
Fúdǎo
Fúēnsī
Fúěr
Fúěrjiā
Fú'ěrjiāgélè
Fúěrjiāsījī
Fúěrkēkè
Fúěrkèmēng
Fúěrlìkǎ
Fúěrshācí
Fúěrtúnàgē
Fúfúěr
Fúgēlāshén
Fúgǔ
Fújíníyà
Fújīsī
Fùkāng
Fúkāngbèigē
Fúkèshāní
Fuk-kian
Fúlàiēntè
Fúláigāncíluōsī
Fúlàixīn
Fúlājīmǐěr
Fúlāniè
Fúlánkěn
Fúláoēnfèiěrdé
Fúlāsāiníchá
Fúléiruìsī
Fúléisīnuò
Fúlǐcílāěr
Fúlǐmàntèěr
Fúlínbōbōlì
Fúlìníào
Fúlìxīnēn
Fúlǐzhēntuō
Fúlóngtènài
Fúlóngténgháosēn
Fû-lùn-pi-ngì-sṳ
Fúluōdéshěmǔ
Fúluòlākè
Fúluòléifū
Fúluòlǐcíduōfū
Fúluòlǐyànuòbōlìsī
Fúluōluòwò
Fúméngtè
Fúnèisī
Fùng-hói
Fung Wong Sing
Fúniǔdé
Fûn-làn
Fù-pet
Fúrèěr
Fùrèléi
Fúruìlínmǔ
Fú-sân
Fǔshān
Fúsīdínuòwò
Fúsīhuòwǎ
Fúsītè
Fúsōngbùluónèi
Fútèluósī
Fu̍t-lò-lùn-sṳ̂
Fúwòcíwǎwéikè
Fúxiūdīsī
Fúyīhètèmògēn
Fúyīníchá
Gaak Ling Laan
Ga'er
Gàiēnluódé
Gàiěrjíxīyà
Gáik-lī-dī
Gàilìbólú
Gàisēnháosēn
Gàisīmǎěr
Gaiteke
Gǎizé
Gālālùzhōu
Gallia
Gálúnbǎo
Gama
Gă-nā-dâi
Gāncǎiwéijī
Gāncháshāxiūdāoyuàn
Gande
Gandeng
Gāngāng
Gangba
Gangcha
Gáng-ciŭ
Gāngní
Gāng-puŏ-câi
Gānjíbùlèmǔ
Gannan
Gānsù
Gànzhōushì
Ganzi
Gāochāng
Gāolú
Gāoshízì
Gāotíng
Garongxia
Gāshān
Gēāěrpàlā
Gēàoěrgēndaěr
Ge-chia
Gēdànsīkè
Gēdélán
Gēdīngníyà
Gēduōfū
Gēěrdíwūmǔ
Gēěrēnháosēn
Gēěrgān
Gē'ěrmù
Gēěrnuòpǔlìhé
Gēěrwéi
Gēěrxīsàěr
Geji
Gēkèqiēdǎo
Gēkèsūn
Gék-lìng
Gēlābó
Gēlācháníchá
Gēlādíshénkǎ
Gēlāfēnshāxīng
Gēlāfēnshītàiyīn
Gēlàifūsīwǎěrdé
Gēláiniǔfū
Gēlālúnchá
Gēlāmòjī
Gēlānàtúlā dé Kǎlātèlāwǎ
Gēlánfēnnā
Gēlǎngrìàolè
Gēláobīndēng
Gēláosī
Gēlārìdài
Gēlāsīgē
Gēlāwòlìnè
Gēléinuò
Gēlèkèbùěr
Gēlènuòbùěr
Gēlèpāyēgān
Gēlèsītǎn
Gēlǐmǔsībǐ
Gélínglán
Gēlǐníáng
Gēlúhuòfū
Gēlúnbǐyà
Gēluōbǐníyā
Gēluócíní
Gēluōdéníjìyā
Gēluódénuò
Gēluōduōkè
Gēluóěrsītàiyīn
Gēluōhuòwéicí
Gēluónínggēn
Gēluósāituō
Gēluòsītè
Gēlǔqióngcí
Gēlǔsēnnírén
Gēlǚyēěr
Gēniècínuò
Gēnsībǎo
Gēntè
Gēsīdá Líjiā
Gēsīdìníng
Gētèhuòbù
Gētínggēn
Gēwǎěrdān
Gēwén
Gēwēntè
Gēwògǔfū
Gēwògǔwéikè
Gēwǔbùjīcǎi
Geyang Bumoqi
Gēzuŏ
Gié-lìng
Gĭng-chiŏng
Gĭ-ŏ̤
Gói-ciŭ
Gongbujiangda
Gongduo
Gōngéluōsī
Gōnghǎi
Gonghe
Gòngjiébǎo
Gōngjūnchéng
Gongka
Gŏng-sŭ
Gòngzājiā
Gonjue
Götebor
Gruzia
Guādálāhālā
Guādáláisītè
Guādámùěr
Guādísī
Guādíyàtuō
Guāléiníyà
Guāliàoěr
Guānàhuātuō
Guǎngdǎo
Guangdong
Guǎngzhōu
Guangzhouwan
Guānzhōng
Guāsīdalā
Guāzhōu
Gǔbā
Gǔběijìng
Gǔbǐào
Gṳ̆-bī-lô
Guchang
Gǔdàitàimǐěrguógū
Gǔěrbèinà
Gǔěrzǔfū
Guide
Guìlín
Guinan
Guiné-Bissau
Guīnèisī
Guìzhōu
Gǔjílánwǎlā
Gǔjílātè
Gǔkēwò
Gǔlābùlǔsī
Gǔlālǐyā
Gǔlǎngdáěr
Gǔlāwǎěr
Gǔléiyà dé Jiāliègē
Gulu
Gǔnàitè
Guoba
Guobaka
Guoluo
Guōng-dĕ̤ng
Guōng-să̤
Gǔsāipǔlùsī
Gǔwūduōwò
Gǔyá
Gǔyīndīyà
Gwai Zau
Hābùsībǎo
Hācǎigē
Hādīngduì
Hādísāi
Hāěrbǎishīdatè
Hā'ěrbīn
Hāěrdéwéikè
Hāěrjījìjī
Hāěrmǔsīdadé
Hāfèiěrbèiěrgē
Hǎichéng
Hǎidàiěrwǎěr
Hǎide
Hǎidélābā
Hǎidémǎkè
Hǎidì
Haidong
Hǎiěrbùlōng
Hǎiěrlún
Hǎiěrxīnlán
Háik-lṳ̀ng-gĕ̤ng
Hǎilānàibǎo
Hǎiménlínnà
Hǎinèsāngdé
Hǎisītíngsī
Hái-tō Kûn-tó
Hǎiwūmǔnuò
Hǎiwūmǔzā
Hǎixiáqúndǎo
Haiyan
Hǎiyīnfèiěrsī
Hǎiyīnsībèigē
Hǎiyúgēsōng
Hākǎ
Hākǎlǐ
Hākǎsīgōnghé
Hākènuò
Hālāhélín
Hālàisīdélāwéilā
Hālāléi
Hālán
Hālāxīnzhēn
Hālèbǐdé
Hāléi
Hālìkǎnāsuŏsī
Hālǐsēnbǎo
Hālìsīkē
Hāmǎ
Hāmǎěr-Dábān
Hāmì
Hà-mûn-sṳ
Hànbǎo
Hànchéng
Hàndéjiā
Hàng-guók
Hángǔguān
Hánguó
Hāníyà
Hànkǎsàěrmǐ
Hân-kok
Hànpǔ
Hàntè-Mànxīsīkè
Hànzhōng
Háogēsīduōfū
Háoyīdùsuŏbósīluò
Hāsèěrtè
Hāshéntègàiěrdé
Hāsīdìnàpǔěr
Hāsīkēwò
Hātèfú
Hāwǎnā
Hāyīmǎnà
Hāzāěrhíyà
Hèdébǐ
Hèěrlèwū
Hèěrmǎjiǔ
Hèěrmǔsīlì
Hèěrsīdaěr
Hèěrsītōng
Hèěrxīnbǎo
Hèěrxīngē
Hégēshān
Hēichéng
Hēidémālā
Hēiěrcíbèigē
Hēigēsīduì
Hēihǎi
Hēi Hǎi
Hēilóngjiāng
Hēisēn
Heishui
Hēixīngēn
Hèkèsèmǔ
Hek-lêng-kang
Hekou
Hèlākèlìyā
Hélán
Hèlǐfúdé
Hèlǔbiéshūfū
Hèlǔbo
Hèlúqīn
Henan
Hènèfúsī
Hé Nèi
Hēngjìnà
Hessen
Hèsuŏnísuŏsī
Hètèfúdéjùn
Het-hói
Hétián
Het-liùng-kông
Hèwēisài
Hèwéishén
Héyuán
Hezhi
Hézhōng
Hezuo
Hhuaan Se
Hĭ-ciŭ
Hĭ-lé-nà̤
Hi-lia̍p
Hî-lia̍p
Hing-lôo
Hiŏng-gē̤ng
Hiong-káng
Hiông-kóng
Hirosima
Hiûng-ngà-li
Hoat-kok
Hoê-kut
Hô-goân
Hoi Sing
Hói-tet-là-pâ
Hók-gióng
Hok-kiàn-séng
Hò-làn
Hô-lân
Hò̤-làng
Hóngdōulāsī
Hông-gâ-lī
Hongyuan
Hsia-la-tzu-kung
Hsiang-po-líng
Hsiung-pa
Húāidīng
Huáiěr
Huáinán
Huáitè
Huáitèhēiwén
Huáiyáng
Huák-guók
Huālázǐmó
Huáléisī Chéng
Huánggūwèiduì
Huánghǎidāo
Huángjīn Hǎi'àn
Huangnan
Huang Sha Hui
Huángshān
Huángyándǎo
Huà-să
Huáshā
Huáshèngdùn
Huāwēi
Hù-báe̤k
Húběi
Hūhéhàotè
Hui-chiu
Huígǔ
Huìlíngdùn
Huìtèbǐ
Hǔkèsīwǎgēn
Hū-khong
Hūlúnbèi'ěr
Hūluóshān
Hǔmàigē
Hŭng-làng
Hṳ̆ng-ngà-lé
Hûn-lâm
Hun-lân
Huòchéng
Huòdálán
Huòēnāimǔsī
Huòēnkǎsīěr
Huòēnshīmògāo
Huòēnsītàiyīn
Huòěrbàikè
Huòěrkèmǔ
Huòěrmògēléi
Huòěrsītèbùluō
Huògēnuò Hán
Huòhēngbādēng
Huòjīng
Huòkěnhǎimǔ
Huòlāmǎbādé
Huòlìwéiěr
Huòluòlā
Huòmǎsīōu
Huòpíàoěrhé
Huòsībǎo
Huòsīhánggēābādé
Huòyēsīwéidá
Huòyīnà
Húsāimǎ
Hú-san
Húsī
Húsītè
Hǔwēnkǎi
Húxī
Hú Zhìmíng
Huzhu
Hwanghae
Ià-lô-sák-lēng
Iâ-lō͘-sat-léng
Ī-hók-sū
Ĭng-gáik-làng
Ìn-nî
Ìn-tō͘
Iok-tàn
Iông-chiu
Iòng-ciŭ
Ionia Hái
Ī-sáik-liĕk
Í-sek-lia̍t-kok
İstanbul
Í-tāi-lī
Jainzha
Jalisco
Jáu-chyùhn
Jawa
Jiāāida
Jiāāilè
Jiābǎilōnglǐ
Jiābèisī
Jiācíwēn
Jiādébùshī
Jiādefū
Jiādémǎndōu
Jiādìnè
Jiāěrtàilì
Jiāěrwòlín
Jiagang
Jiālācí
Jiālái
Jiālánda
Jiālāxīěrsī
Jiālèkǎyāo
Jiálǐ
Jiālǐbōlì
Jiālìlì
Jiālìxīyà
Jiāluòwéi
Jiama
Jiāmāqūyēsì
Jiánà
Jiānádà
Jiānádàběibù
Jianakebu'er
Jiānán
Jiǎnbùzhài
Jiànduòluó
Jiāngnā
Jiāngnán
Jiāngnándōng
Jiangnong
Jiangrang
Jiāngsū
Jiangxi
Jiāngzī
Jiāníxī
Jiǎnpǔzhài
Jiànqiáo
Jianshe
Jīàogǔ
Jiaohe
Jiǎokèxī
Jiāowéinàzuŏ
Jiāpíluōwèi
Jiāqiēfū
Jiaqiong
Jiarong
Jiātàijī
Jiātàilánjūntuán
Jiātèqìnà
Jiāyàxīnchéng
Jiāyùguān
Jiāzhōu
Jīcíbǐèěr
Jídàgǎngshì
Jīdéwéilì
Jídímǎkǎ
Jiding
Jīdū Chéng
Jiébèilèshāmǎěr
Jiédébǎo
Jiéěr
Jiéěrbīntè
Jiéěrmùkè
Jiéěrrénsīkè
Jiékèkèlǔmǔluòfū
Jiélāshén
Jiéluónásūfálánā
Jiémǔníkēfū
Jiéqīn
Jíěrdìbùěr
Jíěrfúdé
Jiérìgòng
Jíěrjísīsītǎn
Jīěrkěnní
Jīěrkùkè
Jīěrmǎnuòkè
Jiesa
Jiétèjiālā
Jiéxīn
Jiéyīsèěrméiěr
Jīfǔ
Jífūhuòēn
Jìgēnhǎiēn
Jìhèwēn
Jíhúāiluò
Jījìkùsī
Jìjìmòdìhuò
Jīkèlāzésī
Jìkèshàoshìluō
Jila
Jīlālú
Jīlāní
Jíléisōng
Jīliánsīkè
Jīlìfǎléiwò
Jīlǐmiàoěr
Jílín
Jīlǐxī
Jīlìyā
Jílōng
Jīluòfū
Jíluōfūtè
Jīluōníyā
Jímài
Jīmǎlāsī
Jǐmǔníqià
Jīnbiān
Jīnbǐcǎi
Jīnchāng
Jinchuan
Jínè
Jǐngdélì
Jīngdū
Jīngsīduì
Jīngwāngǎng
Jīnjíbāěr
Jīnkǎdīng
Jīnluósī
Jīnsāiěr
Jīnsīdú
Jīntǎnbō
Jínuòkǎsītè
Jìnuòwéicí
Jīnxiàshā
Jīnzhànghán
Jīpénglèmǔ
Jīpǔlānà
Jīpǔlún
Jīqiēwò
Jīsāi
Jīsàmòsī
Jishi
Jìshìbǎo
Jìsīméiníjìyā
Jīsīnuòsī
Jìtáo
Jītèlākēàotè
Jiùbiélìsīkè
Jiùdùdàishéndì
Jiǔěrjiéwǎcí
Jiû-jiân
Jiùjīnshān
Jiulong
Jiǔmǔlǐ
Jiǔquán
Jiù Zāgēlā
Jiǔzhàigōu
Jiuzhi
Jīwǎwǎ
Jīwéidawéijīyà
Jìwéilìsīkè
Jīwǔhúfū
Jīxīlā
Jīyàluómēngtài
Jīyàwǎlǐ
Jīyàwénnà
Jīyēlǐ
Jūcíkē
Jùgǎng
Jūlín
Jumi
Jūmǐshénhānà
Jūnshìtǎndīng
Jūshīnājiēluō
Jūsītèluó
Jùtèfēn
Jūxīng
Kǎáng
Kābǐlā
Kābù'ěr
Kǎdahènà
Kǎdān
Kǎdaníyā
Kǎdékēyī
Kǎdígēn
Kǎěrdabèiluòda
Kǎěrdajíluónèi
Kǎěrdamǎ
Kǎěrdawǔtúluó
Kǎěrduōnà
Kǎěrgēbōléi
Kǎěrgēnèi
Kaer Jiaozhen
Kǎěrjīnchéngbǎo
Kǎěrkǎiměishén
Kǎěrkǎsīdìlvè
Kǎěrlìfūkǎ
Kǎěrmǎ
Kǎěrméikè
Kǎěrmònà
Kǎěrpí
Kǎěrsīlǔè
Kǎěrwéi
Kǎěrwéntè
Kǎěrxī
Kǎfēilì
Kǎfū
Kāgēlèkè
Ka-gī
Kǎhèjì
Kǎhúěr
Kāichéng
Kǎidàiníài
Kǎiěrcǎi
Kǎiěrsī
Kǎiěrsuŏ
Kǎiěrtèhǎi
Kǎiěrxī
Kǎijīkǎiméitè
Kailashen
Kǎilǐ
Kǎilǐníyà
Kǎilǔmò
Kāiluó
Kāiluō
Kǎilǚsī
Kǎimǐhé
Kǎimǐyēěrwéi
Kāimǔnící
Kǎinàdùgǔ
Kǎirìmǎluōkè
Kǎisèěr
Kǎisènísī
Kǎisītèhǎiyī
Kǎitèlíng
Kǎjiāyán
Kǎjìmǐrì
Kǎjìmǐrì Duōěrní
Kǎkǎwéiluòsī
Kak-là-sṳ̂-kô
Kak-tên-nì-â
Kak-than-sṳ̂-khiet
Kǎlāàolā
Kǎlābāshén
Kǎlàbójiācígēěrwān
Kǎlāfǎtè
Kǎlāfūlǐda
Kǎláiěr
Kǎlājīyā
Kǎlākǎěrpàkèsītǎnzìzhì
Kǎlālā
Kǎlāmàn
Kǎlāmǐsāiěr
Kǎlándá
Kǎlándé
Kǎlāníshén
Kǎláosīhé
Kǎlāsāitè
Kǎlāshàowǎ
Kǎlāxiāo
Kǎléi
Kǎléilìā
Kǎlì
Kǎlǐkèfúgēsī
Kǎlínkēwéijī
Kâ-li-sî-â
Kǎlǐyà
Kǎlìyàní
Kǎluò
Kǎluóníyà
Kǎmǎěrduōlì
Kǎmǎěrhādì
Kǎmǎguī
Kamai
Kāmàilōng
Kǎmǎlìnà
Kǎmǎsēn
Kàm-chû-sṳ
Kǎméiluóda
Kǎméishēn
Kǎméishénluòfū
Kǎmǔsītè
Kǎnàdakèbāng
Kǎnāfēng
Kâ-nàm
Kǎnǎojié
Kâ-nâ-thai
Kǎnbǎilán
Kǎnbèiěrchéng
Kǎnbōbāsuŏ
Kānchájiā
Kǎndàhā
Kǎndanièdí
Kǎndapǔ
Kǎndáwǎ
Kǎndìlìyànà
Kǎndìyànuò
Kǎnfūlánkè
Kang
Kāngbùléi
Kangma
Kāngnǎidíkè
Kāngnièdígé
Kāngsītǎndīngnuòfūkǎ
Kang-so͘
Kāngwòěrjùn
Kǎnjiāsī dé Àonísī
Kǎnkūn
Kǎnpèiěr
Kānpéilā
Kǎnpéng
Kán-po͘-chē
Kán-pu-chhài
Kǎnrè
Kǎntǎn
Kǎntèbǎiléi
Kǎnǔěr
Kǎnuò
Kǎnuòsà
Kǎnuòshā
Kǎobōshénbǎo
Kǎofūbóyīlún
Kǎonāsī
Kǎopǔbǎo
Kǎpángtèlā
Kāpàsūsī
Kǎpǔfēnbèigē
Karelia
Karuo
Kasa
Kǎsāida
Kǎsāiléisī
Kǎsàluòěrduō
Kǎsàsī dé Léinà
Kǎsèěryán
Kǎshěěr
Kāshénshì
Kashgar-chhī
Kāshí
Kǎshūbù
Kǎsīdanièdá
Kǎsīěrdú
Kǎsīěrfúdé
Kǎsīkǎntè
Kǎsīkèlián
Kǎsīnèyī
Kǎsīpǔlìyāhé
Kǎsītàiěrsàlāsāng
Kǎsītàilújīào
Kǎsītèluówéilālǐ
Kǎsīxīpǔěr
Kǎsuŏěrlā
Kǎtèlì
Kǎtèlǐkè
Kǎwàng
Kǎwǎyŏng
Kǎxīnà
Kǎxīnuò
Kǎyàní
Kazi
Ke-an-ni-ma
Kēāwéilā
Kēbǎo
Kēbùlín
Kēdéláiyā
Kēdìlìyàsī
Kēdìníàolā
Kēěrchá
Kēěrdící
Kēěrduōfán
Kēěrduōwǎ
Kēěrfēiníào
Kèěrgǔlì
Kēěrlái
Kèěrmànshāhè
Kèěrnuòfū
Kēěrqiēsītè
Kèěrrèniècíhé
Kèěrshénkē
Kēěrtài
Kēěrtàimǐlìyà
Kēěrtèjiānà
Kēěrtuōnà
Kēěrwǔ hépàn Mǐlándá
Kēfūluófū
Kege
Kēhuògē
Kèjīlādǎo
Kèjìníyā
Kēkè
Kēkèmáosī
Kēkèwòěr
Kēlābǐyā
Kèlāduōwò
Kèlāgǔyēwǎcí
Kèláicídàiěr
Kèláiěr
Kèlàiěrsīhǎimǔ
Kèláipèidá
Kēláisànuò
Kèlālièjì
Kèlāmǎyī
Kēláng
Kèlǎngduōjīn
Kèlǎngmǎkènuòsī
Kèlǎngméiěr
Kèlánlǐkǎdé
Kèláozuŏméiní
Kèlāpínà
Kèlāsīlāwǎ
Kèlāwàng
Kèlècí
Kèléidídú
Kēléijiāo
Kēléimǎ
Kèléimònà
Kèléimǔlíng
Kèléimǔsīmíngsītè
Kèlèkèkǎlái
Kèlèsī hépàn Āěrràngtōng
Kēliántèsī
Kèlièméiniècí
Kèlièmiǎnqiūgē
Kèlǐfū
Kèlìfūlán
Kèlǐkèháoèěr
Kèlǐmǐyà
Kèlǐsīdìānsōng
Kèlǐsīdìnàchéng
Kèlǐsīduōsī
Kèlìsīluō
Kèlǐsīmǎ
Kēlǐyà
Kēlǐyārìmǎ
Kēlìyóuěr
Kēlóng
Kèlújībǎo
Kēlǜkèsuŏ
Kèlǚní
Kělúnpō
Kēlúnpō
Kēlúnsài
Kèluócáng
Kèluògē
Kēluólāduōquán
Kèluóméirìshén
Kēluòméiyā
Kèluòpéngbǎo
Kèluōsīnuò
Kèluòsītèxīnbǎo
Kèluōyīdēng
Kèlǔpàní
Kèlǔshénwéichá
Kèlǔshěwǎcí
Kēlúwéiléi
Kēlǔxī
Kèlǔyà
Kèmàiluōwò
Kēmǎjīào
Kēmǎléisī
Kēmǎluōmǔ
Kēmànrìdeōu Shèng Bèitèlǎng
Kēméiěrxī
Kēmò
Kèmǔqiūgē
Kēnàkèlǐ
Kěngēn
Kèníduōsī
Kēnísībǎilè
Kèníyājínínuò
Kèníyārèwǎcí
Kěnpǔlōnggē
Kěntè
Kènuòsuŏsī
Kēnuòtuōpǔ
Kēpèiěr
Kēpèiěrdìnuò
Kēpǔlǐfūníchá
Kernow
Kèsàdìwǎ
Kèsāigē
Kěsàlán
Kēsàtuō
Kēshénhuòěrmǔ
Kēshìlìsīkè
Kēsītàishéndì
Kēsītèluōmǎ
Kèsītuōwò
Kèsūhuā
Kēsuŏwò
Kētèbùsī
Kētuōěrchéng
Kētuōnǔ
Kēwǎěr
Kēwǎláidá
Kēwéiliáng
Kēwēn
Kēwòbùrègē
Kèwòdáwǎ
Kēwòlā
Kēxījiàng
Kēxīmǎ
Kēxīqiērìnà
Kēyīní
Kèzéěrhé
Kēzékēdé
Khái-ngì-chhái
Khà-là-pu-lî-â
Kham-pha-nì-â
Khà-na̍p-thap-khiet-pâng
Khà-thok-vì-chṳ
Khiet-là-khô-fû
Khìm-sṳ̂-thok-khok-ngá
Khomas
Khongtông
Khô-sò-vok
Khuntîen
Kiak-lêng-lân
Kiam-khiâu
Kiat-lîm-séng
Kim-chhiong
Kipchak Hān-kok
Kit-làn
Kit-lìm
Kit-lò-na̍p-sén
Kiú-chē-kau
Kiú-chhai-khiéu
Kiú-chiu
Kńg-chiu-oan
Kńg-sai
Kńg-tang
Koan-tang
Kôan-tûng
Kô-kâ-sok
K'o-le
Kô-le̍t-sṳ̂-thán
Kŏngbǎo
Kòng-chiu-chhī
Kóng-chû-vân
Kōngdòng
Kŏngduōbōjiā
Kongma
Kŏngnàwéixī
Kóng-sî
Kông-sû
Kŏngsūāigēlā
Kŏngtèěr
Kóng-tûng
Kŏngwéiěrsànuò
Kriti
Krym
Kùbānde
Kùcíniècíkè
K'üeh-lung
Kùěrdatuōnèi
Kùěrgān
Kuerle
Kùěrmǔbāhè
Kùěrnākèbǎo
Kùfúěrdēng
Kùfūshītàiyīn
Kùi-chiu
Kui-chû
Kuídélínbǎo
Kuíěrfùtè
Kùi-lîm
Kui-lìm-sṳ
Kuítún
Kùkèwéiěr
Kú-kit-là-thi̍t-pâng
Kùlāsuŏ
Kùlìkēluō
Kùluòmǐyē
Kùluòniè
Kùmǎàng
Kùmǎxī
Kùméiěrtào
Kumukuli
Kùmǔlā
Kùnàào
Kūngǔěr
Kūnkǎ
Kūnshéndatè
Kūnshìlánzhōu
Kūnshìlán Zhōu
Kūnsīfèilǐ
Kuoerka
Kuo-k'êk
Ku-pí-lō͘
Kùqiēwò
Kùrìmǐěr
Ku-ru-chia
Kùsāilǐ
Kùshī
Kushinagara
Kushuāngnǐjiā
Kùshūjīxīnméisītuō
Kùsīdanài
Kùtènàhuòlā
Kùtènài
Kùtèyēwò
Kùxī
Kyûsyû
Làahn-jāu
Lāáng
Lābāsītángsī
Lābātè
Lābèi hépàn Wūsījì
Lābèitènājí
Lābōěr
Lābù
Labytgi
Lācèbǎo
Là-chhè-o
Lācíkǎiwéi
Ladake
Lādákè
Lādébóyīěr
Lādélādá
Lādēngbǎo
Lādíkēfǎní
Lāduō
Lāduōméishénlì
Lāduōmǔsīkē
Lāduōwǎnǔ
Lāēn
Lāěrgānjié
Lāěrjiāwǎ
Lāfǎníyā
Lāfēinà
Lāfúláishén
Lāfūnuò
Lāgān
Lāgēdàixī
Lāgěěr
Laguo
Lāgǔsà
Lāgǔshén
Lāgǔsītǎnbāng
La Habana
Lāhèdì
Lāhèjì
Lāhuòěrmǔ
Láiáng
Láibǐxī
Lāi-bông-kó
Láibùsī
Láicíhépànbómēng
Láidú
Làièdé
Láiěr
Láiěrdān
Làifèiěrshāyīdé
Láifūkǎsī
Láifūlǐhā
Láigēníchá
Láikèsīwéikè
Láilǐdá
Láilúfū
Láinínggēn
Láinuò
Láisībósī
Láisīníxī
Láisītè
Láisūsà
Láitàiniè
Làixièsībèigē
Láiyīn
Láiyīnāikè
Làiyīnbèiěrgē
Làiyīnfèiěrdé
Láizāyīsīkè
Lājìbùrì
Lājiépípǔlā
Lājīmǔpǔěr
Lājīnkǎ
Lākēníyà
Lāléiduō
Lālìbèilā
Lālǐnuò
Lālǐsà
Lâm Ài-ní-lân
Lâm Australia
Lâm Bohemia
Lâm-chhiong
Lāméisīwǎlāmǔ
Lâm-hái
Lâm-kiaⁿ-chhī
Lāmòtè
Lâm-thong
Lāmǔ
Lāmǔnuòsī
Lānàkǎ
Lānàkèjùn
Lānàlì
Láncāng
Láncáo
Lân-chiu
Lándáfúlǐ
Lándàiluò
Lándélínduōdé
Lándídénuò
Lang
Lǎngdàiwéinèikè
Lǎngduōníyà
Lángēlún
Lángēsīkē
Lǎngfúdé
Lǎnggēlè
Lǎnggēnèi
Langjiu
Làngkǎzǐ
Lǎngsāisītōng
Lángshān
Lǎngyākè
Lāníkǎitè
Lánkǎsītè
Lánnèsī
Lánpíní
Lánpǔsàkùsī
Lánsàluótè
Lánsī
Lánwǎlín
Lánzhōu
Láodú
Láofēnbǎo
Láokǎ
Láolǐèmǔ
Láomǎ
Láosài
Láosī
Láotèěrbāhè
Lǎowō
Lā Pèidìtè-píyēěr
Larang
Lāràngdìyēěr
Lasa
Lāsāiníài
Lāsāiwūdùěrhèlì
Lá-sák
Lāshàngbùěr
Lāshénkǎ
Lātàisītèdébǐshén
Lātǎnpǔěr
Lātèjiāěr
Lātènàjílǐ
Lāwǎlè
Lāwǎníyà
Lāwéiluò
Lāwéiníkǎ
Lāxīdíyē
Lāxièsīdíyāo
Lāxīfū
Laxiong
Lāxīzhān
Lāyējiādá
Lāyīgēlǔdé
Lāyīnuò
Lāzhānpǔěr
Lāzī
Lé-bă-nâung
Lèbǐdōu
Lèbùnící
Lèdéyú
Lèdōng
Léibīnsīkè
Léicí
Léideōu
Léidīng
Léidōngdésīkē
Lei Gaa
Léigēnsībǎigē
Léigēnsībǎo
Léijiāokǎlābùlǐyā
Léijīng
Léikǎshén
Léikènà
Léikèsèmǔ
Léikèyǎwèikè
Léilì
Léilìsīkè
Léimǎgēn
Lei Ngaa Dak
Léipéngsītè
Léiqīnsī
Leiwuqi
Léixīchá
Lèkènǎo
Lèlìdébùěr
Lèlǚdé
Lèmáng
Lèmǐěrmēng
Lèmǔník
Lèmǔníkùsèlātè
Lèmǔníkù Wòěrqià
Lènàěrbǎo
Lêng-hā
Lěnghú
Léng-ô͘
Len Ten
Leon Deon
Lèpí
Lérida
Lèshénnuòfū
Lètàilè
Lé-tseu
Lhasa-chhī
Lhasa-sṳ
Liâng-chiu
Liangsong
Liángzàn
Liángzhōu
Liáodōng
Liáoníng
Liâu-lêng
Liâu-nèn
Liâu-tang
Lǐbǎi
Lǐbātèrú
Lìbùěrnè
Lǐbùqiēsītè
Lǐcílán
Lǐdùshìlín
Lie
Lièdì
Lièjīchá
Lièkèsà
Lìēncí
Lièní
Lièpèilì
Lièrì
Lièu-nìng
Lièzhīduìsīdēng
Lìfūléi
Lìgǔlǐyāhǎi
Lìhúlā
Lǐjiā
Lìjīfēiěrdé
Lǐkǎbùdéào
Lìkǎnduō
Li-kú-lî-â
Lìlèbónè
Lìlèrúěrdān
Lìmārì
Lìmǐlá
Lìmǐyànà
Lìmòlǐkè
Lìmǔhǎixiá
Lìmǔnuòsī
Líncí
Líndísīfǎēn
Líndōusī
Lǐnèikè
Língàiěr
Língkèbīn
Língsītàicí
Línkěn
Línlìsīgē
Lintan
Líntèěrēn
Línxuěpíng
Linzhi
Línzhōu
Lī-pa-lùn
Lìpàní
Lì-pâ-nun
Lìpàxī
Lǐpéng
Lìpǔshīdatè
Lìpǔtuōfūbǎo
Lìrìmǔ
Lǐshìmǎn
Lǐsīdìnà
Lìsīmòěr
Lìsītuōěr
Lī-sṳ̆-buōng
Lǐtèbèiěrgē
Lìtèlǐmǔ
Lìtúāiqiē
Lìtuōméirìcǎi
Liǔbāxīfūkǎ
Liúbōmǔ
Liǔbùcíkè
Liúqiú Qúndǎo
Liúyìsī
Liǔyuán
Lǐwǎdéào
Lǐwǎgēsà
Lìwéiyà
Lǐwēng
Lìwòfū
Lǐwōnā
Lìwòníyājìshìtuán
Lìwùpǔ
Lìxīmǎjīyā
Lìxīténgfèiěrsī
Lìxuě
Lìyǎdé
Lìyàduōléi
Lìyángkùěr
Lìyēěrwǎěrdài
Líyīn
Lǐyuērènèilú
Lò̤-dī
Lòi-yin
Lok Caam Gei
Lo̍k-ui
Lò-mâ
Lò̤-mā
Lô-má
Lo Maa
Lò̤-mā Dá̤-guók
Lô-má Tè-kok
Lò-mâ Ti-koet
Lombardia
Lōngbèiěr
Longgaer
Longgong Lakang
Lōngjíyŏng
Lóngnèbǐ
Lóngsībèigē
Lōngsī lè Suŏniè
Lōngwéi
Lōngyē
Longzhong
Longzi
Lō͘-se-a
Lō͘-se-a Tè-kok
Lò-tsṳ
Lǔāigē
Lúáng
Lǔáng
Lǔàowéixī
Lúbāqiūfū
Lǔbèi
Lúběnbāxī
Lṳ̄-bī-ā
Lúbùlín
Lúbùlìniècí
Lúbùsīkē
Lǚcén
Lúcháěr
Lúdàiākè
Lǔdékèbǐng
Lúdú
Lǔěrmēngdé
Lǚfádēng
Lufen
Lúgānsīkè
Lúgēduìgāolú
Lúgērì
Luhuo
Lújī
Lújiānuò
Lǚjīyà
Lùjū
Lúkǎ
Lúnbādetóngméng
Lúnbādì
Lúncíbǎo
Lúnduì
Lúndūn
Lǚnè
Lǚnèbǎo
Lúnfúlǔ
Lùng-dŭng
Lúngēnfèiěrdé
Lǚniè
Lúnjī
Lúnnè
Lùn-pâ-thi
Luntai
Lúntèwòdīng
Lùn-tûn
Lûn-tun
Lǚnuòsūlá
Luo
Luóāndá
Luóānè
Luóbù Pō
Luōchèsītè
Luócí
Luódé
Luódécí
Luódēng
Luóduōbǐ
Luògēluóníào
Luōgēyīnuò
Luògēyīsīkè
Luójiādìchá
Luójiālán
Luòjiānuò
Luòjiātàicí
Luókǎmǎdùěr
Luókèfúěr
Luókèfúyī
Luòkèlǐ
Luókěnháosēn
Luòlái
Luòlán
Luòlán-Fǎěrsītè
Luòléisītǎn
Luòléituō
Luólìyànuò
Luòlún
Luómǎ
Luōmàn
Luóméida
Luòméiluò
Luōmǔnà
Luónèhékŏu
Luònígē
Luòpàdíwēng
Luòpàsīníyā
Luōrìníyāwǎ
Luòruìcáng
Luoruo
Luōsāilái
Luósāiluò
Luósāisī
Luósànuò
Luósàtài
Luòshānjī
Luóshénshūāěr
Luósīkāngmáng
Luòsītuōfūtè
Luóténgsītàiyīn
Luówéigē
Luówéiléituō
Luòwòzéluó
Luòwūní
Luōxiāolǐ dé Wéidài
Luóxīmǔnuò
Luóxīnuò
Luōyāěr-hépàn-Xùlì
Luòyànuò
Luòyīcí
Luōzàndáěr
Luòzhā
Luòzuŏwǎ
Lû-pu-lìm
Luqiao
Lúqiēlā
Luqu
Lǔrìmēng
Lúsàdìyà
Lǔsèlālè
Lùshākǎ
Lǔsuŏwéicè
Lúwǎěrhépànxiāomēng
Lúwàngdá
Lǔwǎxīnchéng
Lǔwǎyáng
Lǔwèn
Lǚxiāo
Lǚxīníáng
Lǔxīyŏngdeōu
Maan Hak Deon
Mā-dáik-lī
Mǎdélǐ
Mādénà
Mǎdùlài
Maduo
Mǎěr
Mǎěrbǎo
Ma'ergai
Mǎěrkǎi
Mǎěrkǎlǐyà
Ma'erkang
Mǎěrmǎlā
Mǎěrméirì
Mǎěrsāng
Mǎěrsàsīkǎlā
Mǎěrtàilāgē
Mǎěrwòrělè
Mǎěrxiànuò
Mǎgēnítuōgēěrsīkè
Mǎhābādé
Mǎhājīkǎlā
Mǎhālāshītèlābāng
Mâ-hâ-là-sṳ̂-thi̍t-là-pâng
Mǎhuòbā
Màiàoěrjiā
Màijiā
Màikěnsàitèwáng
Màinàmài
Màinínggēn
Màisēn
Màishìkèwéishéndé
Màisīyāfū
Màisuŏní
Màixīní
Màixīníyā
Màixīyā
Màizhélúnhǎixiá
Mǎjiāsāilā
Mǎjīwǎ
Mǎkŏng
Mǎlācíjíěrtè
Mā-lài-să̤-ā
Má-lâi-se-a
Mǎláixīyā
Mǎlāmùlièshén
Mǎlāníáng
Mǎlāsōng
Mālāwéicǎi hépàn Hèlādécí
Mǎlǐ
Mǎlǐāiěr
Mǎlìāndùníyā
Mǎlǐbóěr
Mǎlǐchá
Mǎlièshěwò
Mǎlínbǎo
Mǎlínwéiěrdéěr
Mâ-lòi-sî-â
Mǎlǔwǎyē
Mǎmǔsībǎilǐ
Mānàgē
Mànbǐjì
Màndáěrjiāěr
Màndáwǎěr
Màndéshāyīdé
Mandong
Mànēn
Màngēsītào
Màng-gók
Mâ-ngì-khái
Mangkang
Mángsītè
Mángtèméilìkè
Màngǔ
Mànguāěrdí
Mangyu
Mànhādùn
Mànhādùn Huábù
Māníjiāo
Mǎnílā
Mànjiālìyā
Màn-kuk
Mànnípǔ'ěr
Mànqiētè
Mànsāiěrkǎ
Mànsànàléisī
Mànsīfèiěrdé
Màntàijiāshén
Màntova
Màntúluōwò
Màntuōwǎ
Mànxīlìyà-dé-lāsī-Mùlāsī
Mao
Máokē
Mǎqiēlāda
Maqin
Mǎqiūbǐqiū
Maqu
Mǎróngnièyà
Māsàzhūsāi
Mǎsītèlándé
Mǎsītèlǐhètè
Mǎtàilā
Mǎwògēshénjī
Mǎxīdépǔěr
Mǎyēzǎi
Mayue
Mǎzuŏfūshě
Méiào
Méibóěr
Méidàiěrpàdé
Méidēng
Méidēngbùlìkè
Méidéníng
Méidéwéirìyēgēěrsīkè
Méidíníēnkǎi
Méidínípǔěr
Méiěrdúmòbùléi
Méiěrduōěrfū
Méiěrhǔsī
Méiěrluósī
Méiěrníkè
Méiěrtúlā
Měiguó
Méihādíyā
Méikǎ
Méikěn
Méiláicí
Méilānuò
Méilè
Méilǐdá
Méilǐkǎěrwéiyā
Méilìlìyà
Méilúnbèigē
Méimínggēn
Méinǔsī
Méisāngxī
Měisītèlāgē
Méi Suǒ
Méiténg
Měixīní
Mĕ̤k-să̤-gŏ̤
Menba
Méndésī
Méndīngníyà
Mēngbā
Mēngbùlǐsōng
Mēngdaěrjīnuò
Mēngdaláigēluó
Mēngdaníyànà
Mēngdarì
Mēngdémǎsāng
Mēngdésāi
Mēngdéwéideyà
Mēngduōnièduō
Menge
Mēngfǎěrkēnèi
Mēngfēilātuō
Mēnggēmǎlì
Mènggǒng
Mēnggǔdì
Mèngjiālā
Mèngjiālāguó
Mēngkǎdá
Mēngkǎěrwò
Mēngkŏngtúěr
Mēnglǚsōng
Mēngmáosī
Mēngméidí
Mèngnǎi
Mengong
Mēngsāijūěr
Mēngsāilìqiē
Mēngsāng
Mēngsī
Mēngtàikēpíàoluò
Mēngtàimǎníào
Mēngtàishèngānjiéluò
Mēngtèfèiěrtèluō
Mēngtèjīào
Mēngtèléi
Mēngtèlèyī
Méngtèlìěr
Mēngtèlìmǎěr
Mēngtèlǐshāěr
Mēngtèluósuŏ
Mēngtèsà
Mèngyǎng
Mēngzā
Ménshì
Menyuan
Mesudiye
Me̍t-sî-kô
Miǎnjǐrèjī
Miánlán
Miánlánlǎo
Miǎnyīn
Mǐdéěrbǎo
Mǐdéěrhèmǔ
Mǐdésāikèsī
Mǐdìlìní
Miēng-diêng
Mién-thien
Mǐěrkùěr
Mǐěrpǔwǎ
Mǐgēduōníyà
Mǐhāyīluòfūkǎ
Mǐkǎshěwéijī
Mǐkēnuòsī
Mǐkēwǔfū
Mǐkùqìcǎi
Mǐlā
Mí-làn
Mǐlánduōlā
Mǐlāzuŏ
Mǐlèxuěwǎxiūdāoyuàn
Mǐlìdōu
Milin
Mǐluòsī
Mǐnàsījílāsī
Mǐnèiào
Míngdēng
Míngníābōlìsī
Míngsīkè
Míngsītè
Mingzheng
Mìn-nì-â-pô-li-sṳ̂
Mǐnxiàng
Mǐrìjílǐyā
Mǐshénkēěrcí
Mǐsī
Mî-sok-put-tha̍t-mí-â
Mǐsūlāda
Mǐtàipángdēng
Mìxiēgēn
Mǐxīmǔnà
Mìxìyà
Mǐyādélì
Mǐyāo
Mǐyēsà
Mòbǎirì
Mòchéng
Mòdíkǎ
Mòdílìyànà
Mòěrbǐlōng
Mòěrdaniè
Mòěrfèida
Mòěrgāndīnà
Mòěrlái
Mòěrsī
Mòěrtǎn
Mòhuòsītǎngēěrjí
Mòjiāduōlǔ
Mo̍k-li-set
Mo̍k-sṳ̂-khô
Mòláiwēng
Mòlǎng
Mòléilìyà
Mòlìsāi
Mòluòxīyà
Mònuòbōlì
Mòsībāhè
Mòsīdaěr
Mòsīkē
Moskva
Motuo
Mòxīgē
Mòxīgē Chéng
Mòxīná
Mòxīnuòbōlǐsī
Mòyīméndadábèilā
Mòzāyīsīkè
Mǔcíhèda
Mù'ěrtǎn
Mùgēgǔléi
Mùkǎqiēwò
Mùlā
Mùlán
Mùlānuò
Mùluómǔ
Mùnèifūléijiā
Mùng-gū
Mùng-kú
Mùníhēi
Mǔshéntúfū
Mùxié
Muxihe
Mùzāfūfǎěrpǔěr
Muzitage
Naam Hoi
Nāānpǔduì
Nàbà
Nābǎojiālìyā
Nàbónègāolú
Nàbùlè
Nāchāng
Nāchōng
Nādákētā
Nādùěrbāěr
Nàěrdéào
Nàěrdùěrgē
Nàěrxīyà
Nàfūpàkètuōsī
Nàfūpǔlì
Nàgàifū
Nagasaki-chhī
Nāgēpǔěr
Nàhèlā
Nāhuākè
Naidong
Nàidú
Nàiliáng
Nai-lo̍k-pí
Naiqiong
Nàisītèwéicí
Nàjiāpàdìnā
Nākǎluóláinà
Nakawona
Nàkèsuŏsī
Ná-khiuk
Nàlánkē Shānshèng Mǎlìyājiāo
Nàlècíkǎ
Nāmànlán
Namaqie
Nàm-chhông
Nàméisītuōwò
Nam Hoi
Nàm-kîn-sṳ
Nāmòlè
Nāmùěr
Nándalì
Nándélā
Nàng-chiŏng
Nàng-chṳ̆ng
Nàng-gĭng
Nàng Ó̤-ciŭ
Nāngqiān
Nàng-tŭng
Nán Hǎi
Nánjīng
Nánjízhōu
Nanmulin
Nántàiěr
Nántōng Jiāo
Nǎoxièlā
Nāqū
Nariyang
Nā-sák-lĕk
Násālè
Násāo
Nâ-sat-le̍t
Nàshābùěr
Nāsīlāfū
Nàtǎncí
Nātè
Nātōng
Nàwǎěrmòlāěr
Nàwǎlājūntuán
Nàwéilái
Nàwéixīniè
Nāxī
Nàxīkè
Nàxīqiēwàn
Nàzhájiāmǔ
Nàzǔěr
Nèdélākè
Nèihèbùlǐdeqún
Nèiléitèwǎ
Nèi Měnggǔ
Nèiwūkěn
Ne Monku
Nèmùěr
Nèn-ha
Nèwéiěr
Ngà-diēng
Ngie-mí-li-â Lò-mâ-nyap
Ngie̍t-sû-fû
Ngò̤-lò̤-sṳ̆
Ngò-lò-sṳ̂
N̂g-soaⁿ
Niazuo
Níbǎo
Níbóěr
Nídài
Nièěrgàishénxīncūn
Nièfūjiékǎmǔsīkè
Nielamu
Nièlièhèda
Nièmàn
Nier
Nierong
Nièsīwéirì
Nièzākèxiōngrén
Níhā
Níjiālāguā
Níkēmǐdeyā
Níkēxīyà
Níluó
Níluó Hésānjiǎo
Nima
Nímǎjiāngrè
Nímǐyā
Nímǔ
Nínà
Nìng-hâ
Níngxià
Níngxiāng
Nísī
Nítèlā
Niǔbǎilǐ
Niǔbōtè
Niū-că̤-sī
Niújīn
Niǔkǎsīěr
Niǔlǐ
Niǔlúnbǎo
Niǔsītèlìyā
Niǔxīlán
Níyāmǔcí
Noe He
Noih Mùhnggú
Normandie
Nò̤-ŭi
Nò-vî
Nǔ'ěr-Sūdān
Nǔkè
Nǔkùfèitáohuánjiāo
Nǔlā
Nǔnàwǔtè
Nuòānhépànángtèlán
Nuòbā
Nuòdīnghàn
Nuòěrdéháosēn
Nuòfū
Nuòfúkè
Nuòfūlè Shèng Mǎdān
Nuòléiníyà
Nuòlǐěrsīkè
Nuòlǐjī
Nuòràng
Nuòsuŏfūkǎ
Nuòtuō
Nuòwǎlā
Nuòwēijī
Nuòwògēluōjiécí
Nuòyīsī
Nuòyīsītèléilìcí
Ochakan
Ò-chiu
Ò-chiu Siú-to͘ Te̍k-pia̍t-khu
Ó̤-ciŭ
Ó̤-ciŭ Siū-dŭ Dĕk-kṳ̆
Ó̤-dê-lé
O͘-hái
Oi Ji Laan
Oi Ngi Lan
Oi-tên-páu
Ò-mn̂g
Ó̤-muòng
Ò̤-nguòng
Ôn-na̍p-thok-li-â Pan-tó
Ontario
Ôn-tha̍t-lû-sî-â
Ôn-thi̍t-ví-phú
Ô͘-pak
O-pô-lòi
Osman Dá̤-guók
Osman Tè-kok
Osman Ti-koet
Ó̤-sṳ̆-lṳ̆k
Ò-tē-lī
O-thi-li
Ōubùnà
Ōudānlèluómàn
Ōulāfūsīwéikè
Ōulàiyǔěr
Ōulǐyàkè
Ōulúnsāi
Ōuluōshénhāzuŏ
Ōumǎlè
Ōunài
Ōupàsī
Ōupǔsītáosāiěr
Ōusāiěr
Ōushén
Ou Si Luk
Ōusūwǎ
Ōutǎn
Ōuwén
Paak Coi
Pàdakǎmǎyā
Pàdébóēn
Pàdīyà
Pàduōwǎ
Pàěrmǎ
Pàěrméilā
Pàěrqiēfū
Pàěrsībèiěrgē
Pàfúlāgēníyà
Pàfúsī
Paizhen
Pàjīn
Pak Ài-ní-lân
Pak-hái
Pak-hái-tō
Pak-kiaⁿ
Pak Léng-tó͘
Pak-lìm
Pak Macedonia
Pàlābǐyàgē
Pàlāěrsī
Pàláisītèlǐnà
Pàlāmǎlǐbó
Pàlándá
Pàlāyībā
Pa-lê
Pa Li
Pâ-lì
Pàluósī
Pama
Pàmǐyē
Pamuzhu
Pànàmùnà
Pànàwéirìsī
Pānbōlè
Pānfēilìyà
Pángdìfúlākètè
Pangduo
Pángpéibōlìsī
Pànjiālìyā
Pānnuòníyà
Pānqiēwò
Pa-pí-lûn
Pàpǔxīnbǎo
Pa-sai
Pàsài
Pàsāiwǎěrkè
Pa-se
Pàshào
Pâ-sî
Pàsīdasà
Pàtàiěrnuò
Pàtǎnkētè
Pàtèléi
Pàwéiyā
Pa Xi
Payang
Pàyēnè
Pe̍h-gîn
Pèidaluòwò
Péidénèilìsūsī
Pèiěrláibèigē
Pèiěrnèigē
Pèiěrníkè
Pèiěrtúwǎ deōu Wéitèlǐ
Pèiěrwòmàisījī
Pèilā
Pèilāgōngníyà
Pèilālādá
Péilātè
Pèilièsuŏpǔnícháyā
Pèilǐgēěr
Pèilíntèsī
Pèilǔgǔ
Pèiluónè
Pèinàduōnuò
Pèiníyīsīkēlā
Pèipíníáng
Pèiqiáoléi
Pèiqiēniègē
Pèirìcǎi
Pèisàluó
Pèishénkēbǐ
Pèisī
Pèisīkǎlā
Pèiwénxī
Pèixià
Pe̍kiámthan
Pek-lī-hêng
Pe̍k-ní-gī
Péngbǐyà
Péngbùluōkè
Pengcuolin
Péng-da-Mùsōng
Péngdìdílìmǎ
Péngdìní
Péngdìwéi
Péngfèilādá
Pêng-jiáng Ti̍t-hat-chhī
Péngjíkěntè
Pénglǐsī
Péngnèi
Péngtàikēěrwò
Péngtèwéidélā
Peng-tó
Péngtuōěrsōng
Péngzuŏnèi
Pên-tó
Pet-hói
Pet-hói-tho
Pet-kîn
Pet Macedonia
Pet Oi-ngì-làn
Pet-phu Calais Hói-hia̍p
Phì-âi-mùng-thi̍t
Phi-lû-kà
Pho-lân
Pho-sū-tùn
Phú-li-â
Phù-thò-ngà
Phû-tô-gâ
Píàobǐkē
Piáocìmáosī
Píàoēnbǐnuò
Pí-â-vùi-sṳ̂-thok-khiet
Pǐcíbǎo
Pícōngdà
Pídìlìyànuò
Píěrwǎlā
Píkèlín
Pílāsījiūdīsī
Pí-li-sṳ̀
Pílǐyājīng
Pílǔ
Pĭ-nà̤-gĭ
Pínèibèiěrgē
Pínèiluóluò
Píngchāng
Píngrǎng
Píngsīkè
Pirineo
Písāijíyē
Píshělí
Píshēyēnāgāluō
Pīshìlèmǔ
Pítèluòhèlǐ
Píténg
Pí-tet-kô-sṳ̍p
Píxīdíyà
Píyàqínchá
Pòěrsīkēfū
Pŏ̤-làng
Pòlèdébùěr
Poq Jin
Pô-tsṳ-nàm
Praha
Pubao
Pǔdalèmǔ
Pu'er
Pǔěr
Pǔěrmǎní
Pǔfǎěrcídeōu
Pǔgēláisuŏ
Puglia
Pǔjiāqiáofū
Pǔjié
Pǔjìfūlì
Pújīng
Pǔjīsāidá
Pǔlābùdì
Pǔlādayī
Pǔlādé
Pǔlāfūsīkè
Pulan
Pǔlǎngkēāitè
Pǔlǎngrì
Pǔláoēn
Pǔlāsēnxīyā
Pǔlātuō
Pǔlāwéiyà
Pǔléisīdatíng
Pǔléisīdú
Pǔlǐàojiāoěrsīkè
Pǔlǐcílún
Pǔliègē
Pǔlièwén
Pǔlǐmòěrsīkè
Pǔlǐshéndìnà
Pǔlìsīkǎ
Pǔlǐyēbōliè
Pǔlǐyēniè
Púlōngde
Púlóngdí
Pǔlǔ
Pǔlúgòngwàng
Pǔlún
Pǔlúncíláo
Pǔluójīdá
Pǔluōkùpǔliè
Pǔluòmíng
Pǔluómò
Pǔluōwǎdíyā
Pǔluówàngsī
Pu-lû-set-ngì
Pǔnākǎ
P'uo-lan
Pǔrèdàijī
Pǔrèdébùrì
Pǔrèmǔkùfū
Pǔsīhèkǎěr
Pǔsīkēfū
Pútáoyá
Pǔtèlìcí
Pǔtènà
Pǔtúyī
Pǔwòcíkè
P'yŏngyang
Qiabuqia
Qiàēnkùfū
Qiàmǔpàwǎtè
Qiándáěrlè
Qiándélākēnà
Qiándépǔěr
Qiangma
Qiánzàng
Qiáoēnpǔěr
Qiáoěrtèjīfū
Qiáopǔluòyē
Qiáozhìyā
Qiàpàsī
Qiàsīlāfū
Qiēbókèsàléi
Qiēdaěrduō
Qiēěrkǎsè
Qiēěrmǔsīfúdé
Qiēěrnàwòdé
Qiēěrníyàhuòfūsīkè
Qiēěrwén
Qiēhānǔfū
Qielan
Qiēlānuò
Qiēlièbōwéicí
Qiēlǐkēfū
Qiemo
Qiēpǔsītuō
Qiēsāinà
Qiēsāinàdìkē
Qiēshénméi
Qiēsītèfēiěrdé
Qiēsītèlèjiē
Qiētèxī
Qilian
Qílìkēxī
Qín
Qīnchá
Qīnchácǎoyuán
Qīndéwǎlā
Qīng
Qingche
Qīngdǎo
Qīngdōu
Qīngēlì
Qīnghǎi
Qīnghǎi Hú
Qinghe
Qīnglái
Qīngmài
Qìngshàng
Qíntàijiǎbàn
Qiónggēlādé
Qiongjie
Qióngtáng
Qióngxī
Qiongzhuang
Qiūbàiníwángcháo
Qiuci
Qiūduōwò
Qiūěrgē
Qiūgǔyēfū
Qiūhèluòmǎ
Qiūmǐkǎn
Qiūnàěr
Qiūsīténgdíěr
Qiūsuŏwǎyāhé
Qiūxī
Qíwǎwǎ
Qīwěi
Qūdaxīyā
Qugou
Qūmālái
Qūshuǐ
Quxia
Ràngbùlú
Rǎngtáng
Ranwang Ritu
Rebang
Rěduōniè
Rěěrgài
Rénbólìyā
Rénbù
Rénchuān
Renduo
Rènè
Rěsèlán
Rèshūfū
Rèwòdāng
Rìběn
Ribu
Rìdélánbàn
Rìduō
Rìkāzé
Rikhabdeo
Rìluòbīn
Rima
Rìnàwǎ
Rìníng
Rìrě
Rìsuŏěr
Rìtōng
Rìwūhé
Rongre
Róurán
Rúāiláitúěr
Rúānwéiěr
Ruìbǎo
Ruìmǐyērì
Ruìpǔtūn
Ruìshìgāoyuán
Ruolagang
Ruoqiang
Rúwǎní
Saan
Saan Sing
Să̤-báe̤k Liāng-tū
Să̤-băng-ngà
Să̤ Bengal
Sàbǐàonèida
Să̤-câung
Sacuo
Sàdakūnda
Sàdébǎilǐ
Sàdīngníyāhǎi
Sàěr
Sàěrbǎo
Sàěrbùlǚkěn
Sàěrcíbǎo
Sàěrdáníyà
Sàěrléibùěr
Sàěrnuò
Sàěrwǎduō
Sàěrwǎtèlādímǎgǔshén
Sàěrwéidēng
Sàfúkè
Sàfúyī
Saga
Sàgā
Sàgēlèbù
Sàgēn
Sàhūtēng
Sāi
Sāiālà
Sai Azerbaijan
Sāibāsīdīyà
Sāiběnnítuōsī
Sāicí-hépàn-Bāníàolè
Sāicílán
Sāiěrkòukè
Sāiěrpà
Sāiěrwéilvè
Sāiěrwéiyà
Sāifūlǔ
Sāigēdé
Sāigēěrwéi
Sàigēháoluòmǔ
Sāigēwéiyà
Sāijiāěrqià
Sāikǎiyīde
Sāikēda
Sāikèsàdé
Sāikèshénbáibǎo
Sāiláisīda
Sailaitang
Sāilèhǎidé
Sāiléi
Sāilēimǔ Sēntè
Sāilǚmóbùlǐyà
Sàilúnjī
Sàilúnsàisītè
Sai-má
Sai Maa
Sai Macedonia Tōa-khu
Sāinà-hépàn-Bāěr
Sāinà-hépàn-Nuòràng
Sāinèijiāěr
Sai Ngaa Tou
Sāiní
Sāiníjiālìyā
Sai-on
Sai-pak Eng-lân
Sai-pak Léng-thó͘
Sāipǔěrwéidá
Sàisàkè
Sāisàluòníjī
Sāisīpǔluōdìyā
Sāisītuósī
Sāitèfúdé
Sāixīnbùlā
Sāiyīnàiyāojī
Sajia
Sajiasi
Sàkǎlǐyà
Sàkèěr
Sàkèlāméiníyà
Sàkèmǎlāhé
Sák-mò̤
Sàlāhèsī
Sàlākŏngxīlìnà
Să-lăk-uŏk
Sàlāmànkǎ
Sàlāmǐsī
Sàlǎnggēpǔěr
Sàlāsīpíěrsī
Sàlèmǔzhōu
Sàlǐ
Sàlièhāěrdé
Sàlièsī
Sàlǐniènà
Sàlōngda
Sàlúzuŏ
Sàmāsīdǎo
Sàmǎwò
Sàmǎxī
Sàmāyà
Sàméigēlièluō
Sàmòjíxīyà
Sàmòlā
Sàmònài
Sàmòsèléisī
San
Sân
Sànà
San'anqulin
Sānfānshì
Săng
Sāngdāng
Sāng Débājī
Sāngdìpéngsāi
Sānggēláosēn
San Ging
Sāngkèěr
Sāngméilìmǎ
Sangmula
Sāngníng
Sāngpíní
Săng-să̤
Sāngsāiěr
Sāngsī
Sāngtǎndé
Sāngtōngrèháng
Sāngwēizhì
Sāngzhìào
Sangzhong
Sangzhuzi
Sân-khiéu-yòng
Sân-Sàng
Sân-sî
Să̤ Ó̤-ciŭ
Sapporo-chhī
Sapporo-sṳ
Sàsāikèsī
Sàsàlǐ
Sàsīkāchèwēn
Sàsīkǎtōng
Sàsuŏsī
Satakunta
Sat-hâ-là
Sat-là-màn-khà
Sat-tên-tó
Sàtúmǎléi
Saudi Ā-lá-báik
Saudi Â-lâ-pak
Saudi A-la-pek
Sàwǎjīn
Sàwònà
Sàyàn
Scot-tē
Se
Se Australia
Sèbǎo
Se-chōng
Seda
Se-k'a-chih
Sèkùāiní
Sèlāěrdé
Se-lâm Eng-lân
Sèléisī
Sèléisī Hǎi
Selin
Sèlǐxīlāfúléi
Sèluōníyā
Se-nái
Sēnda
Séng-dáng-dō̤
Sèng Lô-má Tè-kok
Sèng Peterburg
Sêng-to͘
Sēnmāshí
Sēnnàěr
Sēnpòěr
Seoul Te̍k-pia̍t
Se-pan-gâ
Sèqiáofūkǎ
Sèsàlì
Sèsàlìàodīsī
Set-vì-li-â
Sé̤ṳ-chiŏng
Sê̤ṳ-lé-ā
Sewu
Sèyútè
Shābèisīdaěr
Shābùlì
Shāchē
Shādélínsīkè
Shādìyŏngsūláikētè
Shāěrkǎěr
Shāěrlvè
Shāěrmǎzélè
Shaju
Shālándéléi
Shālāyuè
Shālōng
Shālǚ
Shāluólè
Shàmén
Shāmòlín
Shān
Shānchéng
Shāndōng Bàndǎo
Shǎngāijí
Shàngbèilǐ
Shǎngbùlièdaní
Shāngbùlǐjī
Shàngdìyī
Shāngdú
Shǎngfúda
Shànghǎi
Shǎngkǎlìkèsī
Shànglèwūěrfǎ
Shǎngmāěrdáwéiyā
Shàngpàníàolè
Shǎngwéilāhè
Shǎngyàměiníyà
Shānkŏuyáng
Shānnándōng
Shǎnxī
Shānxī
Shàoā
Shàolái
Shàomòjí
Shàomòjíwǎěr
Shàosīwéiěr
Shāsènài
Shātàiluòdélǎng
Shātè Ālābǎi
Shātè Ālābó
Shātèěr
Shātuōdān
Shātuō-Léinuòěr
Shātuōlǔ
Shèdélánqún
Shěěrnàkè
Shěfūlèsī
Shèngāfūlǐkè
Shèng Āndélǔ
Shèngāndōngníào
Shèngbǎoluó
Shèng Bǐdébǎo
Shèngbùlǐsōng
Sheng-chieh
Shèng Dáwèi
Shèng Déní
Shèngdìyàgē
Shèngfúluòlǎngtǎn
Shènggēdāng
Shènghúān
Shèng Jíyēmǔ lè Dàisāiěr
Shèngkǎdalínnà
Shèngkǎndíduō
Shèngláiàonàěrduōdéāgē
Shènglǐjīyē
Shèngluò
Shènglùyìsī
Shèng Mǎlìnuò
Shèngmǎlíyàgǎng
Shèng Sāiwéilǐnà
Shèngshāpǔtè
Shèngtǎfēi
Shèngtuōlǐní
Shèngyāsà
Shèng Yuēhàn
Shēnkùěrsīkè
Shénluópǔ
Shénpísī
Shénpǔluōdawǎ
Shéntèěrpǔcǎi
Shénwèilín
Shén Xiépā Yīmǎmù
Shenzha
Shěwèichéng
Shīdaěrkěnbèiěrgē
Shǐdānfó
Shīdasīfùěrtè
Shīdìhèlíngēn
Shìlándé
Shīmǎěrkǎěrdēng
Shǐnuòduōníyā
Shīpāěr
Shīpénghǎimǔ
Shīpící
Shīpǔléihésēnlín
Shīpǔlúnbèigē
Shiqu
Shiquanhe
Shītàiěrmǎkèzhōu
Shītèěrēnbèiěrgē
Shītèláobīn
Shǐtèlíng
Shītúběnbèigē
Shītuōěrpèi
Shīwéitè
Shīwéiyīnfùtè
Shŏuěr
Shuǐniúchéng
Shule
Shūlēi
Shūlǔpàkè
Shūmǎdíyā
Shūmǔxīkè
Shùn Huà
Shūpǔruìyà
Shūshéndaěr
Shuyao
Sībādá
Sīchèdáěr
Si-chhôn
Sīdafúdé
Sīdégēěrmā
Sīdìlìyànuò
Siēu Ā-sá̤-ā
Sīfǎkèsī
Sifu
Sìguó
Sīhāhēng
Sīhèàopǔěr
Sīhèěrjiāěr
Sīhèlǐlǎnggēāpàtèdanà
Sījīdīyā
Sījiéěrlìdamǎkè
Sījiépānnàkètè
Sījīluósī
Sījīwéi
Sīkǎbùluō
Sīkǎēn
Sīkǎi
Sīkǎlìchá
Sīkǎnnèbǎozìzhì
Sīkǎoěrhuòtè
Sīkèlādīng
Sīkēpíng
Sīkèwéirìnà
Si-koet
Sīkuílāqiē
Sīkūn
Sīláigē
Sīléibùléiníchá
Si-li-â
Sīlǐbājiāwān Shì
Sīlìfúdé
Sīlǐkǎlāhāsīdì
Sīlǐlángēmǔ
Sīlǐlánkǎ
Sīlìmǎ
Sīlìnājiā
Sīlìwén
Sīluòbójìyā
Sīluòfákè
Sīmālēngsīkè
Sî-men-kâ-là-pâng
Sî Midlands
Sīmòliènící
Sî-nàm Yîn-kak-làn
Sin Calédonie
Sin Delhi
Sîn Delhi
Sin Eng-lân
Sĭng Delhi
Sìng-dŭ
Sĭng-gă-pŏ̤
Sĭng Nàng Wales
Sin-ka-pho
Sîn-kâ-po
Sîn Khak-lî-tô-nì-â
Sin Lâm Wales
Siong-iông
Siŏng-iòng
Siông-khe-koān
Sî-pak-li-â
Sî-pân-ngà
Sî-pet Yîn-kak-làn
Sīpílínbèiěrgē
Sīpǔlìtè
Sīqiēěrnuò
Sìshuǐ
Sî-sî-lî
Sītángè
Sītǎnpàlìyā
Sītèlánfúdé
Sītèlāsīkèláidé
Sītèléihāyā
Sīténgwéikè
Sītèrìbùluō
Sītōnghēiwén
Sītuōěr hépàn Xīpǔsīdú
Sītúpàwǎ
Siū-ék
Sīwǎfūnuò
Sīwǎlāwǎ
Sīwàngxī
Sīwéigē
Sīwéiléichéngbǎo
Sīwéiníchá
Sīwéishéntuōfū
Sīwéitèluògēěrsīkè
Sīwéiyātuōgēěrsīkè
Sīwēnbǎo
Sīwǔpǔsīkè
Skandinavia
Soaⁿ-sai
Soa-Siâ
Sôi-diēng
Sōngbǎn
Sōngbóěr
Sōngbótèhǎiyī
Sōngcíwǎěr
Sōngēn
Sōngjīnuò
Songpan
Sōngtèlā
Sōngxī
Soo-ciŭ
Sōujāu
Sou-tseü
Stroumitsa
Suan
Sūàoyēěrwéi
Sūbālǐrén
Sūbǐyàkē
Sù-chhoan-séng
Sû-chû
Sūcídáěr
Sūdákè
Sūěrgǔtè
Sŭ-gáik-làng
Sūgélán
Sūhūmǐ
Súing
Sūi-tián
Sui-tiên
Sūjìsīlāfūěr
Sû-kak-làn
Sūkèléi
Sṳ̂-khâm-tit-nâ-vì-â
Sù-kok
Sūlā
Sūláiyóufū
Sŭ-là̤-sié
Su-lī-a
Sūlúnqīn
Sumatera
Sūméi
Sūměiěr
Sú-ngì
Sṳ̀ng-kă̤-gâing
Sṳn Pí-tet-páu
Sunpo
Sṳ̀n-sṳn Lò-mâ Ti-koet
Sṳn-tan-tó
Sūnzā
Suŏbùlābèibǎi
Suŏbùláncǎi
Suŏdānqūlái
Suŏēn-hépàn-Zìyóuchéng
Suŏěrcíbǎilǐ
Suŏěrdawǎlā
Suŏěrfúdé
Suŏěrmǔsī
Suŏěrnuòkè
Suŏěrsuŏnà
Suŏfēiní
Suŏfēiyà
Suŏfēiyā
Suŏhāqìfū
Suoju
Suŏkēdé
Suŏkùwūkǎ
Suŏláifūtèào
Suŏláituō
Suŏlāshéntèlā
Suŏlè
Suŏlìgēěrsīkè
Suŏlìjiālìjī
Suŏlìkǎmǔsīkè
Suŏlín
Suŏlìníyàkè
Suŏlǐwéiqiēgēcísīkè
Suŏlúntuō
Suŏluōkǎ
Suŏluòtúēn
Suŏlvè
Suŏmǐěr
Suŏmòdú
Suŏnuòlā
Suŏsīníjìyā
Suŏsīpíluó
Suŏtèkǎmò
Suŏzuŏbōěr
Sṳ̍p-chhiet-chhiâng
Supi
Sūqiàwǎ
Sūtèlǐ
Sūwǎkǎijiā
Sūwǎsōng
Sūwéiāicíkè
Suzhou
Sùzhōu
Sūzhōu
Tabūk
Tachir
Tagong
Táiběi
Tàibèisà
Tàidawēn
Tàiěrjī
Tàiěrjībāníào
Tàigēfèiěrdēng
Tàiguó
Tàijīěrdá
Táik-sák-lò̤-nà̤-giă
Tàikùjī
Tàilājīnà
Tàilāmò
Tàilǔānè
Tàinièkè
Tâi-oân
Tâi-pak
Tāi-pak-tshī
Tāi-pán-chhī
Tāi-se-iûⁿ
Tàituōwò
Táiwān
Tàiwùshì hépàn Jīnsīdú
Tàiyànuò
Tàiyóushén
Tàizǐ Gǎng
Tǎlǐmù Péndì
Tǎlín
Tan-be̍h
Tanggula
Tángjiā
Tâng-jîn
Tángkǎsītè
Tang Midlands
Tángníngdú
Tángnǔ-Wūlā
Tángpàtèlǐkè
Tángrénjiē
Tǎnháosēn
Tân-ma̍k
Tǎnnúkèrén
Tánxiāngshān
Tǎnxièbùlài
Táobōěrcáo
Táotáobāníào
Ta̍t-pán-siâⁿ
Tat-tat-sṳ̂-thán
Tèbǎilì
Tèēnbèigē
Tèěrgǔ Àokènà
Tèěrgǔ Bùrěěr
Tèěrgǔ Fúlǔmòsī
Tèěrgǔ Níyāmǔcí
Tèěrgǔ Rìwū
Tèěrgǔ Tèluōtúshén
Tèěrméisūsī
Tèěrnàwǎ
Tèěrní
Tèfūěrduōxīn
Tègēngēěr
Te-je-ta-po-je
Tèkèlúnbǎo
Tē-kiû
Tek-kok
Tek-pak
Tèlābùzōng
Tèlādílvèsī
Tèlāfūníkè
Tèlāhuá
Tèlālì
Tèlāní
Tèlánkēsū
Tèlāpàní
Tèléibǐniè
Tèléibùniè
Tèléifēn
Tèléijiālún
Tèléijíyē
Tèléilèbǎo
Tèléiwéigēlǐào
Tèléiwéikē
Tèléiwéisuŏ
Tèléixījiāluò
Tèlǐbōlì
Tèlǐbùsāisī
Tèlǐěr
Tèlǐkǎlā
Tèlǐkǎlǐkē
Tèlǐpàlādísūsī
Tèlǐyāfūnà
Tèlǐyàkǎsītèlā
Tèlúngānnàbāng
Tèlúnqīn
Tèlúntuō
Tèluòādé
Tèluòàisēn
Tèluójíěr
Tèluóyà
Tèluóyīnsītàiyīn
Tèlǔxīlvè
Tèmísīkùlā
Tènèilǐfèi
Teng-kháu
Téngpǔlín
Téngsībèigē
Tèrèbǐjī
Teronghai
Tèsāiěr
Tèshénnàdé
Tètèěrbōyīntè
Tē-tiong-hái
Tet-koet
Tèwǔshénjī
Thai-fán-sṳ
Thai-hôn Mìn-koet
Thai-lùn-kâ-na̍p-pâng
Thai Lùn-tûn
Thai-sî-yòng
Tha̍t-mâ-thai
Thian-tin
Thiap-sat-lò-nì-kâ
Thi-chûng-hói
Thiên-tsîn
Thòi-pet-sṳ
Thòi-vân
Thok-sṳ̂-khà-na̍p
Thó͘-ní-kî
Thù-lû-tsṳ
Thú-ngí-khì
Thu-pai
Tiānjīn
Tianjun
Tiánnàxī
Tiān Shān
Tiáodújìshìtuán
Tiâu-sián
Tiēgāiyā
Tiĕng-cĭng
Timur Ông-tiâu
Timur Tè-kok
Tíngbù
Tīngdálǜsī
Tíngdazhé
Tíngjídanàmáolǐdaníyà
Tíngjíěr
Tingzhou
Tiong-chheng
Tiông-chhun
Tiong-hôa Jîn-bîn Kiōng-hô-kok
Tiong-iong Macedonia
Tiōng-khèng
Tipaza
Tirol
Tit-lî-ngâ-sṳ̂-thi̍t
Toā Lûn-tun
To-lung
Tô-lùn-tô
Tóngdé
Tōngèlún
Tóngguān
Tōngjiélì
Tóngrén
Tōngsà
Tông-tek
Ton He
Toscana
Trivandrum
Tsau-kü-ta
Tset-kông
Tshiâng-hói
Tshiùng-hâi-yen
Tshòng-khì-sṳ
Tshùng-khin
Tsîn
Tsing-hoi Wu
Tson-hho Zen-min Gon-hhu-koq
Túāěr
Túān
Túbolǔgē
Tǔbùjiā
Tǔ'ěrqí
Tufan
Tū-ī-gì
Tuīyātuīlā
Túkùmàn
Túlè
Tû-lìn
Túlúcí
Tulufan
Túmen
Tûng Midlands
Tuōēndé
Tuōěrēn
Tuōěrgāo
Tuōěrkèmǐcíkē
Tuōěrméisī hé pàn Āěrwǎ
Tuōěrmíng
Tuōěrnǎo
Tuōěrqiēluò
Tuōěrrěkè
Tuōěrsīgǎng
Tuōgēdàiěr
Tuōjīsīkè
Tuōkǎntíngsī
Tuōkèsēndélǐyā
Tuōkèsuŏwò
Tuōkèxī
Tuōlái
Tuōláiduō
Tuo-la-ts'iu
Tuōléigēluóda
Tuōlǐdímēngkēěrwǔ
Tuolin
Tuolinsi
Tuōlún
Tuōlúndìnuò
Tuōluó
Tuōluóāilìyàdémēngtègēlǐ
Tuōluónèi
Tuōmǎěrzā
Tuōméilvèsuŏ
Tuōnèiěr
Tuōnèilǔ
Tuōpǔlā hépàn Fúlānuòfū
Tuōpǔsīkē
Tuōsītè
Tuōtènísī
Túsēn
Tyûgoku
Udmurtia
Ŭ-hāi
Ùng-lài
Uòng-săng
Uusimaa Tōa
Vancouver-tó
Vancouver Tó
Vaticano
Vélès
Venezia
Vî-nì-sṳ̂
Vûn-kô-fà
Vùn-lòi
Wǎāilè
Wǎdān
Wǎdénàjiāěr
Wǎdìní
Wǎěrbèilǐ
Wǎěrbōlìqiēlā
Wǎěrdài
Wǎěrdéjīěrxīng
Wǎěrkěnlǐdé
Wǎěrlèsī
Wǎěrmǐyēlā
Wǎěrnà
Wǎěrníài
Wǎěrpèiěrjiā
Wǎěrtèbǎo
Wǎěrzāzātè
Wǎhākǎ
Wǎhè-hépàn-Bǐsītèlǐchá
Wai Ji Si
Wǎláiěrfángēn
Wǎláitǎ
Wǎlāmǎlā
Wǎlāmíng
Wǎlānàxī
Wǎlǎngdìnǔwǎ
Wǎlǎngjiāěr
Wǎlǎngsài
Wǎlārìdīng Tuōpǔlìcǎi
Wǎlínfúdé
Wallonie
Wǎluò
Wǎnè
Wàngdénèisī
Wángshěchéng
Wan Naam
Wànxiàng
Warszawa
Wǎsēnbèiěrgē
Wǎsīlúyī
Wǎsītàinà
Wǎtèlā Duōěrnà
Wǎwūjī
Wǎwǔníyā
Wǎxīlǐjīfū
Wǎxiūgān
Wǎyīgǔpǔěr
Wéiāndēng
Wèicáng
Wéicílái
Wéidaniè
Wéidápó
Wéidíbǎo
Wéidísīhā
Wèiěrbǎo
Wéiěrcíbǎo
Wéiěrdōng
Wēiěrdú
Wēiěrhèlín
Wéiěrmángdùwǎ
Wéiěrnígēluódé
Wéiěrniǔsī
Wéiěrqiēlì
Wéiěrshénpǔěr
Wēi'ěrshì
Wēi'ěrshì Zhōu
Wéiěrsī
Wéiěrsītèěr
Wéiěrtàimǔ
Wēiěrtè
Wéiěrtōng
Wéiěrwǎ
Wéiěrzuŏluò
Wēigēduì
Wēigēmòěr
Wéijiébùsīkè
Wéijiéwǎnuò
Wéijiéyàwǎdá
Wéikè
Wēikèluò
Wéikèsāng
Wéikèshě
Wéiláisī
Wéiláitèlǐ
Wéilākèlǔsī
Wéilǎngdéluó
Wéilánxièxīěr
Wéiléisī
Wéilèmǔ
Wéilìjīkǎ
Wéilíngbǎilè
Wēilíngdú
Wéilìrì
Wéilǐyà
Wéilōng
Wéilǔsà
Wèimǎ
Wéimáosī
Wéimòbǐ
Wéimǔlán
Wéinàfūluó
Wéiníàolā
Wéinǔkēēndá
Wéinuòjílājìfū
Wéinuòsà
Wéipèiěrfēiěrtè
Wéiqiēgēdá
Wèisāinuòhēi
Wéisāng
Wéishàogēlǔdé
Wéishěgēlè
Wēisībādēng
Wéisībǐ
Wéisīkǎ
Wéisīkǎěr
Wéisīkēwǎtuō
Wéisītèléi
Wēisītèmālán
Wéisōng
Wéitàilì
Wéitèléi
Wéitèmǎěrshēn
Wéitínggēn
Wéixiègēlādé
Wéixīlāhèdì
Wéixīyēgòngsīkè
Wéiyājǐmǎ
Wéiyānàbǎo
Wéiyānà dù Āliántèrú
Wéiyē
Wéiyēěrzōng
Wéiyěnà
Wéiyěnàxīnchéng
Wéiyīnhǎimǔ
Wéiyīnsībèiěrgē
Wēnchèsītè
Wenchuan
Wēndéhékè
Wéndìmǐlìyà
Wēngbùrèyīnuò
Wēngēhuá
Wēngèmànlán
Wēngēnà
Wénjīchá
Wénjīnà
Wēnkǎsīdìlvè
Wénlái
Wènlái
Wēnluòkè
Wénníchá
Wēnshā
Wēnshénkēmǔ
Wēnsīduōfū
Wēntètúěr
Wien
Wien Chiu
Wò
Wòcínièxiānsīkè
Wòdàimēng
Wòěrbórì
Wòěrfēnbǐtèěr
Wòěrmǔsī
Wòěrshénténg
Wòěrsīkèlāhé
Wòěrtàilā
Wòfūxī
Wògàilā
Wòjīnèmǔ
Wòjūāi
Wòkèláiěr
Wòkèsuŏpǔ
Wòkùlèěr
Wòlái
Wòlíndáwén
Wòlónggāng
Wòluòfū
Wònàsīkè
Wong Saan
Wòníchá
Wòsūlè
Wòtèfúdé
Wòtèjīnsīkè
Wòyīníjī
Wūcháng
Wūcíyāojī
Wūdūyǎnnā
Wūěrbǐnuò
Wǔěrdēng
Wūěrgēnjī
Wǔěrjī
Wūěrjìní
Wūěrlā
Wūfǎlìcí
Wūfēnhǎimǔ
Wūgāndá
Wūgǔní
Wūjìdá
Wūkǎyàlìdàōu
Wūkèméiěrgài
Wǔkùfū
Wūlāěr
Wūláidé
Wūlángùmù
Wūlānuòbōlìsī
Wūlìyàsītèléitè
Wūlǐyāsūtáichéng
Wulu
Wūluómǐ
Wūmǎ
Wumulong
Wūnièyóufū
Wūpàhé
Wūpǔlán
Wūpǔsàlā
Wūpǔwéidīngè
Wūrìcè
Wūrìhuòluódé
Wūsīqiūěrtè
Wǔsītè
Wūsūn
Wūtàinà
Wūtiěěr
Wǔyē
Wu Zi Ming
Xalazakung
Xiàāijí
Xiaga
Xiaguo
Xiahe
Xià Jiālìfúníyǎ
Xiàkǎ
Xià Lóng
Xialu
Xiàluòlái
Xiama
Xiàmén
Xī'ān
Xiandu
Xiàn Gǎng
Xiangda
Xiānggǎng
Xiāngnónghépànkǎlǐkè
Xiāngyáng
Xiangzhou
Xiānlì Shì
Xiànuòfūgēluódé
Xiányáng
Xiǎocāng
Xiăodāohuì
Xiaojin
Xiāopǔlǎng
Xiǎoyàměiníyà
Xiaozhao
Xiàsà
Xià Wǎěrkèwū
Xiàwēnchǔ
Xiàwòluōda
Xiàwūjīnsīkè
Xiàxīlìxīyā
Xībānyá
Xīběideōu
Xīběiy Īnggēlán
Xībǐwū
Xībǐwūy Ánkuàng
Xīchákèěr
Xīcháoxiǎnwān
Xīdéwòwéicí
Xīduōgēlán
Xīduōníyàchéng
Xièěrdīng
Xiéěrjiāwǎ
Xièěrpǔhuòfū
Xiegeer
Xièláifūtèào
Xīēn
Xiépéilínsì
Xīěrdésīhǎimǔ
Xīěrdíjīn
Xīěrkèbǎo
Xīěrwéishén
Xīěryŏng
Xīésī
Xīfúěr
Xīfūlāláiwēng
Xī Fúlǐsīlán
Xīfúlǐxīyàqún
Xīgàitèbǎo
Xīgēn
Xīgēnàjí
Xīgòng
Xīgòngsà
Xīhānǔkè Chéng
Xīkèsuŏ
Xīkùdìmǐ
Xīlà
Xīlākùsà
Xīlánní
Xīlāqiūcí
Xīlàzhōngbù
Xīléitè
Xīlǐgǔlǐ
Xīlǐxīyā
Xīlǔmònàdapǔlāmǔ
Xīluósī
Xī-Mǎ
Xīmǎjīdú
Xīmàndé
Xīmànkǎsī
Xīmànlán
Xīmǐāicí
Xīmǐn
Xīmǔkěntè
Xīn Àoěrliáng
Xīndaěrgē
Xīn Délǐ
Xīngchéng
Xinghai
Xīngshídá
Xīngǔěr
Xīní
Xinjiang
Xīnjǐbùkēfū
Xīnjīng
Xīnjīnshān
Xīnmēngtèmòěr
Xīnmíngsītè
Xīn Nán Wēi'ěrshì Zhōu
Xīnóng
Xīn Sōngjī
Xīntuōlǐshén
Xīnuòfū
Xīnuòpǔ
Xīnuówēi
Xīnxīlán
Xīnzéxī
Xiōngdìguó
Xiónggāo
Xiōngnú
Xiōngyálì Běibù
Xīpàlìwéiní
Xīpéngtuō
Xīpǔsīdú
Xīsàkè
Xīsākèxùn
Xīsīdīàodīsī
Xīsītèlóng
Xiūdá
Xiūníkè
Xiūqīn
Xiūqīnsīkè
Xīwéibójīn
Xīwéidéníchá
Xīwéilìyā
Xīwūmǎ
Xīyāměiníyā
Xīyāotèlán
Xīy Āsāibàirán
Xīyǎtú
Xīyēnà
Xīzàng
Xuehuan
Xuejing
Xuěpíng
Xueyuan
Xùlìyǎ
Xùpǔlíngēnbǎo
Xùrèěr
Xùsīmài
Yā
Yàchēn
Yàdìsīyàbèibā
Yadong
Yāduōyā
Yàgāiyà
Yāgěbùsīdadé
Yāgěhā
Ya-je
Yǎjiādá
Yālìānnā
Yàlìshāndà
Yàlìshāndà Tèluòyī
Yàlìshāndélǐyà
Yālǔ
Yālǜ
Yāluō
Yāluòmǐchá
Yàluóqīn
Yāluósīlāfūěr
Yâ-lu-sat-lâng
Yāmàntào
Yàmǎxùn
Yàměiníyǎ
Yānàkè
Yangkang
Yangtang
Yángzhōu
Yánhúchéng
Yānqí
Yànzi Dǎo
Yāoānínà
Yāokè
Yāokèmòkè
Yāoxīpǔdéěr
Yare
Yāshù
Yàshùgǔchéng
Yāsībèiléiní
Yàsōngsēn
Yāsuŏpàdì
Yàsūwǎ
Yàwǎtèmǎěr
Yāwéinóng
Yāwēndé
Yàwòěr
Yāyīcǎi
Yèdārén
Yēěr
Yēfèiěr
Yèkǎbùpíěrsī
Yēlāpātèlā
Yēlìmǎnà
Yēlíng
Yēlìwǎlè
'Yèlǐwēn
Yěmén
Yènísāisīkè
Yēsītèlǐkèlán
Yēxī
Yēxīěryóuěrtè
Yīàolìyà
Yīàoníyāqún
Yībādān
Yīběnbǐlún
Yīcèhuòāi
Yīcíbósīkè
Yīcíníkè
Yīda
Yìdàlì
Yìdàlìjiā
Yīdanāgá
Yīěrbǐdé
Yīěrqiēsītè
Yīěrshāwǎ
Yīěrxīnà
Yīfúfēn
Yīfūléiyà
Yīfūshěmǔ
Yî-fut-só
Yīgēláixīyàsī
Yīgénàxīào
Yīguāsūbàobù
Yīhāěr
Yīhǎilǐěr
Yīhèlāwǎ
Yihong
Yīkǎlātúmǔ
Yīkǎlìyà
Yīlākè
Yīlākèlìwēng
Yīlì
Yīlièsīkǎsī
Yīlìlǐyà
Yīlìpí
Yīlìzā
Yīluò
Yīméilièjìyā
Yīmòcíjī
Yīmògēluódé
Yīmònuòwò
Yīnàbólú
Yìndù
Yìndùníxīyà
Yīnfúlālǐ
Yīnfúlǔlǐ
Yīnggélán
Yīnggēlǐyā
Yīngguó
Yīngjíshā
Yīnièsīda
Yîn-kak-làn
Yin-nì
Yīnpǔlǔnèida
Yīnsībùlǔkè
Yin-thu
Yīnuòfúluócíwǎfū
Yìnwēinàsī
Yīpàdī
Yīpǔsīwēijī
Yīsāngrě
Yǐsèliè
Yî-set-lie̍t
Yīshéndakèěr
Yīshì
Yīsījīyà
Yīsīpíěr
Yīsītǎnbù'ěr
Yīsītèlā
Yīsūdān
Yītǎncháhé
Yi-thai-li
Yīwànjīfū
Yīwànníchá
Yīwànqìcǎi
Yīxīn
Yīzéěr-hépàn-Luómáng
Yizhou
Yo̍k-ngí-koi-yen
Yok-tan
Yongbu
Yongbulangong
Yongshunling
Yóng-thòng-yen
Yŏngzhēn
Yóudēngbǎo
Youqia
Yóuyīsīt
Yúāiěrgēātè
Yuán
Yuánbǎishǔ
Yuēdàn
Yuēkè
Yuènán
Yuereba
Yuēshíkǎ'ěr-Àolā
Yueya
Yúlín
Yùlín
Yulishi
Yúlìxī
Yuluo
Yùmài
Yumi
Yùn-nàm
Yúnnán
Yupan
Yúsāiěrdāngrì
Yúsōng
Yútèbógē
Yutian
Yù-yèn
Zādáěr
Zaduo
Zagu'nao
Zājiāléi
Zākèluōsī
Zālándé
Zālánjì
Zāmòxījī
Zànbǐyā
Zànbùlǔfū
Zan-tshen
Zànzhān
Zātàicí
Zāwǎhèjì
Zāwéiyē
Zāyēcháěr
Zāzào
Zedang
Zédāngjiēdāo
Zeku
Zélán
Zéliènuògēěrsīkè
Zen-tu
Zesan
Zháhuǎng
Zháhuǎngshì
Zhamu
Zhāngběi
Zhangmu
Zhānkēyī
Zhapu
Zharen
Zhashi Lunbu
Zhaxue
Zhèjiāng
Zhēnzhéshénbǎotáo
Zhēnzhūshì
Zhigong
Zhījiāgē
Zhìlì
Zhong Fa Ren Min Gong Ho Gue
Zhōngguó
Zhōnghuá Rénmín Gònghéguó
Zhōngjīn
Zhōngnánshān
Zhōngqīng
Zhōng Sāiěrwéiyā
Zhōngxiōngyálìdàōu
Zhōngzhōu Jiāo
Zhouni
Zhouqu
Zhūbālán
Zhúběi
Zhūbìté
Zhúgēntān
Zhūjiāng Sānjiǎozhōu
Zhulong
Zhūmùlǎngmǎ
Zhūnuò
Zi Gaa Go
Zín
Zōngduōmǎ
Zongga
Zǔbùzuŏfū
Zukong Lamgukzou
Zǔliào
Zung1 Fa Liin Min Kung Fo Guet
Zung Gwok
Zung Hua Zeng Ming Gung Hue Gueh
Zung Waa Jan Man Gung Wo Gwok
Zuogong
Zuŏgòng
Zuŏluòāigēsāigē
Zuŏluòwǎěr
Zuung Gok
Zyugong Saamgokzau
