Adél
Adrienn
Ágnes
Alexandra
Andrea
Anett
Anikó
Anita
Anitta
Anna
Annamária
Barbara
Beatrix
Bernadett
Bettina
Bianka
Blanka
Boglárka
Borbála
Brigitta
Cintia
Csenge
Csilla
Dalma
Daniella
Diána
Dominika
Dóra
Dorina
Dorka
Dorottya
Dzsenifer
Edina
Elizabet
Emese
Enikő
Erika
Erzsébet
Eszter
Éva
Evelin
Fanni
Flóra
Fruzsina
Gabriella
Georgina
Gréta
Hajnalka
Hanna
Henrietta
Ildikó
Ivett
Izabella
Judit
Júlia
Kamilla
Kata
Katalin
Kinga
Kíra
Kitti
Klaudia
Krisztina
Laura
Lili
Liliána
Lilla
Luca
Mária
Martina
Medéa
Melinda
Mercédesz
Mónika
Natália
Nikolett
Nikoletta
Noémi
Nóra
Orsolya
Panna
Patrícia
Petra
Ramóna
Rebeka
Regina
Réka
Renáta
Sára
Szabina
Szilvia
Szimonetta
Tamara
Tímea
Tünde
Vanda
Vanessza
Veronika
Viktória
Virág
Vivien
Zita
Zsanett
Zsófia
Zsuzsanna