Acs
Aczél
Ágh
Ajtai
Ajtay
Alföldi
Almási
Alpár
Ambrus
Angyal
Antal
Apponyi
Apród
Árvai
Asboth
Asztalos
Babits
Babos
Bács
Bacsik
Bácskai
Bakos
Balassa
Balasz
Balázs
Bálint
Balla
Balog
Balogh
Balsai
Balzary
Bánffy
Bárány
Baranyai
Barati
Barna
Barta
Bartha
Bartok
Bartók
Batthyány
Bekassy
Benyo
Beöthy
Beregfy
Berényi
Beres
Berkes
Bilibok
Biro
Biró
Birtalan
Bodnár
Bogdán
Bognár
Bokor
Bollobás
Borbély
Bornemisza
Boros
Bottyán
Bozsik
Breznay
Budai
Buday
Bukrán
Burjan
Csák
Csáki
Csány
Csányi
Csatár
Csere
Csillag
Csiszár
Csizmadia
Csóka
Csókás
Csőke
Csonka
Csordás
Csupó
Czakó
Cziffra
Dajos
Darányi
Deák
Dienes
Disztl
Dobay
Dobos
Domokos
Dömötör
Draskovich
Draskovics
Draskovits
Dudás
Egyed
Elek
Élő
Eötvös
Eperjesi
Erdei
Erdelyi
Erdős
Erőss
Fábián
Fabinyi
Faludy
Faragó
Farkas
Fazekas
Fehér
Fejér
Fekete
Fenyvesi
Ferenci
Fodor
Fogarasi
Földes
Földi
Forintos
Fricsay
Fucsovics
Fülöp
Für
Furedi
Gabor
Gál
Galamb
Galambos
Garaba
Garai
Gárdonyi
Gáspár
Geőcze
Gergely
Gindl
Göncz
Gönczi
Görög
Grósz
Gulyás
Guth
Gyarmati
Gyepes
Gyulai
Gyulay
Hadik
Hajdú
Hajnal
Halasz
Halász
Halmosi
Hamori
Haraszti
Harcsa
Harsanyi
Hátszeghy
Háy
Hegedüs
Hegedűs
Hegyi
Herczeg
Heszlényi
Hetényi
Hevesi
Hidvégi
Hollai
Holup
Horthy
Horvat
Horváth
Iglói
Illés
Jakab
Janikovszky
Jeszenszky
Jónás
Juhasz
Juhász
Kádár
Káldy
Kállay
Kalocsai
Kalocsay
Kanizsa
Kanta
Kapolcs
Kardos
Karinthy
Karman
Kármán
Károly
Károlyi
Kassai
Katona
Kecskés
Kelemen
Kemény
Kende
Kenyeres
Kerekes
Keresztes
Kertész
Keserü
Keszthelyi
Király
Kis
Kisfaludi
Kisfaludy
Kiss
Kocsárdi
Kocsis
Kollar
Koltai
Koncz
Koranyi
Kornai
Koroknay
Körte
Kósz
Kőszegi
Kovács
Kovacsics
Kozma
Kristofics
Kurt
Kürthy
Kurucz
Lajtha
Lakatos
László
Lehár
Lengyel
Lévai
Ligeti
Liszt
Lőrincz
Lovász
Lucas
Lukács
Madaras
Mágocsy
Magyar
Major
Markovits
Márkus
Márton
Martos
Máté
Matuschka
Megyeri
Melis
Mészáros
Mészöly
Mezei
Mező
Mikes
Miklós
Miksa
Modrić
Mok
Moldován
Molnár
Moskovics
Moskovits
Mudin
Munkácsi
Nađ
Nagy
Nébald
Nemes
Nemeș
Németh
Nikics
Nikisch
Novák
Nyárádi
Nyers
Nyilasi
Oláh
Ónodi
Orban
Orbán
Orczy
Ördög
Orosz
Orsós
Ötvös
Padar
Pál
Palagyi
Pálffy
Palotai
Pap
Papp
Pásztor
Pataki
Pattantyús
Pekurár
Péter
Petőfi
Pintér
Polányi
Polgár
Pölöskei
Pólya
Pulszky
Puskás
Rác
Rácz
Rátz
Récsey
Rédei
Rejtő
Reményi
Riesz
Risko
Róka
Roskoványi
Rosztóczy
Roveda
Rozgonyi
Rózsa
Rudas
Sándor
Sarkozy
Sebestyén
Sebők
Seinfeld
Simon
Simonyi
Sinkovits
Sípos
Sirokay
Solti
Somogyi
Somorjai
Somorjay
Soós
Sós
Stollár
Sugár
Sumegi
Supka
Surány
Szabados
Szabó
Szakács
Szakály
Szalai
Szalay
Szalma
Szántó
Szappanos
Szász
Szathmary
Szatmári
Szatmary
Szávay
Székely
Szekeres
Szell
Széll
Szenes
Szép
Szerelemhegyi
Szervánszky
Szigeti
Sziklai
Szilágyi
Szilárd
Szirtes
Szisz
Szklenár
Szluka
Szőcs
Szőke
Szokol
Szollosi
Szondi
Sztraka
Szücs
Szűts
Tabori
Takac
Takač
Takach
Takács
Takáts
Tamás
Tardy
Tarján
Teleki
Tellér
Torma
Törőcsik
Toroczkai
Török
Tóth
Tukacs
Udvardy
Vadász
Vajda
Varadi
Váradi
Varady
Varga
Várhidi
Várkonyi
Vas
Vásáry
Vasas
Vass
Vászoly
Vazsonyi
Végh
Veréb
Veres
Vető
Vigh
Vincze
Virág
Völgyi
Vörös
Vujicsics
Weisz
Zambo
Zilahy
Zobor
Zsiga
Zsigmondi
Zsigmondy
Zsivoczky
Zsolnai
