Abcházsko
Abdéra
Abesínia
Abov
Abrud
Abruzzy
Achája
Afganistan
Afrika
Aitólia
Akádia
Akko
Akkra
Akvitánsko
Alapajevsk
Albánsko
Al-Buhajra
Al-Džíza
Alešd'
Aljaška
Alma-Ata
Almaty
Alpy
Alsasko
Alsasko-Lotrinsko
Alžír
Alžírska Púšť
Alžírsko
Ammán
Anaápa
Anatólia
Andalúzia
Ándhrapradéš
Anglicko
Antigua a Barbuda
Antiochia
Antverpy
Anurádhapuraja
Apúlia
Arabská Púšť
Arabské More
Aragónsko
Archangeľsk
Ardieľ
Árijské Bratstvo
Arkádia
Arménsko
Arsk
Arunáčalpradéš
Ašchabad
Asjút
Aslangrad
Astana
Astrachan'
Astrachán
Astúria
Aswán
Asýria
Atény
Atika
Atlantický Oceán
Austrália
Azerbajdžan
Ázia
Azory
Azov
Báč
Bachmut
Bagdad
Bahrajn
Bajerburgo
Bakova
Baktria
Balážske Ďarmoty
Banát
Bangalúr
Bangladéš
Banská Bystrica
Banská Štiavnica
Baranja
Barc
Barcia
Bardejov
Bardo
Barwice
Barysav
Baškirsko
Bata
Bátorove Kosihy
Bavorsko
Bazilej
Beckov
Beer Ševa
Bejrút
Békéš
Békešská Čaba
Bektašija
Belá
Belaja Veža
Belehrad
Bělehrad
Belgicko
Benátky
Bendery
Bengázi
Berďansk
Berehovo
Berlín
Besarábia
Betlehem
Bhután
Biččú
Bielá
Bielehrad
Biele More
Bielina
Bielorusko
Bihar
Bihár
Biharsko
Bilir
Birštany
Birze
Bítov
Bítow
Bitýnia
Blagoveščensk
Blahov
Blatno
Blatnohrad
Blatnozero
Blatohrad
Blšcina
Bludište
Bobrujsk
Bogota
Boiótia
Bojhrad
Bojnice
Boleslaw
Bolgar
Bolívia
Bolvansky
Boršod
Boršograd
Boršov
Boskovice
Bosna
Bosna a Hercegovina
Bospor
Braclav
Brajľa
Brandenbursko
Brašov
Bratislava
Brazília
Břeclav
Brémy
Bretónsko
Brezno
Briansk
Británia
Britská Kolumbia
Brjahimov
Brľa
Brno
Bruggy
Brunej
Brunšvik
Bruntál
Brusel
Brzewnow
Bučač
Buchara
Bucu
Budapešť
Budějovice
Budín
Budišov
Budyšín
Budžak
Buinsk
Bukowo
Bukurešť
Bulharská Volžska
Bulharsko
Buňoro
Burgundsko
Buriatsko
Burriana
Butrint
Buzet
Búzov
Cadca
Čanadsko
Caricyn
Cařihrad
Čching-tao
Čchung-čching
Čeboksary
Cedynia
Čeľabinsk
Čenstochová
Centrálne Srbsko
Čerepovec
Čerkasy
Černobyľ
Černovice
Červené More
České Budějovice
Česko
Československo
Če-ťiang
Chaba
Chabarovsk
Chakasko
Chanty-Mansijsk
Charbin
Chartúm
Chaskovo
Čhattísgarh
Chavalisy
Cherdyn
Cheronia
Cherson
Chiarraí
Chinvali
Chistibanka
Chmeľnyckyj
Chockov
Chojna
Chojnice
Chorasán
Chórezm
Chorramšahr
Chortycja
Chorvatsko
Chorvátsko
Chošczno
Chotan
Chotim
Chrobatia
Chu-pej
Chust
Čierna Hora
Čierne More
Cierny hrad
Čile
Čitágáon
Čúgoku
Curgov
Čuvašsko
Czaplinek
Czehryn
Czerwony Dwór
Czluchov
Dabie
Dachla
Dácia
Dalmácia
Damask
Danbidú
Dánsko
Darda
Darlovo
Ďarmoty
Dauha
Debrecín
Delfy
Delta Nílu
Demín
Detakov
Devin
Devín
Dievaltov
Dillí
Dilos
Dindeš
Divoké Polia
Dlagopole
Dnepropetrovsk
Dobran
Dobrič
Dobrudža
Dobšiná
Dodekanisa
Doksany
Dolné Rakúsko
Dolné Sliezsko
Dolný Kubín
Doneck
Donel'
Drac
Drač
Dravsko
Drážďany
Dřevno
Drohiczyn
Drohobyč
Drozdowo
Druskieniki
Dubá
Dubaj
Dubinki
Dubrovník
Dudleb
Dúdleby
Dumját
Dunajská Streda
Durínsko
Dvina
Džhárkhand
Džibuti
Džibutsko
Džidda
Džungársko
Efez
Egejské More
Ejlat
Ejragola
Ejšišky
Ekumenický Patriarchát
Ekvádor
Eldena
Elefsina
Elk
Erzia
Estónsko
Estremadura
Etiópia
Eubója
Eurázia
Faerské ostrovy
Falcko
Feničania
Fiľakovo
Filipopol
Fínsko
Florencia
Fogáras
Fókaia
Fókis
Francúzsko
Frísko
Furlansko
Furlansko-Júlske Benátky
Fuvammulah
Gagauzsko
Galac
Galanta
Galia
Galícia
Gambia
Gdansk
Gdyňa
Gemer
Gent
Gibraltár
Giedrojcie
Gierdawy
Gihlawa
Giraltovce
Girne
Gjance
Goce Delčev
Gora
Grécko
Grobi
Grodno
Grónsko
Groznyj
Grozswina
Gruzínsko
Grypswold
Gudžarát
Haag
Hajdarábad
Hajfa
Halab
Halic
Halič
Hamá
Hamadán
Haná
Haradžuku
Háromseck
Hennegavsko
Hérakleia
Hesensko
Heveš
Hirošima
Hlavačov
Hlohov
Hlohovec
Holandsko
Hongkong
Hont
Hontský Hrad
Horné Rakúsko
Hrábské Trhy
Hradec nad Moravicí
Hradecz
Hradecz Lewý
Hradisscze
Hrodna
Hrušovice
Hybe
Ilava
Ilia
Indočína
Indonézia
Iónia
Iónske More
Iónske Ostrovy
Irán
Iršava
Írske More
Írsko
Isdú
Isfahán
Isjum
Island
Istachr
Istria
Ivje
Iž
Iževsk
Ižma
Izrael
Jadranské More
Jáger
Jakutsk
Jakutsko
Jalta
Jamajka
Jamaširo
Janiszki
Janov
Jaroměř
Jaromin
Jaroslavľ
Jasov
Jasy
Jáva
Jazygovia
Jedisan
Jekaterinburg
Jekaterinodar
Jekaterinoslav
Jelabuga
Jelšava
Jemen
Jerevan
Jeruzalem
Jiczín
Jižní Czechy
Jongnam
Jordánsko
Jüan
Juhoslávia
Jurajec
Jurbork
Jutsko
Južná Austrália
Južná Dakota
Južná Karolína
Južný Wales
Kábul
Kaffa
Káhira
Kaigorod
Kalábria
Kalifornia
Kalkata
Kalmycko
Kaloca
Kambodža
Kamčatka
Kamenec
Kamenica
Kamerun
Kamien
Kampánia
Kanada
Kanál Beagle
Kandahár
Kantó
Kapadócia
Kapoš
Kapošvár
Kapušany
Karakalpacko
Karasubazar
Kardžali
Karelsko
Kária
Karkúk
Karnátaka
Karpatie
Kartágo
Kašgar
Käsong
Kassogie
Kastília
Kašubsko
Katalánsko
Katar
Káthmandu
Katovice
Kaukaz
Kawači
Kazan'
Kazhirovo
Kazincz
Kazvín
Kcyn
Keltské More
Kermendin
Kernov
Kežmarok
Khadžuráho
Kilíkia
Kirgizsko
Kišiňov
Kizlyar
Kjustendil
Kjúšu
Kladsko
Klajpeda
Klatovy
Kluž
Knóssos
Kodaň
Kokot
Kokšaga
Kokšarova
Kokšaysk
Kolbacz
Kolín nad Rýnom
Kolumbia
Kolymsko
Komárno
Komjatice
Konakry
Konstanca
Kopcany
Koper
Korábov
Korczev
Kórea
Korenice
Korfu
Korint
Korotoyak
Korutánsko
Korzika
Košalin
Košice
Kostarika
Kostnica
Kovno
Kozice
Kozlí
Kozljak
Kozlov
Krajova
Krakov
Kranj
Krasnodar
Krasnojarsk
Kremenčuk
Kremnica
Kréta
Kreva
Krišana
Krnov
Krnow
Kroměříž
Kroze
Krupina
Krym
Kryzbork
Krzyz
Kuba
Kubáň
Kudak
Kudymkar
Kurónsko
Kutná Hora
Kutur-Ogly
Kuvajt
Kyjev
Kyklady
Kysak
Kysek
Kysúce
Kysucké Nové Mesto
Labin
Láhaur
Lakónia
Laponsko
Larisa
Latgalsko
Latinské Cisárstvo
Lebork
Lemešany
Levoca
Libanon
Libéria
Líbya
Líbyjská Púšť
Líbyjské More
Lichtenštajnsko
Lida
Ligúria
Ligúrske More
Limuzínsko
Linec
Lipá
Lipany
Lipsko
Liptov
Liptovský Hrádok
Liptovský Sveti Mikuláš
Lisabon
Litoměřice
Litva
Livónsko
Lodž
Loira
Lombardsko
Londýn
Lopušná
Losice
Lotrinsko
Lotyšsko
Lubava
Lubek
Ľubľana
Lubovna
Lubuš
Lučenec
Luck
Luhansk
Lukánia
Lukomorzí
Lút
Lutyšsko
Luxembursko
Lužica
Luzitánia
Ľvov
Lýdia
Lýkia
Lyneburk
Macao
Machačkala
Maďarsko
Magalhãesov Prieliv
Maháraštra
Mahiľov
Makov
Malacky
Malajzia
Malaya Kokšaga
Maldivy
Malorka
Manicheizmus
Mantova
Manycz
Maratón
Marcalin
Marica
Marijsko
Mariupoľ
Marky
Marmaroš
Marmarošskásihoť
Maroko
Maskat
Mauritánia
Mazovsko
Mcheta
Medvedica
Mekka
Melita
Mennofer
Menzelinsk
Merano
Merecz
Messinia
Méty
Mexiko
Mezen
Mezibor
Mezopotámia
Miedniki Královské
Mikulov
Miláno
Milét
Milič
Miškovec
Misráta
Mižhiria
Mižhirja
Mjanmarsko
Mníchov
Móda
Modrá
Mogadišo
Mohác
Mohuč
Moldava nad Bodvou
Moldavsko
Monako
Mongolská Ríša
Mongolsko
Morava
Moravské Budějovice
Morawa
Mordviansko
Morkvashi
Moskva
Mostárov
Mosty
Motovun
Možajsk
Mozambik
Mšeno
Mugodžary
Mukačevo
Muráň
Murrákuš
Mykény
Mykolajiv
Myrmidoni
Mys Dobrej Nádeje
Mytilini
Nachičevan
Nadlak
Nadrowia
Nafpaktos
Náhorný Karabach
Naí Dillí
Námestovo
Nazaret
Neapol
Nemchí
Nemecká Lupca
Nemecká Ľupča
Nemecko
Nepál
Nesmrteľní
Nevrokop
Nigéria
Nikáia
Nikaragua
Nikózia
Ninive
Nisa
Níšápúr
Nitra
Nižní Verecki
Nižní Verecky
Nižný Novgorod
Noriľsk
Norimberg
Normandia
Normanské Ostrovy
Nórsko
Nová Kaledónia
Nové Anglicko
Nové Mexiko
Novocholmogory
Novohrad
Novo Mesto
Novo-Nogajsk
Novorossijsk
Nový Južný Wales
Nový Sad
Nový Targ
Núbia
Nur-Sultan
Ochrid
Odesa
Odra
Odry
Oglej
Okladnikova
Oletczko
Olita
Oliva
Olomouc
Olymp
Onega
Ontário
Opatowicze
Opava
Opawa
Opolí
Orava
Orgeev
Oriol
Orkneje
Orle
Orlová
Osek
Ošel
Ošima
Osmanská Ríša
Ošmiana
Osno
Osowo
Ostrawa
Ostrihom
Ostryna
Osvienčim
Osypenko
Padova
Pafos
Palestína
Pamfýlia
Pánčevo
Pandžáb
Pannonia
Panónia
Paradyz
Paraguaj
Paríž
Partsko
Pastuch
Pastvy
Patagónia
Patra
Pazin
Pchjongjang
Pečenehovia
Pečenga
Pecvar
Peloponéz
Pelym
Pensylvánia
Perecín
Perm
Pernssteyn
Pešť
Petrič
Petrohrad
Pican
Piemont
Pieštany
Pikardia
Piran
Pireus
Pitešť
Plasy
Plataje
Ploješť
Plonia
Pobrežie Slonoviny
Podkarpatská Rus
Podlasie
Podnestersko
Podolí
Podolie
Pogezania
Pohansko
Pokšovec
Polaga
Poľany
Poľsko
Poltava
Polynézia
Pomoransko
Pompeje
Pontos
Portoriko
Portugalsko
Porýnie
Posert
Postupim
Poswol
Považká Bystrica
Pozdawilk
Poznaň
Praha
Predlitavsko
Prešov
Prešporok
Pretória
Prievidza
Přimda
Priština
Prnov
Prokyón
Provensalsko
Prusko
Prusy
Púchov
Pukanec
Pula
Pyreneje
Pyrzice
Ráb
Rábsky Svätý Martin
Rachov
Radgosc
Rád johanitov
Rád Mečových Bratov
Rád Nemeckých Rytierov
Rád Templárov
Radžastan
Ragneta
Rakúsko
Ramádí
Rás al-Chajmá
Rašíd
Raška
Rayhrad
Rerik
Revúca
Riazaň
Rijád
Rím
Rimavská Sobota
Rímske Cisárstvo
Ríša Ujgurov
Robov
Rodopy
Rodos
Romuva
Rosienie
Rostov nad Donom
Rovníková Guinea
Rožmberk
Rožmberk nad Vltavou
Rožnava
Rožňava
Roztoky
Rugard
Rujána
Rumunsko
Ruská Ríša
Rusko
Rusovce
Ružomberok
Rybnica
Rybníky
Rýn
Sabinov
Sachalin
Sakmar
Saksin
Salamina
Salaš
Salvádor
Salzbursko
Samara
Sambir
Šamorín
San Maríno
Santok
Santorín
Saratov
Sardínia
Sardínia-Piemont
Sardy
Šariš
Šarišský Potok
Sársko
Sarvaš
Sasko
Sasko-Anhaltsko
Saskov
Šaštín
Saudská Arábia
Savojsko
Sázava
Sebennytos
Sebeslav
Sedmohradsko
Segedín
Sejny
Selovia
Šemudvar
Sendrov
Senné
Šešule
Sevastopol'
Sevenc
Severinsko
Severná Dakota
Severná Karolína
Severné Írsko
Severné Macedónsko
Severné More
Severné Teritórium
Severozápadné Teritóriá
Seychely
Shetlandy
Sianów
Sibiň
Sibír
Sicília
Sihot
Sihoť
Šikloš
Šikoku
Siksov
Sikulsko
Sinaj
Šindžuku
Singapur
Šintava
Siretsko
Sjevjerodoneck
Skalica
Škandinávia
Skidel
Skorbuze
Škótsko
Slaný
Slavno
Slavónsko
Slezsko
Šlezvicko
Šlezvicko-Holštajnsko
Sliezsko
Slivno
Sloboda
Slonsk
Slovensko
Slovinsko
Slupy
Smolenice
Sobrance
Sochumi
Sokotra
Soleczníky
Solihrad
Solivar
Solún
Somaliland
Sómapura Mahávihára
Šomod
Šopron
Soul
Sovietsk
Španielsko
Spiš
Spojené Arabské Emiráty
Srbsko
Sriem
Šrírangapattanam
Srvsko
Štajersko
Stalingrad
Stará Dala
Stará Zagora
Staré Mesto
Stargart
Starigrad
Starograd
Starý Teko
Sterea Ellada
Šternberk
Štetín
Støela
Stojanovice
Štokholm
Stoličný Bělehrad
Štrasburg
Stredná Makedónia
Stredozemné More
Stupava
Sudety
Sudomír
Súdovce
Šumava
Sumeri
Surinam
Sussicze
Súsy
Suvar
Suzdaľ
Švábsko
Svaľava
Svätá Rímska Ríša
Svätý Benadik
Svätý Emmerám
Svatý Gothard
Svatý Jur
Svätý Ondrej
Svatý Vavrinec
Švédsko
Sveti Mikuláš
Svíczany
Svidník
Svijažsk
Svištov
Švuine
Swiecie
Swiecie nad Odrou
Sycewice
Syrakúzy
Sýria
Syrta
Szawle
Szylokarczma
Ťačiv
Ťačovo
Tadžikistan
Tajmýrsko
Taliansko
Tanchlim
Tarent
Taškent
Tasmánia
Tatársko
Tauroginy
Tchaj-pej
Téby
Teherán
Tekrúr
Telcz
Temeš
Temešvár
Temryk
Teplá
Tepličany
Terebovlja
Teritórium Austrálskeho Hlavného Mesta
Terka
Terst
Terušská zástava
Tesália
Tešín
Tiencin
Ťiou-čaj-kou
Tirolsko
Tisa
Tmutarakan
Toboľsk
Tokaj
Tokio
Tomakov
Toporec
Toruň
Torzim
Toskánsko
Trácko
Transoxania
Transylvánia
Trebecz
Trebišov
Trebnice
Trenčín
Trhovište
Trident
Trnava
Trnica
Trokaj
Trstená
Trzebatov
Tuchczín
Tuchola
Ťumeň
Tunisko
Turecko
Turiec
Turín
Turkménsko
Turna
Turňa
Tverja
Tvrdošín
Tylže
Tyros
Tyrrhenské More
Uciana
Udmurtsko
Uhry
Ujscie
Ukrajina
Ulanbátar
Ulianovsk
Umm Durmán
Upita
Uruguaj
Urzhum
Usolye-na-Kamskom
Ústie
Ust-Vym
Ust-Zejský
Uttarákhand
Utyn
Užhorod
Václava
Vacov
Valašsko
Valónsko
Vancouverov Ostrov
Varadín
Varmsko-Mazursko
Varšava
Varzno
Vasiugan
Vatikán
Velava
Velehrad
Veligrad
Velká Bana
Veľká Morava
Velká Perm
Velká Revúca
Veľké Berezné
Veľké Kapušany
Velké Šurany
Velkomerz
Velkopolsko
Veľký Londýn
Veľký Varadín
Verný
Vesprém
Vetluga
Vianočný Ostrov
Viazma
Vicebsk
Vieden
Viedeň
Viedenské Nové Mesto
Viktória
Vilno
Vinnycia
Vinohradov
Virgínia
Višemerz
Višera
Vladimír
Vláknorov
Vnútorné Hebridy
Vodná
Volgograd
Volha
Volin
Volov
Volové
Volyn
Volžskij
Voronež
Vorošilovgrad
Vorskla
Vranje
Vranov nad Topl’ou
Vrátenica
Vratislav
Vroclav
Východná Trácia
Východné Slovensko
Výlok
Vym
Vyšehrad
Vyšší Brod
Walia
Welharticze
Wielen
Wielona
Württembersko-Hohenzollernsko
Wyssebrod
Yarensk
Žabokreky
Zadunajsko
Zagory
Záhreb
Zainsk
Zajordánsko
Západná Austrália
Západná Makedónia
Západné Bengálsko
Západné Slovensko
Západný Jeruzalem
Zavolochia
Záwíja
Zdiar
Zéland
Železno
Železný Hrad
Zem
Žemaitsko
Zemgalsko
Zemianska Olca
Zemplín
Ženeva
Zichia
Žilina
Zlatá Horda
Zlatá Koruna
Zlivec
Žmuď
Znojmo
Zobor
Zollernovci
Zorya
Žukotín
Žužanovia
Zvolen
Žytomyr
