Abandoned
Absent
Active
Adaptable
Advanced
Adventurous
Aggressive
Ambitious
Annoying
Arrogant
Astral
Astronomic
Attractive
Big
Brave
Bright
Brilliant
Caustic
Celestial
Centennial
Changing
Charming
Cheap
Cheerful
Childish
Classy
Clever
Clueless
Coarse
Cold
Committed
Complicated
Conceited
Cool
Cosmic
Cowardly
Crazy
Creative
Credible
Crimson
Crooked
Dangerous
Dark
Deceitful
Demented
Easy
Eclipsing
Elegant
Elusive
Enigmatic
Enlightened
Enthusiastic
Eternal
Ethereal
Excited
Fair
Fallen
Famous
Fantastic
Fascinating
Final
Fine
First
Flexible
Fortunate
Free
Friendly
Frozen
Funny
Furious
Galactic
Generous
Gifted
Glorious
Golden
Good
Good Old
Grand
Grateful
Great
Greedy
Gross
Half
Handsome
Happy
Harsh
Haughty
Heartless
Heroic
Hollow
Humble
Icy
Ignorant
Imperial
Industrious
Insane
Intergalactic
Interstellar
Intolerant
Iridescent
Kind
Large
Last
Lazy
Light
Little
Living
Lone
Lonely
Loyal
Lucky
Luminous
Magnificent
Majestic
Malevolent
Masked
Merry
Millenium
Moody
Moral
Mystical
Nebulous
Old
Passionate
Patient
Patriotic
Perilous
Petty
Poor
Pretty
Prized
Proud
Psyched
Quantum
Racing
Radical
Rebellious
Relaxed
Relentless
Reliant
Remorseless
Reserved
Royal
Rusty
Saucy
Secluded
Sensitive
Serene
Serious
Shooting
Silent
Silver
Sincere
Skillful
Snooty
Social
Solid
Spectral
Starry
Stellar
Stingy
Strange
Strong
Stubborn
Talented
Thankful
The
Timeless
Titanic
Touchy
Transcendent
Tricky
Unchanging
Unfriendly
Uninhibited
Unique
Unstable
Unstoppable
Vengeful
Vigilant
Wailing
Witty
Wonderful
Young