Äänisen
Äänislinna
Aasia
Abessinia
Abhasia
Abingdon
Acharnés
Adeninlahti
Adrianmeri
Adua
Afganistan
Afrikka
Agderin
Agrínio
Ahtuba
Ahtubinsk
Ahvenanmaan
Aígio
Ainoksen
Aiolis
Aitolia
Aitos
Aizkraukle
Akarnania
Akkala
Akko
Akraífnio
Akrothooi
Akrotíri
Akvitania
Ala-Egypti
Ala-Itävalta
Alankomaat
Ala-Sleesia
Aleksandria
Aleksandrovka
Aleksandrovskaja
Aleksandrovski
Aleksandrovsk-Sahalinski
Alger
Al-Khobar
Allbon
Alpit
Alūksne
Alušta
Älvsborgi
Al-Zawiya
Ambomaa
Amerikan
Amfipolis
Anaktorion
Anazarba
Andižan
Ándros
Androúsa
Anglosfääri
Anšan
Antigua
Antiokia
Antrimi
Apameia
Aqtaw
Arabian
Arabianmeri
Aragonia
Arakhosia
Arequipan
Aréthousa
Árgos
Arkadia
Arkangeli
Artemísio
Arvidsjaur
Ašanti
Ašgabat
Asíni
Askalon
Ašmjany
Assassiinit
Assiut
Assyria
Astana
Astrahan
Asturia
Astypálaia
Ateena
Atıraw
Atlantin
Atlasvuoret
Attika
Atzele
Aunus
Australian
Australsaaret
Awdaghost
Ayagöz
Āzārbāyjān-e
Azerbaidžan
Azorit
Baanaatti
Babajevo
Bagdad
Bagirmi
Bah’mut
Bahtšisarai
Baijeri
Baktria
Balahna
Baleaarienmeri
Balqaş
Baltian
Baltoskandia
Bandar-e
Banne
Bannivske
Baranavitšy
Barysau
Baskimaa
Baškortostan
Batetski
Beerseba
Belebei
Belendzher
Belgia
Belgrad
Belutšistan
Benás
Bengali
Bengasi
Berdjansk
Berdytšiv
Berliini
Betlehem
Betšuanamaa
Beverina
Bežetsk
Biarmienmaa
Bilohirsk
Birjusa
Birobidžan
Biserta
Blagoveštšensk
Blekinki
Bodaibo
Bologoje
Böömi
Borovitši
Bosnia
Bospori
Brasilia
Braslau
Brittiläinen
Bryssel
Budžak
Buhara
Bukarest
Bulgar
Burgundi
Burjatia
Burriana
Byblos
Byzantion
Caymansaaret
Chalástra
Champlainjärvi
Conchin
Coronationinlahti
Daakia
Dalanti
Damaramaa
Damaskos
Dareion
Darhan
Dedovitši
Delfoi
Deloksen
Denia
Dikrech
Djadon
Dobele
Dobritš
Dobrudzha
Dodekanesia
Donetsk
Drohobytš
Drosiá
Dubrovytsja
Duhovštšina
Dùn
Džankoi
Dzjaržynsk
Džungaria
Edole
Efesos
Egeanmeren
Egeanmeri
Egypti
Ekumeeninen
Elafonísi
Elimeia
Elis
Elsass-Lothringen
Embute
Enderbynmaa
Englanti
Eresós
Eriejärvi
Ersä
Erythrai
Eṣfahān
Espanja
Espoo
Etelä-Australia
Etelä-Böömin
Etelä-Carolina
Etelä-Dakota
Etelä-Kordofan
Etelä-Rhodesia
Etelä-Wales
Etiopia
Euraasia
Eurooppa
Evros
Färsaaret
Fársala
Fennoskandia
Filippiinienmeri
Filippiinit
Filippoi
Firenze
Flanderi
Fleius
Foinikialaiset
Fokaia
Fokis
Fouta
Franken
Fryygia
Fyle
Galápagossaaret
Galaxídi
Galitsia
Gallia
Galwaynlahti
Geneve
Genevenjärvi
Gent
Gibraltarinsalmi
Gilajoki
Gjumri
Gluhov
Gnjozdovo
Gorgān
Gorohovets
Gotlanti
Grjazovets
Grobina
Grönlannin
Grönlanti
Groznyi
Guidimakan
Gulbene
Gundorovka
Gundorovskaja
Gurjev
Haag
Haaparanta
Haida
Hakassia
Hakoisten
Hallanti
Halliste
Halmaheranmeri
Häme
Hamedan
Hämeenlinna
Hamina
Hampuri
Handyga
Hania
Hankasalmi
Hanko
Hantsavitšy
Hanty-Mansijsk
Harezm
Harju
Harkova
Hatsina
Havanna
Hefthaliitit
Helsinki
Herakleia
Herson
Hiidenmaa
Hiittenharju
Hijaz
Hirvas
Hirvasjärvi
Histiaiotis
Hiva
Hmelnytskyi
Hồ
Hollanti
Hollola
Holm
Hongkong
Hordalandi
Hortytsja
Hrodna
H’ust
Hyväntoivonniemi
Hyvinkää
Iberianmeri
Ierápetra
Iešjávri
Iguassun
Iijoki
Iisalmi
Iivananlinna
Ikaría
Ikškilã
Ilomantsi
Impiltis
Inarijärvi
Indokiina
Inkeri
Intia
Irboska
Irlanninmeri
Irlanti
Islanti
Iso
Iso-Valakia
Itä-Friisia
Itä-Ghatit
Itä-Götanmaa
Itä-Renfrewshire
Itä-Traakia
Itävalta
Itä-Virumaa
Jaama
Jaava
Jakutia
Jakutsk
Jällivaara
Jalta
Jamaika
Jammu
Jaroslavl
Järvamaa
Järvi
Jaunjelgava
Jedda
Jekaterinburg
Jekaterinodar
Jelets
Jemen
Jeniseisk
Jerevan
Jeriko
Jersika
Joenperä
Joensuu
Jogentagana
Johanniittain
Jokimukka
Jomsviikingit
Joonia
Joonianmeri
Jooniansaaret
Jordania
Joškar-Ola
Joulusaari
Jov
Jubamaa
Jugoslavia
Jul
Junkarsborg
Juudea
Juutinrauma
Juzovka
Jyllanti
Jyväskylä
Kaarasjoki
Kaaria
Kaihnuunväylä
Kainuu
Kairo
Kajaani
Käkisalmi
Kalamáta
Kalanti
Kalávryta
Kalifornia
Kalifornianlahti
Kalinkavitšy
Kalkutta
Kalmakari
Kalmarin
Kalmukia
Kalparitaristo
Kalydon
Kämärä
Kambodža
Kamerun
Kamtšatka
Kanaalisaaret
Kanada
Kankaanpää
Kantalahti
Kappadokia
Kaprio
Karabaš
Karakalpakia
Karakol
Karanmeri
Karasubazar
Karatšev
Kărdžali
Karhumäki
Karhunpuoli
Karjala
Karjalaiset
Karjalankannas
Kärkna
Karksi
Karthago
Kárystos
Kasaari
Kašgar
Kassándreia
Kastiilia
Katalaanikomppania
Katalonia
Kaukasia
Kautokeino
Kavilda
Keava
Keila
Kelttimeri
Kemi
Kemijärvi
Kemijoki
Kerkuane
Kermānšāh
Keski-Jyllanti
Keski-Kreikka
Keski-Makedonia
Kesoniemi
Khalkidike
Khaonia
Khopra
Kiina
Kilikia
Kinešma
Kiova
Kiptšak
Kirgisia
Kirkkonummi
Kirkkovaltio
Kirumpää
Kitilä
Kittilä
Kjustendil
Klardžeti
Klimavitšy
Klysma
Koidanovo
Koivaliina
Koivisto
Kokkola
Koknese
Kolomyja
Kolumbia
Koluvere
Kommagene
Konnevesi
Kontupohja
Kookossaaret
Kööpenhamina
Korean
Korfu
Korintinlahti
Korintti
Korsika
Koskenala
Kostjantynivka
Kouvola
Krakova
Krane
Krasnodar
Krasnokokšajisk
Kreeta
Kreikka
Krementšuk
Kremljov
Krim
Krimulda
Kristiinankaupunki
Kroatia
Kruja
Krustpils
Kujavia
Kuldiga
Kultainen
Kultarannikko
Kuningatar
Kuola
Kuolajärvi
Kuolan
Kuolemattomat
Kuollutmeri
Kuressaari
Kuš
Kuu
Kuuba
Kuukkarinselkä
Kuurinmaa
Kuusema
Kuusisto
Kykladit
Kymenlaakso
Kypros
Kyrene
Kyretiai
Kýthnos
Läänemaa
Laatokanlinna
Lagonísi
Lakonia
Längelmäpohja
Länkipohja
Länsi-Armenia
Länsi-Australia
Länsi-Bengali
Länsi-Friesland
Länsifriiseinsaaret
Länsi-Götanmaa
Länsi-Makedonia
Länsi-Midlands
Länsi-Togo
Länsivuonot
Lappi
Lárisa
Lárnaka
Latgallia
Lathi
Latinalainen
Laukaa
Lausitz
Leewardsaaret
Lefkas
Lemisele
Leodhàs
Lepel
Levänluhta
Liaotung
Libanon
Libyan
Libyanmeri
Lidoríki
Lieksa
Liepaja
Liettua
Ligurianmeri
Liinmaa
Liivinmaa
Liivinmaan
Limericki
Límnos
Limvuono
Líndos
Lismajärvi
Lissabon
Lïvãni
Ljubim
Logateci
Lohja
Lokris
Lokroi
Lombardia
Lomkka
Lontoo
Lorri
Lothringen
Lotinapelto
Lounais-Englanti
Louthi
Lovetš
Ludza
Luhansk
Luoteis-Englanti
Luoteisterritoriot
Lupana
Luxemburg
Lysimakheia
Lyydia
Lyykia
Lyypekki
Maanselkä
Määri
Maaselkä
Maasi
Macao
Magalhãesinsalmi
Magnesia
Mahatškala
Mahiljou
Maidla
Makedonia
Maladzetšna
Malediivit
Malesia
Malmyž
Manikealaisuus
Mantova
Mantšuria
Marin
Marksne
Marokko
Maróneia
Masovia
Masqat
Massaua
Māzandarān
Meathi
Mekka
Meksiko
Meksikonlahti
Memfis
Meran
Merikarvia
Merya
Meštšovsk
Metapontion
Methóni
Metsäveljet
Métsovo
Miitavi
Mikaševitšy
Mikkeli
Mikronesia
Miletos
Mojaven
Mona
Mongolivaltakunta
Mosambik
Moskova
Možaisk
Mukatševe
Mukatševo
Mukurra
Muotka
Mustameri
Mustasaari
Muurmanni
Mykolajiv
Mýrina
Myrmidonit
Mytilíni
Myysia
Naantali
Náfplio
Nahitševan
Nasaret
Náxos
Neméa
Nerehta
Nešabur
Nevanlinna
Nigerjoen
Niilin
Nikolainkaupunki
Nikolaus
Nikomedia
Nikosia
Ninive
Nižni
Nizza
Njasviž
Norja
Norlanti
Normandia
Norsunluurannikko
Nourtijärvi
Nuokkijärvi
Nurmes
Nur-Sultan
Nyalam
Ohotsk
Oinoanda
Olavinlinna
Olhava
Olynthos
Ontariojärvi
Öölanti
Orchomenós
Orehovo-Zujevo
Orense
Orjol
Osipenko
Oslonvuono
Osmanien
Ostrova
Otepää
Oulu
Ouranoúpoli
Outova
Pääsiäissaari
Padova
Paflagonia
Pafos
Pähkinälinna
Paide
Paionia
Päiväntasaajan
Palestiina
Palmyran
Pamfylia
Pandžakent
Pariisi
Parikkala
Pärnu
Páros
Patan
Paulova
Peking
Peloponnesolaisliitto
Peltojärvi
Perkslakken
Perma
Pernau
Perrhaibia
Perth
Petritš
Petroskoi
Petsamo
Petsenegit
Petseri
Petšora
Peurajärvi
Pfalz
Piebalga
Pietari
Pietarsaari
Pihkova
Piilova
Piitime
Pikaljovo
Pilistvere
Pilssala
Piltene
Pireus
Pirkkala
Pitjoki
Pjongjang
Plataia
Pohjanmaa
Pohjanmeren
Pohjanmeri
Pohjoinen
Pohjois-Carolina
Pohjois-Dakota
Pohjois-Irlanti
Pohjois-Makedonia
Pohjois-Norja
Pohjoissaari
Pohjoisterritorio
Pöide
Poktša
Polatsk
Polesia
Põltsamaa
Polyrrinía
Pommeri
Pompeiji
Pontos
Porhova
Pori
Portugali
Porvoo
Poventsa
Praha
Preussi
Prževalsk
Pugetinsalmi
Pula
Pultava
Punainenmeri
Puntmaa
Puola
Puolueeton
Puurmani
Puutoinen
Pýdna
Pyhä
Pyreneet
Qarši
Qaskeleñ
Qostanay
Raahe
Raaseporin
Rääveli
Rah’iv
Raivola
Ranska
Ranskan
Rapla
Ratorosh
Rauma
Rauna
Rautalampi
Rein
Reininmaa
Rethymnon
Retšytsa
Rëzne
Riad
Ridala
Riianlahti
Riika
Ristiina
Rjazan
Rjažsk
Rmula
Rodopi
Rodos
Rooma
Rooman
Rovaniemi
Rtištševo
Ruanda
Ruhja
Ruija
Ruotsi
Ruovesi
Rurikinlinna
Rusellae
Saare-Lääne
Saarenmaa
Sabile
Šabwa
Sajan
Sakala
Sakkara
Saksa
Saksalainen
Saksi
Saksi-Anhalt
Saksi-Coburg-Gotha
Salamiyya
Salaspils
Salatsi
Saldus
Salehard
Sambia
Samothráki
Saraavesi
Saranosh
Šaravar
Sardes
Sargassomeri
Sarmizegethusa
Satakunta
Satekle
Saudi-Arabia
Savo
Savoiji
Savonlinna
Schwaben
Sebež
Seelit
Seinäjoki
Sekehe
Sèlpils
Šengkar
Šenkursk
Serpuhov
Sevastopol
Ševtšenko
Seychellit
Shahr-i-Sokhta
Siachenin
Sigulda
Siinai
Siion
Sikkivaara
Silo
Sindžar
Siperia
Sisä-Hebridit
Sisilia
Sitagroí
Siuntio
Själlanti
Sjundbyn
Sjunik'
Skandinavia
Skoonemaa
Skotlanti
Skyytia
Sleesia
Slovjanohirsk
Sodankylä
Södermanlanti
Sokotra
Soligalitš
Solin
Solvytšegodsk
Somalimaa
Sompio
Soontagana
Sortavala
Sotkamo
Sotši
Soul
Stalbe
Stalino
Stientjie
Štšutšinsk
Štšutšyn
Stymfalos
Sudeettialueet
Suhumi
Suma
Suojärvi
Suomen
Suomenlahti
Suomi
Šuomua
Suonikylä
Suonttavaara
Šur
Suur-Lontoo
Suur-Manchester
Sveanmaa
Sveitsin
Svjatohirsk
Šymkent
Syrakusa
Sýros
Sysmä
Sytšovka
Syyria
Syyrian
Székelymaa
Tabrīz
Tadžikistan
Tagantin
Taka-Pommeri
Taklimakan
Tãlava
Tallinna
Talsi
Tampere
Tanganjika
Tanger
Tanska
Tartto
Tarudant
Taškent
Täyssinä
Teheran
Teinperi
Teljä
Temppeliherrain
Teneriffa
Tennis
Terijoki
Tervete
Thásos
Theba
Thermaïkóslahti
Thessalia
Thessaloniki
Thíra
Tihvinä
Tiibet
Tiiksjärvi
Timuridien
Tipasan
Tiroli
Tiruchirapalli
Tiruvannamalain
Tjatšiv
Tjumen
Tofal
Tohmajärvi
Toksova
Tolofóna
Tolvajärvi
Tomininlahti
Toompea
Toreida
Tornio
Tornionlaakso
Toržok
Toscana
Traakia
Traakianmeri
Transilvania
Tríkala
Trikãta
Tripoli
Trípoli
Troas
Troizína
Tromssa
Tšad
Tsarjovokokšaisk
Tšeboksary
Tšekki
Tšekkoslovakia
Tšeljabinsk
Tšerepovets
Tšerkasy
Tšernivtsi
Tšernobyl
Tšerven
Tšerykau
Tšudovo
Tšuhloma
Tšuhujiv
Tšuktšien
Tšusovaja
Tšuvassia
Tucumánin
Tukholma
Tukums
Tuncelin
Tunkua
Tuprova
Turkki
Turku
Tyatira
Tymfaia
Tyne
Tyros
Tyrrhenanmeri
Ucayalin
Udmurtia
Ugandi
Uiguurivaltakunta
Ulaidit
Ulvila
Ungavanlahti
Unkari
Uplanti
Upmale
Upsala
Ustjurt
Ustjužna
Ust-Zeja
Usvjaty
Uumaja
Uumajanjoki
Uuras
Uusi
Uusi-Englanti
Uusikaarlepyy
Uusi-Kaledonia
Uusimaa
Užhorod
Vaasa
Vagharšapat
Vähä-Valakia
Väinäjoki
Väinänlinna
Valakia
Valdai
Välimeri
Valkeajärvi
Valko-Venäjä
Vallonia
Vancouverinsaari
Vantaa
Varangu
Varbola
Varjagikaarti
Värmlanti
Varsova
Vatikaani
Vaukavysk
Veji
Veliž
Venäjä
Venäjän
Venden
Venetsia
Verhovažje
Vesilahti
Vesteroos
Veteli
Vettänen
Vienankaupunki
Vienanmeri
Viipuri
Vileika
Viljandi
Vilna
Vinnytsja
Viro
Virolahti
Virumaa
Viru-Nigulas
Vitaaliveljet
Vitsebsk
Vjangi
Vjazma
Volga
Volgan
Volžski
Vónitsa
Voronež
Vorošilovgrad
Vuogát
Vuoristo-Karabah
Vytegra
Vytšegda
Vytаtšіv
Wakensaari
Wien
Windwardsaaret
Wolmar
Yadyrna
Yhdistyneet
Ylä-Egypti
Ylä-Itävalta
Ylämaat
Ylä-Volta
Ylikainuu
Zaslauje
Železnyi
Zemgãl
Žitomir
Zurvalaisuus
Аltynіvkа
