Aachen
Aalburg
Aarau
Aardenburg
Abchasien
Abenberg
Abensberg
Abessinien
Abruzzen
Achäa
Achalziche
Achämenidenreich
Achmim
Achtuba
Achtubinsk
Achuz
Ackerhaus
Adam
Adamaua
Adelsberg
Adiukru
Adlerpass
Admont
Adriatisches
Adsel
Afambra
Affligem
Afrika
Ägäien
Ägäische
Ägäisches
Aglar
Agram
Agrigent
Ägypten
Ahausen
Ahlden
Ahrensberg
Ahrensburg
Ahsiket
Aigeai
Ajagös
Ajtos
Akarnanien
Akkon
Akrefnio
Aksubajewo
Alaköl
Alapajewsk
Al-Arisch
Alašija
Alawerdi
Albanien
Albgau
Al-Chubar
Aldersbach
Alexandrien
Alexandrowsk-Sachalinski
Alexin
Algerien
Algier
Alitten
Allenstein
Alling
Almatı
Alpen
Alsfeld
Altbeschenowa
Altenberg
Altenbücken
Altenburg
Althofen
Altmarka
Alt-Rjasan
Altsohl
Altstadt
Altstätten
Altyniwka
Aluschta
Alzey
Amberg
Amerika
Amerikadeutscher
Amstetten
Anahalt
Anaktorion
Anatolien
Anazarbos
Andalusien
Andernach
Andijon
Andrichau
Angeln
Angersburg
Anglosphäre
Angolabecken
Anhalt
Anschan
Antigua
Antiochia
Antwerpen
Äolien
Aouzou-Streifen
Apameia
Apenrade
Appenzell
Aptau
Apulien
Äquatorialafrika
Äquatorialguinea
Aquitanien
Arabien
Arabisches
Arachosien
Aragonien
Arbil
Archea
Archys
Arel
Arenhusen
Arensburg
Argenau
Argisch
Arische
Arkadien
Ärmelkanal
Armenien
Arnheim
Arnis
Arnstein
Arnswalde
Arsen
Artzis
Arzach
Aschaffenburg
Aschanti
Aschdod
Aschersleben
Aschkelon
Aschmjany
Aschtarak
Aserbaidschan
Asien
Askanien
Asow
Assassinen
Assuan-Staudamm
Assyrien
Astrachan
Asturien
Astypalea
Atacama
Athamanien
Athen
Äthiopien
Atlantischer
Atlasgebirge
Ätolien
Attems
Attika
Auersperg
Augsburg
Augusta
Aupa
Auschwitz
Ausetanien
Aussig
Australien
Azoren
Az-Zawiyya
Baag
Babajewo
Babenberg
Babrujsk
Bachmut
Bachtegan
Bachtschyssaraj
Bad
Baden
Badenweiler
Baden-Württemberg
Bagdad
Baguirmi
Bahrein
Baikalowo
Bainloka
Baktrien
Balaklawa
Balakowo
Balaschow
Balearen-Meer
Balga
Balingen
Balqasch
Baltschik
Bamberg
Banff-Nationalpark
Bangladesch
Barabasteppe
Baranawitschy
Baraniwka
Barchau
Bardowick
Bariach
Barsch
Barten
Bartenstein
Bartfeld
Bärwalde
Barysch
Baryssau
Baschkortostan
Basel
Basel-Landschaft
Basel-Stadt
Baskenland
Bastetanien
Batezki
Batrun
Batsch
Batschkowo
Battenberg
Bautzen
Bayerburg
Bayerische
Bayern
Bayreuth
Bebra
Bechingen
Bedburg
Beduniensie
Beichlingen
Beitsch
Bekesch
Bektaschi
Belebei
Belgard
Belgien
Belgrad
Bellenz
Belogradtschik
Belorezk
Belosersk
Belowo
Bels
Belutschistan
Belz
Belzig
Benevent
Bengal-Delta
Bengalen
Bengasi
Benin
Bentheim
Berberküste
Berchtesgaden
Berdjansk
Berdytschiw
Berehowe
Berent
Beresan
Berg
Bergen
Bergenhaus
Bergheim
Bergschlägen
Beringmeer
Berlin
Bern
Bersaska
Beschezk
Bessarabien
Bessungen
Bethleem
Betsche
Betschuanaland
Bettendorf
Beuthen
Beverstedt
Bexhill
Bhuj
Bickenbach
Bielefeld
Bielitz
Bielitz-Biala
Bihar
Bijapur
Bilbeis
Bilohirsk
Bilstein
Binsch
Birdschand
Birjussa
Birkenkirchen
Birobidschan
Birschtannen
Birsen
Bisanz
Bischofswerda
Bistritz
Bitburg
Bithynien
Bitsch
Bittau
Bitzewski
Bizerta
Black-Küste
Blagoweschtschensk
Blagusa
Blankenberg
Blankenburg
Blei
Bleiching
Blieskastel
Blindheim
Boalsert
Böblingen
Bochart
Bodaibo
Bodensee
Bodschnurd
Bogutschar
Böhmen
Böhmerwald
Böhmisch
Bohoduchiw
Bohuslaw
Bökelnburg
Bokschan
Bolchow
Bolgar
Bolivien
Bolochowo
Bologoje
Bolonien
Bonnhard
Böotien
Bopfingen
Borisopel
Bornhöved
Borowitschi
Borowsk
Borscha
Borschawa
Borschod
Borudscherd
Bösig
Bosnien
Bostra
Bosyakowyna
Botewgrad
Botoschan
Bötzow
Boyneburg
Bozen
Brandenburg
Brasilien
Braslau
Braunau
Bräunlingen
Braunsberg
Braunschweig
Braunschweig-Lüneburg
Brauweiler
Brazlaw
Brefni
Bregenz
Breisach
Breisgau
Breitenau
Breitowo
Bremen
Breslau
Bresnik
Brest
Breunau
Brieg
Briesen
Brisk
Bristolkanal
Britannien
Britisch-Honduras
Britisch-Malaya
Britisch-Somaliland
Brixen
Broch
Brokburg
Brokdorf
Bromberg
Bruchhausen
Bruck
Brück
Brüder
Bruderschaft
Bruneck
Brünn
Brunsbüttel
Brüssel
Buchara
Buchenland
Bucht
Buchtarma
Büdingen
Budschaja
Budschak
Budslau
Budweis
Bukarest
Bulgarien
Bunzlau
Büren
Burgenland
Burghausen
Burgund
Burjatien
Burriana
Burscheid
Burzenland
Busau
Busäu
Buschmannland
Bütow
Butrint
Butschatsch
Buxtehude
Byblos
Byrsgaw
Byzantion
Cadolzburg
Cammin
Caprivizipfel
Carolath
Celle
Celtiberia
Cevennen
Chabarowsk
Chaibar
Chakassien
Chamis
Chankändi
Chanty-Mansijsk
Charakene
Chasalla
Chasaren
Chaskowo
Chemnitz
Cherson
Chita-Halbinsel
Chmelnyzkyj
Cholm
Cholmogory
Chopjor
Chorasan
Choresmien
Chorramabad
Chorramschahr
Chotscho
Chotyn
Chöwsgöl
Chudschand
Chumara
Chunavia
Chungcheong-do
Churrätien
Chust
Chuzestan
Cisleithanien
Cloppenburg
Coburg
Colditz
Comburg
Commarchen
Cormòns
Cottbus
Coudenberg
Crailsheim
Cranz
Crase
Creuzburg
Crudim
Cumberland-Plateau
Cuxhaven
Dachau
Dachla
Dagö
Dagsburg
Dahschur
Dakien
Dalandsadgad
Dalen
Dalmatien
Damaskus
Damiette
Danelag
Dänemark
Danilow
Dannenberg
Danzig
Danziger
Darchan
Dardanien
Daressalam
Darién-Lücke
Darmstadt
Dascht-e
Dassareten
Dassel
Dauba
Davidszitadelle
Debrezin
Dedowitschi
Degenberg
Deggendorf
Delsberg
Den
Dernisch
Desch
Desmond
Dessau
Detmold
Deutsch
Deutsche
Deutscher
Deutschland
Deutschliptsch
Deutsch-Neu-Guinea
Deutz
Deventer
Devin
Dewilto
Diamantina-Bruchzone
Dieburg
Diedersberg
Diekirch
Diemrich
Diepenau
Diepholz
Dieppe
Dierdorf
Diesdorf
Dillingen
Dinawar
Dingolfing
Dingolfing-Landau
Dinkelsbühl
Dioklitien
Dirschau
Dithmarschen
Diutschære
Djakowar
Djenne-Djeno
Dnipro
Dobeschdorf
Doblen
Dobrauen
Dobrin
Dobritsch
Dobrudscha
Dodekanes
Dodekaschoinos
Doggerbank
Dohuk
Domberg
Dombowa
Dömitz
Donau
Donaueschingen
Donaufeldburg
Donauwörth
Donezk
Donnermund
Dormagen
Dorna-Watra
Dornberg
Dörnberg
Dornburg
Dornstadt
Dorogobusch
Dorpat
Dortmünd
Doxan
Drei
Dreizehn
Dresden
Drohobytsch
Drontheim
Drossen
Druscheniken
Druschkiwka
Dschalalabad
Dschankoj
Dscharabulus
Dschermuk
Dschibuti
Dschidda
Dschindires
Dschiroft
Dschiza
Dschuba
Dserschinsk
Dsungarei
Duala
Düben
Dubingam
Dubrowyzja
Duchowschtschina
Dudweiler
Düna
Dünaburg
Dünkirchen
Durkheim
Düsseldorf
Ebeleben
Ebene
Eberau
Eberbach
Ebersberg
Eberstein
Eberswalde
Echternach
Eckernförde
Edelstein
Edinburg
Eferding
Eger
Egerberg
Egersee
Egio
Eibenschütz
Eichstätt
Eidsivathing
Eilenburg
Eimot
Eindhoven
Einsiedeln
Eisenach
Eisenburg
Eisenhüttenstadt
Eisenmarkt
Eisenstadt
Ekibastus
Elberfeld
Elbing
Elbogen
Elburg
Elfenbeinküste
Elisabethstadt
Ellenbogen
Ellesch
Elsass
Emden
Emilien
Emmen
Engelberg
Engern
Enos
Ensisheim
Entenschnabel
Epeires
Ephesos
Epirus
Eppenstein
Erde
Erding
Erfurt
Eriesee
Erkuniatia
Ermland
Ermland-Masuren
Ernstbrunn
Ersja
Eschenlohe
Eschweiler
Esna
Esseg
Essen
Esslingen
Estland
Eteokreten
Ettelbrück
Euböa
Euchland
Eukarpia
Eupen
Europa
Everstein
Exarchat
Exin
Eylau
Falkenberg
Falkenstein
Falklandinseln
Falköping
Falster
Färnbauen
Farnsburg
Färöer
Fedajin
Fehmarn
Feldbach
Feldkirchen
Fellin
Fels
Ferghana
Festos
Feuchtwangen
Feuerland
Filehne
Finnland
Finsterwalde
Finstingen
Fischhausen
Fitri-See
Fivelgo
Flandern
Flatow
Fleissenburg
Flensburg
Florenz
Floridsdorf
Foça
Fogarasch
Fokschan
Foni
Fonjod
Forchheim
Formbach
Forst
Franken
Frankenstadt
Frankenstein
Frankfurt
Frankreich
Französisch-Britische
Französische
Französisch-Indien
Frauenbach
Frauenberg
Frauenburg
Frauenfeld
Fraustadt
Fredriksten
Freiberg
Freiburg
Freigrafschaft
Freistadt
Freudenthal
Friaul
Friaul-Julisch
Friedland
Friedrichshafen
Friesland
Frisches
Fritzlar
Frolicha
Frolowo
Frönel
Frontenhausen
Fugging
Fünen
Fünfkirchen
Fürstenberg
Fürstenfeld
Füssen
Fuvahmulah
Gadebusch
Gafers
Gagausien
Galapagosinseln
Galatien
Galatz
Galicien
Galiläa
Galinden
Galizien
Gallandau
Gallenberg
Gallien
Gandsassar
Gardelegen
Garnich
Garowe
Garsden
Garten
Gasa
Gattschina
Gauchesholm
Gauting
Gawrilow-Jam
Gawrilowo
Gazastreifen
Gazīrat
Gdow
Gebiet
Gedereiten
Gegensberg
Geisenhausen
Geislingen
Geismar
Geißeshaupt
Gelderland
Geldern
Genf
Gengeß
Gent
Genua
Georgenburg
Georgenthal
Georgien
Gerasa
Gerdauen
Gerdingen
Gernrode
Gerzika
Geschatz
Gesellschaft
Ghassaniden
Gieb
Giengen
Gifhorn
Gilbertinseln
Gjumri
Glarus
Glasow
Glatz
Gleiberg
Gleichen
Gleichenstein
Gleiwitz
Glenhausen
Glogau
Gmünd
Gnesen
Gnjosdowo
Goch
Göding
Godscham
Golanhöhen
Golda
Goldberg
Goldene
Goldenes
Goldfluss
Goldingen
Goldküste
Golf
Gollnow
Gommern
Gömör
Gonder
Gonsawa
Gordiene
Görlitz
Gornau
Gorochowez
Gorodez
Görrach
Gortiz
Görz
Goslar
Göteborg
Gottbrandestal
Gotthardpass
Gottheim
Göttingen
Gottorf
Götzenburg
Grabing
Grabow
Grafenschachen
Grafenstein
Gran
Grand-Coulee-Talsperre
Grantabrücke
Grätz
Graubünden
Graudenz
Graz
Greifswald
Greutungen
Greyers
Greyerz
Griechenland
Grimbergen
Grjasowez
Grobin
Grönland
Grönländischer
Grosny
Groß
Große
Großenhain
Großkarol
Großnikopel
Großpolen
Grossrauschenbach
Großsalontha
Großschlatten
Großsteffelsdorf
Großwardein
Grünberg
Grundarhverfi
Grupa
Gschirnau
Guben
Gudensberg
Guhrau
Gulathingslov
Güldenfurt
Gundischapur
Güns
Gunzenhausen
Güssing
Güstrow
Gütersloh
Gutstadt
Gützkow
Gythio
Haakhof
Haarlem
Habelschwerdt
Hachberg
Hadramaut
Hafen
Hagenau
Haithabu
Halberstadt
Hallasch
Halle
Hallstatt
Halmagen
Halmstatt
Halsingor
Halytsch-Wolin
Hamburg
Hammelburg
Hammerhaus
Hammersdorf
Hammershaus
Hanau
Hanna
Hannover
Hanzawitschy
Hardenburg
Harlau
Harrien
Harrisburg
Haschtgerd
Hatzeg
Hatzfeld
Haugesund
Haugsdorf
Hausweich
Havanna
Havasu-Wasserfälle
Hawiku
Hayden
Hechingen
Hedmark
Hedschas
Heideck
Heidelberg
Heilbronn
Heilige
Heiligen
Heiligenstadt
Heiliger
Heiliges
Heilsberg
Heinfels
Heinrichau
Helgoland
Helgoländer
Hellenenbund
Hellenstein
Hengistburg
Henneberg
Hennegau
Hephthaliten
Herakleia
Herbitzheim
Hereford
Herkulesbad
Hermannsburg
Hermannstadt
Herzberg
Herzogenbusch
Hessen
Hessen-Darmstadt
Heunburg
Hewesch
Heydekrug
Heynod
Hiddensee
Hinterpommern
Hirschberg
Hluchiw
Ho-Chi-Minh-Stadt
Hochland
Hochstaden
Hockenheim
Hof
Hofzumberg
Hohenburg
Hohenems
Hohenfels
Hohenfurth
Hohenlohe
Hohenschwangau
Hohenstein
Hohenzollern
Hohenzollern-Sigmaringen
Höhlen
Hohnstein
Holland
Hollschowitz
Holstein
Holzenbu
Homburg
Hongkong
Hoover-Damm
Horn
Horodnyzja
Hövel
Hoyerswerda
Hoyragel
Hradysk
Hückeswagen
Huljajpole
Hultschin
Hunain
Hursuf
Hussburg
Ibbenbüren
Idaho-Pfannenstiel
Ifferten
Iglau
Iguazú-Wasserfälle
Ihlow
Ikaria
Illok
Illyrien
Ilmmünster
Imamiten
Imeretien
Indien
Indischer
Indonesien
Ingermanland
Ingolstadt
Innere
Innsbrück
Inowrazlaw
Inselburg
Ionien
Ionische
Ionisches
Iphofen
Irische
Irland
Irschawa
Isborsk
Ischewsk
Isenburg
Isfurt
Island
Istachr
Istrien
Italiae
Italien
Italienische
Italienisch-Somaliland
Itanza
Itzehoe
Iwangorod
Iwankiv
Iwano-Frankiwsk
Iwanowo
Izadchāst
Jägerndorf
Jahrmarkt
Jakobstadt
Jakutien
Jakutsk
Jalta
Jamaika
Jamantau
Jammu
Jangikent
Jaroslau
Jaroslawl
Jassenmarkt
Jatwingen
Jauer
Jazygen
Jedisan
Jegorlyk
Jekaterinburg
Jelabuga
Jelez
Jelgawa
Jemen
Jenisseisk
Jerba
Jerewan
Jerichow
Jermer
Jhelam
Jitschin
Johanniterorden
Jolof
Jomswikinger
Jonchor
Jonischken
Jönkaufing
Jordanien
Joschkar-Ola
Jotvata
Judenburg
Jugoslawien
Jula
Juldybajewo
Jülich
Junigeda
Jüterbog
Jütland
Kaaden
Kachetien
Kadnikow
Käfernburg
Kaimaninseln
Kairo
Kaiserslautern
Kaiserstuhl
Kalabrien
Kalafo
Kalifornien
Kalinkawitschy
Kalisch
Kalkutta
Kalleazie
Kalmückien
Kambodscha
Kamenez
Kamenz
Kamerich
Kamerun
Kammersberg
Kampanien
Kamtschatka
Kamyschin
Kamyschlow
Kanada
Kanalinseln
Kandau
Kaniw
Kantabrisches
Kanterberg
Kap
Kapfenberg
Kappadokien
Karabasch
Karakalpakistan
Karakol
Karansebesch
Karasee
Karashahr
Karatschew
Kardschali
Karelien
Karelier
Karenz
Karien
Karkemisch
Karkus
Karliwka
Karlsbad
Karlsburg
Karlsruhe
Karlstadt
Karnburg
Kärnten
Karpatenukraine
Karpatenvorland
Karpatia
Karpenstein
Karschow
Karsowaj
Karthago
Kartlien
Kaschau
Kaschmir
Kaschubien
Kasplja
Kassandria
Kassel
Kassiopi
Kasthanaia
Kastilien
Katalanische
Katalonien
Katar
Kattowitz
Katzenelnbogen
Kauen
Kaufingshaus
Kaukasien
Kawarna
Kaxgar
Kedahnen
Keisd
Keltische
Kembolcha
Kemerowo
Kemnitz
Kempen
Kemtschug
Kerman
Kermānschāh
Kernau
Kersch
Kerschenez
Kesselberg
Kessin
Kessinen
Kestenholz
Kesthell
Ketschkemet
Khartum
Kiel
Kiew
Kilija
Kilikia
Kilikien
Kimpolung
Kinau
Kineschma
Kionga-Dreieck
Kiptschak
Kirchdrauf
Kirchen
Kirgisistan
Kirieleis
Kirillow
Kirischi
Kirment
Kirow
Kirsanow
Kischinau
Kischkeneköl
Kittsee
Kitzbühel
Kjustendil
Kladrau
Klagenfurt
Klattau
Klausenburg
Klein
Kleinarmenien
Kleinbritannien
Kleine
Kleinpolen
Kleve
Klimawitschy
Klingenberg
Klodawa
Kloster
Klostermarienberg
Kniphausen
Knittelfeld
Knobelsdorf
Kobrunn
Kochergau
Köflach
Kohlo
Kokelburg
Kokenhusen
Kokosinseln
Kolbeinseyrücken
Kolberg
Koldnitz
Kollotschau
Kolmar
Köln
Kolumbien
Kolywan
Kommune
Komorn
Köngen
Kongo-Freistaat
Königsberg
Konitz
Konstanz
Konstanza
Kopenhagen
Kopreinitz
Koreabucht
Korfu
Korinth
Korjaschma
Korneuburg
Korsika
Koschmin
Koselsk
Köslin
Kosten
Kostjantyniwka
Kournas-See
Kowall
Kowasna
Kowrow
Kraiburg
Krain
Krainburg
Krajowa
Krakau
Krakolje
Krane
Kranichberg
Krasnodar
Krassmarkt
Kreischgebiet
Kremenez
Krementschuk
Kremnitz
Krems
Kremsier
Kremsmünster
Kremun
Kreslau
Kreta
Kreutz
Kreutzburg
Kreuzburg
Kreuzendorf
Kreuznach
Krim
Kristinestad
Kroatien
Kronstadt
Krossen
Kruja
Kruschwitz
Krytschau
Krywyj
Kstowo
Kuba
Kubin
Kuenring
Kufstein
Kujawien
Kulm
Kulmbach
Kulmsee
Kumanen
Kumanien
Kummuḫ
Kumuch
Kunstadt
Kurland
Kuruschata
Kurzel
Kusch
Kusnezk
Küstrin
Kuttenberg
Kykladen
Kymundsdorf
Kyrene
Kyrrhos
Labiau
Ladenburg
Lagerfeld
Lagodechi
Lahidsch
Lahidschan
Lähn
Laholm
Laibach
Lake
Lakonien
Landau
Landsberg
Landstrass
Langenau
Langshan-Gebirge
Laodikeia
Lappland
Larisa
Lateinisches
Lauenburg
Lauenrode
Lauenstein
Laufen
Laufenburg
Laun
Lauran
Laurenburg
Lausitz
Lauterbach
Lauterberg
Lautern
Lebenau
Lebus
Lechrain
Leer
Leibnitz
Leiningen
Leipa
Leipzig
Leisnig
Leisning
Leitmeritz
Lemberg
Lemsal
Lendizen
Lengberg
Lengenfeld
Lennewarden
Lentschütz
Lenzburg
Leobschütz
Leonberg
Leonsberg
Lepel
Leslau
Lettgallen
Lettland
Leubus
Leuchtenberg
Leukental
Leutsau
Levedien
Leverkusen
Lewinburg
Libanon
Libau
Libyen
Libysche
Libysches
Lichtberg
Lichtenberg
Lichtenfels
Lichtensteig
Lidhausen
Liebwart
Liechtenstein
Liegnitz
Lienz
Ligurien
Ligurisches
Limnos
Lindow
Linz
Lipezk
Lippa
Lippe
Lippstadt
Liptau
Lischmosero
Lissabon
Litauen
Livadia
Livländ
Livländischer
Lizenz
Ljubaschiwka
Ljuboml
Lleyn
Löbau
Lobdaburg
Lobenstein
Löbnitz
Lodeinoje
Lodsch
Lokris
Lolland-Falster
Lombardei
Lombardenbund
Lond
Löningen
Lörrach
Losanen
Losowa
Lössplateau
Lothringen
Lötzen
Lötzing
Loukomorie
Löwen
Löwenberg
Löwenstein
Lowitsch
Lowosero
Lübben
Lübeck
Lüben
Lüchow
Lüdersburg
Luggarn
Lugosch
Luhansk
Lukanien
Lumbsee
Lundenburg
Lüneburg
Lüttich
Lützelstein
Lützen
Luxemburg
Luzern
Luzk
Lyck
Lydien
Lykien
Lyman
Mäander
Macharscha
Machatschkala
Mae
Magdeburg
Magellanstraße
Maginot-Linie
Magnesia
Mahiljou
Mähren
Mährerreich
Mährisch
Mahuza
Mailand
Mainz
Makaronesien
Makedonien
Makowa
Maladsetschna
Malatzka
Malediven
Malmysch
Manbidsch
Manderscheid
Mangghystau
Manguéni-Plateau
Manichäismus
Manilabucht
Mannheim
Manning
Mansfeld
Manturowo
Marburg
Mariampol
Mariandynen
Marianengraben
Marienberg
Marienburg
Mariënburg
Marienkloster
Mariza
Marken
Marmarosch
Marmaroschsiget
Marokko
Marquartstein
Marrakesch
Marshallinseln
Martinsberg
Maskat
Masowien
Massaua
Masuren
Masurische
Matschva
Mattersburg
Mauretanien
Māzandarān
McMurdo-Sund
Mecklenburg
Mecklenburg-Strelitz
Mecklenburg-Vorpommern
Medeniken
Medwediza
Medweschjegorsk
Meeresinseln
Meiningen
Meißen
Mekka
Meldorf
Melita
Melnik
Memelburg
Memelland
Memleben
Memmingen
Menselinsk
Meppen
Meran
Meranien
Mercien
Merenberg
Merken
Merzig
Meschtschowsk
Meseritz
Mesopotamien
Mesothen
Messenien
Metapont
Methone
Metten
Mexiko
Mexiko-Stadt
Michailowka
Michelstadt
Middelburg
Mieresch
Mies
Mikaschewitschy
Mikronesien
Milet
Militsch
Mindelheim
Minden
Mingrelien
Minsar
Mittelatlantischer
Mitteleuropa
Mittelfranken
Mitteljütland
Mittelmark
Mittelmeer
Mittelstadt
Mittelungarn
Mitterburg
Mockern
Mode
Mogadischu
Mohatsch
Mohrungen
Mokka
Moldau
Molossen
Mömpelgard
Mondsee
Mongolei
Mongolisches
Montferrat
Montsch
Moon
Moosburg
Mordwinien
Mörs
Mosambik
Mosbach
Moschaisk
Moschau
Mosel
Moskau
Mossul
Motovun
Mszislau
Mugodschar-Gebirge
Mühlhausen
Mülhausen
Müllheim
München
Münchsmünster
Munkatsch
Münster
Münsterberg
Muntenien
Mürzzuschlag
Mutsu-Bucht
Muzenbrück
Mykolajiw
Myrmidonen
Myschkin
Mysien
Mysuru
Mytilini
Mzcheta
Mzensk
Nadlak
Nadrauen
Nadschd
Nafpaktos
Nakel
Nallamala
Nalsen
Nanzig
Naratsch
Nassau
Naugard
Naumburg
Navarresische
Nazaret
Neandertal
Neapel
Neckargau
Nedryhajliw
Neidenburg
Neisse
Nellenburg
Neptun
Nerechta
Nesebar
Netolitz
Neubeschenowa
Neubrandenburg
Neu-Delhi
Neudorf
Neuenahr
Neuenburg
Neuengland
Neuenstadt
Neufundland
Neuhäusel
Neuhausen
Neukaledonien
Neumark
Neumarkt
Neumünster
Neu-Sandez
Neusatz
Neuschottland
Neuseeland
Neusohl
Neuss
Neustadt
Neustettin
Neustrelitz
Neustrien
Neutral-Moresnet
Neuwiller
New
Newel
Nicäa
Nicaragua-Kanal
Nidda
Nieder
Niederaltaich
Niederalteich
Niederbayern
Niederkalifornien
Niederlande
Niedermarkt
Niederösterreich
Niederschlesien
Niederschönenfeld
Niklasmarkt
Nikolai
Nikolsburg
Nikolschitz
Nikomedien
Nikosia
Nildelta
Nimptsch
Nimwegen
Ninive
Nisch
Nischapur
Nischneudinsk
Nischni
Nizza
Njaswisch
Nju
Njuk
Norberg
Nordalbanien
Norddeutscher
Norddeutschland
Nordenberg
Nordengland
Nordgau
Nordhausen
Nordirland
Nordkalifornien
Nordkamerun
Nordkap
Nordkorea
Nördlingen
Nordmazedonien
Nord-Ostsee-Kanal
Nordrhein
Nordrhein-Westfalen
Nordsee
Nordsiebenbürgen
Nordtranssilvanien
Nordungarn
Nordwasiristan
Nordwestrussland
Nordwest-Territorien
Normandie
Nørrejylland
Norwegen
Nossiwka
Nowgorod
Nowhorod-Siwerskyj
Nowohrad-Wolynskyj
Noworschew
Nowoscharejewo
Nowosibirsk
Nowosil
Nowoslobodskaja
Nowosybkow
Nubien
Nürnberg
Nur-Sultan
Nyeuberghe
Nyschni
Ober
Oberägypten
Oberbayern
Oberbosnien
Oberfranken
Oberglogau
Oberitalien
Oberlitauen
Oberösterreich
Oberpahlen
Oberschlesien
Obersee
Obersteier
Oberswidnik
Obervellach
Obervolta
Oberwart
Ochansk
Ochsenfurt
Ochsenhausen
Ödenburg
Odenpäh
Oderhellen
Odojew
Odomanten
Odrau
Oestringfelde
Ofen
Offenburg
Offenburg-Regen
Oghusen
Ohlau
Okavangoland
Okelbau
Ökumenisches
Okzitanien
Oldenburg
Ölengti
Oleschky
Olmütz
Olonez
Öls
Olsagebiet
Oltenien
Olymp
Olynth
Onikschten
Ontariosee
Opatowitz
Oppeln
Orawitz
Orden
Orechowo-Sujewo
Orenburg
Orjachowo
Orjol
Orlamünde
Orlau
Orscha
Orschowa
Ortelsburg
Orthenberg
Ösch
Oschakan
Ösel
Ösel–Wiek
Osgowo
Osmanisches
Osnabrück
Osningland
Osrhoene
Ossegg
Ost
Ostanatolien
Ost-Berlin
Ostenburg
Ostende
Österbotten
Osterburg
Osterhofen
Osterland
Osterode
Österreich
Österreich-Ungarn
Osteuropa
Ostfalen
Ostflorida
Ostfranken
Ostfriesland
Ostghats
Ostisland
Ostjerusalem
Ostkap
Ostkent
Östliche
Ostmanapien
Ostrau
Östrich
Oströmisches
Ostsachsen
Ostsajan
Ostsibirische
Ostslowakei
Osttexas
Ostthrakien
Ost-Tunguska
Ostusden
Osurgeti
Otschakow
Oudenburg
Padanien
Paderborn
Padua
Paionien
Palästina
Pamphylien
Panamakanal
Pandschakent
Pantschowa
Papenburg
Paphlagonien
Pardan
Paris
Pariser
Parnass
Parsberg
Parthien
Passau
Pastawy
Patagonien
Pawlodar
Pawlowo
Pazifischer
Peipussee
Peisern
Peking
Pelagonien
Pelgön
Peloponnes
Peñíscola
Pereslawl-Salesski
Peressopnyzja
Perleberg
Pernau
Pernegg
Pernstein
Perwomajsk
Peschawar
Peterlingen
Peterwardein
Petrikau
Petritsch
Petrosawodsk
Petschenegen
Petschenga
Petschora
Petschory
Pettau
Pfalz
Pfannberg
Pfannenstiel
Pfeffingen
Pflaum
Pforzheim
Pfraumberg
Philippinen
Philippinensee
Phleius
Phoinike
Phokis
Phönizien
Phrygien
Piben
Piemont
Pikaljowo
Piktavien
Pilsen
Pilten
Pinneberg
Pinquent
Piräus
Pirian
Pisek
Pisidien
Pitesk
Pitten
Pizunda
Pjöngjang
Plankstetten
Plass
Plassenburg
Plataiai
Plateau
Plauen
Plawsk
Pleskau
Pless
Plewen
Plintenburg
Plön
Plotzk
Plowdiw
Podgoritz
Podlachien
Podolien
Podossinowez
Podporoschje
Podujeva
Pogesanien
Pogrell
Pohanska
Pokrow
Pokrowsk
Polanen
Polangen
Polazk
Pol-e
Polei
Polen
Polen-Litauen
Polesien
Poltawa
Polynesien
Pomesanien
Pommerellen
Pommern
Pompeji
Ponewesch
Pontos
Portenau
Portugiesisch-Guinea
Poschegg
Posen
Poswol
Potok
Powenez
Prag
Preekuln
Premissel
Prenzlau
Prerau
Preußen
Priemen
Primkenau
Priwitz
Prökuls
Pruntrut
Prust
Pugatschow
Püttlingen
Putywl
Putzig
Pyrenäen
Pyritz
Pytalowo
Qalʿat
Qandyaghasch
Qaskeleng
Qasr
Qinghai-See
Qostanai
Quakenbrück
Qubodijon
Quedlinburg
Querfurt
Quitzow
Qysylorda
Raben
Rabenswalde
Rachiw
Radebeul
Rädichau
Radisch
Radstadt
Ragusa
Raigern
Rajetz
Rantzau
Ra's
Ra’s
Rasgrad
Rastenburg
Raszien
Ratibor
Rätien
Ratzeburg
Rauschenbach
Ravengiersburg
Ravensberg
Ravenstein
Rawanduz
Raygrod
Rebgau
Recklinghausen
Regensberg
Regensburg
Regenstein
Rehau
Rehden
Reichenbach
Reichenhall
Reichersberg
Reichsland
Reifferscheid
Reifnitz
Reinfeld
Reinhardsbrunn
Reinickendorf
Reisebergen
Reisläufer
Rekarne
Rekasch
Remagen
Rendsburg
Renndorf
Reppen
Reppenstedt
Resche
Reschitz
Resiatal
Retschyza
Retz
Reuß
Reutlingen
Rhäzüns
Rhein
Rheinberg
Rheineck
Rheinfelden
Rheinfels
Rheinland
Rheinland-Pfalz
Rhodesien
Rhodopen
Riad
Ribnitz
Ricklingen
Riedfeld
Rieneck
Riesenburg
Rietberg
Ringstadt
Rinteln
Ripen
Ritter
Rixingen
Rjasan
Rjaschsk
Rockenhausen
Roden
Rogaland
Rogasen
Rom
Romerike
Romesmark
Römisches
Rommersdorf
Romstal
Roschtschino
Rosenau
Rosenberg
Rosenfelde
Rosette
Rositten
Roslawl
Rößel
Rossenburg
Rostow
Rotenburg
Rotenhof
Rotes
Rothenstein
Rotruthenien
Rottenburg
Rottenmann
Rouran
Röwne
Rozan
Rschew
Rtischtschewo
Ruanda
Rudach
Rudolstadt
Rügenwalde
Rumänien
Rummelsburg
Rümnick
Rungholt
Ruppertsburg
Rushigen
Russenart
Russisches
Rußland
Ruthenien
Rybnick
Saalfeld
Saar
Saarbrücken
Saarburg
Saarland
Saaz
Sabagura
Saboltsch
Sachalin
Sachintos
Sachsen
Sachsen-Anhalt
Sachsen-Coburg-Gotha
Sachsen-Lauenburg
Sachsen-Meiningen
Sachsen-Weimar
Sächsisch-Regen
Sackele
Saffenburg
Sagan
Sagunt
Saint-Pierre
Sajan
Sakkara
Saksin
Salamiyya
Salchad
Salechard
Salern
Salismünde
Salza
Salzberg
Salzburg
Salzgitter
Salzungen
Salzwedel
Samarqand
Samawa
Sambia
Sambir
Sameiten
Samland
Samothraki
San
Sandbach
Sandelswalde
Sandez
Sandomir
Sangerhausen
Sankt
Sannar
Sanneck
Sansibar
Santa
Santa-Barbara-Kanal
Santorin
Sarachs
Saragossa
Sarajewo
Sarand
Sarandsch
Saratow
Sardes
Sardinien
Sardinien-Piemont
Sargassosee
Sarmatien
Sarow
Sarrewerden
Sarventikar
Sarwasch
Saryschaghan
Saslauje
Sathmar
Saudi-Arabien
Saurashtrien
Sausenberg
Savanne
Savoyen
Sawakin
Sbarasch
Schabankara
Schabestar
Schabwat
Schadrinsk
Schaffhausen
Schagarren
Schahrazor
Schahr-e
Schaizar
Schalauen
Schalqar
Schalta
Schandi
Schärding
Scharnikau
Scharosch
Schäßburg
Schatili
Schauenburg
Schaulen
Schaumberg
Schaunberg
Schelklingen
Schemnitz
Schengen-Raum
Schenkursk
Scheps
Schibam
Schildberg
Schimand
Schimeck
Schinen
Schiringsäle
Schitiqara
Schlanders
Schlawe
Schleitheim
Schlesien
Schleswig
Schlobin
Schloss
Schlüchtern
Schlüsselberg
Schlüsselburg
Schmalkalden
Schmidtburg
Schnackenburg
Schneidemühl
Schomodei
Schön
Schönau
Schönburg
Schonen
Schöner
Schongau
Schönhausen
Schottische
Schottisches
Schottland
Schrimm
Schroda
Schtschutschinsk
Schtschutschyn
Schumen
Schumsk
Schuschtar
Schussenried
Schüttenhofen
Schützen
Schwabach
Schwaben
Schwalenberg
Schwarzburg
Schwarzenberg
Schwarzer
Schwarzes
Schwarzwald
Schweden
Schwedische
Schwedt
Schweidnitz
Schweinfurt
Schweinhaus
Schweiz
Schweizer
Schweizergarde
Schwerin
Schwertbrüderorden
Schwertz
Schwiebus
Schymkent
Schytomyr
Sebennytos
Sechshard
Seckau
Secken
Sedschopff
See
Seeland
Seerhein
Segescha
Seine
Selburg
Selen
Selenogorsk
Seligenstadt
Selz
Semgallen
Semlin
Semplin
Sensburg
Sepschi
Serbien
Serentsch
Sereth
Serpuchow
Serres
Servien
Sessolen
Seßwegen
Seto-Inlandsee
Sewastopol
Sewerien
Sewsk
Seychellen
Sezgedin
Shackleton-Bruchzone
Shepheling
Shiliguri
Shkodra
Si
Sibennig
Sibirien
Sidschilmasa
Siebenbürgen
Siegen
Sieglos
Sigmaringen
Sillein
Simonsturm
Sinai
Sinaloa-Kartell
Sindelfingen
Sindika
Sindschar
Singapur
Sissek
Sissi
Sīstān
Sizilien
Sjewjerodonezk
Sjunik
Skagen
Skalitz
Skanderburg
Skandinavien
Skepsis
Skythien
Slaglösen
Slankamen
Slatoust
Slawonien
Sliwen
Slowakei
Slowenien
Sluzk
Smederewo
Smihel
Sobols
Sobranz
Sochumi
Söglingen
Sohrau
Sokotra
Soldau
Soligalitsch
Solin
Sollnock
Solms
Solothurn
Solowezki
Solwytschegodsk
Solzy
Sommerein
Sommerfeld
Sonderburg
Sonneberg
Sonoita
Sontra
Sorbonien
Sorno
Sorrent
Sortawala
Sosnyzja
Sosopol
Sotschi
Sowetsk
Spanien
Speinshart
Spengenberg
Speyer
Spielberg
Spitinau
Spitz
Spreewald
Spremberg
Sprottau
Stade
Stadt
Stadtlohn
Stahlburg
Stange
Starhemberg
Stariza
Starkenberg
Staßfurt
Stätte
Stauf
Steiermark
Stein
Steinamanger
Steinau
Steinmetz
Steinvikholmen
Stendal
Sternberg
Stettin
Stettiner
Steyr
Stolp
Stolpe
Storkow
Stralsund
Strasburg
Straßburg
Straubing
Strehlitz
Strelno
Stromburg
Stubenberg
Stüdenitz
Stühlingen
Stuhlweiß
Stumpach
Stuttgart
Stutthof
Subzow
Südafrika
Südböhmen
Südchina
Süddeutschland
Südenmannland
Süderjütland
Sudetenland
Südgeorgien
Südhannover–Braunschweig
Südirland
Sudislawl
Süditalien
Südkalifornien
Südkorea
Südserbien
Südsudan
Südtirol
Südwestafrika
Sues
Suezkanal
Sultanpur
Sundainseln
Sunscha
Suojarwi
Süpplingenburg
Susdal
Suwalken
Swaljawa
Swallow-Riff
Swenyhorod
Swenziany
Swetlogorsk
Swinemünde
Swischtow
Swjatohirsk
Syktywkar
Syrakus
Syrien
Syrische
Syrmien
Syrmisch
Sysran
Sytschowka
Szekler
Szeklerburg
Szeklerland
Täbris
Tadjoura
Tadschikistan
Tagant
Taif
Taifalen
Taimyrien
Taipeh
Tallin
Tambow
Tanganjika
Tanger
Tangermünde
Tapiau
Tarent
Tarnow
Tarnowo
Taschir
Taschkent
Tasmanien
Tatarei
Taubenberg
Tauroggen
Taus
Tazerbo
Tecklenburg
Tegerfelden
Teheran
Teindles
Telsche
Teltsch
Temesch
Temeswar
Temnikow
Templerburg
Templerorden
Teneriffa
Terebowlja
Teregowa
Tergoschwyl
Tergowisch
Ternberg
Teschen
Tetschen
Teuerstadt
Teutschau
Texas-Pfannenstiel
Thannhausen
Theben
Theilheim
Theiß
Theisshügel
Thessalien
Thessaloniki
Thienen
Thierstein
Tholen
Thorenburg
Thoreveda
Thorn
Thrakien
Thrakisches
Thübein
Thuchol
Thüringen
Tichwin
Tierberg
Tiflis
Tihama
Tilburg
Timanrücken
Timuriden
Tipaza
Tirol
Tittmoning
Tjoploje
Tjumen
Tocharistan
Toggenburg
Toksowo
Tokugawa-Shogunat
Toledo-Streifen
Tolkemit
Tollensanen
Tolnau
Tolofona
Tölz
Tondern
Tongern
Töpel
Topoltschan
Toropez
Torschok
Törzburg
Toskana
Totiserkolonie
Töwchön
Toxandrien
Trabzon
Traken
Tranopol
Transdanubien
Transjordanien
Transjuranien
Transnistrien
Transoxanien
Transsilvanien
Trau
Traun
Traungau
Traunick
Traunstein
Trausnitz
Travunien
Trebing
Trebischau
Trebitsch
Trebnitz
Treffen
Trelleborg
Tremessen
Trestenburg
Treuburg
Treysa
Tribsees
Trient
Triest
Trimburg
Trinidad
Tripolis
Tripolitanien
Trjawna
Troizen
Troizk
Troppau
Trostloser
Tsakathurn
Tschabe
Tschakwar
Tschanad
Tschaslau
Tscheboksary
Tschechien
Tschechoslowakei
Tscheljabinsk
Tschenstochau
Tscherepowez
Tscherkassy
Tscherkessien
Tschernigow
Tschernjachowsk
Tschernowitz
Tscherwen
Tscherykau
Tschongrad
Tschornobyl
Tschortkiw
Tschuchloma
Tschudowo
Tschuhujiw
Tschumikan
Tschupaniden
Tschussowaja
Tschuwaschien
Tüberg
Tübingen
Tull
Tultscha
Tunesien
Turau
Turdetanien
Türkei
Twer
Twistringen
Tyros
Tyrrhenisches
Tysmenitz
Überlingen
Übermemel
Ucramund
Udmurtien
Udscharma
Uffenheim
Uggenois
Uglitsch
Uigurien
Uljanowsk
Ulm
Ungarn
Unienau
Uniwersitet
Unsterbliche
Unterägypten
Unterfranken
Unterkubin
Untersee
Unter-Wintz
Uplisziche
Usbekistan
Uschhorod
Uschyzja
Useldingen
Ust-Ischim
Ustiużna
Ustjug
Ustjurt
Ust-Kataw
Uswjaty
Utenen
Utstein
Üxküll
Vaihingen
Vala
Valentz
Vanthali
Varangal
Vatikan
Vegl
Veji
Veldenz
Venedig
Venetien
Venta
Verden
Verdun
Verein
Vereinigte
Vereinigtes
Vertragsoman
Vestewig
Vianden
Vielin
Vieques
Vigen
Vikramashila
Vilshofen
Virneburg
Vitalienbrüder
Vlora
Vogtland
Vohburg
Volmarstein
Vorarlberg
Vörbnick
Vorpommern
Waadt
Waagbistritz
Wabanaki-Konföderation
Wahlstatt
Walachei
Walbeck
Waldai
Waldbrüder
Waldeck
Waldenburg
Waldkirchen
Waldsassen
Waldsassengau
Walfischbucht
Walfischrücken
Walk
Walkenried
Wallaby-Plateau
Wallerfangen
Wallis
Wallonien
Waloschyn
Wangen
Warägergarde
Warasdin
Warberg
Warendorf
Wargaschi
Warna
Warnowen
Warschau
Wartburg
Wartenberg
Wartha
Washim
Wassenberg
Wasserburg
Wassjugan
Wassluy
Wassylkiw
Wattenmeer
Waukawysk
Waxenstein
Weben
Wegsee
Wehlau
Weichsel
Weichselberg
Weida
Weiden
Weihnachtsinsel
Weilburg
Weinesberg
Weinheim
Weißbrunn
Weiße
Weissenau
Weissenburg
Weißenburg
Weißenohe
Weissernburg-am-Sand
Weißingsau
Weißkirchen
Weißrussland
Weitenstein
Welhartitz
Welikije
Welisch
Wels
Welsch-Oth
Welsk
Welun
Welykyj
Wenden
Wendisches
Werbass
Werchowaschje
Werchowje
Werdenburg
Werle
Wernigerode
Wersau
Werschetz
Wertheim
Wertschaal
Weschke
Wese
Wesel
Wesenberg
Weser
Weser-Ems
Wesseli
Wessjegonsk
Westarmenien
West-Aserbaidschan
Westbengalen
West-Berlin
Westeuropa
Westfalen
Westfjorde
Westflorida
Westfranken
Westfriesische
Westfriesland
Westhaus
Westisland
West-Kaap
Westmakedonien
Westmanapien
Weströmisches
Westsajan
Westslowakei
West-Tunguska
Westusden
Wetluga
Wetterau
Wiburg
Widin
Wied
Wiedenbrück
Wiek
Wien
Wienerneustadt
Wiesbaden
Wieselburg
Wiesensteig
Wietmarschen
Wiflisburg
Wihitsch
Wildenburg
Wildon
Wilejka
Wilhelmshaven
Wilhering
Wilkomir
Wilkowischken
Willenberg
Wilmesau
Wilna
Wilster
Wiltberg
Wimmerbu
Windberg
Winniza
Wipperfürth
Wirowititz
Wittenberg
Wittgenstein
Wittingen
Wizebsk
Wjasma
Wladimir
Wladiwostok
Wohlau
Wohldenberg
Wöhrden
Woiwodina
Wolchow
Woldenberg
Wolfenbüttel
Wolfratshausen
Wolga
Wolgabulgaren
Wolgodonsk
Wolgograd
Wolhynien
Wolkenstein
Wollastonsee
Wollin
Wollstein
Wolmar
Wolodymyr
Wologda
Wölpe
Wolschski
Wonnebrunn
Worms
Wormsgau
Woronesch
Worskla
Woseil
Wosnessensk
Wostoksee
Wotkinsk
Wragl
Wrangelshof
Wratzlau
Wronke
Wschtschisch
Wukowar
Wülfingen
Wünsdorf
Wuppertal
Wupperthal
Würben
Württemberg
Württemberg-Hohenzollern
Würzburg
Wynohradiw
Wyschehrad
Wyschhorod
Wyschni
Wyschnja
Wyssozk
Wytatschiw
Wytegra
Wytschegda
Xanten
Xiva
Yahmur
Yarkant
Yatakala
York
Ypern
Yssykköl
Zachlumien
Zachur
Zambézia
Zamtang
Zandschan
Zantoch
Zara
Zaunberg
Zaunbrücke
Zchinwali
Zechenau
Zehden
Zeiden
Zein
Zeitz
Zelking
Zengg
Zenith-Plateau
Zenta
Zentralafrikanische
Zentralasien
Zentralgriechenland
Zentralmakedonien
Zentralrussland
Zentralserbien
Zerbst
Zetina
Zeven
Zibak
Zichia
Zickelhid
Ziegenhain
Zieglet
Zielenzig
Zillenmarkt
Zindschibar
Zinnowitz
Zips
Zitadelle
Zittau
Ziwilsk
Znaym
Zobten
Zollern
Zombor
Zoppot
Zürich
Zürichgau
Zurvanismus
Zurz
Züsswein
Zutz
Zweibrücken
Zwettl
Zwickau
Zwiefalten
Zwillingsstädte
Zypern
