Abchazja
Abidżan
Abisynia
Abruzja
Achaja
Achalciche
Acharny
Achmim
Achtuba
Achtubińsk
Achtyrka
Adrianopol
Adua
Adżim
Afganistan
Afrodyzja
Afryka
Aiara
Ajagöz
Ajn Bani Mathar
Ajtos
Akad
Akadia
Akadiana
Akarnania
Akdżawadżat
Akka
Ak Kojunlu
Akra
Aksubajewo
Aktiube
Akwileja
Akwin
Akwitania
Akwizgran
Aland
Ałapajewsk
Al-Arisz
Ałatyr
Aławerdy
Al-Buhajra
Al-Chardż
Al-Chubar
Aleksandretta
Aleksandria
Aleksandria Eschate
Aleksandria Troas
Aleksandrowka
Alexandrowski
Alfaszir
Al-Fuhajhil
Algier
Algieria
Al-Hadisa
Al-Haszimijja
Al-Husajma
Al-Kadmus
Ałma-Ata
Ałmaty
Alpy
Alpy Nadmorskie
Al-Ukajla
Ałuszta
Alzacja
Alzacja-Lotaryngia
Amadijja
Amarawati
Amazja
Amfipolis
Amfisa
Amyklaj
Anápa
Anatolia
Andaluzja
Andegawenia
Andiżan
Andora
Andrieapol
Andrychów
Anglia
Anglia Północna
Ankona
Anszan
Antarktyda
Antigua i Barbuda
Antiochia
Antwerpia
Araba
Arabia Saudyjska
Aragonia
Archangielsk
Arcyz
Ardżesz
Argowia
Arkadia
Arkona
Armoryka
Ar-Rakka
Ar-Raszidija
Arsk
Arzamas-16
Asila
Asjut
Aslangrad
As-Salamija
As-Sanamajn
Astana
Astipalea
Astrachań
Asturia
Asuan
Asyria
Asyż
Aszanti
Aszchabad
Aszdod
Aszkelon
Asztarak
Aszur
Atakama
Ateny
Atlaskie Górskie
Atlas Saharyjski
Atlas Tellski
Attyka
Atyrau
Audaghust
Audżila
Auksztota
Australia Południowa
Australia Zachodnia
Australijskie Terytorium Stołeczne
Austria
Awaris
Awinion
Azerbejdżan
Azerbejdżan Zachodni
Azja
Azory
Azow
Az-Zawija
Babilon
Bachmut
Baczkowie
Badenia
Bagdad
Bahrajn
Bahrija
Bajerburgo
Bajkonur
Bajonna
Bajt Lahija
Bakczysaraj
Bakova
Baktria
Bakuba
Bałachna
Bałakława
Bałakowo
Bałaszow
Balaton
Bałchasz
Bałczik
Bamian
Bandar-e Mahszahr
Bangi
Bangladesz
Banne
Banniwske
Bańska Bystrzyca
Bańska Szczawnica
Barań
Baranja
Baranów
Baranowicze
Baranówka
Barcja
Bardejów
Bardo
Barhanpur
Barnauł
Bartoszyce
Barwice
Barysz
Basen Angolski
Basen Argentyński
Basen Crozeta
Baskonia
Baszkortostan
Bata
Batajsk
Batieckij
Batina
Bawaria
Bazylea
Beczuana
Beer Szewa
Bejrut
Bektaszijja
Belaja Veža
Belgia
Belgrad
Bełogradczik
Beludżystan
Bełz
Bendery
Benewent
Bengal Wschodni
Bengal Zachodni
Bengazi
Benin
Beocja
Berdiańsk
Berdyczów
Bereg Saski
Berehowo
Berezań
Berezyna
Berla
Bernicja
Berno
Besarabia
Besarábie
Betlejem
Bexhill
Bęzów
Bhuj
Biala
Biała Kompania
Biała Orda
Biała Podlaska
Biala Spiska
Bialgród
Białogard
Białogród
Białogród nad Dniestrem
Białogród Stołeczny
Białoruś
Białystok
Biarmia
Bidżaja
Biecz
Bielce
Bielebiej
Bielitz
Biełogorsk
Bielow
Bielowo
Biełoziersk
Bielsk
Bielsko-Biała
Bieszenkowicze
Bieżeck
Bilir
Biłohirsk
Birdżand
Biriusa
Birobidżan
Birsztany
Birże
Biskira
Biskupice
Bitche
Bitynia
Bizancjum
Bizerta
Bizkaia
Błagowieszczeńsk
Blatnohrad
Blatnozero
Błogów
Błota
Błotkowo
Bobrujsk
Bochnia
Bodajbo
Bogota
Boguczar
Bohoduchiw
Bohusław
Bojgrad
Bołchow
Boleslaw
Bolesławiec
Bolezlauez
Boliwia
Bołochowo
Bołogoje
Bolonia
Bolvansky
Bombaj
Borowicze
Borowsk
Borsza
Borszów
Borudżerd
Borysów
Boryspol
Borżawa
Borzna
Bosfor
Bośnia
Bośnia i Hercegowina
Bośnia Lotaryngia
Botewgrad
Botoszany
Bourkou-Ennedi-Tibesti
Bouzovie
Bowsk
Bozca
Bożogrobcy
Brabancja
Bracia Witalijscy
Brack
Braclaw
Bracław
Bractwo Aryjskie
Bractwo Grobu Świętego
Braha
Braiła
Bramborska
Brandenburgia
Branibór
Braniczewo
Braniewo
Brańsk
Brasław
Braszów
Bratysława
Brazylia
Brczko
Bregencja
Brema
Bretania
Brezno
Briańsk
Brjahimov
Brodnica
Bródno
Brugia
Bruksela
Brumow
Brunszwik
Brunszwik-Lüneburg
Bruntal
Brytania
Bryzgowia
Brzecław
Brzeg
Brześć
Brzeszcze
Brzewnow
Buchara
Bucu
Buczacz
Budapeszt
Budsław
Budziak
Budziejowice
Budziszów
Budziszyn
Buinsk
Bukareszt
Bukowina
Bukowo
Buktyrma
Bułgaria
Bułgaria południowa
Bułgaria Wołżańska
Bułgaria Wołżańsko
Bułgar Wielki
Bulowice
Bumtʽang
Burbon
Burbonia
Burgundia
Buriacja
Burriana
Busk
Buszmanland
Bu Tilimit
Butrint
Buzet
Bużumbura
Byblos
Bydgoszcz
Bystrzyca
Bytom
Bytom Odrzański
Bytów
Canad
Carskie Sioło
Cedynia
Cesarstwo Łacińskie
Cesarstwo Rzymski
Cesarstwo Rzymskie
Cesarstwo Wendowskie
Cesvaine
Cetynia
Chabarowsk
Chakasja
Chalcydycki
Chanasir
Chanat Czagatajski
Chan Junis
Chanty-Mansyjsk
Charsjanon
Chartum
Chaskowo
Chazaria
Chęciny
Chełm
Chełmno
Chełmża
Cherdyn
Cheroneja
Chinwali
Chiny
Chistibanka
Chłynow
Chmielnicki
Chociebuż
Chocków
Chodzież
Chojna
Chojnice
Chołm
Chołmogory
Chopior
Chorasan
Chorezm
Chorramabad
Chorramszahr
Chortyca
Chorwacja
Choszczno
Chotiń
Chrobatia
Chubsugul
Churibka
Chust
Chuzestan
Chyżanie
Ciechanów
Cieśnina Księcia Walii
Cieśnina Magellana
Cieszyn
Cisa
Ciurupińsk
Ciwilsk
Ćottogram
Cozsterine
Cyklady
Cylicja
Cypr
Cyrena
Cytadela Dawida
Czabahar
Czadca
Czaplinek
Czaricyn
Czarikar
Czarna Orda
Czarnków
Czarnobyl
Czarnogóra
Czarnożyły
Czaslaw
Czeboksary
Czechosłowacja
Czechy
Czehryn
Czelabińsk
Czerepowiec
Czerkasy
Czerniachowsk
Czernihów
Czerniowce
Czersk
Czerwen
Czerwień
Czerwony Dwór
Czeryków
Czeskie Budziejowice
Częstochowa
Człuchów
Czobanidzia
Czortków
Cztery Rogi
Czuchłoma
Czudowo
Czuhujew
Czukowo
Czumikan
Czusowa
Czuwaszja
Dabie
Dąbrowa
Dąbrowa Górnicza
Dąbrowica
Dabrówno
Dachila
Dacja
Dahomej
Dahszur
Dahuk
Dajr al-Ahmar
Dajr az-Zaur
Dakota Północna
Dakota Południowa
Dalmacja
Damaszek
Dania
Danilow
Darchan
Dardżyling
Darkusz
Darłowo
Daszoguz
Debreczyn
Delfinat
Delfy
Delta Irawadi
Delta Nigru
Delta Nilu
Delta Rodanu
Denia
Devin
Dhakeśwari
Didimoticho
Diedowiczi
Diemieńsk
Diewin
Dire Daua
Dmitrów
Dniepr
Dniepropetrowsk
Dobigniew
Dobran
Dobricz
Dobrudża
Dobrzyń
Dodekanez
Dołężanie
Dolina
Dolna Austria
Dolna Bretania
Dolna Lotaryngia
Dolne Wrzecko
Dołni Dybnik
Dolny Egipt
Dolny Śląsk
Domysłów
Doniec
Donieck
Dorestat
Dorohobuż
Doryda
Dorzecze Nigru
Drawsko
Drewno
Drezno
Drohiczyn
Drohobycz
Drozdowo
Druck
Drumcliffe
Druskieniki
Drużkiwka
Drwęca
Drysa
Dubaj
Dubinki
Dubno
Dubrownik
Duchowszczina
Duchowszczyna
Dudleb
Dudleby
Dunkierka
Dwarawati
Dyetakov
Dymin
Dyneburg
Dywin
Dżalalabad
Dźalandhar
Dżammu
Dżammu i Kaszmir
Dżanat
Dżankoj
Dżarabulus
Dżarasz
Dzardzis
Dżenne
Dżermuk
Dźhelam
Działdowo
Dzibuti
Dzidziga
Dzidzili
Dzierzgoń
Dzierżyńsk
Dziewaltów
Dziewczyca
Dziewin
Dzikie Pola
Dzilfa
Dżimma
Dżindajris
Dżiroft
Dżolof
Dżuba
Dżudda
Dżungaria
Dźwina
Dźwinogród
Dźwinogród Kijówski
Edesa
Edynburg
Efez
Egipt
Ejlat
Ejo
Ejragola
Ejszyszki
Ekwador
Elbląg
Eldena
Elida
Elimeja
Emilia-Romania
Eolia
Eordaja
Epir
Erythraj
Erytrea
Erywań
Erzja
Estremadura
Etiopia
Etolia
Eubea
Eurazja
Europa
Europa Środkowa
Fajum
Fak-fak
Faleszty
Fanarion
Fenicja
Fergana
Festos
Filippi
Finlandia
Fionia
Flandria
Fliunt
Florencja
Floryda
Fogarasz
Fokaja
Fokida
Fokszany
Fomińsk
Formoza
Francja
Frankonia
Frołowo
Frombork
Fryburg
Frydrychsztat
Frygia
Fryzja
Fryzja Wschodnia
Fryzynga
Ftiotyda
Fukajk
Futa Dżalon
Fuvammulah
Gagauzja
Galacja
Galacz
Gałacz
Galia
Galicja
Galindowie
Galtelli
Gandawa
Garwolin
Gatczyna
Gawriłow-Jam
Gdańsk
Gdow
Gdynia
Geldria
Genewa
Genua
Getynga
Ghassanidzi
Ghaty Wschodnie
Ghidimagha
Giedrojcie
Gierdawy
Giumri
Gizycko
Głazow
Głębokie
Gliwice
Głogów
Głogówek
Głowaczów
Głubczyce
Głuchów
Gniezdowo
Gniezno
Goce Dełczew
Goleniów
Golpajegan
Gonder
Gora
Góra
Goraj
Górna Austria
Górna Bretania
Górna Lotaryngia
Górnej Wolty
Górne Peru
Górny Egipt
Górny Śląsk
Gorochowiec
Gortinia
Gorycja
Gorżdy
Gostynin
Gotlandia
Grabów
Grecja
Grenada
Grenlandia
Greutungowie
Griazowiec
Grobi
Grobina
Gródek
Grodno
Grody Czerwieńskie
Grodziec
Grozswina
Grudziądz
Gruzja
Gryfia
Grypswold
Gryzonia
Grzbiet Maskareński
Grzbiet Śródatlantycki
Gubin
Gudźarat
Gudźranwala
Gularia
Gundorowka
Gurjew
Guszczerowo
Gwalijar
Gwardia Szkocka
Gwardia Wareska
Gwinea
Gwinea Bissau
Gwinea Równikowa
Haga
Haida Gwaii
Hajbar
Hajdarabad
Hajfa
Hajsyn
Halicz-Wołyń
Halikarnas
Hancewicze
Hanower
Hanza
Harer
Hargejsa
Hawana
Hawelaberk
Hebrydy
Hebrydy Wewnętrzne
Hebrydy Zewnętrzne
Hecznarowice
Heftalici
Henryków
Heraklea
Heraklea Pontyjska
Hertogenbosch
Hesja
Hesja-Darmstadt
Hidżaz
Highlanderzy
Hijar
Hims
Hiroszima
Hiszpania
Hiuma
Hofcumberge
Holandia
Holstin
Holsztyn
Homel
Honduras Brytyjski
Hongkong
Horodec
Horodek
Horodnica
Horodyszcze
Hradec
Hradyźk
Hrubieszów
Huangyan Dao
Hulczyn
Human
Husajba
Ibiza
Ierápetra
Igława
Ikaria
Ikškila
Iława
Ilchanat
Iliria
Iłża
Imam
Imeretia
Imperium Hunów
Imperium Mongolskie
Imperium Osmańskie
Imperium Rosyjskie
Imroz
Indie
Indie Francuskie
Indonezja
Inguszetia
Inowłódz
Inowrocław
Invernes
Ipati
Irbil
Irkuck
Irlandia
Irlandia Północna
Irlandia Południowa
Irszawa
Isjum
Iskandarija
Islandia
Istra
Iwangorod
Iwanków
Iwano-Frankiwsk
Iwanowo
Iwie
Iž
Izborsk
Ize
Iżewsk
Ižma
Izmaił
Izrael
Jaćwież
Jafa
Jakubowo
Jakucja
Jakuck
Jałomica
Jałta
Jama
Jamajka
Jamantau
Jampol
Janina
Janiszki
Jarkend
Jarocin
Jaromierz
Jaromin
Jarosław
Jaskinia Tyron
Jassy
Jaunde
Jawa
Jawaryn
Jazygowia
Jędrzejów
Jedyńce
Jedysan
Jegorjewsk
Jekaterynburg
Jekaterynodar
Jekatierinosław
Jekybastuz
Jelabuga
Jelec
Jełgawa
Jelnia
Jemen
Jenisejsk
Jerozolima
Jerycho
Jerzyn
Jesi
Jezioro Genewskie
Jezioro Górne
Jezioro Reniferowe
Jezioro Wollaston
Jiczyn
Jomswikingowie
Jonia
Jordania
Jork
Joszkar-Oła
Jotwata
Jugosławia
Jukatan
Jukon
Jurbork
Jurjew
Jutlandia
Jutlandia Środkowa
Jutribok
Juzowką
Kabis
Kachetia
Kadnikow
Kadyks
Kaffa
Kaganat Ujgurski
Kaguł
Kaigorod
Kair
Kairuan
Kalabria
Kałaus
Kalawrita
Kaliakra
Kalifat Sunnicki
Kalifat Szyicki
Kalifornia
Kalifornia Dolna
Kalima
Kalinkowicze
Kaliskie
Kalisz
Kałmucja
Kambodża
Kamczatka
Kamerun
Kamień
Kamieniec
Kamieniec Podolski
Kaminicez
Kampania
Kamyszłow
Kamyszyn
Kanada
Kanał Jamajski
Kanał Panamski
Kandyagasz
Kangawar
Kanion Marmurowy
Kaniów
Kanossa
Kapadocja
Kapsztad
Kapua
Karabasz
Kara Bogaz Goł
Karaczew
Karakałpacja
Kara Kojunlu
Karakoł
Karasubazar
Karelowie
Karia
Karistos
Karkarały
Karkemisz
Karliwka
Karlowe Wary
Karniów
Karnulu
Karolina Północna
Karolina Południowa
Karpatos
Karpatyja
Karszy
Kartagena
Kartagina
Kartlia
Karwuna
Karyntia
Kasandria
Kaskeleng
Kaspla
Kassogia
Kastylia
Kaszgar
Kaszuby
Kaszyn
Katalonia
Katania
Katar
Katowice
Kaukaz
Kawala
Kawalerowie Mieczowi
Kawarna
Kazań
Kazhirovo
Kazimierz
Kazimierz Dolny
Kazwin
Kcyn
Kcynia
Kefalinia
Kemerowo
Kercz
Kermanszah
Kermendin
Kęty
Khavalisy
Kiczewo
Kiejdany
Kielce
Kiernów
Kieś
Kieżmark
Kijów
Kilia
Kilifarewo
Kilonia
Kimpulung
Kimpulung Mołdawski
Kineszma
Kinszasa
Kipczac
Kirenia
Kireńsk
Kirgistan
Kiriłłow
Kiriszy
Kirow
Kirsanow
Kisamos
Kiszyniów
Kíthira
Kitnos
Kiusiu
Kiustendił
Kizlyar
Kłajpeda
Klazomenaj
Kleck
Klewań
Klimowicze
Kłodawa
Klodzko
Kłodzko
Kluczbork
Kluż
Kluż-Napoka
Kniaginino
Koblencja
Kobryń
Kojdanów
Koknese
Kokšaga
Kokšarova
Kokšaysk
Kolbacz
Kolno
Kołobrzeg
Kołomna
Kołomyja
Kolonia
Kolorado
Kolosi
Kolumbia
Kolumbia Brytyjska
Kołyma
Koływań
Komárno
Kompania Katalońska
Kompania Nawarska
Konakry
Konin
Konotop
Konstanca
Konstancja
Konstanta
Konstantyna
Konstantynówka
Kopenhaga
Koper
Koporie
Korabów
Korcza
Korczev
Kordoba
Korea Północna
Korea Południowa
Korfu
Koriażma
Kornwalia
Korosteń
Korotoyak
Korsun
Korsuń
Korsyka
Korsyka i Sardynia
Korynt
Korzok
Kościan
Kościerzyna
Kosowo
Kostaryka
Kostrzyn
Koszalin
Koszyce
Kotłas
Kotlina Cajdamska
Kotlina Czadu
Kotonu
Kowal
Kowno
Kowrow
Kozaria
Kozielsk
Koźle
Kozljak
Kozlov
Koźmin
Kraina
Kraj Loary
Krajna
Krajowa
Kraj Zadunajski
Kraków
Kranc
Krasław
Krasne
Krasnoarmijśk
Krasnodar
Krasnojarsk
Krasnowodzk
Krasnyj Łyman
Kremnica
Kreta
Krewo
Kriemlow
Kriszana
Krnskigrad
Królestwo Merina
Królewiec
Kromieryz
Kromieryż
Krosno
Krotynga
Kroze
Kruja
Kruszwica
Krym
Kryn
Kryzbork
Kryżbork
Krzemieńczuk
Krzemieniec
Krzyczew
Krzyz
Kstowo
Kuangsi
Kuba
Kubań
Kubán
Kudak
Kudymkar
Kujawy
Kumiertau
Kupiańsk
Kurdystan
Kurlandia
Kursk
Kustanaj
Kusz
Kutłowica
Kuweisna
Kuwejt
Kuźnieck
Kweta
Kwidzyn
Kyrdzali
Kyrdżali
Kysak
Kyzyłorda
Kyzył-Suw
Labiawa
Labin
Łabytnangi
Lacha
Lacjum
Ładoga
Lądolód Grenlandzki
Lagodechi
Łagowa
Lahaur
Lahidż
Lahidżan
Lakonia
Langwedocja
Laodycea
Laponia
Larisa
La Seu d’Urgell
Latgalia
Łatgalia
Lawino
Lawrio
Lebork
Lębork
Łęczna
Łęczyca
Lędzia
Legnica
Lejda
Łek
Lelczyce
Lelów
Lenińsk
Leon
Lepel
Leukada
Lewy Hradec
Leżajsk
Liaotung
Liban
Libia
Licja
Lida
Lidia
Lidzbark
Liga Lombardzka
Limbaži
Limbourg
Limnos
Linkos
Lipawa
Lipieck
Lipsk
Liptow
Liptowski Gródek
Liptowski Mikulasz
Litomierzyce
Litwa
Liubasziwka
Liubice
Liw
Liwny
Liwonia
Lizbona
Ljugow
Lleyn
Loara
Łodiejnoje Pole
Łódź
Łohiszyn
Łohojsk
Łoknia
Łokot
Lokryda
Łom
Lombardia
Łomża
Londyn
Łopuszna
Lorri
Losice
Lotaryngia
Łotoszyno
Lotowa
Łotwa
Lowecz
Łowicz
Lozanna
Łozowa
Lubaczów
Lubań
Lubecz
Lubeka
Lubiąż
Lubieszów
Lubim
Lubin
Lublana
Lublin
Lubliniec
Łubnie
Luboml
Lubowla
Lubsko
Lubuck
Lubusz
Lucerna
Łuck
Lucomoria
Lucyn
Ługa
Ługańsk
Łuhyny
Luizjana
Łuki
Lukka
Łukoml
Łuków
Luksemburg
Łuniniec
Lužyce
Łużyce
Lužyce Dolne
Lužyce Gorne
Luzytania
Lwów
Łyman
Lyneburk
Macedonia Północna
Macedonia Zachodnia
Machaczkała
Maczwa
Madakalapuwa
Madanin
Madera
Madijja
Madryt
Maduraj
Madżdal Jaba
Magdalenka
Magnezja
Magnezja nad Meandrem
Maharasztra
Majorka
Makaronezja
Makasar
Makau
Malaga
Mala Woloszczyzna
Malaya Kokšaga
Malbork
Malediwy
Malezja
Małmyż
Małogoszcz
Małopolska
Malo Polszcza
Manbidż
Mandinia
Mandżuria
Mangystau
Manicheizm
Manturowo
Manycz
Maraton
Mariampol
Marica
Markomannia
Marmarosz
Maroko
Marrakesz
Marsylia
Martynika
Masjaf
Maskat
Massaua
Mauretania
Mazowsze
Mazury
Mceńsk
Mediolan
Medyna
Megrelia
Mekelie
Mekka
Meklemburgia
Meksyk
Melanezja
Melita
Melos
Memfis
Menzelinsk
Meran
Meranije
Mercja
Merecz
Mesenia
Mesini
Mesoten
Mesyna
Metaponto
Metoni
Metsowo
Mezen
Mezja
Mezopotamia
Mglin
Miadzioł
Michajłowka
Michałowo
Miedniki Królewskie
Miedwiedica
Miedwieżja Gora
Miedwieżjegorsk
Międzybóż
Międzyrzecz
Mielec
Mielenki
Mielnik
Mienzielinsk
Mieszczowsk
Mikaszewicze
Mikołajów
Mikołów
Mikulince
Milet
Milicz
Millerowo
Miluza
Minorka
Mińsk
Miory
Mirgorod
Miśnia
Missisipi
Miszkolc
Mitawa
Mitylena
Miżhirja
Mjanma
Moda
Mogadiszu
Moguncja
Mohacz
Mohylew
Mołdawia
Moldawskie
Mołodeczno
Mołoga
Molossowia
Monachium
Monako
Monaster Lawryszewski
Monaster Mileszeva
Monastyr
Monferrato
Monošter
Morąg
Morawa
Morawskie Budziejowice
Morawy
Mordowia
Morkvashi
Morze Adriatyckie
Morze Arabskie
Morze Baffina
Morze Balearskie
Morze Bałtyckie
Morze Beringa
Morze Białe
Morze Celtyckie
Morze Czarne
Morze Czerwone
Morze Egejskie
Morze Filipińskie
Morze Iberyjskie
Morze Irlandzkie
Morze Jońskie
Morze Libijskie
Morze Liguryjskie
Morze Martwe
Morze Północne
Morze Sardynii
Morze Śródziemne
Morze Trackie
Morze Tyrreńskie
Morze Wandela
Morze Weddella
Mościarzów
Moskwa
Mosty
Motovun
Mozajsk
Możajsk
Mozambik
Mozela
Mozyrz
Mścisław
Mstów
Mugodżary
Mukaczewo
Multany
Mumbaj
Murcja
Murmańsk
Myczesk
Mykeny
Myrmidonowie
Myślibórz
Mysuru
Myszkin
Myzja
Nabul
Nachiczewan
Naddniestrze
Nadrenia
Nadrowia
Nadżd
Nafpaktos
Nagarze
Nakło
Naksos
Namiestów
Namiestowo
Nander
Narentanie
Narocz
Narowla
Narwa
Narwik
Nawakszut
Nawarra
Nazaret
Neapol
Nedrygajów
Negew
Neopatria
Neretwa
Nesebyr
Nevrokop
Newel
Nibork
Nicea
Nidzica
Nieftiekamsk
Nieman
Niemcy
Nienszanc
Nieriechta
Nieśmiertelni
Nieśwież
Nieżyn
Nijala
Nikaragua
Nikomedia
Nikozja
Niniwa
Nisz
Niszapur
Nitra
Niuk
Nizaryci
Niżnieudyńsk
Niżny Nowogród
Nju-Jork
Nomos Tesprotia
Normandia
Norwegia
Norylsk
Norymberga
Nosówka
Novocholmogory
Novo Mesto
Nowa Anglia
Nowa Francja
Nowa Fundlandia
Nowa Kaledonia
Nowa Południowa Walia
Nowa Zelandia
Nowe Delhi
Nowej Afryki
Nowe Miasto Lubawskie
Nowe Miasto nad Pilicą
Nowe Miasto nad Wartą
Nowhorodśke
Nowogard
Nowogród
Nowogrodek
Nowogródek
Nowogród Siewierski
Nowogród Wołyński
Nowogrodziec
Nowonikołajewsk
Noworosyjsk
Noworżew
Nowosil
Nowosłobodskaja
Nowosybirsk
Nowozybkow
Nowy Branibórz
Nowy Brunszwik
Nowy Jork
Nowy Margelan
Nowy Meksyk
Nowy Orlean
Nowy Sącz
Nowy Sad
Nowy Targ
Nur
Nur-Sułtan
Nuśki
Nysa
Obluczyca
Obojań
Ocean Atlantycki
Ochansk
Ochock
Ochryda
Oczaków
Odojew
Odry
Oguzyjski
Okladnikova
Oknista
Oksford
Oksytania
Oktiabr
Olandia
Oława
Oldrzyszów
Olecko
Oleśnica
Oleszki
Oletczko
Olimp
Olint
Olita
Oliwa
Olkieniki
Olkusz
Ołomuniec
Ołoniec
Olszany
Olsztyn
Olsztynek
Onega
Onikszty
Opatow
Opatowice
Opawa
Opoczno
Oradea
Orawa
Orense
Orgiejów
Oriechowo-Zujewo
Orjachowo
Orkady
Orle
Orlean
Ormuz
Orneta
Orsza
Orszawa
Orszowa
Orzeł
Oshel
Osno
Osowo
Ostenda
Østlandet
Ostrawa
Ostrobotnia
Ostróda
Ostróg
Ostrow
Ostrowiec
Ostryna
Ostrzeszów
Ostrzyhom
Oświęcim
Oszakan
Oszmiana
Otgontenger
Othmuchow
Otmuchów
Owamboland
Owernia
Owernia-Rodan-Alpy
Owrucz
Oziorsk
Padwa
Paflagonia
Pafos
Palatynat
Palestyna
Pamfilia
Pampeluna
Pandżakent
Panonia
Paradyz
Paragwaj
Parczew
Parnawa
Partia
Paryż
Pasawa
Patan
Patriarchat Wschodu
Pawia
Pawłodar
Pawlowo
Pazin
Pecz
Peczora
Pekin
Peloponez
Pelym
Pendżab
Pensylwania
Perejasław
Peresław Ryazanski
Peresław Zaleski
Peresopnica
Perm
Perusztica
Peshkopia
Peszawar
Peszt
Petersburg
Petikosteli
Petricz
Pican
Picunda
Pieczenga
Pieczory
Pieczyngowie
Piemont
Pierwomajsk
Pieszczany
Pietrozawodsk
Pikalowo
Pikardia
Piła
Piltyń
Pilzno
Pińsk
Piorunów
Piotrków
Piran
Pireneje
Pireus
Piteszti
Piza
Pizydia
Pjongjang
Plateje
Plawno
Pławsk
Plewen
Płock
Ploeszti
Plonia
Płowdiw
Plowy
Pluton
Poczdam
Podhorce
Podkarpacie
Podlasie
Podole
Podporoże
Podporożje
Pogezania
Pojezierze Mazurskie
Pokarmin
Pokrow
Pokrowśk
Połąga
Polanie
Polanów
Pol-e Dochtar
Polesie
Polijiros
Polinezja
Północ Kanady
Połock
Polska
Polska-Litwa
Połtawa
Południowa Ukraina
Południowa Walia
Półwysep Chita
Półwysep Oneski
Półwysep Rybacki
Pomezańia
Pomorze
Pomorze Gdańskie
Pomorze Przednie
Pomorze Tylne
Pompeje
Poniemuń
Poniewież
Pont
Porchow
Portoryko
Portugalia
Posert
Postąpin
Postawy
Postojna
Poswol
Powaska Bystrzyca
Powieniec
Pozdawilk
Poznań
Pożoń
Prabuty
Praga
Preslaw
Preszów
Priłep
Prioziersk
Prisztina
Procjon
Prowadija
Prowansja
Prusy
Pruszcz
Pryłuka
Przedbórz
Przedlitawia
Przełęcz Orla
Przełęcz Południowa
Przemęt
Przemków
Przemyśl
Przemysław
Przerów
Przewalsk
Przybrzeg
Przylądek Dobrej Nadziei
Psków
Pszczyna
Puchov
Pugaczow
Puliny
Pulj
Punakʽa
Pustynia Libijska
Pustynia Lut
Pustynia Pstra
Pustynia Syryjska
Puszkar
Putywl
Pyrzyce
Pytałowo
Pyzdry
Ráb
Rachów
Racibórz
Rada Trzech Ognisk
Radgosc
Radinka
Radobyl
Radom
Radomsko
Radomysl
Radomyśl
Radźanpur
Radżastan
Radźgir
Radziejów
Ragneta
Rajgród
Ramnus
Ras al-Chajma
Raszka
Ratyzbona
Rawa
Rawenna
Reda
Region Macedonia Środkowa
Rejkiawik
Ren
Rerik
Reszel
Retimno
Rewal
Riazań
Rijad
Rodan
Rodezja
Rodopy
Rodos
Rogoźno
Romania
Romanow na Murmaniu
Romny
Romowe
Rosienie
Rosja
Roslaw
Rosław
Rostów
Rostowiec
Rostów nad Donem
Roszczino
Rów Aleucki
Rów Diamantiny
Rów Helleński
Rów Mariański
Równe
Różan
Rożniawa
Roztoka
Rożyszcze
Rtiszczewo
Rugard
Rugia
Rum
Rumunia
Rusa
Ruś Czerwona
Rużomberk
Rybaki
Rybińsk
Rybnica
Rybnik
Rycerze Słońca
Ryga
Rylsk
Rymawska Sobota
Rymnik
Rypin
Rzeczyca
Rzeka Miedziana
Rzepin
Rzeszów
Rzeżyca
Rzym
Saara
Sabaudia
Sącz
Sadowa Wisznia
Sądowel
Safakis
Sajgon
Sakkara
Sakmar
Saksin
Saksonia
Saksonia-Anhalt
Saksonia-Coburg-Gotha
Saksonia-Weimar
Salamanka
Salamina
Salchad
Salechard
Salis
Saloniki
Salwador
Samara
Samarkanda
Samawa
Sambija
Sambor
Samotraka
Sandomierz
Sannar
Sanok
Santok
Santoryn
Saragossa
Sarajewo
Saratów
Sardes
Sardynia
Sarema
Sargatskoje
Sarny
Sarow
Saryszagan
Satif
Śatrundźaja
Saurasztrya
Sawakin
Scorbuze
Scytia
Sebasta
Segedyn
Segowia
Sejny
Seklerszczyzna
Selam
Semigalia
Serbia
Serbia Centralna
Seres
Seret
Serrekunda
Seszele
Seul
Sevents
Sewastopol
Sewenny
Sewerzyn
Sewilla
Sianów
Siebież
Siedlce
Siedlisko
Siedmiogród
Siemiatycze
Siemiendier
Sieradz
Sierpiejsk
Sierpuchow
Siewierodonieck
Siewierouralsk
Siewierszczyzna
Siewsk
Siget
Sikoku
Silistra
Sindżar
Singapur
Sion
Síros
Sjunik
Skalowia
Skandynawia
Skania
Skidel
Skiros
Skobielew
Śląsk
Sławianohirsk
Sławno
Slawonia
Sliwen
Słonim
Slonsk
Słowacja
Słowenia
Słubice
Słuck
Slupie
Słupsk
Słupsk-Slawno
Smalandia
Smederewo
Smoleńsk
Smyrna
Sobiesław
Sochaczew
Sofia
Sokolec
Sokółka
Sokota
Sokotra
Solcy
Soleczniki
Soligalicz
Soligorsk
Solin
Solun
Solura
Solwyczegodzk
Somali Brytyjskie
Somali Francuskie
Somma
Sopot
Soroki
Sortawala
Sośnica
Sowieck
Spas
Spas-Diemieńsk
Spira
Spiskie Podgrodzie
Spisz
Srem
Śrem
Srim
Śrinagar
Środa
Środkowy Znak
Stalin
Stalingrad
Stalino
Stalinogród
Stambuł
Stanisławów
Stara Marchia
Stare Miasto
Stare Sioło
Stargart
Starigrad
Starobielsk
Starodub
Starodub na Klaźmie
Starogard
Starogród
Stary Czartorysk
Stepań
Step Pontyjski
Stężyca
Stojanowo
Strasburg
Strefa Aozou
Strelci
Strzałów
Strzelce
Strzelno
Styria
Subkontynent Indyjski
Suchumi
Suczawa
Sudetów
Sudisławl
Sudża
Sukajkida
Sulęcin
Sulejów
Sumatra
Sumy
Sunża
Suojarwi
Surażycze
Surinam
Suszyca
Sutiejsk
Suvar
Suwałki
Suworow
Suza
Sveto Preobraženje Božije
Sviyazhsk
Swalawa
Swiatla
Swiatohirśk
Świdnica
Świebodzin
Swieciany
Świecie
Święta Agata
Święta Brygida
Święte Cesarstwo Rzymskie
Świętego Antoniego
Swietłogorsk
Święty Andrzej
Święty Benedykt
Święty Dionizy
Święty Dydak
Święty Emmeram
Święty Jerzy
Święty Ludwik
Świnoujście
Świny
Swisztow
Swoboda
Swoleńsk
Syberia
Sybin
Sybir
Sycewice
Sycylia
Syczowka
Syczuan
Sydon
Syhot
Syjon
Syktywkar
Synaj
Synopa
Syrakuzy
Syrta
Syzrań
Szabestar
Szadrinsk
Szafuza
Szahre Babak
Szahr-e Suchte
Szajzar
Szałkar
Szalla
Szampania
Szandi
Szatili
Szawle
Szczecin
Szczecinek
Szczuczinsk
Szczuczyn
Szczyrzyc
Szczyrzyce
Szczytno
Szenkursk
Szeszole
Szetlandy
Szeua
Szkocja
Szkodra
Szlezwik
Szlezwik-Holsztyn
Szlisselburg
Szpitalnicy
Szprotawa
Szreńsk
Sztendyl
Szternberk
Sztokholm
Sztutowo
Szumawa
Szumirad
Szumsk
Szuruppak
Szusztar
Szvuine
Szwabia
Szwajcaria
Szwecja
Szybenik
Szydłowiec
Szylokarczma
Szymkent
Szyrwan
Tadżura
Tadżykistan
Tajfalowie
Tajmyria
Tajpej
Tajwan
Takant
Takla Makan
Tallin
Tambow
Tanchlim
Tandżerica
Tanganika
Tanger
Tannu-Oła
Tapiawa
Tarent
Targ Grabski
Targ Okna
Targowica
Tarnica
Tarn i Garonna
Tarnopol
Tarnów
Tars
Tarudant
Tasos
Taszir
Taszkent
Tatawin
Taurogi
Tauroginy
Tauzar
Taxkorgan
Tebriz
Teby
Teheran
Teksas
Tel-Awiw
Telcz
Telsze
Temesz
Templariusze
Temryk
Teneryfa
Teodoro
Teodozjopolis
Tęplin
Terechówka
Terka
Terytoria Północno-Zachodnie
Terytorium Północne
Tesalia
Tespie
Tetowo
Tetuan
Tetyushskaya Zastava
Thayet
Thorshavn
Tiacziw
Tiatyra
Tibaza
Tibissa
Tichwin
Tiemnikow
Tiencin
Tihama
Tijarat
Tilimsan
Timisz
Timiszoara
Timurydzi
Tinduf
Tiruchirapalli
Tirunelweli
Tiszit
Tiumeń
Tłuszcz
Tmutarakan
Tmutarakań
Togoland Zachodni
Toksowo
Tolkmicko
Tomakow
Torgawa
Toropiec
Toruń
Torżok
Torzym
Toskania
Trabzon
Tracja
Transoksania
Transwal
Transylwania
Trawunia
Trebycz
Trembowla
Trenczyn
Trewir
Triest
Trikunamalaja
Trjawna
Trnawa
Troada
Troick
Trójkąt Bermudzki
Trojzena
Troki
Trubeck
Trydent
Trynidad
Trypolis
Trypolitania
Trzciana
Trzebiatów
Tsargrad
Tuchola
Tukhchin
Tulcza
Tulon
Tuluza
Tunezja
Turcja
Turek
Turiec
Turkiestan
Turkmenbaszy
Turów
Turyn
Turyngia
Turzysk
Tuwa
Twardoszyn
Twardoszyno
Twer
Tyberiada
Tybet
Tybinga
Tygrys
Tylża
Tymfaja
Tyniec
Tyr
Tyraspol
Tyrnowo
Tyśmienica
Tytan
Uciana
Udmurcja
Udżarma
Uglicz
Ugol
Uhrusk
Ujscie
Ukajali
Ukajribat
Ukraina
Ułan Bator
Uliastaj
Uljanowsk
Umm al-Bawaki
Unia Egoistów
Uniczow
Uniejów
Uniwersytet
Upita
Upliscyche
Uranupoli
Urgencz
Urla
Urugwaj
Urzędów
Urzhum
Uście nad Łabą
Uscilog
Usolye-na-Kamskom
Ustiug
Ustiurt
Ustiużna
Ust'-Kataw
Ust-Vym
Uświat
Uszyca
Utyn
Użhorod
Valmiera
Vancouver
Veliki Wołoszczyzna
Vesprim
Vidisa
Višera
Vym
Wąbrzeźno
Wacław
Wadan
Wadżda
Wagadugu
Wałcz
Wałdaj
Walencja
Walia
Walijô
Walońska
Waramin
Waranasi
Warazdyn
Warciche
Warmia
Warmińsko-Mazurskie
Warna
Warszawa
Warta
Warzazat
Warzno
Wasiugan
Waspurakan
Wasylków
Waszyngton
Watra Dorna
Watykan
Wębrza
Węgobork
Wegry
Węgry
Węgry Centralne
Weje
Welawa
Welehrad
Wełes
Wenecja
Weria
Werona
Wersal
Westfalia
Wezera
Wianga
Wiatka
Wiaźma
Widyń
Widźajanagar
Widźajawada
Wieden
Wiedeń
Wielbark
Wieleń
Wieliczka
Wieligród
Wieliż
Wielka Nizina Węgierska
Wielka Orda
Wielka Polszcza
Wielka Wołoszczyzna
Wielkej Morawszce
Wielkej Nizina Węgierszce
Wielkej Perm
Wielkej Ustiug
Wielkej Wołoszczyzna
Wielkie Berezne
Wielkie Łuki
Wielkie Morawy
Wielki Londyn
Wielki Perm
Wielki Ustiug
Wielkopolska
Wielona
Wielsk
Wieluń
Wierchowje
Wierny
Wierzbno
Wiesiegonsk
Wietługa
Wietnam
Wietryno
Wikramasila
Wiktoria
Wilamowice
Wilejka
Wiłkomierz
Wilno
Windawa
Windhuk
Winnica
Wirginia
Wirtembergia
Wisła
Wiślana
Wiślica
Wiszegrad
Witebsk
Wittenberga
Wityczew
Wizna
Wkra
Władywostok
Wleń
Wlochy
Włochy
Włocławek
Włodawa
Włodzimierz
Włodzimierz Wołyński
Wlora
Woden
Wodospad Havasu
Wodospad Iguazú
Wojnicz
Wojwodina
Wolbórz
Wołchow
Wołga
Wołgodońsk
Wołgograd
Wolkowysk
Wołkowysk
Wołoczok
Wołogda
Wołogoszcz
Wołokołamsk
Wołoszczyzna
Wołowe
Wołożyn
Wolsztyn
Wolyn
Wołyń
Wołżski
Wonitsa
Wormacja
Wormcja
Wornie
Woroneż
Woroszyłowgrad
Worotyńsk
Worskla
Wotkińsk
Woznesenśk
Wraca
Wrocław
Wronki
Wryndawan
Wschodnia Frankonia
Wschowa
Wulki Hojn
Wyborg
Wybrzeże Kości Słoniowej
Wyczegda
Wylamowycze
Wyłkowyszki
Wynohradiw
Wyr
Wysock
Wysoka
Wyspa Bożego Narodzenia
Wyspa Faraona
Wyspy Egejskie
Wyspy Jońskie
Wyspy Kokosowe
Wyspy Królowej Charlotty
Wyspy Normandzkie
Wyspy Owcze
Wyspy Zachodniofryzyjskie
Wystruć
Wyszegrad
Wyszehrad
Wyszków
Wysznij Wołoczok
Wyszogród
Wyszomierz
Wytiegra
Wyzszy Bród
Wyżyna Szwajcarska
Xiva
Yarensk
Ząbkowice
Zachodnia Frankonia
Zachodnie Fiordy
Zadzbork
Zadzwinskie
Żagań
Zagory
Żagory
Zagrzeb
Zahumle
Zainsk
Zajordania
Zakarpacie
Zakinthos
Zakintos
Zakon Krzyżacki
Zakon Santiago
Zakon Świętego Antoniego
Zakroczym
Zalew Szczeciński
Zalew Wiślany
Zambrów
Zamek Dubliński
Zamek Kalmarski
Zamość
Zandżan
Zapora Hoovera
Zaporoże
Zarandż
Zariszat
Zasław
Zatoka Cork
Zatoka Księcia Williama
Zator
Zavolochia
Zdziar
Zelandia
Zelandia Zachodnia
Zelowie
Zerynthos
Zgierz
Zgorzelec
Zhmudz
Zhukotin
Zichia
Ziębice
Zielenogorsk
Zielona Góra
Ziemplin
Zindżibar
Zjednoczone Emiraty Arabskie
Zjednoczone Księstwo Bałtyckie
Złatoust
Zliviecz
Żłobin
Złota Orda
Złote Wybrzeże
Złotonosza
Złotoryja
Złotów
Żmudź
Żnin
Zollernowie
Zubcow
Zurwanizm
Zurych
Zwiahel
Zwierzyn
Zwierzyń
Zwoleń
Zylina
Żylina
Żytawa
Żytkowicze
Żytomierz
Żytykara
