Afroudakis
Alafouzos
Alexakis
Alexandris
Alexandrou
Alexiadis
Alexiou
Alexopoulos
Alexoudis
Anagnostopoulos
Anagnostou
Anastasiadis
Anastasopoulos
Anastopoulos
Andreadis
Andreou
Andrianopoulos
Androulakis
Anestis
Angelopoulos
Antoniades
Antoniadis
Antoniadou
Antoniou
Antonopoulos
Antonopoulou
Apostolidis
Apostolou
Argyropoulos
Argyros
Armaou
Athanasiadis
Athanasoulas
Avramidis
Axiotis
Bakirtzis
Bakoyannis
Barlos
Bernardakis
Botsaris
Botsis
Calathes
Calazans
Calligaris
Carras
Cassavetes
Catsimatidis
Chalkias
Cholevas
Chondroyannos
Christakis
Christidou
Christodoulopoulos
Christodoulou
Christopoulos
Christos
Christou
Cirillo
Cora
Costa
Costas
Coumantaros
Dalidakis
Daskalakis
Diamandis
Diamantopoulos
Dimakos
Dimas
Dimitriadis
Dimitriou
Dimopoulos
Dousmanis
Doxiadis
Dragoumis
Economides
Evangelatos
Florakis
Floros
Fotakis
Fotilas
Fotiou
Fotopoulos
Fourlis
Frangos
Galani
Galanis
Galifianakis
Gavalas
Gavras
Gazis
Georgiadis
Georgiou
Georgitsis
Giakoumakis
Giannakopoulos
Giannopoulos
Gikopoulos
Glezos
Goulandris
Gounaris
Grammatikopoulou
Hatzi
Hatzidakis
Hatziioannou
Hatzimichalis
Hatzis
Hrisoverghi
Iakovou
Iliopoulos
Ioannidis
Ioannou
Kafatos
Kaklamanis
Kalogeras
Kalogeropoulos
Kanakaris
Kanellopoulos
Karakatsanis
Karakostas
Karas
Karavitis
Karras
Karvelas
Katechis
Katrakis
Katsifaras
Kefalogiannis
Kiriakidis
Kokkinakis
Kokolakis
Kolettis
Kondylis
Konstantinidis
Konstantinou
Konstantopoulos
Kontogouris
Kontos
Kordolaimi
Kostopoulos
Kotzias
Koufos
Koundouros
Kourakis
Koutsis
Koutsopoulos
Krestenitis
Kriezis
Kyrgios
Kyriakou
Kyriazis
Kyrkos
Labropoulos
Lagoudakis
Lambrakis
Latsis
Leandros
Leichoudes
Lekkas
Leon
Leventis
Liourdis
Logothetis
Louganis
Loverdos
Macrides
Magoulas
Maimonides
Makris
Makriyannis
Manetas
Manikas
Manolas
Manousakis
Manousos
Mantalos
Mantzaris
Mantzios
Maragos
Marangos
Mardas
Margaritis
Marinakis
Maris
Markakis
Markides
Markopoulos
Matraxia
Matsoukas
Mavridis
Miaoulis
Michailidis
Michalos
Mitralexis
Mitropoulos
Mitsopoulos
Mitsotakis
Mitzou
Moustakas
Mylonas
Nafpliotis
Nakos
Nerantzis
Nevrakis
Nicolaides
Nikolaidis
Nikolopoulos
Nikoloudis
Notaras
Oikonomopoulos
Oikonomou
Orologas
Pallis
Panagakos
Panagiotidis
Panagiotopoulos
Panagopoulos
Panayiotou
Panousis
Pantazis
Papachristos
Papadakis
Papadatos
Papademos
Papadiamantopoulos
Papadimitriou
Papadopoulos
Papageorgiou
Papageorgopoulos
Papagiannis
Papaioannou
Papajohn
Papakonstantinou
Papamichael
Papanastasiou
Papandreou
Papanikolaou
Papantoniou
Papapostolou
Papathanasiou
Papazoglou
Papoulias
Pappas
Paraschos
Paraskevas
Paraskevopoulos
Parios
Paschalidis
Pavlidis
Pavlopoulos
Pavlou
Petimezas
Petinos
Petridis
Petrou
Philippidis
Protopapas
Psaltis
Rallis
Raskopoulos
Regas
Rodocanachi
Roubanis
Rouphos
Roussopoulos
Saitta
Sakellaridis
Sakellarios
Sakkari
Samaras
Savalas
Savvas
Schinas
Servopoulos
Sgouros
Sifakis
Simopoulos
Siopis
Sisinis
Skarlatos
Skourletis
Spanakos
Spanos
Spheeris
Spiliotopoulos
Spyropoulos
Stamatis
Stamatopoulos
Stamos
Stasinopoulos
Stathakis
Stathis
Stavridis
Stavropoulos
Stavros
Stavrou
Stephanides
Stephanopoulos
Stratigos
Straton
Tadros
Taskasaplidis
Terzis
Theodorakis
Theodoridis
Theodoropoulos
Theodorou
Tombras
Triantafyllou
Tsakalidis
Tsakalotos
Tsakiris
Tsakonas
Tsaldaris
Tsamis
Tsatsos
Tsekrekos
Tsitsipas
Tzavaras
Vakalopoulos
Valaoritis
Valavanis
Vardinogiannis
Vardoulakis
Vasilakakis
Vasileiou
Vasiliadis
Vasilopoulos
Vassilakis
Venizelos
Vgenopoulos
Vlachodimos
Vlachopoulos
Vlahakis
Vlahos
Vlasopoulos
Vokos
Volikakis
Voskopoulos
Votsis
Vougiouklakis
Voulgaris
Vovos
Vranas
Vrettos
Xanthopoulos
Xanthos
Xenakis
Xydakis
Xylouris
Yannakakis
Zaimis
Zervos
Zochonis
Zografos