Abiu
Acerola
Achenă
afină_cranberry
Agrișă_Gooseberry
Agrume
Alună_Hazelnut
Ananas_Pineapple
apricoasă_apricot
Avocado_Avocado
Banană_Banana
bolbotină_Watermelon
boșar_Watermelon
bostan_Watermelon
Caisă_Apricot
Caisină_Apricot
cantaloș_melon
cantalup_melon
Căpșună_Strawberry
Carambola
castană
cătină
caune_melon
Cireașă_Cherry
Citrică_Citrus
Clementină_Clementine
coacăză_blackcurrant
Coconar
cocos
corcodușă
cucurbătă_Watermelon
cucurbetă_Watermelon
curmală
die_Watermelon
drăcilă
dudă
duleț_Watermelon
Durian
fistic
Fragă
frăguță
Fruct_Fruit
gălboi_melon # Yellow
garofoană_apricot
gorgeolană_apricot
grepfrut_grepfruit
Gutuie_Quince
harbuz_Watermelon
himanic_melon
himunic_melon
ieură_melon
jordolină_apricot
Jujubă
Kaki
Kiwi
Lămâie_Lemon
limetă
lubă_melon
lubeniță_Watermelon
măceșă_brier
măcieșă_brier
măgdălană_apricot
Mandarină_MandarinOrange
măndulă_apricot
mango
Măr_Apple
mărăcină_brier
Măslină_Olive
merișoară
Migdală_Almond
Mură_Blackberry
naramză_orange
Nectarină_Nectarine
noroancă_orange
Nucă_walnut
Nucșoară
Olivă
păducel
Papaia
Pară_Pear
pepene_melon
Piersică_Peach
pomelo
pomeranță_orange
Pomișoară
popone_melon
portocală_orange
Prună_Plum
răsură_brier
rezachie_gooseberry
rișiță_gooseberry
Rodie_Pomegranate
rug_brier
rujă_brier
rujiță_brier
scorușă
șiarchin_melon
sipică_brier
Smochină_Fig
struguraș_grape
strugure_grape
strugurel_grape
Tangerină_Tangerine
Tărtăcuță
tinghirea_apricot
trăgulă_melon
vișină
vleg_melon
zămos_melon
zarzără_apricot
Zmeură_Raspberry
zorzolină_apricot