Abhazia
Abingdon
Abisinia
Abrud
Acharnae
Acra
Acrefia
Adjud
Adrianopol
Aeroportul Cut Bank
Aeroportul Great Falls
Afganistan
Africa
Africa de Sud
Africa Ecuatorială
Africa Spaniolă
Ahaia
Ahalțihe
Ahmedabad
Ahtubinsc
Aitos
Aiud
Ajud
Ajudu
Alba
Alba de Jos
Alba Iulia
Albania
Albania de Nord
Albania de Sud
Alba Regală
Albești
Alep
Aleșd
Aletea
Alexandria
Alexandria Eshate
Alexandria Mică
Alexin
Alger
Algerian
Alpi
Alpii Elvețieni de Est
Alsacia
Alsacia-Lorena
Altînivka
Alușta
Amazon
Amfipol
Anapa
Anatolia de Est
Ancara
Andaluzia
Andria
Anglia
Anglia Centrală
Anglia de Est
Anglia de Nord
Anglia de Nord-Vest
Anglia de Sud-Vest
Angola
Angola de Nord
Angola de Sud
Anșan
Antalia
Antarctica
Antigua și Barbuda
Antiohia
Anvers
Apamea pe Meandru
Aquitania
Arabia
Arabia Saudită
Arad
Aragon
Aragonul de Est
Aragonul de Sus
Aragonul de Vest
Arbër
Arcadia
Arcear
Arciz
Ardara
Ardeal
Ardealul de Nord
Ardeliu
Arel
Argentina
Argeș
Arghiș
Argovia
Arhanghelsc
Arhanghelul Mihail
Arieș
Armenia
Armenia de Jos
Armenia de Sus
Armenia de Vest
Armenia Mare
Arțah
Așanti
Asasinii
Ascania
Așchelon
Așdod
Așgabat
Asia
Asia Centrală
Asiria
Assiut
Astana
Aștarac
Astrahan
Asturia
Atacaman
Atena
Atica
Australasia
Australia
Australia Centrală
Australia de Sud
Australia de Vest
Austria
Austria Inferioară
Austria Superioară
Azerbaidjan
Azerbaidjanul de Vest
Azore
Azov
Babilon
Babilonia
Bacău
Baci
Bactria
Bagdad
Bahmut
Baia
Baia de Aramă
Baia de Arieș
Baia Mare
Baia Nouă
Baia Sprie
Băile Herculane
Băile lui Carol
Băița
Balahna
Balașov
Balcic
Bălgrad
Balta-Tiraspol
Bălți
Banat
Banatul de Vest
Barajul Hoover
Bârlad
Basarabeasca
Basarabia
Bașchiria
Bastulia
Bataisc
Bătania
Bavaria
Bavaria de Est
Bavaria Inferioară
Bavaria Superioară
Bazargic
Bazinul Panonic
Becei
Beci
Beer Șeva
Beheira
Beiuș
Beja
Bejețc
Belarus
Belebei
Belgia
Belgrad
Belgradul Mic
Belucistan
Bengal
Bengalul de Est
Bengalul de Vest
Beoția
Berdîciv
Bereg
Berlin
Berna
Bernicia
Berzasca
Beșenova
Beșenova Nouă
Beșenova Veche
Bexhill
Bhuj
Bhutan
Bichiș
Bichișciaba
Bihor
Bilnița
Bilohirsk
Binș
Bîrlad
Birmania
Birobidjan
Biserica Albă
Bistrița
Bistrița Neamț
Bitinia
Bizanțiu
Blagoveșcensk
Blandiana
Bocșa
Bodrog
Boemia
Boemia de Sud
Bogdana
Bogota
Bohoduhiv
Bohuslav
Bolivia
Bologa
Borîspil
Borovici
Borșa
Borșova
Bosfor
Bosnia
Bosnia de Jos
Bosnia de Sus
Bosnia și Herțegovina
Botoșani
Bozovici
Brabant
Brăila
Bran
Braniceva
Brașov
Bratislava
Brațlav
Brazilia
Breansc
Brema
Breslavia
Breștea
Bretania
Bretania de Jos
Bretania de Sus
Britania
Brodî
Brumă
Brunico
Buceaci
Bucium
Bucovina
București
Budapesta
Bugeac
Buhara
Bulgar
Bulgaria
Bulgaria de Est
Bulgaria de pe Volga
Bulgaria de Sud
Bulgaria de Vest
Burgundia
Butrint
Buzău
Caheția
Cahul
Cairo
Calabria
Calafat
Călărași
Calcutta
Caliacra
Calicut
Califatul Masmud
Califatul Șiit
Califatul Suni
California
California de Jos
California de Nord
Calmîchia
Cambodgia
Camceatca
Camenița
Camenița Podoliei
Camerun
Camerunul de Nord
Camîșin
Camîșlov
Campania
Câmpulung
Câmpulung Moldovenesc
Canada
Canada de Nord
Canada Inferioară
Canada Superioară
Canalul Mânecii
Cantabria
Cantabria de Est
Cantabria de Sud
Caonia
Căpriana
Capul Bunei Speranțe
Capul Coral
Capul Strâmtorilor
Capul Strîmtorilor
Căpușanii Mari
Caransebeș
Carașova
Carchemiș
Cărdjali
Carei
Careii Mari
Carelia
Carelieni
Cărgeali
Caria
Carintia
Carolina de Nord
Carolina de Sud
Carpasia
Carpatia
Carși
Carsoli
Cartagina
Cartelul Sinaloa
Cărvuna
Casablanca
Cașan
Cascadele de pe Iguazú
Cașmir
Cașmirul de Nord
Cașovia
Castel
Castelul Kalmar
Castelul Nou
Castilia
Cașubia
Catalonia
Caucaz
Cavalerii Soarelui
Cavarna
Caxgar
Cazan
Cebocsarî
Cefalonia
Cehia
Cenad
Censtohova
Centru
Centru-Sud
Cercasî
Cerepoveț
Cernăuți
Cernavodă
Cerniahovsc
Cernigău
Cernobîl
Cerven
Cetatea Albă
Cetatea Ammanului
Cetatea Corint
Cetatea de Baltă
Cezaria
Chezdi-Oșorheiu
Chidmas
Chiev
Chilia
China
Chios
Chiraleș
Chiriși
Chișinău
Chișineu-Criș
Ciaba
Ciacova
Ciad
Cidonia
Ciîhîrîn
Cilicia
Cîmpulung
Cîmpulung Moldovenesc
Cioburciu
Ciongrad
Ciortchiv
Cipru
Ciprul de Nord
Cirene
Cisleithania
Ciucovo
Ciuhuiv
Ciupanizia
Ciurgău
Ciuvașia
Cizic
Cladova
Cluj
Cluj-Napoca
Cluș
Coasta Berberă
Coasta de Aur
Coasta de Fildeș
Codlea
Colâma
Colapur
Colinele Timan
Colomeea
Colonia
Columbia
Columbia Britanică
Comăna
Comana Pontică
Compania Albă
Compania Catalană
Coniac
Constanța
Constantina
Constantinopol
Copceac
Copenhaga
Coporie
Corabia
Corcea
Coreea
Coreea de Nord
Coreea de Sud
Corfu
Corfu Negru
Corint
Corintia
Coriondia de Nord
Coriondia de Sud
Corsica și Sardinia
Costa Rica
Costești
Costiantînivca
Covasna
Covurlui
Crăciuna
Cracovia
Craiova
Crăn
Crasna
Cremenciuc
Cremeneț
Creta
Crimeea
Crișana
Croația
Crușova
Cuba
Cuciovă
Cuiavia
Cuieni
Cuira
Cujmir
Cumania
Cumbria
Curlanda
Curtea de Argeș
Curtea de Arghiș
Cuș
Custura
Cutlovița
Cuvin
Cuznețc
Dăbâca
Dăbîca
Dacia
Dacota de Nord
Dacota de Sud
Daghestan
Dalmația
Damasc
Danemarca
Dardanele
Darfur de Est
Darfur de Vest
Dârstor
Dașoguz
Debrețin
Dej
Delfi
Delinești
Delta Bengalului
Delta Gangelui
Delta Nigerului
Delta Nilului
Deșertul Alb
Deșertul Algerian
Deșertul Libian
Deșertul Lut
Deșertul Mojave
Deșertul Sirian
Deștertul Egiptean
Deva
Diampol
Dinastia Timuridă
Dinogeția
Diosig
Dîrstor
Djedda
Dobrici
Dobrogea
Doclea
Dodecanez
Dolîna
Donbas
Donețk
Donul de Jos
Dorogobuj
Dorohoi
Drăgășani
Drâmbar
Drăstăr
Dresda
Drîmbar
Drina
Drobeta
Drogobâci
Dubai
Dubița
Dubovăț
Dubrovîția
Ducatul Baltic Unit
Dudeștii Noi
Dudeștii Vechi
Dumbrăveni
Dunăre
Durostor
Dvina de Vest
Ecimiadzin
Ecuador
Edesa
Edineț
Edisan
Efes
Egeea
Eghina
Egipt
Egiptul de Jos
Egiptul de Sus
Egorlîc
Elada
Eldorado
Eleț
Eleusina
Elveția
Elveția de Vest
Emilia
Emiratele Arabe Unite
Enoșești
Eolia
Eperieș
Epir
Epirul Central
Epirul de Nord
Eretria
Erevan
Eritreea
Erzia
Eșelnița
Estonia
Eteocrete
Etiopia
Eufrat
Europa
Europa Centrală
Europa de Est
Europa de Vest
Everest
Evia
Exarhatul Ravenei
Făgăraș
Fak Fak
Fălești
Famagusta
Fanar
Fenicia
Fetești
Filadelfia
Filiași
Filipine
Filippi
Finlanda
Fiordurile Estice
Fiordurile Vestice
Flandra
Florența
Focșani
Franconia
Franța
Frăția Sfântului Mormânt
Frații Livonieni ai Sabiei
Frigia
Friuli-Veneția Giulia
Frizia
Frizia de Est
Frizia de Vest
Găgăuzia
Galați
Galerele Adriatice
Galerele Liguriene
Galia
Galileea
Galiția
Galiția și Lodomeria
Garda Varegă
Gasanizia
Gatcina
Gedania
Geneva
Genova
Gent
Georgia
Germania
Germania de Est
Germania de Nord
Germania de Sud
Germania de Vest
Gheorgheni
Ghevghelia
Ghiumri
Gilan
Giula
Giurgiu
Giza
Glarența
Glavacioc
Glavinița
Golful Bengal
Golful Mexic
Golful Riga
Golful San Francisco
Golubăț
Gorița
Gorizia
Gorodeț
Gorohoveț
Goțe Delcev
Goția
Goții Traci
Govora
Gozo
Grădiștea
Grecia
Grecia Centrală
Grigoriopol
Grisunia
Grobnic
Groenlanda
Groznîi
Guatemala
Guineea
Guineea-Bissau
Guineea Ecuatorială
Gularia
Gundorovka
Gușterița
Gyar
Hacasia
Hacimaz
Hadita
Haga
Halchidichi
Halîci-Volînia
Hălmagiu
Hanovra
Hantî-Mansisc
Harcov
Harghita
Hârlău
Hârșova
Hațeg
Havana
Hazaran
Hazaria
Hebridele interioare
Heraclea
Heraclea Sintică
Herson
Herțegovina
Hesa
Hidjaz
Hîrlău
Hiroșima
Hîrșova
Hluhiv
Hmelnițchi
Hoarda Albă
Hoarda de Aur
Hoarda Neagră
Horasan
Horezm
Horodnîțea
Hortîțea
Hotin
Hradîzc
Hrodna
Huedin
Humor
Hunedoara
Hurzuf
Huși
Hust
Iablanița
Iacutia
Iadineți
Ialomița
Ialta
Iamantau
Ianina
Iaroslavl
Iași
Iazigia
Iberia
Icaria
Ielabuga
Ierapetra
Ierihon
Ierusalim
Iliria
Iloșva
Imamatul Caucazului
Imereția
Imortali
Imperiul Aztec
Imperiul Baltic
Imperiul Bizantin
Imperiul Hephthalit
Imperiul Hun
Imperiul Latin
Imperiul Mongol
Imperiul Otoman
Imperiul Roman
Imperiul Rus
Imperiul Seleucid
Imperiul Selgiuc
Imperiul Timurid
Imperiul Vandal
India
Indochina
Indochina de Sud
Indonezia
Insula Crăciunului
Insula de Nord
Insula de Sud
Insula Faraonului
Insula Paștelui
Insula Santinelei de Nord
Insula Vancouver
Insulele Canalului
Insulele Ciclade
Insulele Cocos
Insulele Egee
Insulele Feroe
Insulele Ionice
Insulele Solomon
Insulele Turks și Caicos
Ionești
Ionia
Ionia Mare
Iordania
Ioșkar-Ola
Iran
Irlanda
Irlanda de Nord
Irlanda de Sud
Isaccea
Islanda
Ismail
Israel
Istanbul
Istria
Italia
Iugoslavia
Iutlanda
Iutlanda de Nord
Iutlanda de Sud
Iuzovka
Jamaica
Japonia
Java
Jilava
Jimbolia
Jîtomîr
Jiu
Jupa
Jurilovca
Kârgâzstan
Kineșma
Krasnâi Liman
Kupeansk
Labin
Lagodehi
Laodicea
Laodicea în Siria
Laponia
Lapuș
Lăpușna
Larisa
Latgalia
Lendia
Leningrad
Leon
Lepel
Lérida
Letonia
Levadeia
Liban
Liberia
Libia
Licia
Lidia
Liga Corintului
Liga Hanseatică
Liga Lombardă
Liga Peloponesiacă
Liguria
Liman
Liov
Lipețc
Lipova
Lipșca
Liptov
Lisabona
Lituania
Liubașivca
Liubcova
Liubuțc
Liurocastru
Livnî
Livonia
Loara
Loara de Jos
Loara de Sus
Lolanda
Lombardia
Londra
Londra Mare
Lorena
Lorzii Cerului
Louvain
Loveci
Luanda
Lubnî
Lucerna
Lugansk
Lugoj
Luhînî
Luna
Lupac
Lusitania
Luțc
Luxemburg
Luxor
Luzacia
Macao
Macău
Macedonia
Macedonia Centrală
Macedonia de Nord
Macedonia de Sud
Macedonia de Vest
Madagascar
Magnezia
Magnezia pe Meandru
Mahacicala
Maiența
Maionia
Malaezia
Maldive
Mali
Malta
Manapia de Est
Manapia de Nord
Manapia de Sud
Manapia de Vest
Mănăstirea Mileșeva
Mănăstirea Schimbării la Față
Mangalia
Maniheism
Mantova
Maracheș
Maramureș
Mărășești
Marea Adriatică
Marea Albă
Marea Arabiei
Marea Balearelor
Marea Baltică
Marea Britanie
Marea Câmpie Ungară
Marea Caspică
Marea Celtică
Marea Egee
Marea Filipine
Marea Hoardă
Marea Iberică
Marea Ionică
Marea Irlandeză
Marea Levantină
Marea Libiei
Marea Ligurică
Marea Mediterană
Marea Neagră
Marea Nordului
Marea Norvegiei
Marea Preoție Malabaristă
Marea Preoție Rabinistă
Marea Preoție Samaritană
Marea Preoție Zurvanită
Marea Roșie
Marea Sardiniei
Marea Tireniană
Marea Traciei
Marele Lac Sărat
Mariandinia
Marina Genoveză
Marina Venețiană
Marița
Mariupol
Marmara
Maroc
Marsilia
Mauritania
Mazovia
Meandru
Meda
Medina
Mehadia
Melitopol
Meran
Mesgidia
Mesinia
Mesopotamia
Mestecănești
Mețovo
Metropol
Mexic
Micene
Micesc
Miclăuș
Mîcolaiv
Midi-Pirinei
Miercurea Ciuc
Migdonia
Mihailovca
Mijhirea
Milano
Milet
Mineapol
Minoa
Miranda
Mirina
Mirmidoni
Mișcolț
Misia
Mitrovița
Modă
Moesia
Moghilău
Mojaisc
Moldova
Molosia
Mongolia
Monopoli
Monrovia
Montana de Est
Montana de Vest
Morava
Moravia
Moravia Mare
Mordovia
Moreea
Moscopolea
Moscova
Mozambic
Mțensk
Muncaci
Muntele Sfântul Anghel
Muntenegru
Muntenia
Munții Atlas
Munții Atlas de Mijloc
Munții Atlas de Sus
Munții Caucaz
Munții Pontici
Murăș-Oșorhei
Mureș
Murighiol
Murmansc
Nădlac
Nagapatnam
Nahicevan
Napoli
Națiunile Unite
Nazaret
Neamț
Nedrîhailiv
Nemea
Nepal
Nesebăr
Neustria
Nevada
Nevrocop
Niceea
Nicolaevsc
Nicopole
Nicosia
Niger
Nigeria
Nijneudinsc
Nîjni Vorota
Nil
Ninive
Nipru
Niprul de Jos
Niș
Nisa
Nișapur
Nitria
Nordumbria
Normandia
Norvegia
Norvegia de Est
Norvegia de Nord
Noua Africa
Noua Anglie
Noua Caledonie
Noua Granadă
Noua Scoție
Noua Tîrgoviște
Noua Zeelandă
Noul Bârdo
Noul Brunswick
Noul Wales de Sud
Novhorod-Siverskîi
Nubia
Oaza Cara
Oblucița
Oceac
Oceania
Oceanul Arctic
Oceanul Atlantic
Oceanul Indian
Oceanul Pacific
Ocna
Ocna Mare
Ocna Sibiului
Ocna Șugatag
Ocnele Mari
Odesa
Odomanția
Odorhei
Odorheiu Secuiesc
Odrina
Oguzia
Ohrida
Olanda
Oleșcî
Olimp
Olimpia
Olint
Oloneț
Oltenia
Ontario de Nord
Oradea
Oradea Mare
Oradia
Oradia Mare
Orașul de Floci
Oravița
Ordinul Bektași
Ordinul Calatravei
Ordinul de Santiago
Ordinul Livonian
Ordinul Ospitalierilor
Ordinul Sfântului Anton
Ordinul Templierilor
Ordinul Teutonic
Orehovo-Zuevo
Oreș
Orhei
Oriol
Oroș
Orșova
Oslo
Oșorheiu
Ostrobotnia
Ostrogoția
Otaci
Ovruci
Padova
Pădurea Boemiei
Paflagonia
Palestina
Palmira
Pământ
Pamfilia
Panama
Panciova
Pâncota
Panonia
Papalitatea Bizantină
Pardani
Paris
Parnas
Parori
Pârscov
Partia
Patagonia
Paterno
Patriarhatul Estului
Patriarhia Ecumenică
Patru Colțuri
Pazin
Pecenegi
Peci
Pelagonia
Pelinu
Peloponez
Peninsula Antarctică
Peninsula Coreeană
Peonia
Peremislia
Peresopnîțea
Perpericon
Persia
Peruștița
Pesta
Petra
Petrici
Petrograd
Petropavlovsk-Kamceatski
Pfalz
Phenian
Piatra Neamț
Picardia
Piemont
Pîncota
Pireu
Pîriatîn
Pirinei
Pisa
Pitești
Pițunda
Piua-Petrii
Plateea
Platoul Antarctic
Plevna
Ploiești
Podgorița
Podlasia
Podolia
Poenari
Poiana
Poiana Bivolari
Pojon
Polesie
Polinezia
Polonia
Polonia-Lituania
Polonia Mare
Polonia Mică
Poloțc
Polovragi
Pomerania
Pomerania Anterioară
Pomerania Posterioară
Pont
Portugalia
Posnania
Praga
Preeriile Canadiene
Pretoria
Prîlucî
Priștina
Provadia
Provența
Prusia
Pugaciov
Pulpudeva
Putîvl
Putna
Qaraǵandy
Rabinismul
Rădăuți
Radînca
Radomîsl
Radomîșl
Radovanu
Raguza
Raguza Veche
Rahău
Rahova
Ramala
Râmnic
Râmnicul Vâlcii
Râmnicu Sărat
Râmnicu Vâlcea
Rașca
Râșnov
Rasova
Ravena
Recaș
Regatul Merina
Regatul Unit
Reghin
Renania
Reni
Republica Dominicană
Republica Socială Italiană
Reșca
Reșița
Reșovia
Reval
Riad
Riazan
Rîbinsc
Riga
Rîmnic
Rîmnicu Sărat
Rîmnicu Vîlcea
Rin
Rîșnov
Rjev
Rodopi
Rodos
Roma
Roman
Romania
România
Romanov pe Murman
Romnî
Roșiorii de Vede
Rostov pe Don
Rtișcevo
Rumânia
Rusia
Rusia Arctică
Rusia Centrală
Rusia de Vest
Rutenia Roșie
Săbolciu
Săcueni
Șadrinsc
Sagunt
Sahara
Sahara de Sud
Saian
Saianii de Est
Saianii de Vest
Sălaj
Salamina
Sălard
Salmidesia
Salonic
Salonta
Salonta Mare
Sambir
Samniția
Samogiția
Samotracia
Sankt Petersburg
Sânmartin
Sânmiclăuș Liptov
Sântandrei
Șapte Maghiari
Sarai
Saraiul Nou
Saraiul Vechi
Sarandsch
Sardinia
Sardinia de Nord
Sardinia de Sud
Sarmația
Șaroș
Sarvaș
Saschiz
Satmar
Satu Mare
Saturn
Savoia
Saxa-Weimar
Saxonia
Saxonia-Anhalt
Sboriște
Scalovia
Scandinavia
Sciția
Scopia
Scoția
Scutari
Sedjenane
Segarcea
Seghedin
Seleușu Mare
Selonia
Semendria
Senegal
Serbia
Serbia Centrală
Serbia de Est
Serbia de Sud
Serbia Mare
Serdica
Serpeisk
Serpuhov
Seul
Sevastopol
Severin
Sevilia
Sfânta Agata
Sfânta Brighita
Sfânta Catrina
Sfânta Ecaterina
Sfânta Elena
Sfânta Lucia
Sfânta Maria
Sfânta Ponția
Sfânta Severina
Sfântu Gheorghe
Sfântul Andrei
Sfântul Anton
Sfântul Apostol Iacob
Sfântul Arnold
Sfântul Benedict
Sfântul Blasiu
Sfântul Brioc
Sfântul Carol
Sfântul Claudiu
Sfântul Corneliu
Sfântul David
Sfântul Deodat
Sfântul Diego
Sfântul Dionisie
Sfântul Dominic
Sfântul Dumitru
Sfântul Egidiu
Sfântul Emil
Sfântul Ferdinand
Sfântul Florentin
Sfântul Florin
Sfântul Gallus
Sfântul Gheorghe
Sfântul Gotthard
Sfântul Helier
Sfântul Hubert
Sfântul Ilarion
Sfântul Ilie
Sfântul Imperiu Roman
Sfântul Ioan
Sfântul Iosif
Sfântul Iulian
Sfântul Iulian de la Mare
Sfântul Kitts
Sfântul Laurențiu
Sfântul Leonard
Sfântul Ludovic
Sfântul Martin
Sfântul Maurițiu
Sfântul Maxim
Sfântul Maximilian
Sfântul Meven cel Mare
Sfântul Moise
Sfântul Moise cel Negru
Sfântul Nicolae
Sfântul Patric
Sfântul Paul
Sfântul Paul de Leon
Sfântul Paul Trei Cetăți
Sfântul Petru
Sfântul Ponțiu
Sfântul Sabin
Sfântul Samuil
Sfântul Sebastian
Sfântul Sever
Sfântul Severin
Sfântul Solomon
Sfântul Ștefan
Sfântul Valeriu
Sfântul Vicențiu
Sfîntu Gheorghe
Sfîntul Gheorghe
Shandi
Siberia
Siberia de Nord-Est
Siberia de Nord-Vest
Sibiu
Sic
Sicilia
Sîctîvcar
Sighet
Sighetu Marmației
Sighișoara
Signahi
Silezia
Silezia Inferioară
Silezia Superioară
Silistra
Silivri
Șimand
Simferopol
Sinai
Singapore
Sion
Siracuza
Siret
Siria
Sirmia
Șirvan
Șiștova
Șiumla
Sîzran
Slavia
Slavia de Vest
Slavonia
Slobozia
Slovacia
Slovacia de Est
Slovacia de Sud
Slovacia de Vest
Slovenia
Slovenia de Nord
Șmerinca
Smil
Snitîn
Soboslău
Sofia
Solnoca
Somalia
Somalia Britanică
Somalia Franceză
Șopotu Nou
Sorbia
Soroca
Sosnîțea
Spania
Sparta
Srebrenița
Sredeț
Stalingrad
Stalino
Statele Papale
Statele Unite
Statele Unite ale Americii
Statul Liber Irlandez
Statul Teuton
Stavropol
Stepa Baraba
Stepa Caspică
Stepa Cazahă
Stepa Euroasiatică
Știp
Stiria
Stiria de Sus
Stoenești
Storgozia
Strâmtoarea Magellan
Strasburg
Strehaia
Strigoniu
Strîi
Stromboli
Struma
Studenița
Suar
Subcarpația
Suceava
Sudan
Sudovia
Suedia
Suez
Suhumi
Sulina
Sumer
Sumî
Șumsc
Surinam
Șurupac
Susudava
Șvăbia
Svalova
Svinița
Sviștov
Sviștova
Tabaristan
Tabla Buții
Tadjikistan
Tagant
Tagantul de Vest
Tallin
Tamisa
Tanger
Tanzania
Țara Bârsei
Țara Bascilor
Țara Bîrsei
Țara de Jos
Țara de Sus
Țara Galilor
Țara Românească
Țara Rumânească
Târgoviște
Târgșor
Târgu Bujor
Târgu de Floci
Târgu Frumos
Târgu Jiu
Târgul Nou
Târgu Mureș
Târgu-Mureș
Târgu Neamț
Târgu Ocna
Târgu Putnei
Târgu Secuiesc
Târgu Trotuș
Târgu Turia
Țarigrad
Țările de Jos
Țarițîn
Târnavia
Tarnovia
Tărnovo
Tartaria
Tașir
Tașkent
Tasmania
Tășnad
Tasos
Tatarstan
Țeara Bârsei
Țeara de Jos
Țeara de Sus
Țeara Galilor
Țeara Rumânească
Teba
Teceu Mare
Teheran
Teiuș
Temișana
Tenerife
Terebovlea
Teregova
Teritoriile de Nord-Vest
Teritoriul de Nord
Teritoriul Indian
Termessus
Terranova
Tesalia
Tesalia Vlahă
Țețina
Thailanda
Theodoro
Țhinvali
Tiaret
Tiberiada
Tibet
Tigheci
Tighina
Tigru
Tihvin
Timiș
Timișoara
Ținutul Secuiesc
Tipaza
Tir
Tirana
Tiraspol
Tîrgoviște
Tîrgșor
Tîrgu Bujor
Tîrgu Frumos
Tîrgu Jiu
Tîrgul Nou
Tîrgu-Mureș
Tîrgu Neamț
Tîrgu Ocna
Tîrgu Putnei
Tîrgu Secuiesc
Tîrgu Trotuș
Tirol
Tirolul de Sud
Tisa
Tismana
Tismenița
Tiumen
Țiurupînsc
Togolanda de Vest
Tokio
Tolbuhin
Tolofona
Tomisovara
Torjok
Toropeț
Toscana
Toscana și Umbria
Tracia
Tracia Centrală
Tracia de Sus
Tracia Răsăriteană
Transcarpația
Transdanubia
Transilvania
Transilvania de Nord
Transiordania
Transjurania
Transnistria
Transolza
Transoxiana
Travunia
Trecătoarea Vulturului
Trei-Scaune
Trento
Triavna
Triest
Tripoli
Tripolița
Triunghiul Bermudelor
Troada
Troia
Troițk
Tulcea
Tunis
Tunisia
Turcia
Turda
Turingia
Turkistan
Turnu
Turnul lui David
Turnu Măgurele
Tuzara
Ucraina
Ucraina de Nord
Ucraina de Sud
Ucraina de Vest
Ucrania Centrală
Udmurtia
Uganda
Uiguria
Uilac
Uileac
Ujhorod
Ulan Bator
Uma
Ungaria
Ungaria Centrală
Ungaria de Nord
Ungheni
Unguraș
Uniunea Europeană
Ural
Uranopoli
Urbea Mare
Urghenci
Usdia de Est
Usdia de Vest
Ușița
Ustiug
Ustiugu Mare
Vaideei
Vâlcău de Jos
Valdai
Valea Limului
Valea Morții
Valona
Valonia
Varadia
Vărădia
Varadia Mare
Varașdin
Varmia
Varna
Vârșeț
Varșovia
Varta
Vasîlcov
Vaslui
Vaț
Vatican
Vatra Dornei
Veazma
Veglia
Velij
Velîkîi Bereznîi
Veneția
Verdun
Veria
Versai
Vestfalia
Viadineți
Vîborg
Vîcegda
Viciebsc
Victoria
Vidin
Viena
Vietnam
Vietnamul de Nord
Vietnamul de Sud
Viflaim
Vila Regală
Vîlcău de Jos
Vilnius
Vinița
Vințu de Jos
Vîrșeț
Vișeu de Sus
Vîșhorod
Vîșnea
Vistula
Vîtaciv
Vizigoția
Vlaherne
Vlahia Mare
Vodița
Voievodina
Volga
Volga de Jos
Volga-Ural
Volgograd
Volîn
Volînia
Volodîmîr
Volodîmîr-Volînskîi
Volta Superioară
Voronej
Voroșilovgrad
Vozia
Vrața
Vudena
Warmia și Mazuria
Zaicear
Zair
Zalău
Zambia
Zamunt
Zaporojia
Zărand
Zaslavia
Zbaraj
Zeelanda
Zeelanda de Est
Zeelanda de Nord
Zeelanda de Sud
Zeelanda de Vest
Zenta
Zichia
Zimnicea
Zlatna
Zorești
Zurvanism
Zvecean
Zvenîhorod
