A'xi'qu
Akl'tax
Aqui'syl
Axr'za
Ay'tafr
Ba'cu'zyil
Bee'zu'qtil
Biz'qu'da
By'dax'il
Caz'ix'ko
Ciq'yl'um
Cir'cu'vil
Coz'qix
D'nuz'ril
Dhq'to'da
Dirz'ril
Drzz'tiq
Dyz'qi'ril
Eqr'zanix
Equi'nix
Exr'drazil
Ez'ra'qril
For'qu'da
Fqu'nix
Fyx'ko
Fza'ri'rix
Ga'ru'da
Gro'qiz'do
Gyu'ko'ix
Gzru'da
Haz'y'ra
Hiz'ix'il
Hqu'ith
Huv'qu'ko
If'il'ix
Iqu'na'to
Ix'id'or
Izz'qu'en
Jaq'znu'ko
Jhru'ni'da
Jne'qu'ix
Jo'zdr'un
Kah'rx'ko
Kqu'drx
Krz'jm'dz
Kyq'cu'ix
La'crz
Lo'aq'ru
Lum'qo'ra
Luq'xr'to
Maz'rra
Mhr'ux
Mqu'ko
My'qu'rx
Nho'ri'x
Njen'qu
Nrh'do
Nuy'to
Ohr'ru'to
Omr'ko
Owq'u'ril
Ozq'rx
Qro'til
Qru'to'ril
Qui'rx
Qwx'r
Ri'mx'ko
Rqu'ko'rx
Rro'sni'x
Rzz'da'q
Sq'ry'ko
Sur'rx
Sx'qu'ro
Szz'ni'x
Trr'qu'ix
Tvx'ko'ril
Tx'qril
Tzu'ri'nix
Un'b'to
Uq'nx'ril
Urr'x
Ux'rr'ko
Vax'ny'da
Vqu'rx
Vx'al'ril
Vyn'x'ril
Wdr'ill
Whn'qril
Wrz'nq'da
Wz'nnx'to
Xl'ra'to
Xna'ril
Xvr'do
Xyr'ko
Ydrx'to
Yq'drr'ko
Yvn'drr
Yvx'ril
Zrr'ko'ril