Abramovich
Adamovich
Agin
Alexseyev
Alferov
Angeloff
Antonoff
Antonov
Babin
Babinski
Bardin
Basov
Belinsky
Belkin
Belousov
Belsky
Berezin
Berezovsky
Bobko
Bolotin
Borin
Borodin
Botkin
Briukanov
Brusilov
Bunin
Burdin
Butakov
Butlerov
Buynichev
Chaban
Chebyshev
Cherenkov
Chernoff
Davidoff
Davydov
Degtyaryov
Demidov
Devin
Dezhnyov
Dmitriev
Dobrow
Dorosh
Dragomirov
Duboff
Dubow
Dudnik
Duskin
Dyatlov
Elin
Eline
Evanoff
Falin
Federoff
Fedorov
Fradkov
Furgal
Fyodorov
Galkin
Garin
Geim
Genrich
Gerasimov
Glukhovsky
Gorbachev
Grishina
Gryaznov
Gurin
Gurkin
Gusinsky
Holevo
Ignatenko
Ivannikov
Ivanoff
Ivanov
Kamensky
Kantorovich
Kapitsa
Kasparov
Kaspersky
Kazakov
Khodorkovsky
Kolosov
Komarov
Kornilov
Korolev
Kosyakin
Kovalevskaya
Kozak
Kozhedub
Krasnoff
Krasnopolsky
Kristoff
Krutov
Kryuchkov
Kudrin
Kurchatov
Kuzin
Kuznetsov
Landau
Larionov
Laskin
Lavrov
Lazarev
Legasov
Levin
Levitsky
Limonov
Lipovsky
Litvin
Litvinenko
Litvyak
Lobachevsky
Lomonosov
Lopatin
Lukin
Makarov
Maksimushkin
Malikov
Markoff
Markov
Markow
Maslow
Medvedev
Melnikoff
Mendeleev
Metchnikoff
Mil
Minsky
Mishkin
Mishustin
Molchanov
Morein
Mozhaysky
Nevsky
Novikoff
Novoselov
Oganesyan
Oganov
Orloff
Orlov
Orlovsky
Ostrovsky
Patrushev
Pavlov
Perelman
Peskov
Petrenko
Petroff
Petrov
Pikalov
Pirogov
Polachev
Polakoff
Polyakov
Popoff
Popov
Potemkin
Prokhorov
Pushkov
Rodin
Romanoff
Romanov
Rychenkov
Sakharov
Samarin
Savin
Sayanovich
Semyonov
Serdyukov
Shakhray
Shatalov
Shestakov
Shoigu
Shubin
Shulepov
Skobelev
Sobchak
Sobyanin
Sokoloff
Sokolov
Sorokin
Stakhanov
Starobinsky
Statnik
Stoletov
Stoyanovich
Stukov
Sunyaev
Surkov
Svergun
Taraskin
Timofeyevich
Titov
Tsiolkovsky
Tsygankov
Tulyakov
Tupolev
Turgenev
Tvardovsky
Ulanov
Vasiliev
Vavilov
Vezenskiy
Voitinsky
Volkov
Yanayev
Yeltsin
Yerzov
Zhabotinsky
Zhirov
Zhivenkov
Zhukov
Zhukovsky
Zubkov
Zworykin
