Adelaide
Adelina
Adriana
Águeda
Alberta
Albertina
Albina
Alda
Aldina
Alexandra
Alexandrina
Alice
Alícia
Aline
Amália
Amanda
Amélia
América
Amor
Ana
Anabela
Andréa
Andreia
Andréia
Ângela
Angélica
Anita
Antónia
Antônia
Apolónia
Apolônia
Ariana
Assunção
Augusta
Áurea
Aurora
Balbina
Bárbara
Beatriz
Belinha
Benedita
Benigna
Bia
Bianca
Branca
Brígida
Bruna
Brunilda
Caetana
Calista
Calixta
Camila
Cândida
Carina
Carla
Carlota
Carminho
Carmo
Carolina
Cassandra
Catarina
Cátia
Cecília
Célia
Cesária
Chica
Cíntia
Clara
Clarissa
Cláudia
Clementina
Cloé
Clotilde
Constança
Constância
Cristiana
Cristina
Cruz
Custódia
Daniela
Débora
Délia
Desidéria
Diana
Dina
Domitila
Dores
Doroteia
Dorotéia
Duda
Dulce
Edite
Eduarda
Efigénia
Efigênia
Eleanora
Eliana
Elisa
Elisabete
Eliza
Elvira
Ema
Emília
Emiliana
Eneida
Érica
Esmeralda
Estefânia
Estela
Ester
Eufêmia
Eugênia
Eulália
Eva
Fábia
Fabiana
Fátima
Felícia
Felicidade
Fernanda
Filipa
Filomena
Flávia
Florinda
Fortunata
Francisca
Frederica
Gabriela
Genoveva
Gertrudes
Gilda
Gisela
Gláucia
Gloria
Graça
Graciana
Gracília
Guiomar
Helena
Hermínia
Iara
Ida
Imaculada
Inês
Iolanda
Irene
Iria
Irina
Íris
Isabel
Isabela
Isaura
Isidora
Isis
Izabel
Jacinta
Jaqueline
Jessica
Jéssica
Joana
Joaninha
Jordana
Josefa
Josefina
Jovita
Judite
Júlia
Juliana
Julie
Julinha
Lara
Larissa
Laura
Leandra
Lena
Leocádia
Leonor
Leopoldina
Letícia
Lia
Liana
Lídia
Lígia
Lílian
Liliana
Lívia
Lorena
Luana
Lúcia
Luciana
Lucília
Lucinda
Luísa
Luiza
Luna
Lurdes
Luzia
Lygia
Madalena
Mafalda
Magda
Maia
Maiara
Manoela
Manuela
Mara
Márcia
Marciana
Marciane
Margarida
Maria
Mariana
Mariazinha
Marina
Marisa
Maristela
Marta
Matilde
Mélanie
Melissa
Mia
Micaela
Miguela
Moema
Monica
Mónica
Mônica
Nádia
Naiara
Narcisa
Natacha
Natália
Nathália
Nela
Nelinha
Neves
Nicole
Nilda
Noa
Noemí
Noêmia
Núria
Octávia
Ofélia
Olga
Olívia
Ondina
Otávia
Palmira
Paloma
Patrícia
Paula
Paulina
Paulinha
Perpétua
Pia
Pilar
Priscila
Rafaela
Raissa
Raquel
Rebeca
Regina
Renata
Rita
Rosa
Rosalia
Rosália
Rosalina
Rosana
Rosário
Rosinha
Rute
Sabina
Safira
Salomé
Sandra
Sara
Serafina
Severina
Silvia
Sílvia
Sofia
Sol
Sonia
Sónia
Soraia
Susana
Suzana
Taís
Talita
Tânia
Tatiana
Telma
Teodora
Teresa
Teresinha
Tereza
Terezinha
Thaís
Thalita
Úrsula
Valentina
Valéria
Valquíria
Vanda
Vanessa
Vera
Verônica
Victória
Violeta
Virginia
Vitória
Yasmin
Zita
