Abel
Abílio
Abraão
Adalberto
Adão
Adelmar
Ademar
Ademir
Adriano
Afonso
Agostinho
Alberto
Albino
Alcides
Aldo
Aleixo
Alex
Alexandre
Alfredo
Almir
Almiro
Aloísio
Altair
Álvaro
Amancio
Amando
Ambrósio
Américo
Amílcar
Amor
Anacleto
André
Ângelo
Aníbal
Anselmo
Antelmo
António
Antônio
Aristides
Armando
Arsenio
Artur
Atílio
Augusto
Aurélio
Balbino
Balduíno
Bartolomeu
Benedito
Benigno
Benjamim
Bento
Bernardino
Bernardo
Bonifacio
Brás
Breno
Brian
Bruno
Caetano
Caio
Calisto
Calixto
Camilo
Cândido
Carlinhos
Carlito
Carlitos
Carlos
Carmo
Casimiro
Cecilio
Celestino
Celio
Celso
César
Cesário
Cezar
Cézar
Cezário
Chico
Cipriano
Ciríaco
Cláudio
Clemente
Cleto
Cornélio
Cosme
Cristiano
Cristóvão
Cruz
Custódio
Dado
Dan
Daniel
Danilo
Dário
Davi
David
Demétrio
Deodato
Desidério
Diego
Dimas
Dinis
Diniz
Diogo
Dionísio
Domingos
Donato
Du
Duarte
Duda
Dudu
Edgar
Edmundo
Edu
Eduardo
Egídio
Elder
Eleuterio
Elias
Elpidio
Emanuel
Emilio
Enéas
Enzo
Erasmo
Érico
Ernesto
Estevão
Eugênio
Eusébio
Eustaquio
Eutímio
Evaristo
Ezequiel
Fabiano
Fábio
Fabricio
Faustino
Fausto
Feliciano
Felipe
Felipinho
Félix
Fernando
Fernão
Filipe
Flávio
Florencio
Fortunato
Francisco
Fred
Frederico
Fúlvio
Gabriel
Gaspar
Geraldo
Germano
Gervásio
Gil
Gilberto
Gláucio
Glauco
Godofredo
Gonçalo
Graciano
Gualberto
Guálter
Guilherme
Guiomar
Gustavo
Haroldo
Heitor
Helder
Hélder
Heliodoro
Henrique
Herberto
Heriberto
Hermenegildo
Hermínio
Hipólito
Horácio
Hugo
Iago
Ian
Igor
Inácio
Isaac
Isac
Ismael
Ivan
Ivo
Jacinto
Jacó
Jaime
Jeremias
Jerónimo
Jerônimo
João
Joãozinho
Joaquim
Joel
Jônatas
Jordão
Jorge
Jorginho
José
Josué
Julio
Kévim
Kevin
Leandro
Leonardo
Leonel
Leopoldo
Lino
Lisandro
Lourenço
Luca
Lucas
Luciano
Lúcio
Luís
Luisinho
Luiz
Manel
Manoel
Manuel
Marcelinho
Marcelino
Marcelo
Marciano
Márcio
Marco
Marcos
Maria
Mariano
Marinho
Mário
Marquinhos
Martim
Martinho
Mateus
Matheus
Matias
Maurício
Mauro
Maximiano
Maximiliano
Maximino
Micael
Miguel
Miguelito
Modesto
Moisés
Monje
Narciso
Natanael
Nataniel
Nelinho
Nelson
Netuno
Nico
Nicodemo
Nicolau
Noah
Noé
Norberto
Nuno
Octávio
Odilon
Olavo
Olegário
Oscar
Óscar
Osvaldo
Otávio
Ovídio
Patrício
Paulinho
Paulino
Paulo
Pedrinho
Pedro
Pio
Plácido
Plínio
Primo
Quim
Quirino
Rafael
Rafinha
Raimundo
Ramiro
Raul
Raúl
Raymundo
Régulo
Reinaldo
Remigio
Renato
Reynaldo
Ricardo
Roberto
Rodolfo
Rodrigo
Rogério
Rolando
Roldão
Ronaldo
Roque
Rubem
Rúben
Rubens
Rubinho
Rufino
Rui
Ruy
Salomão
Salvador
Samuel
Sandro
Santiago
Saturnino
Sebastião
Sérgio
Severino
Silvestre
Silvio
Simão
Tacito
Tadeu
Telmo
Téo
Teobaldo
Teodoro
Teodósio
Teófilo
Thiago
Tiago
Tiburcio
Timoteo
Tito
Tomás
Tomé
Toninho
Tristão
Túlio
Ulisses
Valentin
Valério
Valter
Vasco
Veríssimo
Vicente
Victor
Victorino
Vinícius
Virgílio
Viriato
Vítor
Wilson
Xande
Xandinho
Xavier
Zé
Zeferino
Zezé