Abazinie
Abbaye de Mortemer
Abbeville
Abdère
Abidjan
Abkhazie
Aboukir
Abrettène
Abrois
Abruzzes
Abyssinie
Acadiane
Acadie
Acarnanie
Acerra
Aceyr-Ghor
Achaïe
Achalgârh
Acharnes
Achgabat
Achmiany
Achmîm
Adamaoua
Adélaïde
Adiabène
Adjoucrou
Adoua
Ægée
Aerenbourg
Aérodrome de Cut Bank
Aéroport de Great Falls
Aerschot
Afflighem
Afrique
Afrique Centrale
Afrique du Sud
Afrique Équatoriale
Afrique Espagnole
Afrique Occidentale
Afrique-Occidentale Française
Agde
Agen
Agenais
Agrigente
Agrínio
Ahicchatrâ
Ahmadnagar
Ahun
Aidasse
Aigion
Aiglère de Campoo
Aiglère de la Beira
Aïn Bni Mathar
Ainos
Aïnse
Aïtone
Aix
Aix-la-Chapelle
Akhaltsikhé
Akhtouba
Akhtoubinsk
Aksoum
Aktaou
Alacuas
Alanie
Alarcon
Alava
Alayor
Alba d'Aliste
Alba-Julia
Alba-la-Romaine
Albanie
Albéric
Albertville
Albourg
Alcagniz
Alcala de Guadaïre
Alcala-sur-Xúquer
Alcalaten
Alcazoves
Alcobace
Aleksandrovka
Aleksandrovsk-Sakhalinski
Aleksine
Alençon
Alep
Aléria
Alexandrette
Alexandrie
Alexandrie de Troade
Alfare
Algaïde
Alger
Algérie
Algésiras
Alhamme d'Aragon
Alie
Allemagne
Allemagne de l'Est
Allemagne de l'Ouest
Allinges
Allobrogie
Almade
Almagre
Almanse
Almasan
Almérie
Almudéver
Almugnécar
Along
Alost
Alouchta
Alpes
Alpes Bavaroises
Alpes-Maritimes
Alpont
Alsace
Altenbourg
Alvaiacere
Alvit
Amandieraie
Amarant
Amasée
Amazone
Ambatomasina
Amboise
Ambracie
Ambrolaouri
Amedi
Amérique Centrale
Amida
Amour
Amyclées
Anaktórion
Anastasiopolis
Anatolie
Anatolie Orientale
Anazarbe
Ancône
Ancyre
Andalousie
Andenne
Andorre
Andorre-la-Vieille
André
Andreville
Andrinople
Ándros
Angers
Angleterre
Angleterre de l'Est
Angleterre du Nord-Ouest
Angleterre du Sud-Ouest
Angoulême
Angrie
Anguien
Anjou
Annapolis Royal
Annècy
Annonay
Anso
Antarctique
Anthédon
Antigue-et-Barbude
Antioche
Antioche du Méandre
Antioche-sur-l'Oronte
Anurâdhapura
Anvers
Aoste
Apamée
Apamée de Bithynie
Appenzell Rhodes-Extérieures
Appenzell Rhodes-Intérieures
Apt
Apulie et Calabre
Aquilée
Aquitaine
Arabie
Arabie Saoudite
Aragon
Arande de Dure
Arberie
Arbouans
Arbre
Arcadie
Arcs
Arcs-de-Valdevéz
Ards
Areis
Argana
Argentan
Argenton-sur-Creuse
Argeus
Argis
Argovie
Arimathie
Arjone
Arles
Armée Syrienne Libre
Arménie
Arménie Mineure
Arménie Occidentale
Armin
Armorique
Arnet
Arras
Arrayoles
Arrondissement de Dithmarse
Arsamosate
Arsur
Artasia
Artchar
Artémision
Arthe
Artois
As
Asbestos
Ascalon
Ascanie
Aschaffenbourg
Asclépios
Ashby-de-la-Zouch
Asie
Asie Centrale
Asinè
Asnelles
Assebebe
Assiout
Assise
Assomption
Assouan
Assyrie
Astacos
Astana
Astorgue
Astudille
Asturies
Asturies de Sainte-Julianne
Asturies d'Ouviet
Astypalée
Atacama
Atarnée
Athamanie
Athènes
Atience
Atlantide
Atlas
Atlas Saharien
Atlas Tellien
Attalie
Attique
Atuyer
Atyraou
Aubenas
Aubusson
Auch
Audembourg
Audenarde
Audomarois
Audun-le-Roman
Augsbourg
Aulnay
Aunis
Auray
Aurillac
Ausétanie
Australie
Australie-Centrale
Australie-Méridionale
Australie-Occidentale
Australie Septentrionale
Autours
Autriche
Autun
Auvergne
Auvergne-Rhône-Alpes
Auxerre
Auxi-le-Château
Auxois
Avallon
Avalois
Aveire
Avenches
Aventich
Avignon
Avranches
Azerbaïdjan
Azerbaïdjan Occidental
Azôt
Azuague
Babaïevo
Babrouïsk
Babylone
Bachkirie
Bactriane
Bade
Baene
Bagdad
Bagnères-de-Bigorre
Bagnols-sur-Cèze
Bahmanî
Bahreïn
Baie Apalachee
Baie de Baffin
Baie de Galveston
Baie de Galway
Baie de Heligoland
Baie de Koweït
Baie de Manille
Baie de Mutsu
Baie de Pamlico
Baie de San Francisco
Baie de Sébastopol
Baie de Suruga
Baie d'Hudson
Baie d'Ungava
Baie Georgienne
Baie James
Baie Notre-Dame
Baiesses
Baïkal
Baïkonour
Bain d'Airain
Bajour
Bakhmout
Bakhtchyssaraï
Bakou
Bakouba
Balachov
Balbec
Bâle
Bâle-Campagne
Bâle-Ville
Balouchistan
Baltoscandie
Bandar-e Mahchahr
Bande d'Aozou
Bande de Toledo
Bandiagara
Bangalore
Bapaume
Bar
Baranavitchy
Barbastre
Barcelone
Barcels
Bareilly
Barfleur
Bargylía
Bar-le-Duc
Barnaoul
Barneville-Carteret
Barrage d'Oahe
Barrancs
Bar-sur-Aube
Bar-sur-Seine
Barych
Bas-Canada
Base Navale de la Baie de Guantánamo
Bas-Rhin
Bassac
Basse-Autriche
Basse-Bretagne
Basse-Californie
Basse-Égypte
Basse-Franconie
Basse-Lorraine
Basse-Navarre
Basse Régions
Basses-Carpates
Basse-Silésie
Bassin de Los Angeles
Bassin du Congo
Bassin du Lac Eyre
Bassin du Niger
Bassin du Tarim
Bassin du Tchad
Bassorah
Bastelicaccia
Bastia
Bastulie
Bataille
Batnéens
Batoumi
Bavière
Bayeux
Bazadais
Béarn
Beaucaire
Beaucourt
Beaugency
Beaujeu
Beaulieu
Beaumetz
Beaumont
Beaumont-sur-Lèze
Beaune
Beaupréau
Beauvais
Beauvoir
Bégemeder
Beheira
Bejetsk
Bektachi
Belebeï
Belgie
Belgrade
Belle-Île-en-Mer
Bellinzone
Bellune
Belmont
Bélogradtchik
Bénarès
Benelux
Bénévent
Bengale
Bengale-Occidental
Bengale Oriental
Bénin
Bénisse
Beni Ulid
Béotie
Berdiansk
Berdytchiv
Bergame
Berg-op-Zoom
Bergues
Bernbourg
Berne
Bernicie
Berry
Bersabée
Béruelle
Besalu
Besançon
Bessarabie
Bethléem
Béthune
Bexhill
Beyrouth
Béziers
Bhâratpur
Bhoutan
Bhuj
Biarmie
Bicêtre
Bielle
Biélorussie
Bienne
Bierzo
Bigorre
Bîjâpur
Bilohirsk
Birdjand
Birioussa
Birmanie
Birobidjan
Biscaye
Bitbourg
Bitche
Bithynie
Bittsevski Park
Blagovechtchensk
Blain
Blambangan
Blâmont
Blanche Garde
Blaye
Blom
Blon
Blonay
Bodaïbo
Bogota
Bogoutchar
Bohême
Bohême-du-Sud
Bohodouchiv
Bohouslav
Bois-le-Duc
Bojnourd
Bolgar
Bolivie
Bologne
Bologoïe
Boltagne
Bondonice
Bondoukou
Bone
Bonfeie
Bonille
Bonnevaux
Bonport
Boqée
Borbe
Bordeaux
Borissov
Bornais
Bornéo
Boroudjerd
Borovitchi
Borrianne
Bosasso
Bosnie
Bosphore
Bosra
Bottiée
Bouanane
Bouchaoui
Bouchehr
Bouches de Bonifacio
Bouches-du-Rhône
Bouchon du Darién
Bouclier Canadien
Boudjak
Bouganda
Bougie
Bougoulma
Bouillon
Boukhara
Boukhtarma
Boulogne-sur-Mer
Bouna
Bouquinquant
Bourbon
Bourbonnais
Bourbourg
Bourganeuf
Bourgas
Bourges
Bourgogne
Bourgogne Transjurane
Bouriatie
Bourscheid
Boutchatch
Boutilimit
Bouzonville
Brabant
Bragance
Brague
Braïla
Bramber
Brançon
Brandebourg
Braslaw
Bratislava
Bréda
Brégence
Breïtovo
Brélès
Brême
Brésil
Bressanone
Bressieux
Bressuire
Brest
Bretagne
Bretaigne
Brétigny
Briançon
Brie
Brielle
Briey
Brigue
Brihuege
Brindes
Brion-sur-Ource
Brioude
Brisgau
Broch de Midhowe
Bronchals
Bruges
Brunico
Brunswick-Lunebourg
Bruxelles
Bucarest
Bucellaires
Bucovine
Buffavento
Buissera
Buitrague
Bujumbura
Bukavu
bulgare de la Volga
Bulgarie
Bund Germano-Américain
Burenbegie
Butella
Buthrote
Butrint
Byblos
Byzance
Cabre
Cacétie
Cachemire
Cachoubie
Cadésie
Cadix
Cahem
Calabre
Calahorre
Calais
Calamoche
Calanais
Calandrice
Calatrave
Calcutta
Calemate
Californie
Calleacia
Calmarce
Calomard
Calvados
Camarase
Camarina
Cambodge
Cambrai
Cameroun
Campanie
Campbellton
Campgros
Canal de Sainte-Lucie
Canal de Santa Barbara
Canal du Mozambique
Canal du Nicaragua
Candie
Cangues d'Onis
Canigou
Cannes
Cantagnede
Cantorbéry
Cap de Bonne-Espérance
Cap Delgado
Capharda
Capoue
Cappadoce
Caraitaine
Carallose de la Sacré
Carcassonne
Carchatel
Cardiche
Carélie
Caréliens
Carhaix
Carie
Carinthie
Caristho
Carlat
Carlsbad
Carmonne
Caroline du Nord
Caroline du Sud
Carpatie
Carpentras
Carraced
Carrare
Carrhes
Carrion
Carthage
Carthagène
Carystos
Caserte
Cassandrée
Casseneuil
Castalle
Castel Corinthe
Castel del Rio
Castelnaudary
Castelsarrasin
Casthanée
Castille
Castille-et-León
Castra Comnene
Castrovert
Catalogne
Catane
Caucase
Cavaillon
Cave de Tyron
Cayenne
Caylus
Ceinture Noire
Celmans
Celric de la Beire
Celtibérie
Centre
Centre Spatial Johnson
Centre-Sud
Céphalonie
Cerdagne
Cerepum
Cérès
Cerisy-la-Forêt
Cerlier
Cervelle
Cervère
Césarée
Césarée de Philippe
Césène
Cévennes
Ceylan
Chablis
Chabwa
Chacenay
Chaîne de Timan
Chalástra
Chalcédoine
Chalcidique
Chaldée
Chalindrey
Chalkar
Chalmazel
Chalon
Châlons
Châlons-en-Champagne
Châlons-sur-Marne
Chalon-sur-Saône
Châlus
Chambéry
Chamilly
Champagne
Champagnole
Chandarli
Chantilly
Chaonie
Chapel
Characène
Charente-Inférieure
Charente-Maritime
Charga
Charleroi
Charlieu
Charlotte-Amélie
Charmutha
Chartres
Chastel-de-Fer
Chastel Geoffrey
Chastel Rouge
Chateau Beroart
Château Blanc
Châteaubriant
Château-Chinon
Chateau d'Air
Château de Clermont
Château de Dublin
Château de Kalmar
Château de la Lucertola
Château de Peyrelade
Château de Saint Jean
Château des Tourelles
Châteaudun
Château du Sel
Château-Gontier
Château-Landon
Chateaulin
Château Mieux
Châteauneuf-du-Faou
Châteauneuf-du-Pape
Château-Renard
Château-Renault
Château Rodrigue
Châteauroux
Châteauséri
Château-sur-Epte
Château-Thierry
Châteauville
Châteaux
Châtelaudren
Châtellerault
Châtenois
Chatili
Châtillon
Châtillon-sous-les-Côtes
Chaudière-Appalaches
Chaumont
Chaumont-sur-Loire
Chavaloies
Chazarie
Chellah
Chendi
Chenkoursk
Cherkisia
Chéronée
Chersónissos
Chesalmaire
Cheteau Brient
Chevaliers du Soleil
Chevaliers Porte-Glaive
Chevreuse
Chevrière
Chevtchenko
Chili
Chimay
Chimkent
Chinon
Chiprane
Chisra
Choa
Cholet
Chouchtar
Choumen
Choumsk
Christople
Chrysopolis
Chtchoutchyn
Chupanidia
Chutes de Shoshone
Chutes d'Havasu
Chutes d'Iguazú
Chypre
Chypre du Nord
Cibyrrhéotes
Cieza
Cilicie
Cimiez
Cinq-Ports
Cinque Ports
Ciscaucasie
Cisleithanie
Cisterne
Citadelle d'Amman
Citadelle de Damas
Citadelle de Homs
Cîteaux
Cité du Vatican
Cité Rodrigue
Cité Vieille
Ciudadela
Clairvaux
Clarence
Claudiople
Claudiopolis
Clazomènes
Clermont
Clermont-en-Argonne
Clermont-Ferrand
Clermont-sur-Allier
Clervaux
Cléves
Clisson
Cluny
Cnide
Cnossos
Coblence
Cobourg
Cœur d'Alène
Cofitachequi
Coïmbre
Coire
Coirvaud
Col de Snoqualmie
Col du Saint-Gothard
Colecestre
Coligny
Collège des Pontifes
Collioure
Colmar
Cologne
Colombie
Colombie-Britannique
Colonée
Colosse
Comana du Pont
Combourg
Côme
Comieux
Commercy
Comminges
Commune de Bakou
Commune de Paris
Comores
Compagnia Blanche
Compagnie Catalane
Compagnie de la Baie d'Hudson
Compagnie de l'Étoile
Compagnie de Navarre
Compagnie Suédoise d'Afrique
Concarneau
Condeille
Condom
Confédération Antillaise
Confédération Wabanaki
Confrérie du Saint-Sépulcre
Coni
Conque
Conseil des Trois Feux
Constance
Constantie
Constantinople
Consuègre
Contres
Copenhague
Cordoue
Cordoue la Vieille
Corée
Corée du Nord
Corée du Sud
Corfou
Corfu
Corice
Corinthe
Corlay
Corne de l'Afrique
Cornouaille
Cornouailles
Coronée
Corse
Corse-Sardaigne
Cortone
Cosence
Cossigny
Costermansville
Côte-de-l'Or
Côte des Barbaresques
Côte d'Ivoire
Côte Française des Somalis
Cotentin
Côtes-d'Armor
Côtes-du-Nord
Cotonou
Coucy
Coudenberg
Couïavie
Coulogne
Coulommiers
Coumanie
Courlande
Cour-Saint-Maurice
Courtenay
Courtine
Courtrai
Covillan
Coyance
Crac
Crac des Chevaliers
Cracovie
Crat
Cravant
Crécy
Crécy-en-Ponthieu
Creissels
Crémone
Crète
Creuse
Crimée
Crisople
Croatie
Croïa
Crozant
Cullure
Cumbrie
Cumes
Curchus
Curté d'Argis
Cyrène
Cyrénie
Cyrrhestique
Cythère
Cyzique
Dabo
Dacht-e Lout
Dacie
Dagsbourg
Dahchour
Dahomé
Dakota du Nord
Dakota du Sud
Dalmatie
Damas
Damiette
Da Nang
Danemark
Danube
Daphnusie
Daraya
Dardanie
Darfour
Darfour-Occidental
Darfour-Oriental
Darkouch
Daroche
Dascylion
Dassarètie
Davos
Déas
Debré Libanos
Déciatie
Decize
Délos
Delphes
Delta de l'Irrawaddy
Delta de l'Orénoque
Delta du Gange
Delta du Niger
Delta du Nil
Démérara
Démétrias
Déols
Désert d'Arabie
Désert de Syrie
Désert Libyque
Des Grisons
Détroit de Drøbak
Détroit de Magellan
Détroit de Nemuro
Détroit d'Hudson
Détroit du Prince-de-Galles
Deux-Ponts
Deux-Siciles
Deux Soeurs
Dezfoul
Diaka
Didymotique
Diego-Suarez
Dienville
Dieppe
Dijon
Dinant
Dioclétienople
Dio-et-Valquières
Diolof
District de Columbia
District du Columbia
Diviline
Dixmude
Djanet
Djankoï
Djeddah
Djenné-Djeno
Djidjiga
Djiroft
Djouba
Djoungarie
D'mt
Dnipropetrovsk
Dobritch
Dobrogée
Dodécanèse
Dodécaschène
Dodone
Dognes
Dol-de-Bretagne
Donchie
Donetsk
Donges
Donzenac
Donzy
Doride
Dorogobouj
Dorsale Kolbeinsey
Dorsale Médio-Atlantique
Dort
Dorylée
Douai
Doubna
Doubno
Doubrovytsia
Doudinka
Douvres
Draguignan
Drépane
Dresde
Dreux
Dricourt
Driencourt
Drohobytch
Druges
Drybine
Dubaï
Duché Balte Uni
Duisbourg
Dunkerque
Dun-sur-Auron
Duras
Duraz
Durbuy
Duresm
Ébocosie
Échatel
Écosse
Écosse du Sud
Édéa
Édesse
Édimbourg
Eeyou Istchee
Égée
Églises
Egra
Egypte
Égypte
Eilenbourg
Eixée des Chevaliers
Ekibastouz
Elafonísi
Élam
El-Arich
Elassóna
Elátia
Eldorado
Élée
Eles
Éleusis
El Fasher
El Giof
Élimée
Élis
Élisabethville
Elne
Elseneur
Émile
Émilie
Émilie-Romagne
Émirats Arabes Unis
Emmerich am Rhein
Empire Achéménide
Empire Angevin
Empire Aztèque
Empire Byzantin
Empire Hunnique
Empire Khmer
Empire Latin
Empire Moghol
Empire Mongol
Empire Ottoman
Empire Romain
Empire Russe
Empire Timouride
Empouries
Enghien
Engleterre
Ennarée
Enotia
Entence
Entrains-sur-Nohain
Éolide
Épernay
Éphèse
Épire
Équateur
Erebouni
Érèse
Érétrie
Erevan
Érythrée
Érythrées
Esna
Espace Schengen
Espagne
Essesse
Estaires
Est Anglie
Estavayer
Estives
Estonie
Estrémadure
Étampes
Étaples
États-Belgiques-Unis
États de la Trêve
États Pontificaux
États Unis d'Afrique
États-Unis de l'Afrique Latine
États-Unis de l'Amérique Centrale
État Teutonique
Étele
Étéocréte
Éthiopie
Étolie
Eu
Eubée
Eurasie
Europe
Europe Centrale
Évreux
Exincourt
Extremedore
Fabare
Faïence
Falești
Famagouste
Farnham College
Fatu Hiva
Faucigny
Faucogney-et-la-Mer
Faugères
Faulquemont
Fauquembergues
Fauquemont
Faustinople
Fayoum
Fécamp
Fedayin
Fénétrange
Fenouillèdes
Ferère du Zêzere
Ferrare
Ferrette
Ferselle
Fès
Festós
Feurs
Fézensac
Fidence
Figuières
Figuieron des Vins
Finistère
Finlande
Fionie
Flandre
Flèche d'Arabat
Flessingue
Fleuraic
Fleuve Murray
Fleuve Saint-Laurent
Florac
Floreffe
Florence
Floride
Floride Occidentale
Floride Orientale
Focée
Fogny
Foix
Fontenay
Fontenay-en-Parisis
Fontenay-le-Comte
Fontsortie
Fontsureau
Forcalquier
Forestville
Forêt de Bohême
Forêt de la Sprée
Forêt-Noire
Forez
Forgeron
Formose
Fornouveau
Fort Caroline
Fort Chalet
Fort-de-France
Fort-Lamy
Fort-Langley
Fort-La-Republique
Fort Nez-Percés
Fort-Royal
Fosse des Aléoutiennes
Fosse des Mariannes
Fosse Norvégienne
Fostat
Foue
Fougères
Fouta-Djalon
Fouta-Toro
France
Francfort
Franche-Comté
Franconie
Fraternité Aryenne
Fréjus
Frère des Victuailles
Frères du Sacré-Cœur
Fribourg
Frioul
Frise
Frise-Occidentale
Frise Orientale
Frontenay
Front Révolutionnaire du Soudan
Funj
Fuvammulah
Gabardan
Gabès
Gabula
Gaël
Gaète
Gagaouzie
Gagnac-sur-Garonne
Galatie
Galaxídi
Galice
Galicie
Galilée
Galles
Galles du Nord
Galles du Sud
Gallice
Gallipolis
Gambie
Gand
Gandhâra
Gandie
Garciville d'Arousse
Garde Corse
Gardes Écossaises
Garde Suisse
Garde Varangienne
Garowe
Gaston
Gâtinais
Gaule
Gaule Lyonnaise
Gaule Narbonnaise
Gaule Transalpine
Gavrilov-Iam
Gaza
Gédrosie
Gello-Castro
Gembloux
Gênes
Genève
Gennes
Géorgie
Gerachi
Geraple
Gerasa
Gérase
Gérone
Gévaudan
Ghadamès
Ghassanidie
Ghâts Orientaux
Ghulam
Giannitsá
Gibelet
Gijon
Girton
Gisors
Glaris
Glasgovie
Gmünd
Gnëzdovo
Godjam
Goettingue
Golfe de Cagliari
Golfe de Corinthe
Golfe de Finlande
Golfe de Gascogne
Golfe de la Gonâve
Golfe de l'Ob
Golfe du Couronnement
Golfe du Saint-Laurent
Golfe Persique
Golfe Thermaïque
Gondwâna
Gordyène
Gortynie
Gothie Occidentale
Goudaouta
Goundorovka
Goundorovskaïa
Gouveille
Gragnène
Grammont
Grand Bérezny
Grand Caucase
Grand-duché de Finlande
Grande Arménie
Grande Chartreuse
Grande Compagnia
Grande Hongrie
Grande Mongolie
Grande Moravie
Grande Oustioug
Grande-Pologne
Grandes Antilles
Grandes Plaines
Grande Valaquie
Grand Londres
Grandmont
Grândole
Grandpiergon
Grandpré
Grand Qing
Grands Bancs de Terre-Neuve
Grand Sudbury
Grand Toronto
Grand Zimbabwe
Gravelines
Gray
Grèce
Grèce Centrale
Grenade
Grengiols
Grésas
Grevená
Grevire
Grianan d'Aileach
Griazovets
Grignan
Groenland
Groningue
Gruyères
Guadalest
Guarde
Gueldre
Guérande
Guéret
Guérnique
Guichen
Guidimakha
Guienne
Guijuel
Guilan
Guillemont
Guinée
Guinée-Bissau
Guinée équatoriale
Guinée Portugaise
Guînes
Guingamp
Guipuscoa
Guirecestre
Guizèh
Gularia
Gwâlior
Gyantsé
Gýthio
Hadramaout
Haguenau
Haïda Gwaïi
Haïfa
Haïl
Hailbron
Haïti
Halapia
Haliarte
Halle-sur-Saale
Hambourg
Hamoir
Hamtab
Hanoï
Hanovre
Harcourt
Harenc
Harfleur
Haronia
Hasparren
Hassa
Haut-Adige
Haut-Aragon
Haut-Canada
Haute-Arménie
Haute-Autriche
Haute-Bourgogne
Haute-Bretagne
Hautecombe
Haute-Égypte
Haute Lituanie
Haute-Lorraine
Haute Osraige
Haute-Silésie
Hautes-terres d'Écosse
Haute-Styrie
Haute-Volta
Hautpas
Haut-Pérou
Hauts-de-France
Háwikuh
Hayange
Haylon
Hébrides
Hébrides Extérieures
Hébrides Intérieures
Hébron
Hedjaz
Hellade
Hellin
Hennebont
Henzada
Héphaisties
Héracléa Minoa
Héraclée
Héraclée de Trachis
Héraclée du Latmos
Héraclée du Pont
Héraklion
Hérât
Herbeumont
Herculeople
Héricourt
Héristal
Hervas
Hesdin
Hesse
Histiéotide
Hlybokaïe
Hô Chi Minh-Ville
Hollande
Holsatie
Hombourg
Homiel
Homs
Honduras Britannique
Honfleur
Hongrie
Hongrie Centrale
Hongrie Septentrionale
Horde Blanche
Horde Bleue
Horde d'Or
Hornes
Hornisse
Horte
Houffalize
Houliaïpole
Hourzouf
Hrodna
Hué
Huelgoat
Huelme
Hulluch
Huronie
Iakoutie
Iakoutsk
Iamantaou
Iaroslavl
Ibice
Icarie
Idagne
Iekaterinbourg
Iekaterinodar
Ielets
Ielnia
Iéna
Ienisseïsk
Ierápetra
Île aux Chênes
Île Chahi
Île Christmas
Île d'Arran
Île de Baffin
Île-de-France
Île de la Gonâve
Île de Pâques
Île de Sable
Île de Vancouver
Île du Cap-Breton
île du Pharaon
Îles Australes
Îles Baléares
Îles Caïmans
Îles Cocos
Îles de la Frise-Occidentale
Îles de la Reine-Charlotte
Îles de Saint-Paul
Îles d'la Manche
Îles du Vent
Îles Égéennes
îles Féroé
Îles Galápagos
Îles Ioniennes
Îles Kerguelen
Îles Malouines
Îles Mariannes
Îles Marquises
Île Socorro
Îles Revillagigedo
Îles Salomon
Îles Sous-le-vent
Îles Sous-le-Vent
Île Yunaska
Ille-et-Vilaine
Illesques
Illinois
Illyrie
Imamat
Imamat du Caucase
Iméréthie
Inde
Inde Française
Indochine
Indonésie
Ingrie
Iochkar-Ola
Ionie
Iouzovka
Ipuscoa
Irchava
Irlande
Irlande du Nord
Irlande du Sud
Irogne d'Ocque
Irun
Isaurie
Isenac
Iskandariyah
Islande
Ispahan
Israël
Is-sur-Tille
Istamboul
Istrie
Italie
Italie annonaire
Italie du Nord
Itil
Iuliopolis
Ivrée
Jacksonville
Jadres
Jaligny-sur-Besbre
Jamaïque
Jammu-et-Cachemire
Jannina
Janville
Jarablous
Jaraïz de la Vère
Jawnpur
Jéricho
Jérusalem
Jérusalem-Ouest
Jesi
Jherusalem
Jimai
Jitcavitchy
Jiticara
Jlobine
Jodoigne
Joigny
Joinville
Jonquière
Jophé
Jordanie
Josselin
Joué-lès-Tours
Jublains
Jublent
Judée
Juldibaevo
Juliers
Jumièges
Justininople
Jutland-Central
Jutlande
Jytomyr
Kabadougou
Kaboul
Kachgar
Kalemie
Kalinkavitchy
Kalmoukie
Kalouga
Kalpî
Kamtchatka
Kamychine
Kamychlov
Kandahâr
Kandyagach
Kanem-Bornou
Kanesatake
Kânnauj
Kansaï
Kaqavaberd
Karabach
Karakalpakistan
Karakoel
Karakol
Karassoubazar
Karchi
Kardjali
Karpas
Karsovaï
Katmandou
Kaysone Phomvihane
Kemtchoug
Kénitra
Kenora
Kermanchah
Khaïbar
Khakassie
Khanasser
Khantabouli
Khan Younès
Khodjent
Khoper
Khorassan
Khoust
Khouzistan
Kilkís
Kinechma
Kinshasa
Kirghizistan
Kirichi
Kirkouk
Kisangani
Klimavitchy
Kniaguinino
Kolioupanovo
Kolomya
Koporie
Kordofan du Sud
Korneubourg
Kostanaï
Kostourino
Kouang-Tchéou-Wan
Koufa
Koumertaou
Koungour
Koupiansk
Kourchim
Kourgan
Koursk
Koush
Koutour-Ogly
Kouznetsk
Koweït
Kozlov
Kráni
Krasnodar
Krasnoïarsk
Krasnokokchaïsk
Kremliov
Kryvyï Rih
Ksar Sbahi
Kuitun
Kusinâgar
Kýthnos
La Bernerie
Labrador
La Brède
Labytnangui
Lac
La Calandri
La Canée
Lac Buir
Lac Catherine
Lac de Kournás
Lac des Bois
Lac Fitri
La Chaise-Dieu
La Chambre
La Chamelle
Lac Manicouagan
Lac Minto
Lac Nipigon
Lac Nipissing
La Coïble
La Colouvrate
Laconie
Lac Opeongo
La Corogne
Lac Peïpous
Lac Poopó
La Crémonie
Lacs
Lac Simcoe
Lac Tahoe
Lac Taronto
Lac Tulare
Lac Wollaston
La Flèche
Lagarde
La Grite
Lagune de Szczecin
La Havane
La Haye
Lahidjan
Lais
L'Algabe
La Louvière
La Manche
La Marche
La Marre
Lamballe
Lamegge
L'Amiro
Lamothe
Lampsaque
Lancastre
Lancerotte
Landerneau
Landévennec
Langeac
Langeais
Langon
Langonnet
Languedoc
Lannion
La Nouvelle-Orléans
Laodicée
Laodicée du Lycos
Laodicée la Brûlée
Laodicée-sur-Mer
La Patre
La Petite-Pierre
Laponie
Larède
La Réole
La Réunion
Largentière
Larmenie
Larnaca
Laroche
La Roche
La Roche-Bernard
La Roche de Rissole
La Rochelle
La Salle
La Sole
La Souda
Lastours
La Teste-de-Buch
La Tour
La Tour-du-Pin
La Tremouille
Lattaquié
La Tuque
Laufond
Laujuzan
Lausanne
Lauterbourg
Laval
La Valette
Laval-Guion
Lavèdia
Lébédos
Le Caire
Le Cateau
Le Cateau-Cambrésis
Le Cebrer
L'Écluse
Le Crac
Le Crotoy
Le Damalet
Ledesme
Leefdael
Le Havre
Léiry
Le Kef
Le Léman
Le Lude
Le Mans
Lemos
Léninabad
Léningrad
Leninsk
Lenoncourt
Lenzbourg
Léon
Léopol
Léopoldville
Lépante
Lepiel
Le Pirée
Le Puy-en-Velay
Lérida
Lérins
Les Béllostes
Lescar
Les Embruns
Les Gonaïves
Les Guyanes
Les Pedrognères
Les Sables-d'Olonne
Lettonie
Leucade
Leuvarde
Levedia
Léventine
Lewinburg
Leyde
Leynestere
Leyre
Lezergué
Lhassa
Liancourt
Liban
Libériens Unis pour la Réconciliation et la Démocratie
Libourne
Libreville
Libye
Liconie
Liébane
Liège
Lierre
Liffré
Ligene
Ligne Maginot
Ligue de Corinthe
Ligue Lombarde
Ligurie
L'Île-Rousse
Lille
Lillebonne
Limassol
Limbourg
Limoges
Limonest
Limousin
Limoux
Limricke
Lingonie
Linguère
Lioubim
Liouboml
Lioutitsa
Lisbonne
Lisieux
Lisle-en-Barrois
l'Isle-Jourdain
Lituanie
Livinhac-le-Haut
Livonie
Livourne
Lléréne
Loches
Locminé
Locquirec
Locres
Locride
Lodeïnoïe Pole
Lodève
Loèche
Logone-et-Chari
Logrogne
Loire
Loise
Lomagne
Lombardie
Lombers
Lombez
Lonbardie
Londres
Longuyon
Longwy
Lons-le-Saunier
Loon
Loos-en-Gohelle
Looz
Lore-du-Fleuve
Lorette
Lorient
Lorque
Lorraine
Lorri
Lotharingie
Loubny
Loudéac
Loudun
Louhansk
Louhyny
Louisbourg
Louisiane
Loukomorie
Lourdes
Lourignan
Loutsk
Louvain
Loxe
Lubumbashi
Lucene
Lucerne
Lucques
Luigné
Lune
Lunebourg
Lunéville
Lusace
Lusignan
Lusitanie
Luxembourg
Luynes
Luzenne
Lycaonie
Lycie
Lyctos
Lydie
Lyncestie
Lyon
Lystre
Macao
Macédoine
Macédoine-Centrale
Macédoine du Nord
Macédoine-Occidentale
Macédoinople
Machecoul
Maçon
Mâcon
Madère
Maestricht
Mafre
Magdebourg
Magnésie
Magnésie du Méandre
Maguelone
Mahon
Maieville
Maillardville
Maillezais
Maine
Majeur
Majorque
Maka
Makurie
Malabo
Maladetchna
Malaga
Malaisie
Maléchévo
Malevesie
Malines
Mallevila
Malmoe
Malmyj
Malte
Mamistra
Manche
Manfredoine
Manguistaou
Manichéisme
Manille
Manrese
Mansille des Mules
Mansourah
Mantégues
Mantinée
Mantoue
Mantourovo
Marbourg
Marche-en-Famenne
Marches
Marcq
Marguilan
Mariandyne
Marim-le-Châteaux
Marine Vénitienne
Marioupol
Maris
Mariscum
Marmara
Marmatie
Maroantsetra
Maroc
Maroilles
Marónia
Marsan
Marseille
Martigny
Martinique
Martin's Point
Marvejols
Mascara
Mascate
Massaoua
Massif d'Ivakoany
Mater
Mattegriffon
Maubeuge
Mauguio
Mauléon
Maulévrier
Mauran
Maure
Maurétanie Tingitane
Maurice
Maurienne
Mauritanie
Mayence
Mayenne
Mazandéran
Mazovie
Mazurie
Méandre
Mechtchovsk
Mecklembourg
Mecklembourg-Strelitz
Mecque
Médenine
Médina du Sèche
Médine
Médine du Champ
Médine Sidonie
Médoc
Mégalopolis
Mégare
Meknès
Mélanésie
Melita
Melitena
Melle
Mélophores
Memramcook
Mende
Mendè
Mendès
Menin
Menton
Mer Adriatique
Mérano
Mer Blanche
Mercadal
Mercaeur
Mer Cantabrique
Mer Celtique
Mercie
Mer d'Arabie
Mer de Beaufort
Mer de Galilée
Mer de Norvège
Mer de Samar
Mer de Sardaigne
Mer des Baléares
Mer des Philippines
Mer de Thrace
Mer d'Halmahera
Mer d'Irlande
Mer du Labrador
Mer du Nord
Mer Égée
Mer Ibérique
Mer Ionienne
Mer Ligure
Mer Méditerranée
Mer Noire
Mer Rouge
Mersebourg
Mer Tyrrhénienne
Mésie
Mésoamérique
Mésogée
Mésopotamie
Messancy
Messène
Messénie
Messine
Métaponte
Méthone
Méthymne
Metting
Metz
Mexique
Mézières
Mézières-en-Drouais
Mézières-sur-Couesnon
Mgline
Michigan Supérieur
Micoles
Micronésie
Middelbourg
Midi-Pyrénées
Midlands de l'Est
Midlands de l'Ouest
Midnapore
Mijgiria
Mikachevitchy
Milan
Milet
Milissesse
Millau
Mingrélie
Minorque
Mirabel
Mirande
Mirande d'Èbre
Mirande du Corbeau
Mirecourt
Misnie
Mistra
Mitchourinsk
Mitre
Moçon
Modène
Moers
Mogadiscio
Moguilev
Moimente de la Beire
Mojaïsk
Moldavie
Molenbeek-Saint-Jean
Molina-la-Sèche
Molosse
Mombech
Monaco
Monastère de la Trinité de Gleden
Monastère de Mileševa
Monastère de Narek
Monastère de Saint-Moïse-l'Abyssin
Monce
Monçon
Moncontour
Mondenard
Mondognède
Monestère
Monfort
Mongolie
Mons
Monstéry
Montagne
Montagnes Cumberland
Montagnes Rocheuses
Montagne-sur-Chère
Montaigu
Montalban
Montarande
Montargis
Montbard
Montbazon
Montbeau
Montbel
Montbéliard
Montblanc
Montcade
Mont Cheyenne
Montclairs
Mont-de-Marsan
Montdidier
Montemor-le-Neuf
Monténégro
Montferrat
Montfidèle
Mont Formeux
Montfort
Montfort-l'Amaury
Montignac
Montille
Montise
Montjoie
Mont Le Vieux
Montlhéry
Montluçon
Montmédy
Montmorency
Montpellier
Montpensier
Montréal
Montréal du Champ
Montreuil
Montreuil-sur-Mer
Montrichard
Montségur
Monts Mougodjar
Monts Sinjar
Monts Sous-marins de la Nouvelle-Angleterre
Mont Thabor
Morat
Moravie
Mordagne
More
More de Rubièles
Morée
Moreille
Moresnet Neutre
Morlaix
Morlhon-le-Haut
Moron
Mortagne
Morvan
Moscou
Moselle
Mossoul
Mote-du-Corbeau
Moukatchevo
Moulineaux
Moulins
Mourmansk
Mourom
Moustique
Moutier
Moûtiers
Mozambique
Mtskhéta
Mtskhete
Mulhouse
Munébrégue
Munich
Munténie
Murat
Murcie
Mycènes
Mychkine
Myconos
Mygdonie
Mykolaïv
Myre
Myriandros
Mysie
Mytilène
Nacolée
Nagartsé
Nagchu
Najéra
Nakhitchevan
Nämberch
Namibie
Namur
Nancy
Nanterre
Nantes
Naples
Naplouse
Narbonne
Naumbourg
Naupacte
Nauplie
Nautique
Nava
Navarre
Naversa
Naxie
N'Djaména
Neaufles-Saint-Martin
Nedryhaïliv
Négrepont
Néguev
Neitra
Nejd
Némée
Nemours
Nénétsie
Néocésarée
Néoésarée
Neopatrie
Népal
Neubrandenbourg
Neuchâtel
Neuchâtel-Urtière
Neufchâteau
Neufchâtel
Neufchâtel-en-Bray
Neufchâtel-sur-Tyne
Neung-sur-Beuvron
Neustrie
Nevers
Niamey
Niasvij
Nice
Nicée
Nichapour
Nichapur
Nicles
Nicomédie
Nicosie
Nieble
Nieuport
Niévès
Nil Bleu
Nimègue
Nîmes
Ninive
Niort
Niou-Iork
Niouk
Nisse
Nivelles
Nizârites
Nobatie
Nogent
Nogent-le-Rotrou
Nogent-sur-Seine
Nord Canadien
Nord de l'Albanie
Nord de l'Angleterre
Nord de l'Ontario
Nord du Quebec
Noregne
Norfolque
Normandie
Norroy
Northumbrie
Norumbègue
Norvège
Nossivka
Notre-Dame-de-la-Mer
Notre-Dame-de-Lourdes
Nour-Soultan
Nouvals
Nouveau-Brunswick
Nouveau-Mexique
Nouvelle-Afrique
Nouvelle-Angleterre
Nouvelle Atlantide
Nouvelle-Calédonie
Nouvelle Catalogne
Nouvelle-Écosse
Nouvelle-Espagne
Nouvelle-France
Nouvelle-Galles du Sud
Nouvelle-Grenade
Nouvelle Idagne
Nouvelle Proence
Nouvelles-Tours
Nouvelle-Zélande
Novare
Noveau Focée
Novhorodske
Novohrad-Volynskyï
Novo-Nigaïsk
Novonikolaïevsk
Novorjev
Novosjareevo
Novoslobodskaïa
Novossibirsk
Novossil
Nubie
Nyzhni Vorota
Oblast Autonome Juif
Oboïan
Occitanie
Océan Arctique
Océan Atlantique
Océan Indien
Océan Pacifique
Odemire
Odoïev
Odomantie
Odrich
Ognate
Ogne
Oise
Oktiabrsk
Oldenbourg
Oliers
Olita
Olivence
Olivet
Olomuces
Olténie
Olympe
Olympie
Olynthe
Omdourman
Ondangua
Oostbourg
Oponte
Oran
Orbiteau
Orcades
Orchomène
Ordice
Ordre de Calatrava
Ordre de Saint-Jean de Jérusalem
Ordre de Santiago
Ordre du Temple
Ordre Livonien
Ordre Teutonique
Orekhovo-Zouïevo
Orel
Orenbourg
Orénoquie
Orense
Orestide
Oriole
Orléans
Ormaie
Oromocto
Oropèsse
Orviet
Orviete
Osme
Osnabruck
Osque
Osroène
Osrousana
Ossipenko
Ostende
Ostie
Ostrobotnie
Osunne
Otchakiv
Otrante
Ouadane
Ouagadougou
Oubids
Oudmourtie
Ouestmoutiers
Ouganda
Ouglitch
Ouïgourie
Oujda
Oujhorod
Oukhta
Oulan-Bator
Oulianovsk
Ouniversitet
Ouplistsikhé
Oural
Ouranopoli
Ourbnissi
Ourem
Ourguentch
Ourwique
Oustioug
Oustioujna
Oust-Katav
Oust-Ourt
Oust-Zeïa
Outre-Jourdain
Outremer
Ouviet
Ozourguéti
Padanie
Padoue
Padron
Paganie
Paimpol
Painogne
Palatinat
Palence
Palerme
Palmèle
Palmyre
Pamiers
Pampa
Pampelune
Pamphylie
Panamá
Pannonie
Papauté Byzantine
Papauté d'Avignon
Papauté Ostrogoth
Papenbourg
Paphlagonie
Parabiago
Parc National de Banff
Parion
Paris
Parme
Parnasse
Parthenay
Parthie
Passavant
Passe de Bolan
Patagonie
Patan
Patras
Patriarcat Œcuménique
Pau
Pavie
Payerne
Pays-Bas
Pays Basque
Pays de Born
Pays de la Loire
Pays de Retz
Pays des Collines
Pays Sicule
Pech de Bugarach
Péchine
Pedernec
Pegadie
Pejë
Pékin
Pélagonie
Pélasgiotide
Pellène
Péloponnèse
Pendjab
Pendjikent
Penedone
Péninsule Antarctique
Péninsule Coréenne
Péninsule de Blambangan
Péninsule de Chita
Péninsule de Natsudomari
Péninsule de Rybatchi
Péninsule de Sadamisaki
Péninsule de Virginie
Péninsule d'Onega
Péninsule du Shandong
Péninsule du Sinaï
Péninsule du Yucatán
Péninsule Olympique
Péninsule Supérieure
Peníscola
Pennsylvanie
Penthièvre
Péonie
Peralade
Pereslavl-Riazanski
Pergame
Pergé
Périgord
Périgueux
Pernambouc
Péronne
Pérouse
Perpignan
Perrecy-les-Forges
Perse
Persépolis
Pervomaïsk
Petchénègues
Petchora
Petchory
Petite-Pologne
Petit Valaquie
Pétra
Pétritch
Petrograd
Petsamo
Peule de Varsin
Phanar
Phare
Pharsale
Phasélis
Phazanie
Phénicie
Philadelphée
Philadelphie
Philippes
Philippines
Phinepople
Phlionte
Phœnicè
Phrygie
Pialía
Picardie
Pielinen
Piémont
Pierre
Pierrefette
Pignerol
Pikaliovo
Pilsen
Piltene
Pinde
Pirou
Pise
Pisidie
Pissurie
Pitsounda
Plaine de Cumberland
Plaine de Kanto
Plaisance
Plancoët
Plasence
Platamonas
Plateau Antarctique
Plateau d'Edwards
Plateau des Mascareignes
Plateau du Djado
Plateau du Manguéni
Plateau Suisse
Platées
Pleaux
Plessé
Ploermel
Plouescat
Plougonven
Plouguer
Plourivo
Pluton
Podlachie
Podolie
Podporojie
Poher
Pointe-des-Sauvages
Poitiers
Poitou
Polanie
Polatsk
Pôle Nord
Polésie
Policoro
Polifant
Pologne
Polynésie
Polynésie Française
Poméranie
Poméranie Occidentale
Poméranie Ultérieure
Pomérélie
Pomésanie
Pompéi
Pont
Pont-à-Mousson
Pont d'Orbigue
Ponthierville
Pontigny
Pontivy
Pontorson
Pont-sur-Lime
Pontvieux
Poperinghe
Porhoët
Pornic
Porrentruy
Porsmue
Portage-aux-Rats
Port-au-Prince
Port Bonnel
Port de Los Angeles
Port de San Francisco
Porteau
Portille
Portjoyeaux
Port-Lyautey
Porto Rico
Porto-Vecchio
Portplaine
Port-Républicain
Port Roi
Port-Royal
Port-Saïd
Port Vieux
Pougatchev
Pougues-les-Eaux
Pouilles
Poulangy
Pount
Poutyvl
Pouzzoles
Prague
Prairies Canadiennes
Presbourg
Preslav
Prevesse
Priène
Prieuré de Fore
Prjevalsk
Provadia
Provence
Provins
Pruse
Prusse
Puisserguier
Puits-Cagnée
Pula
Purchaine
Puthaha
Pýdna
Pyrénées
Pyrénées-Atlantiques
Qasr el-Heir ech-Charqi
Qasr el-Heir el-Gharbi
Qédar
Qing
Qočo
Quackenbruck
Quart de Poblet
Quatre Coins
Québec
Quedlinbourg
Queensland Central
Quercy
Quérmançon
Queue de Poêle de l’Oklahoma
Quimper
Quimperlé
Quingey
Quintanar-du-Roi
Quintin
Quiros
Qumarleb
Rabastens
Racca
Rafanée
Ragusa
Raguse
Rais
Raj Britannique
Ramle
Ramlé
Ramouctou
Ranculat
Rangoun
Rarogne
Rascie
Ras el Khaïmah
Ratisbonne
Ratzebourg
Ravenne
Ravensbourg
Rawanduz
Réchicourt
Réchicourt-le-Château
Récif Louisa
Récif Swallow
Récif Zhongzhou
Redon
Régence d'Alger
Reggio de Calabre
Reggio d'Émilie
Région de la Baie de San Francisco
Regnéville-sur-Mer
Regnéville-sur-Meuse
Reims
Remiremont
Rendsbourg
Réni
Rennes
République Arabe Sahraouie Démocratique
République de Conch
République de l'Altaï
République Populaire Mongole
République Romaine
République Sociale Italienne
Restormel
Réthel
Reykjavik
Rezé
Rhamnonte
Rhénanie
Rhétie
Rhin
Rhodes
Rhode-Saint-Oude
Rhodésie
Rhodésie du Sud
Rhodopes
Rhône
Riajsk
Riazan
Ribagorce
Río Grande
Ripo
Rivière Assiniboine
Rivière Back
Rivière Coatzacoalcos
Rivière du Kamouctou
Rivière Gila
Rivière Oromocto
Rivière Poplar
Rivière Saskatchewan
Rivière Snake
Rivière-sur-Tarn
Roanne
Rocamadour
Rochecave
Rochefort
Rochemacor
Rocher du Diamant
Rochetaillée-sur-Saône
Rochette
Rochtchino
Rodosto
Rohan
Rom
Romagne
Romainmôtier
Rome
Romilly
Romorantin
Roncevaux
Ronde
Roquefeuil
Roquefort
Roquettes-sur-Mer
Rosate
Roscoff
Rosette
Rostrenen
Roubaix
Roubècq
Rougemont
Roulers
Roum
Roumanie
Roumazières-Loubert
Roussillon
Rouza
Royaume du Bosphore
Royaume-Uni
Rtichtchevo
Ruanruan
Ruffec
Ruremonde
Russie
Russie Centrale
Ruthénie Rouge
Ruthénie Subcarpathique
Sabine
Sable
Sacramenne
Sagan
Sagonte
Saguenay
Sahara Algérien
Saïan
Saïgon
Sainluque Lagrande
Saint-Affrique
Saint-Alban-du-Rhône
Saint André
Saint-Andrews
Saint Antoine
Saint Antonin
Saint-Antonin
Saint-Antonin-Noble-Val
Saint-Arnoul
Saint-Asaph
Saint-Avold
Saint Benoît
Saint-Blaise
Saint Brevin
Saint-Brieuc
Saint-Brisson
Saint-Chaptes
Saint-Christophe-et-Niévès
Saint-Clément
Saint Cucufa
Saint-Denis
Saint Dominic
Saint Dominic de la Voie
Saint Donat
Sainte Agathe
Sainte Brigitte
Sainte-Catherine
Sainte-Croix de Campezu
Sainte Elaine
Sainte-Hélène
Sainte-Honorine-des-Pertes
Sainte Irène
Sainte-Julianne
Sainte-Julianne de la Mer
Sainte Juste
Sainte-Lucie
Sainte Marie du Naranc
Saint Émilien de la Cogolle
Saint Emmeran
Saint-Empire Romain
Sainte Ponse
Saintes
Saintes-Maries-de-la-Mer
Saint Étienne
Saint Facond
Saint Ferdinand
Saint-Florentin
Saint François
Saint-Gall
Saint-Gaudens
Saint George
Saint-Georges-d'Annebecq
Saint-Gildas
Saint-Gildas-de-Rhuys
Saint-Gilles
Saint-Guilhem-le-Désert
Saint-Hélier
Saint-Hilarion
Saint-Imier
Saint Jacques
Saint-Jacques-de-Compostelle
Saint-Jacques du Cacém
Saint Jean
Saint-Jean-d'Angély
Saint-Jean-sur-Richelieu
Saint Joseph
Saint Joseph du Vallée
Saint Joseph Jiet
Saint-Julien
Saint-Laurent
Saint Léonard
Saint Léonard de Jacob
Saint-Lô
Saint Louis
Saint-Louis
Saint-Malo
Saint Marin
Saint-Marin
Saint Martin
Saint-Martin
Saint-Martin de Mondaye
Saint-Méen-le-Grand
Saint-Michel
Saint-Michel-de-Maurienne
Saint-Moïse-l'Abyssin
Saint-Nazaire
Saint-Nicolas
Saint-Omer
Saintonge
Saint-Péran
Saint-Pétersbourg
Saint-Pierre
Saint Pierre de Rodes
Saint-Pierre-et-Miquelon
Saint Pierre Port
Saint-Pierre-Port
Saint-Pol
Saint-Pol-de-Léon
Saint-Pons-de-Thomières
Saint-Pourçain
Saint-Riquier
Saint Roch
Saint-Rome-de-Cernon
Saint Sauf
Saint-Sauveur
Saint-Sauveur-en-Puisaye
Saint-Sébastien
Saint-Sévère
Saint Victorien
Saint Vincent
Saint Vincent de la Barquére
Saint-Vincent-et-les-Grenadines
Saint-Vith
Sakhaline
Saksin
Salamanque
Salamine
Salamyeh
Saldagne
Salerne
Saliès
Salm
Salm-en-Vosges
Salon-de-Provence
Salone
Saluces
Salvador
Salzbourg
Samarcande
Samar du Nord
Samarta
Samoa Américaines
Samogitie
Sampigny
Sanabrie
Sancerre
Sangmélima
Sangouese
Sannar
Santogne
Santorin
Saqqarah
Saragosse
Saraïtchik
Saravane
Sardaigne
Sardes
Sardica
Sardona
Sarmatie
Sarmizégétuse
Sarre
Sarrebruck
Sartène
Saulieu
Sault-Sainte-Marie
Saumur
Sauveterre-en-Magos
Savannakhet
Sāvatthī
Savillan
Savoie
Savone
Saxe
Saxe-Anhalt
Saxe-Lauenbourg
Scalovie
Scandinavie
Scanie
Scanlande
Scarstaie
Schaffhouse
Schole Palatine
Schwarzbourg
Scythie
Sébaste
Sébastée
Sébastopol
Sebennytos
Sées
Séfrou
Segelmesse
Ségovie
Ségusiavie
Seine
Sejnane
Sekota
Séleph
Sélestat
Séleucie
Sélinonte
Séloniens
Semur-en-Brionnais
Sénégal
Séoul
Sept-Îles
Septime
Sept Tribus Slaves
Sépulveda
Serbie
Serbie Centrale
Serbie du Sud
Serpe
Serpoukhov
Serrès
Sèrvie
Sésamos
Sésimbre
Sévérie
Séville
Seye
Shahr-i Sokhteh
Shogunat Tokugawa
Shvetahûna
Sibérie
Sibuzatie
Sicile
Sidi Bel Abbès
Siège d'Urgell
Sienne
Sierre
Signy-l'Abbaye
Sigouence
Silandro
Silésie
Sinaï
Singapour
Sinjâr
Sintre
Sion
Sirdjan
Sisa
Sitagrí
Sixpile
Sixtée
Sizara
Skopine
Skye
Slavonie
Sloutsk
Slovaquie
Slovaquie Occidentale
Slovaquie Orientale
Slovénie
Smalkalde
Smyrne
Société des Nations
Société des Petites Épées
Soissons
Soles
Soleure
Soligalitch
Solignac
Somalie Britannique
Somme
Sophène
Sorie
Sorogia
Sorrente
Sotchi
Souabe
Soudan du Sud
Soukhoumi
Soumy
Souoïarvi
Sour
Sourgout
Souscendres
Souzdal
Sparte
Spire
Spolète
Sri Lanka
Sri Thep
Stadaconé
Stalingrad
Stalino
Stallimuri
Stanleyville
Staritsa
Starodoub
Stavelot
Steponne
Steppe de Baraba
Steppe Eurasienne
Steppe Pontique
Strasbourg
Strigonie
Stroumitsa
Stry
Styrie
Sudbury
Sudètes
Sudovie
Suède
Suisse
Sully-sur-Loire
Sureauel
Surgujâ
Suse
Svaliava
Svichtov
Syghanaq
Synthétiques
Syracuse
Syrie
Syrmie
Sytchiovka
Tabare
Tachir
Tachkent
Tadjikistan
Tadmor
Taëf
Tafaille
Tafilalet
Tagant
Taïfalie
Taïmirie
Taïwan
Talmont
Tananarive
Tancarville
Tanganyika
Tanger
Tannou-Touva
Taormine
Taphila
Tarancon
Tarascon
Tarasonne
Tarentaise
Tarente
Targovichté
Tarife
Tarn
Tarn-et-Garonne
Taroudant
Taroussa
Tarragone
Tarse
Tartarie
Tarusatie
Tasmanie
Taungû
Tavire
Tazarine
Tbilissi
Tcheboksary
Tcheliabinsk
Tchéquie
Tcherepovets
Tcherkassy
Tchernivtsi
Tchernobyl
Tcherven
Tcherykaw
Tchesmé
Tchortkiv
Tchoudovo
Tchouhouïv
Tchoussovaïa
Tchouvachie
Tecklembourg
Tégée
Téhéran
Tell es-Safi
Telmesse
Ténédos
Ténérife
Térame
Terebovlia
Termonde
Terracine
Terre
Terreau
Terre d'Enderby
Terre de Rupert
Terre-Neuve
Territoire Britannique de l’Océan Indien
Territoire de la Capitale Australienne
Territoire de l’Océan Indien
Territoire du Nord
Territoire du Yukon
Territoire Indien
Territoires du Nord-Ouest
Texas Central
Texas de l'Est
Texas du Nord
Thèbes
Thémiscyre
Théodosiople
Thérouanne
Thespies
Thesprotie
Thessalie
Thessaliotide
Thessalonique
Thiers
Thionville
Thiviers
Thouars
Thoune
Thourout
Thouson
Thrace
Thrace Orientale
Thracésiens
Thübein
Thuchol
Thurgovie
Thuringe
Thymose
Tiaret
Tiatchiv
Tibériade
Tibisque
Tientsin
Tigre
Tihama
Tikhvine
Tilbourg
Timourides
Tinchebray
Tindouf
Tintignac
Tioumen
Tipaza
Tirlemont
Tmoutarakan
Tobrouk
Tofalaria
Togoland de l'Ouest
Tolbiac
Tolède
Tombouctou
Tongren
Tongres
Tonnerre
Tonnerrois
Tonquin
Tordésilles
Torjok
Torone
Tôroubéran
Torroelle de Montgris
Tortone
Tortose
Toscane
Toucouleur
Toul
Toula
Toulon
Toulon-sur-Arroux
Toulouse
Toungouska
Toungouska Occidentale
Toungouska Orientale
Tourane
Tourcoing
Tour de David
Tour de grecque
Tour-de-Montcorbeau
Tournai
Tournaisis
Tourraine
Tours
Tours-Vieilles
Toxandrie
Trachis
Tramacastille
Trancose
Transcarpatie
Transcaucasie
Transdanubie
Transjordanie
Transjurane
Transnistrie
Transoxiane
Transylvanie
Trapesac
Trapéssac
Trastamare
Travounie
Trébizonde
Trégor
Tréguier
Treize Colonies
Trente
Trèves
Trévise
Trézène
Triestin
Tríkala
Trinité
Trinité-et-Tobago
Trinquemalay
Tripoli
Tripolice
Tripolitaine
Troade
Trois Ligues
Trois Tribus Affiliées
Troyes
Trussille
Tsariovokokchaïsk
Tsaritsyne
Tubingue
Tubize
Tudèle
Tui
Tunisie
Turdétanie
Turic
Turin
Turkménie
Turkménistan
Turquie
Tusculane
Tymphée
Tyr
Tyrol
Ubundu
Ukraine Centrale
Ukraine Occidentale
Uluestere
Union Africaine
Union des Maritimes
Union Européenne
Union Franco-Britannique
Union Soviétique
Urbin
Urla
Urouegne
Usson
Utrère
Utrilles
Vacoas-Phœnix
Vaisali
Vaison
Valachie
Valais
Valaquie
Valcorneille
Valdaï
Val d'Églises
Valdéorres
Val-des-Sources
Val di Compare
Valdres
Valençay
Valence
Valence d'Alcantara
Valentinois
Vallée d'Antelope
Vallée d'Aoste
Vallée de la Mort
Vallée de l'Indus
Vallée de Neander
Vallée Parvis
Valojyn
Val Resia
Valterre
Vancouver
Vandenesse
Vannes
Varmie-Mazurie
Varsovie
Vaspourakan
Vassiougan
Vatican
Vauclair
Vaucouleurs
Vaudémont
Vaudrevange
Véies
Velay
Velayese
Vélès
Veligourt
Velij
Venasque
Vendôme
Vénétie
Venin
Venise
Vénus
Verceil
Verdun
Véria
Verissa
Vermandois
Verneuil
Vérone
Verrès
Versailles
Vervins
Verwœrdbourg
Vesoul
Vessiegonsk
Vetlouga
Vetrenice
Vettéravie
Vexin
Vézelay
Vianne-du-Château
Vianne-du-Loin-du-Tage
Viazma
Vicence
Vichois
Vichy
Viège
Vieille Riazan
Vienne
Vientiane
Vierzon
Viêt Nam
Vieux-Brisach
Vihiers
Vileïka
Villalbe
Villandraut
Villeblin
Ville-Chênaie
Ville de Luxembourg
Villefranc du Bièrce
Villefranche de Xire
Villefranche-sur-Saône
Villejoubert
Villelpand
Ville-Marie
Villène
Villeneuve de Gaye
Villeneuve de la Ciste
Villeneuve-le-Roi
Villeneuve-sur-Lot
Ville Royal
Ville Royale
Villers-Bocage
Villes Jumelles
Villevieil
Vilvorde
Vimarans
Vintimille
Virginie
Virton
Višgorodoka
Viterbe
Vitré
Vitry-en-Perthois
Vivier
Vlora
Vodéna
Vogüé
Voïvodine
Volga
Volgograd
Volodymyr
Volodymyr-Volynskyï
Vondice
Vorochilovgrad
Voronej
Vostice
Vosvyahel
Vouillé
Vratislavie
Vyangui
Vychnia
Vyssotsk
Vytatchiv
Vytchegda
Vytegra
Wallonie
Waremme
Warneton
Wartbourg
Wattignies
Weilbourg
Wervicq
Westphalie
Wierland
Winterthour
Wissant
Wurtemberg-Hohenzollern
Wurtzbourg
Wynendaele
Xérès
Xérès des Chevaliers
Xive
Yélimané
Yémen
Yoff
Yorkshire du Sud
Yotvingie
Yougoslavie
Ypres
Yukon
Zafre
Zagare
Zaïre
Zalamée
Zambie
Zamtang
Zandjan
Zante
Zaouïa
Zarandj
Zbaraj
Zélande
Zélotes
Zervanisme
Ziquia
Zlatooust
Znaïm
Zoélia
Zoo de Cleveland
Zoubtsov
Zoug
Zoulouland
Zurich
Zvyahel
