Aaberg
Aalberg
Aberg
Adelsköld
Af Jochnick
Af Klintberg
Afzelius
Ågren
Ahlgren
Ahlm
Ahlqvist
Åhlund
Ahrén
Åkerblom
Åkerlund
Åkerman
Åkerström
Alm
Almgren
Almlöf
Almqvist
Alström
Alströmer
Ålund
Amundson
Anderberg
Anderson
Andersson
Ångström
Antonsson
Appelqvist
Arneson
Åsbrink
Åslund
Aspelund
Asplund
Åström
Augustsson
Axelsson
Backlund
Bäcklund
Backman
Backstrom
Bengtsson
Berggren
Bergh
Bergius
Bergkvist
Bergling
Berglund
Bergman
Bergmann
Bergquist
Bergqvist
Bergroth
Bergsten
Bergstrom
Berndtsson
Bexell
Björk
Björklund
Bjorkman
Björling
Blix
Bloch
Blom
Blomgren
Blomquist
Blomqvist
Blomstedt
Bolander
Bong
Borg
Borgström
Boutros
Brahe
Brate
Brink
Brodd
Brorsson
Brundin
Bruun
Bure
Bye
Byström
Carlen
Carlgren
Carlsson
Casparsson
Ceder
Cederblom
Cedergren
Cederschiöld
Cederström
Cronholm
Dahl
Dahlberg
Dahlgren
Dahlin
Dahlquist
Dahlström
Dahlvig
Dalin
Danielsson
Davidsson
Degerlund
Degermark
Djoos
Drakenberg
Dyrssen
Edgren
Edling
Edlund
Edström
Egnell
Ehrling
Ekberg
Ekblad
Ekblom
Ekbom
Ekdahl
Ekdal
Ekenberg
Ekerot
Ekholm
Eklund
Ekman
Ekström
Ellefson
Elmsäter
Enckell
Engberg
Engdahl
Englund
Engström
Enlund
Enquist
Ericsson
Eriksson
Erlandson
Erlandsson
Ernman
Fagerholm
Fagerudd
Fältskog
Fingerroos
Flodqvist
Flygare
Fogelklou
Forsberg
Forsell
Forslund
Forsman
Fransson
Fredholm
Fredin
Fredriksson
Friberg
Frisk
Geijer
Gentzel
Göransson
Grafström
Granath
Granholm
Granqvist
Gronberg
Grönblom
Grönroos
Grönvall
Gunderson
Gunnarsson
Gustafson
Gyllenhaal
Gyllenstierna
Gylling
Hagelin
Hagerstrom
Hägg
Hägglund
Haglund
Hagman
Hagström
Håkansson
Hallberg
Hallnäs
Hallström
Hammarberg
Hammarström
Hansdotter
Hansson
Hartman
Hedberg
Hedin
Hedlund
Hedman
Hedqvist
Hedstrom
Heidenstam
Helgerson
Hellberg
Hellquist
Hellqvist
Hellsten
Hellström
Henriksson
Hermansson
Heurlin
Hildebrand
Hjertsson
Hjortsberg
Hjulström
Högberg
Höglund
Holgersson
Holm
Holmberg
Holmgren
Holmlund
Holmquist
Holmqvist
Holmström
Hult
Hultgren
Hultin
Hultman
Hurtig
Hwasser
Hylander
Igelström
Ingelow
Isaksson
Isberg
Jacobson
Jacobsson
Jäderholm
Jakobsson
Jansson
Järnefelt
Jernberg
Johannesson
Johansson
Johnson
Johnsson
Jonsson
Jönsson
Josefsson
Källström
Kamprad
Karlsson
Kinberg
Kjellström
Knape
Knutsson
Kristoffersson
Kroon
Kullander
Lagerfeld
Lagergren
Lagerkvist
Lagerlöf
Landberg
Lantz
Larsson
Laxman
Leijonhufvud
Lennartsson
Lestander
Lidholm
Lilja
Liljeström
Lind
Lindahl
Lindberg
Lindbergh
Lindblad
Lindblom
Lindell
Lindelöf
Lindeman
Linden
Linderoth
Lindfors
Lindgren
Lindholm
Lindquist
Lindqvist
Lindroos
Lindroth
Lindskog
Lindström
Ljung
Ljungberg
Ljungdahl
Ljunggren
Löfgren
Lötvall
Löwenadler
Lund
Lundbäck
Lundberg
Lundblad
Lundeberg
Lundell
Lundgren
Lundin
Lundmark
Lundquist
Lundqvist
Lundström
Lundvall
Lundvik
Magnuson
Magnusson
Malmberg
Malmborg
Malmgren
Malmkvist
Malmquist
Malmqvist
Malmsten
Malmstrom
Månsdotter
Marklund
Markström
Mattisson
Mattson
Mattsson
Mellgren
Mikaelsson
Molander
Moller
Morberg
Mörner
Mosander
Naslund
Nätterqvist
Nilsson
Norberg
Nordahl
Nordenfalk
Nordin
Nordlander
Nordling
Nordlund
Nordquist
Nordstrom
Norelius
Noren
Norling
Norström
Nyberg
Nygaard
Nykvist
Nyquist
Nystrom
Öberg
Odenberg
Odhner
Ohlin
Ohlson
Ohlsson
Ohly
Olander
Olderman
Olofsson
Olsson
Oskarsson
Ossler
Östberg
Österberg
Österman
Ostlund
Östman
Ostrom
Palmcrantz
Palmgreen
Palmgren
Palmquist
Palmroth
Palmstruch
Paulsson
Persson
Petersson
Pettersson
Pihl
Posse
Quist
Qvist
Råberg
Rådström
Rask
Regnell
Rehn
Rehnquist
Richardsson
Rindborg
Risberg
Rönnlund
Rönström
Rosander
Rosén
Rosenblad
Rosengren
Rosenius
Rosenquist
Rosenqvist
Säfström
Sahlin
Samuelsson
Sandahl
Sandberg
Sandelin
Sandell
Sandgren
Sandström
Segerström
Selander
Siljeström
Simonsson
Sjöberg
Sjöblom
Sjödin
Sjögren
Sjöholm
Sjölin
Sjölund
Sjöqvist
Sjöstedt
Sjöström
Skarsgård
Skiöld
Skoglund
Sköld
Sköldberg
Skoog
Snellman
Söderberg
Södergren
Söderholm
Söderlund
Söderman
Söderström
Sohlman
Sollander
Sörenstam
Sparre
Sparv
Ståhlberg
Stahre
Stenbeck
Stenbock
Stenmark
Stenström
Stiernspetz
Strandberg
Ström
Strömbäck
Strömberg
Strömstedt
Sundberg
Sundborg
Sundelin
Sundin
Sundqvist
Sundström
Svärd
Svedberg
Svedin
Svens
Svensson
Swartz
Swedberg
Sydow
Syrén
Tegnér
Tegstedt
Thofelt
Thoresson
Thörnell
Thörnqvist
Thorsell
Thunberg
Thunman
Tingsten
Tornquist
Törnros
Torvalds
Uggla
Ulf
Vidgren
Vikström
Vingqvist
Wahlberg
Wahlgren
Wahlin
Wahlqvist
Wahlström
Walgren
Wallenberg
Wallin
Weibull
Wennberg
Wennerberg
Wersäll
Westergren
Westerholm
Westermark
Westin
Westlund
Wicksell
Wickström
Widegren
Widforss
Widlund
Wikström
Winblad
Wollter