Abate
Abato
Abbruzzese
Abela
Abella
Abramo
Abruzzese
Abruzzo
Accardi
Accardo
Accetta
Accomando
Accordino
Aceto
Achille
Acierno
Acquaviva
Acquisto
Acri
Adami
Adamo
Addonizio
Adduci
Adinolfi
Adornetto
Adorno
Adragna
Affinito
Agnello
Agosta
Agosti
Agostinelli
Agostini
Agostino
Agosto
Agrella
Agresta
Agresti
Agro
Agrusa
Ajello
Alagna
Alaimo
Alario
Albani
Albano
Albergo
Alberici
Alberta
Albertelli
Alberti
Albertini
Albini
Albino
Albricci
Aldi
Ale
Aleo
Ales
Alesi
Alessandrini
Alessandro
Alessi
Alessio
Alfano
Alfieri
Alfonsi
Algiere
Aliberti
Alighieri
Alioto
Allegra
Allegretti
Allegretto
Allegro
Alleva
Allocca
Alma
Alo
Aloise
Aloisi
Aloisio
Alonge
Alongi
Altadonna
Altamura
Altavilla
Altieri
Altimari
Altobelli
Altobello
Altomare
Alu
Amabile
Amadeo
Amadio
Amalfitano
Amante
Amantea
Amara
Amarante
Amari
Amaro
Amato
Amatucci
Ambrogi
Ambrogio
Ambrosi
Ambrosia
Ambrosini
Ambrosino
Ambrosio
Amedeo
Amelio
Amici
Amico
Amicone
Amidei
Ammirati
Amodei
Amodeo
Amodio
Amore
Amorosi
Amoroso
Anastasi
Anastasia
Anastasio
Ancona
Andolina
Andrea
Andreano
Andreini
Andreola
Andreoli
Andreotti
Andreozzi
Andriano
Andriola
Anello
Angeletti
Angeli
Angelico
Angelillo
Angelini
Angelino
Angelis
Angello
Angelo
Angelone
Angeloni
Angelotti
Angelucci
Angiolillo
Angotti
Aniello
Annese
Annunziata
Annunziato
Anselmi
Anselmo
Antico
Antolini
Antonelli
Antonellis
Antonetti
Antoni
Antonini
Antonino
Antonioli
Antonucci
Anzivino
Apollo
Aprea
Aquila
Aquilina
Aquilino
Aquino
Arabia
Arace
Aragona
Arata
Arcara
Arcari
Arcaro
Arco
Ardito
Ardizzone
Ardolino
Arduini
Arena
Argenio
Argenta
Argenti
Argentieri
Argento
Argenziano
Argiro
Argo
Arlotta
Armani
Armanini
Armato
Armellino
Armenia
Armenti
Armento
Armetta
Arno
Arnoldi
Arola
Arone
Arpino
Arrighi
Arrigo
Arrigoni
Artale
Artino
Artuso
Asaro
Assante
Asti
Attanasio
Attardo
Auciello
Audi
Audia
Audino
Aufiero
Augello
Augeri
Augusta
Augustino
Aurelio
Auricchio
Auriemma
Aurilio
Avara
Avella
Avellino
Avena
Aveni
Avolio
Azzarello
Azzaro
Azzopardi
Babino
Baccaro
Bacci
Bacco
Bacigalupi
Bacino
Badami
Badamo
Badaracco
Badoglio
Badolato
Baffa
Baglio
Bagnoli
Baiamonte
Baio
Baiocchi
Balbi
Balbo
Balboni
Baldacci
Baldassano
Baldassare
Baldassari
Baldassarre
Baldelli
Baldi
Baldini
Baldino
Baldo
Baldocchi
Baldoni
Balducci
Balestra
Balestreri
Balestrieri
Balla
Ballerini
Balletti
Balli
Ballo
Balma
Balzano
Balzarini
Bambino
Bamonte
Banchero
Bandi
Banducci
Baranello
Baratta
Barba
Barbagallo
Barbano
Barbara
Barbaria
Barbarino
Barbaro
Barbati
Barbato
Barbella
Barberi
Barberio
Barbetta
Barbieri
Barbo
Barbone
Barbuto
Barcellona
Barco
Bardi
Bardo
Barella
Bari
Barile
Barilla
Barillaro
Barletta
Barna
Barnaba
Barone
Baroni
Barraco
Barrella
Barrese
Barresi
Barretta
Barretto
Barrile
Barsotti
Barto
Bartoletti
Bartoli
Bartolini
Bartolo
Bartolomei
Bartolomeo
Bartolomucci
Bartolone
Bartolotta
Bartolotti
Bartolucci
Basilio
Basilone
Bassani
Bassano
Bassetti
Bassi
Basso
Bastianelli
Bastone
Battaglia
Battaglini
Battaglino
Battista
Battistelli
Battisti
Battistoni
Baudo
Bava
Bavaro
Bazzano
Beatrice
Beffa
Belardo
Belfi
Belfiore
Bella
Bellafiore
Bellanca
Bellante
Bellanti
Bellantoni
Bellavia
Belle
Bellezza
Belli
Bellia
Bellina
Bellini
Bellino
Bellisario
Bellissimo
Bello
Belloli
Bellomo
Bellone
Belloni
Bellotti
Bellucci
Belluomini
Belotti
Belsito
Beltrami
Beltramo
Belvedere
Ben
Benanti
Benassi
Bencivenga
Bencivengo
Bene
Benedetti
Benedetto
Benetti
Benevento
Benigni
Benigno
Beninati
Beninato
Bennardo
Bentivegna
Benveniste
Benvenuti
Benvenuto
Benza
Berardi
Berardinelli
Berardino
Berardo
Berarducci
Berenato
Bergamini
Bergamo
Berlusconi
Bernabei
Bernacchi
Bernardi
Bernardini
Bernasconi
Bernero
Berni
Berretta
Bersani
Berta
Bertagnolli
Bertani
Bertelli
Berti
Bertini
Bertino
Berto
Bertocchi
Bertola
Bertolami
Bertoldi
Bertoli
Bertolini
Bertolino
Bertolotti
Bertolucci
Bertone
Bertoni
Bertorelli
Bertozzi
Bertucci
Bertuzzi
Betti
Bettin
Bettini
Bevacqua
Bevilacqua
Bezio
Biafore
Biaggi
Biagi
Biagini
Biagioni
Biagiotti
Biamonte
Biancalana
Biancardi
Bianchi
Bianchini
Bianco
Bianconelli
Bianconi
Biasi
Biele
Biello
Biggio
Bila
Bilello
Bilotti
Binda
Binetti
Bini
Biondi
Biondo
Bisceglia
Bisesi
Bisio
Bisogno
Bisso
Bitto
Biviano
Bivona
Bizzaro
Bizzarro
Blancato
Blanco
Blanda
Blandino
Blando
Blasi
Bloise
Boccaccio
Bocchino
Bocci
Boccia
Boccio
Boccuzzi
Boffa
Bofini
Bolio
Bologna
Bolognese
Bombara
Bommarito
Bona
Bonacci
Bonaccorsi
Bonaccorso
Bonadies
Bonadio
Bonadonna
Bonafede
Bonagura
Bonanni
Bonanno
Bonano
Bonaparte
Bonardi
Bonasera
Bonato
Bonaventura
Bonavita
Bondi
Bonelli
Bonello
Bonetti
Bonfanti
Bonfiglio
Bongiorno
Bongiovanni
Boni
Bonica
Bonifacio
Bonini
Bonino
Bonito
Bono
Bonomi
Bonomo
Bonsignore
Bontempo
Bonura
Bonventre
Bordonaro
Borgese
Borghese
Borgia
Borgo
Borino
Borsa
Borsari
Boschetti
Bosco
Bosetti
Bosi
Bosio
Boso
Bossio
Bosso
Botta
Bottari
Bottaro
Botte
Botti
Botticelli
Bottiglieri
Bottini
Bottino
Botto
Bottone
Bottoni
Bova
Bove
Bovino
Bozza
Bozzelli
Bozzi
Bozzo
Bozzuto
Bracci
Braccia
Bracco
Bramante
Brambilla
Branca
Brancato
Branciforte
Branda
Brandi
Brando
Breda
Brenna
Brescia
Bresciani
Bressan
Bressi
Bria
Brigandi
Brigante
Briganti
Briglia
Brindisi
Brizzi
Brocato
Brocco
Broccoli
Broggi
Brucato
Bruna
Brunelli
Brunetti
Brunetto
Bruni
Bruno
Bruschi
Brusco
Bruzzese
Bua
Bucca
Buccellato
Bucceri
Bucci
Bucciarelli
Bucciero
Buccini
Buccino
Bucco
Buccola
Bucolo
Bueti
Bufalini
Bufalino
Buffa
Buffo
Buffone
Buglione
Bugni
Bulla
Buonaiuto
Buonanno
Buonomo
Buonopane
Buratti
Burdi
Burgi
Burgio
Burgo
Buro
Busa
Busacca
Busalacchi
Bussa
Bussone
Butta
Buttacavoli
Buttitta
Butto
Buzza
Buzzelli
Buzzeo
Buzzi
Caccamise
Caccamo
Caccavale
Caccese
Cacchione
Caccia
Cacciatore
Cacciola
Cadorna
Cafarella
Cafarelli
Cafasso
Cafe
Cagnina
Caiazza
Caiazzo
Cairo
Caito
Calabrese
Calabretta
Calabria
Calabro
Calafiore
Calamari
Calandra
Calandro
Calarco
Calcagni
Calcagno
Calcaterra
Caldarella
Caldarelli
Caldarera
Caldarone
Calderaro
Calderone
Calegari
Calicchio
Caliendo
Califano
Calistro
Calitri
Caliva
Calla
Callegari
Caltabiano
Caltagirone
Calvanese
Calvano
Calvetti
Calvi
Calvino
Camarata
Cambareri
Cambio
Cambria
Camelio
Camerino
Camilli
Camillo
Caminiti
Camino
Cammarano
Camozzi
Campagna
Campana
Campanale
Campanella
Campanelli
Campanile
Campi
Campione
Campise
Campitelli
Campo
Campobasso
Campodonico
Campoli
Campolo
Campopiano
Camporeale
Campus
Canal
Canale
Canali
Cancellieri
Candela
Candia
Candito
Canepa
Canevari
Cangialosi
Cannada
Cannone
Cannova
Cantalupo
Cantarella
Cantone
Cantoni
Cantore
Canzano
Capaccio
Capaldi
Caparelli
Capella
Capelli
Capello
Capito
Capo
Capobianco
Capodanno
Capone
Caponera
Caponi
Caponigro
Caporale
Caporaso
Capotosto
Capozzi
Capparelli
Cappella
Cappelletti
Cappelli
Cappellini
Cappellino
Cappello
Cappetta
Cappiello
Cappo
Cappola
Capponi
Cappucci
Capra
Capretta
Capri
Capriglione
Capriotti
Caproni
Capurso
Caputa
Caputi
Caputo
Capuzzi
Carabello
Caracappa
Caracci
Caradonna
Caramanica
Caranci
Carangelo
Carano
Caravella
Caravello
Carbonara
Carbone
Carboni
Carchidi
Carda
Cardamone
Cardarelli
Cardelli
Cardello
Cardi
Cardile
Cardillo
Cardinale
Cardinali
Cardo
Cardone
Cardoni
Cardosi
Carducci
Cardullo
Carella
Carelli
Carello
Carfagna
Carfagno
Carfora
Carico
Carideo
Caridi
Cariello
Carilli
Carinci
Carini
Carino
Carleo
Carli
Carlin
Carlini
Carlino
Carlisi
Carlo
Carlone
Carloni
Carlozzi
Carminati
Carmine
Carmosino
Carnaghi
Carnevale
Carnicelli
Caro
Carollo
Carone
Caronia
Carosella
Caroselli
Carosi
Carota
Carotenuto
Carozza
Carpentieri
Carpinelli
Carpinello
Carpino
Carpio
Carra
Carraro
Carricato
Carriere
Carrieri
Carriero
Carro
Carrozza
Carta
Cartelli
Caruana
Caruso
Carusone
Carvelli
Casa
Casagranda
Casagrande
Casale
Casaletto
Casali
Casalino
Casamento
Casarella
Casasanta
Casassa
Casazza
Cascella
Casciani
Casciano
Casciato
Cascioli
Cascone
Casella
Caselli
Caserta
Casini
Casino
Cason
Cassani
Cassano
Cassaro
Cassata
Cassella
Cassese
Cassetta
Cassinelli
Cassino
Cassone
Castagna
Castagno
Castagnola
Castaldi
Castaldo
Castellani
Castellano
Castelli
Castellini
Castello
Castellucci
Castelluccio
Castiglia
Castiglione
Castiglioni
Castoro
Castricone
Catalani
Catalano
Catalanotto
Catalino
Catania
Catano
Catanzano
Catanzaro
Catenacci
Caterina
Caterino
Catizone
Catone
Catrambone
Cattaneo
Catto
Catucci
Cava
Cavalcante
Cavaliere
Cavalieri
Cavalli
Cavallini
Cavallo
Cavanna
Cavataio
Cavicchi
Cavoretto
Cecala
Ceccarelli
Cecchetti
Cecchi
Cecchini
Cecconi
Cece
Cecere
Ceci
Cedrone
Cefalo
Cefalu
Ceglia
Celani
Celano
Celentano
Celenza
Celia
Cella
Celli
Cellini
Cellucci
Cellura
Celona
Cena
Cenci
Cennamo
Centanni
Centofanti
Centola
Centore
Centrella
Centrone
Ceraso
Cerasoli
Cerasuolo
Ceravolo
Cerbone
Cercone
Cereghino
Ceresa
Cericola
Cerini
Cerino
Cerminaro
Cerniglia
Cerreta
Cerri
Cerrito
Cerro
Cerrone
Cerroni
Cerruti
Certa
Certo
Cerulli
Cerullo
Cerutti
Cervelli
Cervi
Cervini
Cervino
Cervone
Cesa
Cesare
Cesari
Cesarini
Cesario
Cesaro
Cesena
Cesta
Cestaro
Cestone
Cetta
Checchi
Cherico
Cherubini
Chiappini
Chiara
Chiaramonte
Chiarella
Chiarelli
Chiarello
Chiaro
Chiaverini
Chiavetta
Chiera
Chiesa
Chimienti
China
Chinnici
Chino
Chiodi
Chiodini
Chiodo
Chirco
Chirichella
Chirico
Chiumento
Chiusano
Ciabattoni
Ciaburri
Ciaccia
Ciaccio
Ciambrone
Ciampa
Ciampi
Cianci
Ciancio
Cianciola
Cianciolo
Cianciulli
Cianelli
Cianflone
Ciani
Ciano
Ciaramitaro
Ciaravino
Ciardullo
Ciarleglio
Ciarlo
Ciarrocchi
Cibelli
Cicala
Cicale
Cicalese
Ciccarelli
Ciccarello
Ciccarone
Cicchetti
Cicchini
Cicchino
Cicci
Cicciarelli
Ciccolella
Ciccone
Cicconi
Ciccotelli
Cicio
Cicone
Cieri
Ciervo
Cifaldi
Cifarelli
Cifelli
Cilento
Cillo
Cilluffo
Cima
Cimaglia
Ciminelli
Ciminera
Cimini
Cimino
Cimmino
Cimo
Cimorelli
Cinco
Cinelli
Cini
Cino
Cinotti
Cinque
Cinquemani
Ciocca
Ciocco
Cioffi
Ciolino
Ciolli
Cione
Cioni
Cioppa
Ciotola
Ciotti
Cipolla
Cipollone
Cipriani
Cipriano
Cira
Circo
Cirelli
Ciresi
Ciriello
Cirigliano
Cirilli
Cirillo
Cirincione
Cirino
Cirrincione
Cirrito
Citrano
Cittadino
Ciucci
Ciuffo
Ciufo
Ciulla
Ciullo
Civello
Civiello
Civitarese
Civitello
Clarizio
Claro
Clementi
Clerici
Clerico
Coca
Cocca
Cocchi
Cocchiola
Cocco
Coco
Cocozza
Cocuzza
Coda
Codella
Cofone
Cofrancesco
Coglianese
Cogliano
Coia
Coiro
Colabella
Colacino
Colaianni
Colaizzi
Colaluca
Colandrea
Colaneri
Colangelo
Colantoni
Colantonio
Colantuoni
Colantuono
Colao
Colapietro
Colarossi
Colarusso
Colasanti
Colasuonno
Colavita
Colavito
Colella
Colello
Coletta
Coletti
Coletto
Colicchio
Colina
Colla
Colletta
Colletti
Colli
Colombini
Colombo
Colona
Colone
Colonna
Colosi
Colucci
Coluccio
Columbo
Comella
Comito
Como
Comolli
Compagno
Compagnone
Comunale
Cona
Conca
Condello
Conetta
Confalone
Conforti
Conigliaro
Coniglio
Conradi
Consigli
Consiglio
Console
Consoli
Consolo
Constantini
Constantino
Contarino
Conte
Contento
Contessa
Conti
Contini
Contino
Conto
Contrino
Coppi
Coppola
Coppolino
Corallo
Corazza
Corbello
Corbi
Corbo
Corcione
Corda
Cordano
Cordaro
Cordasco
Cordi
Cordisco
Cordone
Corella
Corelli
Corigliano
Cornacchia
Cornelia
Cornella
Cornetta
Corona
Corra
Corradetti
Corradi
Corradini
Corradino
Corrado
Corrao
Correale
Corrente
Correnti
Corriere
Corsa
Corsaro
Corsello
Corsentino
Corsetti
Corsi
Corsiglia
Corsini
Corsino
Corso
Corte
Cortese
Cortesi
Corti
Cortina
Cortopassi
Corvi
Corvino
Corvo
Coscia
Cosco
Cosio
Cosmo
Costa
Costanza
Costanzo
Costella
Cotrone
Cotroneo
Cotta
Covelli
Covello
Coviello
Covino
Cozza
Cozzi
Cozzo
Cozzolino
Cozzone
Cracchiolo
Cravotta
Crea
Crecco
Crescenzi
Crescenzo
Cresci
Cresta
Cresto
Cretella
Cribari
Crifasi
Crimi
Crisafi
Criscione
Crisco
Criscuolo
Crispi
Cristello
Cristiano
Cristofaro
Cristoforetti
Critelli
Crivelli
Crivello
Crocco
Croce
Crocetti
Croci
Crognale
Crovo
Crudele
Crudo
Cuccaro
Cucchi
Cucci
Cuccia
Cuccio
Cucco
Cucinotta
Cugini
Cuneo
Cunico
Cuoco
Cuomo
Cuozzo
Cupo
Cura
Curci
Curcuru
Curreri
Curti
Cusanelli
Cusano
Cusato
Cusenza
Cusimano
Cusmano
Cusumano
Cutaia
Cutillo
Cutone
Cuva
D'Agostino
D'Alessandro
D'Antoni
D’Achille
D’Acquisto
D’Acunto
D’Adamo
D’Addario
D’Addio
D’Addona
D’Agata
D’Agosta
D’Agostino
D’Aiuto
D’Aleo
D’Alesandro
D’Alesio
D’Alessandro
D’Alessio
D’Alfonso
D’Alia
D’Alleva
D’Aloia
D’Aloisio
D’Alonzo
D’Alto
D’Amato
D’Ambra
D’Ambrosi
D’Ambrosia
D’Ambrosio
D’Amelio
D’Amico
D’Amore
D’Andrea
D’Angelo
D’Aniello
D’Annunzio
D’Antona
D’Antoni
D’Antonio
D’Antuono
D’Apolito
D’Aprile
D’Aquila
D’Aquino
D’Arcangelo
D’Arco
D’Arezzo
D’Arienzo
D’Arpino
D’Arrigo
D’Asaro
D’Ascanio
D’Ascenzo
D’Ascoli
D’Atri
D’Attilio
D’Auria
D’Avanzo
D’Aversa
D’Azzo
D’Egidio
D’Elia
D’Emilio
D’Ercole
D’Errico
D’Esposito
D’Ettore
D’Imperio
D’Innocenzo
D’Intino
D’Orazio
D’Oria
D’Orio
D’Orsi
D’Orso
D’Ottavio
D’Ovidio
D’Urbano
D’Uva
Da Ponte
Da Pra
Daino
Dal Porto
Dal Santo
Damiani
Damiano
Damone
Dandolo
Danella
Danese
Danesi
Daniele
Danieli
Dante
Danza
Danzi
Darin
Dato
Dattoli
Davi
Davia
Davide
Davino
Davoli
Daza
De Amicis
De Andrea
De Angelis
De Angelo
De Bacco
De Bari
De Bartolo
De Bella
De Bellis
De Bello
De Benedetti
De Benedetto
De Benedictis
De Berardinis
De Bernardi
De Bernardo
De Biase
De Blase
De Blasi
De Blasio
De Bona
De Bonis
De Bono
De Candia
De Canio
De Caprio
De Capua
De Carli
De Carlo
De Caro
De Carolis
De Cecco
De Cesare
De Chellis
De Cicco
De Cola
De Cosmo
De Crescenzo
De Cristofaro
De Cristoforo
De Domenico
De Dominicis
De Donato
De Fabio
De Falco
De Fazio
De Feo
De Filippis
De Filippo
De Fina
De Fino
De Fiore
De Florio
De Francesco
De Francisco
De Franco
De Fronzo
De Furia
De Gaetano
De Gennaro
De Giacomo
De Giorgio
De Girolamo
De Grado
De Grande
De Gregorio
De Laura
De Laurentis
De Lauro
De Lellis
De Lello
De Leonardis
De Lillo
De Lisi
De Lisio
De Lorenzo
de Luca
De Luca
De Lucca
De Lucchi
De Lucia
De Luise
De Maggio
De Maio
De Marchi
De Marco
De Maria
De Marinis
De Mario
De Martini
De Martinis
De Martino
De Marzo
De Masi
De Mattei
De Matteis
De Matteo
De Mattia
De Mello
De Meo
De Michele
De Muro
De Napoli
De Nardis
De Nardo
De Natale
De Nigris
De Ninno
De Noia
De Nucci
De Nunzio
De Palma
De Palo
De Paola
De Paoli
De Paolis
De Paolo
De Pascale
De Pasquale
De Paula
De Paulis
De Petris
De Petro
De Piano
De Piero
De Pierro
De Pietro
De Pinto
De Polo
De Ponte
De Prima
De Prospero
De Renzo
De Rienzo
De Riggi
De Rita
De Robertis
De Rocco
De Rogatis
de Rosa
De Rose
De Rubeis
De Salvo
De Sanctis
De Santi
De Santis
De Santo
De Sario
De Sarno
De Sarro
de Sciglio
De Sena
De Serio
De Simone
De Sisto
De Socio
De Sorbo
De Spirito
De Stasio
De Stefanis
De Stefano
De Toro
De Vico
De Vincentis
De Vincenzi
De Vincenzo
De Vita
De Vitis
De Vito
De Vitto
De Vivo
Dean
Degan
Del Bene
Del Bianco
Del Buono
Del Carlo
Del Conte
Del Core
Del Duca
Del Gatto
Del Gaudio
Del Giorno
Del Giudice
Del Grande
Del Greco
del Grosso
Del Grosso
Del Guercio
Del Mastro
Del Medico
Del Monaco
Del Monico
Del Monte
Del Negro
Del Nero
Del Papa
Del Ponte
Del Pozzo
Del Prete
Del Priore
Del Re
Del Rossi
Del Rosso
Del Santo
Del Signore
Del Sordo
Del Tufo
Del Vecchio
Delfino
Delisa
Delise
Deliso
Dell’Anno
Dell’Aquila
Dell’Olio
Della Croce
Della Penna
Della Porta
Della Rocca
Della Torre
Della Valle
Della Vecchia
Delle Donne
Delli Santi
Delligatti
Dello Russo
Delvecchio
Demma
Demonte
Dena
Deni
Denisco
Dente
Dentice
Dentino
Deo
Depace
Deramo
Derasmo
Derico
Desiderio
Desio
Destro
DeVille
Devoto
Di Angelo
Di Antonio
Di Bari
Di Bartolo
di Bartolomei
Di Bartolomeo
Di Battista
di Bella
Di Bella
Di Bello
Di Benedetto
Di Berardino
Di Bernardo
Di Biase
Di Biasi
Di Biasio
Di Blasi
Di Blasio
Di Bona
Di Buono
Di Camillo
Di Caprio
Di Capua
Di Carlo
Di Cecco
Di Cello
Di Cenzo
Di Cerbo
Di Cesare
di Chiara
Di Chiara
Di Chiaro
Di Cicco
Di Cioccio
Di Clemente
Di Cocco
Di Cola
Di Cosola
Di Costanzo
Di Cristofaro
Di Croce
Di Dio
Di Domenico
Di Domizio
Di Donato
Di Donna
Di Fabio
Di Falco
Di Fatta
Di Fazio
Di Filippo
Di Fiore
Di Fonzo
Di Francesco
Di Franco
Di Fronzo
Di Fulvio
Di Gaetano
Di Gangi
di Gennaro
Di Gennaro
Di Genova
Di Geronimo
Di Giacinto
Di Giacomo
Di Gilio
Di Gioia
Di Giorgio
Di Giovanna
Di Giovanni
Di Girolamo
Di Giulio
Di Giuseppe
Di Grazia
Di Gregorio
Di Iorio
Di Julio
Di Lallo
Di Laura
Di Lauro
Di Lella
Di Lello
Di Liberti
Di Liberto
Di Lillo
Di Lisio
Di Lorenzo
Di Loreto
Di Luzio
Di Maggio
Di Maio
Di Marco
Di Mare
Di Maria
Di Marino
Di Mario
Di Martino
Di Marzio
Di Marzo
Di Mascio
Di Masi
Di Matteo
Di Mattia
Di Meglio
Di Menna
Di Meo
Di Michele
Di Mino
Di Modica
Di Muccio
Di Muro
Di Muzio
Di Napoli
Di Nardi
Di Nardo
Di Natale
Di Nelli
Di Nello
Di Nicola
Di Nino
Di Nitto
Di Noia
Di Nolfo
Di Noto
Di Novo
Di Nucci
Di Nunzio
Di Nuzzo
Di Pace
Di Palma
Di Palo
Di Paola
Di Paolo
Di Pasqua
Di Pasquale
Di Piazza
Di Piero
Di Pierro
Di Pietrantonio
Di Pietro
Di Pinto
Di Pippo
Di Pirro
Di Placido
Di Prima
Di Re
Di Renzo
Di Rienzo
di Robilant
Di Rocco
Di Roma
Di Rosa
Di Russo
Di Sabatino
Di Sabato
Di Salvatore
Di Salvo
Di Sandro
Di Sano
Di Santi
Di Santis
Di Santo
Di Sanza
Di Sarro
di Savoia
Di Scenza
Di Sciullo
Di Silvestro
Di Simone
Di Spirito
Di Stasi
Di Stasio
Di Stefano
Di Taranto
Di Tomaso
Di Tommaso
Di Toro
Di Tullio
Di Vincenzo
Di Virgilio
Di Vita
Di Vito
Di Vittorio
Diana
Diano
Diglio
Dina
Dini
Dino
Diodati
Diodato
Dioguardi
Dionisio
Dispenza
Dito
Ditta
Ditto
Dodaro
Dolce
Dolfi
Domanico
Domenici
Domenico
Domiano
Dominici
Domino
Don
Dona
Donatelli
Donati
Donato
Dondero
Donis
Donisi
Donna
Doro
Dorsa
Doto
Draghi
Drago
Dragone
Dragonetti
Dragotta
Duca
Duce
Dugo
Dulbecco
Dura
Durando
Durante
Duro
Elardo
Ellena
Elmo
Emanuele
Emilio
Emma
Emmi
Endrizzi
Enea
Enrico
Epifano
Episcopo
Eppolito
Eramo
Ercolani
Ercole
Errante
Errico
Errigo
Esposito
Evangelista
Evangelisti
Evola
Fabbri
Fabbrini
Fabbro
Fabiani
Fabiano
Fabio
Fabozzi
Fabri
Fabris
Fabrizi
Fabrizio
Fabro
Facciolo
Faenza
Fagin
Faiella
Failla
Faillace
Faiola
Falasco
Falbo
Falcione
Falco
Falcone
Falconi
Faletti
Fallo
Fallone
Falloni
Falsetta
Falsetti
Falso
Falsone
Falvo
Falzarano
Falzon
Falzone
Fama
Famiglietti
Famularo
Fanella
Fanelli
Fant
Fantin
Fantini
Fanto
Fanton
Fantozzi
Fanucchi
Fanucci
Farace
Faraci
Faranda
Faraone
Fare
Farella
Farese
Fargnoli
Fariello
Farina
Farinacci
Farinella
Farinelli
Farino
Faro
Farone
Farro
Farruggia
Farruggio
Farrugia
Fasanella
Fasano
Fasciano
Fasolo
Fasone
Fassio
Fasullo
Fatica
Fatta
Fattore
Faustini
Faustino
Fausto
Fava
Favale
Favaro
Favero
Favia
Favorito
Favro
Fazio
Fazzari
Fazzi
Fazzina
Fazzini
Fazzino
Fazzio
Fazzolari
Fazzone
Febo
Fede
Fedele
Fedeli
Federici
Federico
Felice
Felicetti
Felici
Feliciano
Fellin
Femia
Fenoglio
Feola
Feole
Fera
Feraco
Ferlazzo
Ferlita
Fermi
Fernicola
Ferone
Ferragamo
Ferraioli
Ferraiolo
Ferraiuolo
Ferrandino
Ferrando
Ferrante
Ferranti
Ferrantino
Ferrari
Ferrarini
Ferrario
Ferraris
Ferraro
Ferrelli
Ferrentino
Ferrera
Ferrero
Ferretti
Ferri
Ferrin
Ferrini
Ferritto
Ferro
Ferron
Ferrone
Ferroni
Ferrucci
Ferullo
Fiacco
Fiano
Fiaschetti
Fiato
Ficca
Ficco
Fico
Fidanza
Fidel
Fierro
Figliola
Figone
Filardi
Filice
Filipi
Filippelli
Filippi
Filippini
Filippo
Filippone
Fina
Finamore
Finelli
Fini
Finizio
Fino
Finocchio
Fiocca
Fiocchi
Fiola
Fioravanti
Fiore
Fiorella
Fiorelli
Fiorello
Fiorentino
Fiorenza
Fioretti
Fiori
Fiorilli
Fiorini
Fiorino
Fiorito
Fiorucci
Fischetti
Fisco
Fittipaldi
Flaim
Flaminio
Flocco
Flore
Flori
Florian
Florio
Foglia
Foglio
Folino
Fontana
Fontanella
Fontecchio
Fonti
Fonzi
Foppiano
Forcina
Forcucci
Foresta
Forgione
Forino
Forlanini
Forlano
Forlenza
Forlini
Formato
Formisano
Fornaro
Forner
Forni
Forte
Forti
Fortini
Fortino
Fortuna
Fortunato
Fosco
Foto
Frabotta
Fracassi
Fracasso
Fradella
Fragale
Fragola
Fraioli
Franca
Franceschi
Franceschini
Francesco
Francesconi
Francese
Franchetti
Franchi
Franchina
Franchini
Franchino
Francia
Francione
Franciosa
Franco
Francone
Frangella
Frangipane
Franza
Franze
Franzone
Franzoni
Frascone
Fratangelo
Frate
Fratello
Fraticelli
Frattaroli
Frazzini
Freda
Frederico
Frediani
Fredo
Fresco
Fricano
Frigo
Frisella
Frisina
Frisone
Froio
Frongillo
Frontiero
Frontino
Fucci
Fuccillo
Fuda
Fugazzi
Fulco
Fulgenzi
Fulginiti
Fumo
Funari
Funaro
Fuoco
Furfaro
Furia
Furino
Furno
Fusaro
Fuscaldo
Fusco
Fusillo
Gabriele
Gabrielli
Gaccione
Gaeta
Gaetani
Gaetano
Gagliano
Gagliardi
Gaglione
Gaia
Gaito
Galano
Galante
Galanti
Galassi
Galasso
Galati
Galbo
Galdi
Galea
Galeazzi
Galella
Galgano
Galiano
Galilei
Galioto
Galla
Gallerani
Galletta
Galletti
Galli
Gallia
Galliano
Gallicchio
Gallina
Gallino
Gallo
Gallucci
Galluccio
Galluzzo
Galvani
Gamba
Gambadori
Gambale
Gambaro
Gambetta
Gambini
Gambino
Gambone
Ganci
Gandolfi
Gandolfo
Gangemi
Garafalo
Garafola
Garavaglia
Garbarini
Garbarino
Garbo
Gardella
Gargano
Garibaldi
Garofano
Garone
Garramone
Garritano
Garufi
Garzone
Gasbarro
Gaspari
Gasparini
Gasparro
Gasperini
Gatta
Gatti
Gatto
Gattone
Gattuso
Gauci
Gaudino
Gaudio
Gaudioso
Gavino
Gazzara
Gazzo
Gazzola
Gelardi
Gelo
Gelsomino
Gemelli
Gemignani
Gemma
Gencarelli
Genco
Genetti
Gengo
Gennarelli
Gennari
Gennaro
Gennusa
Gennuso
Genova
Genovesi
Gentilcore
Gentile
Gentili
Gentilini
Genua
Gerace
Geraci
Gerardi
Gerbasi
Gerbino
Germani
Germano
Gervasi
Gervasio
Gesualdi
Gesualdo
Getto
Gherardi
Ghezzi
Ghilardi
Ghilarducci
Giaccone
Giachetti
Giacinto
Giacobbe
Giacomelli
Giacometti
Giacomini
Giacomo
Giacona
Giacone
Gialanella
Giallombardo
Giambalvo
Giambattista
Giambra
Giambrone
Giambruno
Giammanco
Giammarco
Giammarino
Giammona
Giampa
Giampaolo
Giampapa
Giampietro
Giancola
Gianelli
Gianfrancesco
Giangiulio
Giangrande
Giangrasso
Giangreco
Giangregorio
Gianino
Giannantonio
Giannattasio
Giannelli
Giannetta
Giannetti
Giannetto
Gianni
Giannini
Giannino
Giannola
Giannone
Giannoni
Giannotti
Giannuzzi
Gianotti
Giaquinto
Giardina
Giardini
Giardino
Giarraputo
Giarrusso
Gibilisco
Gigante
Giganti
Giglia
Giglio
Gigliotti
Gilardi
Gilberti
Gilberto
Giliberti
Giliberto
Gilio
Gillotti
Ginnetti
Ginocchio
Gioe
Gioffre
Gioia
Gionfriddo
Gionta
Giordani
Giordano
Giorgi
Giorgianni
Giorgio
Giorlando
Giorno
Giovacchini
Giovanelli
Giovanetti
Giovanini
Giovannelli
Giovannetti
Giovanni
Giovanniello
Giovannini
Giovannoni
Giovannucci
Giove
Giovenco
Giovinazzo
Giraldi
Girardi
Giro
Girolami
Girolamo
Gironda
Girone
Gismondi
Gitto
Giudice
Giudici
Giuffrida
Giuliani
Giuliano
Giunta
Giuntoli
Giusti
Giustino
Giusto
Gizzi
Glaviano
Glorioso
Gobbi
Godino
Goffredo
Goglia
Gola
Golia
Golini
Golino
Gonnella
Gorgone
Gotelli
Gotta
Gotti
Gotto
Governale
Govoni
Grado
Grammatico
Grana
Granata
Granato
Grande
Grandi
Grandin
Grandinetti
Granelli
Granese
Granieri
Granillo
Granito
Grano
Granucci
Grassi
Grassia
Grasso
Gravina
Gravino
Graziadei
Graziani
Graziano
Grazioli
Graziosi
Grazioso
Greco
Gregori
Gregorio
Grella
Grieco
Griffo
Grilli
Grillo
Grima
Grimaldi
Grippi
Grippo
Grisanti
Grossi
Grosso
Gruttadauria
Guadagni
Guadagnino
Guadagno
Guadagnoli
Guagenti
Guagliardo
Gualdoni
Gualtieri
Guarascio
Guardino
Guarente
Guariglia
Guarini
Guarino
Guarnera
Gucciardo
Guccio
Guccione
Guercio
Guerino
Guerra
Guerrera
Guerrieri
Guerriero
Guerrini
Guglielmetti
Guglielmi
Guglielmino
Guglielmo
Gugliotta
Gugliotti
Gugliuzza
Guida
Guidetti
Guidi
Guido
Guidone
Guidotti
Guiluliani
Gulino
Gulla
Gulli
Gullotti
Gulotta
Gurino
Gurrieri
Guzzetta
Guzzi
Guzzo
Iaccarino
Iacobelli
Iacobucci
Iacovelli
Iacovone
Iadarola
Iadevaia
Iannaccone
Iannarelli
Iannello
Iannetta
Ianni
Ianniello
Iannone
Iannotti
Iannucci
Iannuzzi
Iantosca
Iaquinta
Iarussi
Iezzi
Ilacqua
Ilardi
Imbesi
Imbriale
Imbrogno
Imburgia
Imondi
Imparato
Impastato
Imperato
Imperatore
Imperiale
Indelicato
Indovina
Infante
Infanti
Infantino
Inga
Ingargiola
Ingemi
Ingenito
Inglese
Innamorato
Innocenti
Insalaco
Insana
Inserra
Insinga
Interrante
Intrieri
Inverso
Iocco
Iosue
Iozzo
Ippoliti
Ippolito
Isabella
Isola
Italiano
Iuliano
Izzi
Jacaruso
Jacobucci
La Barbera
La Bella
La Bianca
La Cava
La Civita
La Corte
La Duca
La Falce
La Fata
La Fauci
La Fazia
La Femina
La Forgia
La Forte
La Franchi
La Fratta
La Greca
La Macchia
La Martina
La Monda
La Monica
La Monte
La Morte
La Motta
La Neve
La Padula
La Paglia
La Penna
La Penta
La Pera
La Petina
La Piana
La Pietra
La Placa
La Polla
La Raia
La Rossa
La Ruffa
La Sala
La Scala
La Scola
La Sorsa
La Spada
La Stella
La Tella
La Tona
La Valla
La Via
La Viola
Labate
Labbate
Labriola
Labruzzo
Lacovara
Lagomarsino
Lagorio
Laguardia
Laino
Lalama
Lalla
Lalli
Lamagna
Lamattina
Lamberti
Lambo
Lamendola
Lampo
Lancellotti
Lanci
Lancia
Landi
Landini
Landino
Lando
Landolfi
Landucci
Lanese
Langella
Langone
Lano
Lanza
Lanzetta
Lanzillo
Lanzo
Lanzone
Lanzoni
Laporta
Larese
Lariccia
Lasco
Laterza
Latessa
Latina
Latini
Latino
Lato
Latronica
Lattanzi
Lattanzio
Lattuca
Laudano
Laudato
Laudicina
Lauletta
Laura
Laurenti
Laurenzi
Laurenzo
Lauri
Lauria
Lauricella
Laurino
Laurita
Laurito
Lauro
Laviano
Lavigna
Lavorgna
Lazio
Lazzara
Lazzari
Lazzarini
Lazzaro
Lazzeri
Le Donne
Le Rose
Leandro
Leano
Lecce
Leccese
Lefave
Legato
Leggio
Lella
Lelli
Lello
Lemma
Lemme
Lemmo
Lena
Lenci
Lencioni
Lentine
Lentini
Lento
Lenza
Lenzi
Lenzini
Lenzo
Leo
Leombruno
Leonardi
Leonardis
Leonardo
Leone
Leonelli
Leonetti
Leoni
Leonti
Lepera
Lepre
Lerro
Letizia
Leto
Lettiere
Lettieri
Leuzzi
Levatino
Levere
Leverone
Leveroni
Li Causi
Li Cavoli
Li Pani
Li Santi
Li Vecchi
Li Voti
Libera
Liberati
Liberatore
Liberi
Liberti
Liberto
Libonati
Licata
Licciardello
Licciardi
Licursi
Lieto
Liggio
Liguori
Lilla
Lillo
Lina
Lionetti
Lioni
Liotta
Lipari
Lippa
Lippi
Liquori
Lisa
Liscio
Lisi
Liuzza
Liuzzi
Liuzzo
Lizza
Lizzi
Lizzio
Lo Biondo
Lo Bue
Lo Castro
Lo Cicero
Lo Duca
Lo Faro
Lo Faso
Lo Galbo
Lo Giudice
Lo Piano
Lo Pilato
Lo Priore
Lo Sacco
Lo Schiavo
Lo Squadro
Lo Tito
Lo Vullo
Locatelli
Locati
Lodato
Lodi
Lodico
Loffredo
Loi
Lombardi
Lombardino
Lombardo
Lombardozzi
Lona
Lonardo
Longhi
Longino
Longo
Lopardo
Lorello
Lorenzetti
Lorenzi
Lorenzini
Loretta
Loria
Lorino
Lorio
Lotti
Lotto
Lovera
Loy
Lozzi
Luberto
Lubrano
Luca
Lucarelli
Lucca
Lucchese
Lucchesi
Lucchetti
Lucci
Lucente
Luchetti
Luchini
Lucian
Luciani
Luciano
Lucibello
Lucidi
Lucido
Ludovici
Ludovico
Lui
Luisi
Lullo
Lumetta
Lumia
Lunetta
Luongo
Lupi
Lupia
Lupica
Lupinacci
Lupo
Lupoli
Luppino
Lusardi
Lusco
Luzi
Luzzi
Macaluso
Macari
Macario
Macchi
Macchia
Macchio
Macchione
Maccini
Machi
Macina
Macioce
Macri
Maddalena
Maddalone
Maddaloni
Madonna
Maestri
Maffei
Maffeo
Maffia
Maffucci
Magaldi
Maggi
Maggiacomo
Maggio
Maggiore
Magistro
Magliano
Magliaro
Maglio
Magliocca
Maglione
Magliozzi
Magnani
Magnano
Magni
Magnifico
Magno
Magnone
Magnotti
Magri
Magrini
Magrino
Magro
Mainella
Mainiero
Mainini
Maio
Maiocco
Maiolo
Maisto
Malara
Malaspina
Malatesta
Malena
Malerba
Maletta
Malfitano
Malito
Malizia
Mallo
Mallozzi
Malnati
Maltese
Malzone
Mambretti
Mammone
Mamo
Manca
Mancera
Mancia
Mancinelli
Mancini
Mancino
Manciolino
Mancuso
Mandala
Mandarino
Mandracchia
Manera
Manetta
Manfre
Manfredi
Manfredo
Manfredonia
Manganiello
Mangano
Mangieri
Manginelli
Mangione
Mango
Mangone
Manieri
Mannarino
Mannella
Manni
Mannina
Mannino
Manno
Mansi
Mantini
Mantione
Mantovani
Manuele
Manza
Manzella
Manzi
Manzione
Manzo
Manzolillo
Marabella
Maraldo
Marandola
Marano
Maranto
Marcantonio
Marcelli
Marcellino
Marcello
Marchello
Marcheschi
Marchese
Marchesi
Marchetti
Marchi
Marchini
Marchionda
Marchitelli
Marcia
Marcolini
Marcon
Marcone
Marconi
Marcucci
Marcuzzi
Mare
Marella
Marelli
Marenco
Marengo
Mareno
Maresco
Margo
Margotta
Mari
Mariani
Mariano
Mariconda
Marietta
Marietti
Marin
Marinacci
Marinaccio
Marinari
Marinaro
Marinelli
Marinello
Marini
Marino
Marinucci
Mario
Mariotti
Marmo
Maro
Marocco
Marolda
Marone
Maroni
Marotto
Marozzo
Marra
Marrano
Marrazzo
Marre
Marrese
Marrocco
Marsella
Marsicano
Marsiglia
Marsili
Marsilio
Marsocci
Marte
Martelli
Marti
Martignetti
Martina
Martinell
Martinelli
Martinetti
Martini
Martino
Martire
Martocci
Martorano
Martorella
Martorelli
Marucci
Marullo
Marzella
Marzilli
Marzo
Mascari
Mascaro
Mascioli
Masella
Masi
Masin
Masini
Masino
Mason
Masone
Masotti
Massara
Massarelli
Massaro
Massetti
Massi
Massimino
Massimo
Masso
Massoni
Massucci
Mastrandrea
Mastrianni
Mastriano
Mastrogiacomo
Mastromarino
Mastromatteo
Masucci
Masullo
Matarazzo
Matarese
Matarrese
Matassa
Matera
Matrone
Mattaliano
Mattarella
Mattei
Matteis
Matteo
Mattera
Matteucci
Mattiace
Mattiello
Mattina
Mattioli
Matto
Mattucci
Maturo
Mauceri
Mauri
Mauriello
Maurin
Maurizio
Mauro
Mautino
Mazza
Mazzaferro
Mazzanti
Mazzara
Mazzarella
Mazzarelli
Mazzarese
Mazzariello
Mazzaro
Mazzetti
Mazzilli
Mazzio
Mazziotta
Mazziotti
Mazzitelli
Mazzo
Mazzocchi
Mazzocco
Mazzoli
Mazzone
Mazzoni
Mazzotta
Mazzotti
Mazzuca
Mazzucco
Mazzullo
Mecca
Meccia
Medici
Medico
Meglio
Megna
Mei
Melara
Melaragno
Melchiori
Melchiorre
Mele
Meli
Melia
Melino
Melis
Melita
Mello
Mellone
Meloni
Melucci
Memoli
Menapace
Menconi
Menditto
Mendola
Mendolia
Menghini
Menicucci
Menna
Menotti
Mento
Menza
Meo
Meola
Meoli
Meranda
Merante
Mercaldo
Merenda
Merendino
Merli
Merlini
Merlino
Merlo
Mero
Messano
Messina
Messore
Mestre
Meucci
Mezzanotte
Mezzatesta
Micalizzi
Micciche
Miccio
Micco
Michela
Michele
Micheletti
Micheli
Michelini
Michelotti
Michetti
Micucci
Migliaccio
Miglio
Migliorini
Migliozzi
Mignone
Milan
Milani
Milano
Milardo
Milazzo
Milillo
Milito
Minadeo
Minardi
Minelli
Mineo
Minerva
Minervini
Minervino
Minetti
Mingione
Mini
Minichiello
Minicozzi
Minicucci
Minieri
Minneci
Minotti
Minucci
Mion
Mione
Mira
Mirabella
Mirabelli
Mirabile
Mirando
Mirro
Mirto
Mistretta
Mitri
Mizzi
Mobilia
Moccia
Moccio
Moceri
Modena
Modica
Moffa
Mogavero
Moglia
Moise
Mola
Mole
Molinari
Molinaro
Molinelli
Molini
Molino
Mona
Monacelli
Monachino
Monaco
Monastero
Monda
Mondelli
Mondello
Mondi
Mondo
Monet
Moneta
Monetti
Monforte
Mongelli
Mongelluzzo
Mongiello
Mongillo
Monica
Monico
Monopoli
Montagna
Montagnino
Montalbo
Montale
Montalto
Montana
Montanari
Montanaro
Montani
Montanino
Montano
Montante
Monte
Montecalvo
Monteforte
Monteleone
Montella
Montello
Montelongo
Montemaggiore
Montemarano
Monteverde
Monti
Monticello
Montini
Montone
Montoro
Montuori
Monzo
Mora
Morabito
Morace
Morandi
Morando
Morano
Morasco
Morea
Morella
Morelli
Moreschi
Moresco
Moresi
Moretti
Moretto
Morga
Morganelli
Morgano
Morgante
Morganti
Morgese
Morgillo
Mori
Morici
Moriconi
Morin
Morini
Morino
Mormino
Moro
Morocco
Morone
Moroni
Morra
Morreale
Mortara
Mortellaro
Mortillaro
Mosca
Moscaritolo
Moscatelli
Moscatello
Moscato
Moschella
Moschetti
Moschetto
Mosco
Moscone
Mosconi
Mose
Mossa
Mosso
Motola
Motta
Motto
Mucci
Mucciarone
Muccino
Muccio
Muffoletto
Muglia
Mule
Munafo
Mundo
Munno
Muoio
Mura
Muraca
Muraco
Murano
Muratori
Murgia
Murgo
Murra
Musacchia
Musante
Musarra
Muscarello
Muscatello
Muscato
Musco
Musella
Musilli
Musolino
Musso
Mussolini
Mustafa
Musto
Muto
Mutti
Muzzarelli
Muzzi
Naclerio
Nalbone
Nanna
Nanni
Nannini
Napoleone
Nappi
Nardella
Nardelli
Nardi
Nardiello
Nardini
Nardo
Nardolillo
Nardone
Nardozzi
Narducci
Nargi
Nasi
Naso
Nasso
Nastri
Nasuti
Natale
Natali
Natoli
Natta
Nauta
Navone
Nazzaro
Neglia
Negri
Negro
Nelli
Nenni
Nenno
Neri
Nero
Nerone
Nese
Nespoli
Nesta
Nestico
Netti
Netto
Neve
Nicastro
Niccoli
Nicola
Nicolai
Nicolazzo
Nicolella
Nicoletta
Nicoletti
Nicoli
Nicolini
Nicolosi
Nicosia
Nini
Nino
Niro
Nitti
Nobile
Noce
Nocella
Nocerino
Nocito
Nole
Nolfi
Nora
Norcia
Norelli
Nori
Notarangelo
Notarianni
Notaro
Noto
Notte
Nova
Novara
Novella
Novelli
Novello
Noviello
Nucci
Nuccio
Nudo
Nunno
Nunziata
Nunziato
Nuti
Nutile
Oberto
Occhino
Occhiogrosso
Occhipinti
Oddi
Oddo
Odierno
Odorizzi
Ognibene
Oldani
Oliva
Oliveri
Oliverio
Oliveto
Olivieri
Oliviero
Olmo
Oneto
Ongaro
Onofrio
Oppedisano
Orecchio
Orio
Orlandi
Orlandini
Orlando
Orrico
Orsi
Orsini
Orsino
Orso
Ortolani
Ortolano
Ossi
Osso
Oteri
Ottaviani
Ottaviano
Paccione
Pace
Pacella
Pacelli
Pacetti
Paci
Paciello
Pacific
Pacifico
Pacilio
Pacini
Pacino
Pacione
Pacitti
Pacitto
Padalino
Padovani
Padovano
Paduano
Paganelli
Pagani
Paganini
Pagano
Paglia
Pagliarini
Paglione
Pagni
Pagnotta
Pagnozzi
Paino
Pais
Pala
Paladini
Paladino
Palagi
Palaia
Palange
Palazzi
Palazzo
Palazzola
Palazzolo
Palermo
Palese
Paletta
Paliotta
Palla
Palladino
Pallante
Pallavicino
Palleschi
Pallone
Pallotta
Pallottino
Palmeri
Palmiere
Palmieri
Palmiero
Palo
Palomba
Palombi
Palombo
Palone
Palumbo
Paluzzi
Panarello
Panarese
Panariello
Panaro
Panciera
Pandolfi
Pandolfo
Pane
Panebianco
Panella
Panelli
Panepinto
Panetta
Panetti
Paniccia
Panico
Panno
Pannone
Pannullo
Panozzo
Pantaleo
Pantalone
Pantano
Pantone
Pantuso
Panza
Panzarella
Panzarino
Panzera
Panzica
Paola
Paolantonio
Paolella
Paoletta
Paoletti
Paoli
Paolillo
Paolini
Paolino
Paolo
Paolucci
Paone
Paonessa
Papa
Papaleo
Papalia
Papandrea
Papania
Paparella
Paparo
Papetti
Papi
Papini
Pappalardo
Pappano
Paradiso
Paratore
Parco
Pardi
Pardini
Pardo
Parella
Parente
Parenti
Paretti
Parillo
Parise
Parisi
Pariso
Parlapiano
Parma
Paro
Parodi
Parola
Parrella
Parrilla
Parrilli
Parrillo
Parrinello
Parrino
Parro
Parrotta
Partipilo
Parziale
Pascarella
Pascarelli
Pasco
Pascucci
Pascuzzi
Pasini
Pasqua
Pasqual
Pasquale
Pasquali
Pasqualini
Pasqualone
Pasquarella
Pasquarelli
Pasquarello
Pasquariello
Pasquinelli
Pasquini
Passafiume
Passalacqua
Passamonte
Passanante
Passanisi
Passantino
Passarella
Passarelli
Passarello
Passaretti
Passariello
Passeri
Passero
Passini
Passino
Pastore
Pastori
Pastorino
Pata
Patalano
Patania
Patella
Paterniti
Paterno
Paternostro
Patierno
Patino
Patitucci
Patricelli
Patrizi
Patrizio
Patrone
Patruno
Patti
Pavan
Pavese
Pavia
Paviglianiti
Pavon
Pavone
Pazienza
Pecchia
Pecci
Pecora
Pecoraro
Pecorella
Pedalino
Pedone
Pedrotti
Pedulla
Peduto
Peduzzi
Peirano
Pelino
Pella
Pelle
Pellecchia
Pellegrin
Pellegrini
Pellegrino
Pellerito
Pellicane
Pelliccia
Pellino
Pellitteri
Pelosi
Peloso
Peluso
Pendola
Penna
Pennacchio
Pennella
Pennino
Pennisi
Pensabene
Pensiero
Penso
Penta
Penza
Pepi
Pepitone
Peppe
Pera
Peragine
Peraino
Perazzo
Perella
Perelli
Peretti
Perfetti
Perfetto
Pergola
Peri
Perilli
Perillo
Perin
Perini
Perino
Perito
Perla
Perna
Perniciaro
Perno
Pero
Peron
Perona
Perone
Peroni
Perotti
Perra
Perrella
Perrelli
Perretta
Perretti
Perri
Perricone
Perriello
Perrino
Perro
Perron
Perrone
Perrotta
Perrotti
Perrotto
Perrucci
Persichetti
Persico
Perugini
Peruzzi
Pesavento
Pescatore
Pesce
Pesci
Pesola
Pessolano
Petillo
Petito
Petitti
Petitto
Petosa
Petracca
Petraglia
Petralia
Petrarca
Petrecca
Petrella
Petrelli
Petri
Petricca
Petriello
Petrilla
Petrilli
Petrillo
Petrini
Petrino
Petrizzi
Petrizzo
Petro
Petrocelli
Petrone
Petronella
Petroni
Petronio
Petrosino
Petruccelli
Petrucci
Petrucelli
Petruzzelli
Petruzzi
Petruzziello
Petta
Petti
Pettinato
Pettine
Pettinelli
Pezza
Pezzaglia
Pezzano
Pezzella
Pezzi
Pezzino
Pezzullo
Pezzuti
Pezzuto
Pia
Piacente
Piacentini
Piacentino
Piacenza
Piaggio
Piana
Pianalto
Pianelli
Piano
Piazza
Pica
Picano
Picardi
Picarelli
Picarello
Picariello
Picchi
Picciano
Piccini
Piccinini
Piccininni
Piccione
Piccioni
Piccirilli
Picco
Piccola
Piccoli
Piccolo
Piccone
Picerno
Pico
Picone
Picozzi
Piemonte
Pieretti
Pieri
Pierini
Piermarini
Pieroni
Pierotti
Pierro
Pietrangelo
Pietrantonio
Pietri
Pietro
Pietropaolo
Pignato
Pignone
Pignotti
Pilato
Pileggi
Pilla
Pilotti
Pinelli
Pini
Pinna
Pino
Pinta
Pinto
Pio
Pioli
Pipia
Pipitone
Piraino
Pirani
Pirillo
Piro
Pirolli
Pirone
Pirozzi
Pirrello
Pirri
Pirro
Pirrone
Pisa
Pisani
Pisano
Pisapia
Pisciotta
Piscitelli
Piscitello
Piselli
Pisoni
Pistilli
Pistone
Pitre
Pitrone
Pitta
Pittau
Pitti
Pittillo
Pivirotto
Pizzano
Pizzi
Pizzimenti
Pizzini
Pizzino
Pizzitola
Pizzo
Pizzoferrato
Pizzolato
Pizzurro
Pizzuti
Pizzuto
Plano
Platania
Pluchino
Po
Poccia
Podesta
Poggi
Poggioli
Pola
Polcari
Polce
Poletti
Poli
Policastro
Polidori
Polidoro
Polimeni
Polino
Pollara
Polletta
Polli
Pollina
Pollino
Pollio
Polo
Polselli
Polsinelli
Polumbo
Poma
Pomarico
Pompa
Pompei
Pompeo
Pompilio
Pomponio
Pontarelli
Pontecorvo
Ponti
Ponticello
Pontillo
Pontrelli
Ponzi
Ponzio
Ponzo
Popolizio
Poppa
Porcaro
Porcella
Porcelli
Porcello
Porchia
Porco
Porpora
Porrazzo
Porreca
Porretta
Porta
Portanova
Portella
Portelli
Portera
Porto
Posa
Posillico
Postiglione
Poveromo
Pozza
Pozzi
Prata
Pratico
Prato
Pregliasco
Presti
Presutti
Prete
Pretti
Pretto
Previte
Previti
Preziosi
Prezioso
Primavera
Primerano
Primiano
Primo
Principato
Principe
Prinzi
Priola
Priolo
Priore
Prisco
Prizzi
Procaccini
Procida
Procopio
Profeta
Proia
Proietti
Proscia
Prosperi
Prospero
Proto
Provenza
Provenzano
Prudente
Puccetti
Pucci
Puccia
Pucciarelli
Puccinelli
Puccini
Puccio
Pucillo
Puddu
Puglia
Pugliano
Pugliese
Puglise
Puglisi
Pula
Pulcini
Puleo
Puliafico
Pulice
Pulito
Pulizzi
Pullano
Pullara
Pulli
Pullo
Puma
Pumilia
Puopolo
Pupa
Pupillo
Pupo
Puricelli
Puro
Purpura
Pusateri
Puzio
Quadrini
Quaglia
Quagliata
Quaranto
Quartararo
Quarto
Quartuccio
Quattro
Quattrone
Quattrucci
Quercia
Querin
Quilici
Quintiliani
Quinto
Rabito
Racanelli
Racca
Raccio
Racioppi
Raciti
Raco
Radice
Rado
Radosta
Raffa
Raffaele
Raffaelli
Raffetto
Raffin
Raffo
Ragazzo
Raggio
Ragno
Rago
Ragona
Ragone
Ragonese
Ragosta
Ragozzino
Ragucci
Ragusa
Raia
Raimo
Raimondi
Raimondo
Rainaldi
Raineri
Raiola
Rallo
Rama
Ramaglia
Ramella
Rametta
Rampino
Rampone
Rampulla
Ranalli
Ranallo
Randazzo
Rando
Raneri
Ranieri
Ranno
Ranucci
Rao
Rapa
Rapisarda
Rapone
Rappa
Rappelano
Rapuano
Raso
Raspa
Rassi
Rastelli
Ratta
Ratti
Ratto
Rau
Rauseo
Ravelli
Razza
Razzano
Re
Reale
Reali
Realmuto
Rebecca
Recchia
Recchio
Recine
Recla
Recupero
Reda
Rega
Regalia
Reggio
Regina
Reginato
Regis
Reina
Reino
Reitano
Rella
Renaldi
Renaldo
Renda
Rende
Rendina
Rendine
Renzetti
Renzi
Renzo
Renzoni
Renzulli
Reo
Repetti
Repetto
Reppucci
Rescigno
Ressa
Resta
Restaino
Restifo
Restivo
Restuccia
Revello
Ricca
Riccardi
Riccardo
Riccelli
Ricci
Ricciardelli
Ricciardi
Riccio
Riccitelli
Ricciuti
Ricco
Riccobono
Richardi
Richichi
Ricigliano
Rienzo
Rigali
Rigano
Riggi
Riggio
Righetti
Righi
Rigoli
Rigoni
Rinaldi
Rinaldo
Rinaudo
Rindone
Rinella
Rini
Riolo
Riotto
Ripa
Risi
Riso
Rispoli
Risso
Ristaino
Rita
Ritacco
Riva
Rivelli
Rivera
Riviello
Riviera
Rizza
Rizzi
Rizzio
Rizzo
Rizzolo
Rizzotti
Rizzotto
Robello
Roberti
Roberto
Robino
Robustelli
Rocca
Roccaforte
Rocchi
Rocchio
Rocco
Rodia
Rodino
Rolando
Rolla
Rolleri
Rolli
Roma
Romagnoli
Romanelli
Romanello
Romani
Romaniello
Romano
Romeo
Romito
Ronca
Ronchetti
Ronchetto
Ronco
Roncone
Rondinelli
Rondon
Roppolo
Rosa
Rosamilia
Rosania
Rosano
Rosario
Rosasco
Rosati
Rosato
Roselli
Rosellini
Rosetta
Rosetti
Rosi
Rosica
Rosini
Roso
Rossa
Rossano
Rosselli
Rossello
Rossetti
Rossetto
Rossi
Rossin
Rossini
Rosso
Rosson
Rota
Rotella
Rotelli
Roti
Rotondi
Rotondo
Rotta
Rotunda
Rotundo
Rotunno
Rovito
Rozzi
Rua
Rubano
Rubbo
Ruberti
Ruberto
Rubin
Rubino
Rucci
Ruffini
Ruffino
Ruffolo
Rufo
Rugani
Ruggeri
Ruggero
Ruggiano
Ruggieri
Ruggiero
Ruggirello
Ruisi
Rulli
Rullo
Runco
Runfola
Ruocco
Ruotolo
Ruscio
Ruscitti
Rusco
Rusconi
Russi
Russo
Russomanno
Ruta
Rutigliano
Ruvolo
Ruzzo
Sabatelli
Sabatine
Sabatini
Sabatino
Sabbatini
Sabella
Sabetta
Sabino
Saccente
Sacchi
Sacco
Saccoccio
Saccomanno
Saccone
Saeli
Saggese
Saggio
Sagona
Saitta
Sala
Saladino
Salamone
Salata
Salatino
Salce
Saldutti
Salemi
Salera
Saletta
Salmeri
Salomone
Salone
Salvadore
Salvadori
Salvaggio
Salvati
Salvato
Salvatore
Salvatori
Salvetti
Salvi
Salvini
Salvino
Salvo
Salvucci
Salzano
Salzillo
Sammarco
Sammartino
San Severino
Sandretto
Sandri
Sanfilippo
Sanfratello
Sangermano
Sangiacomo
Sangiovanni
Sanguinetti
Sani
Sanminiatelli
Sanna
Sano
Sansalone
Sansone
Sant
Santa Croce
Santa Maria
Santagata
Santaniello
Santarelli
Santarsiero
Santavicca
Santel
Santell
Santella
Santelli
Santeramo
Santi
Santilli
Santillo
Santini
Santino
Santo
Santo Pietro
Santoli
Santomauro
Santone
Santoni
Santora
Santore
Santorelli
Santori
Santoriello
Santoro
Santostefano
Santosuosso
Santucci
Sanzo
Sanzone
Saponaro
Sapone
Saporito
Saputo
Saracco
Saraceno
Saracino
Sardella
Sardi
Sardina
Sardo
Sardone
Sarli
Sarni
Sarno
Sarra
Sarracino
Sarro
Sarti
Sartin
Sartini
Sarto
Sartore
Sartori
Sarubbi
Saso
Sassano
Sassi
Sasso
Sassone
Satriano
Saulino
Sauro
Sava
Savaria
Savarino
Savastano
Savelli
Saverino
Saviano
Savignano
Savini
Savino
Savio
Savo
Savoca
Savoia
Saya
Sbarra
Sberna
Scaccia
Scacco
Scagnelli
Scala
Scalera
Scaletta
Scalia
Scalone
Scalzi
Scalzitti
Scalzo
Scamardo
Scanga
Scanio
Scannapieco
Scaramella
Scarangella
Scarantino
Scarcelli
Scarcello
Scardina
Scardino
Scarfo
Scarlata
Scarlato
Scarola
Scarpa
Scarpace
Scarpati
Scarpato
Scarpelli
Scarpinato
Scarpino
Scarpone
Scarsella
Scatena
Scaturro
Scavo
Scavone
Scavuzzo
Scelfo
Scelza
Scenna
Scerbo
Schena
Schenone
Schettini
Schettino
Schiano
Schiappa
Schiavi
Schiavo
Schiavone
Schiavoni
Schira
Schiraldi
Schirra
Schirripa
Sciacca
Scialabba
Scialdone
Sciandra
Scianna
Sciara
Sciarra
Sciarretta
Sciarrino
Scibelli
Scibetta
Scibilia
Scigliano
Scime
Scimeca
Scinta
Scioli
Sciortino
Scioscia
Scipio
Scipione
Scipioni
Scire
Sciulli
Sciullo
Sciuto
Sclafani
Scola
Scolari
Scolaro
Scoma
Scopel
Scopelliti
Scordato
Scorsone
Scorza
Scotti
Scotto
Scozzafava
Scozzari
Scrima
Scrivani
Scuderi
Scungio
Sebastiani
Sebastiano
Segreti
Segreto
Sella
Sellitti
Sellitto
Selvaggi
Selvaggio
Semenza
Senatore
Seneca
Senerchia
Senese
Senna
Senne
Seno
Sepe
Seppi
Sera
Serafine
Serafini
Serafino
Serena
Sereno
Sergi
Sergio
Serino
Serio
Serpe
Serpico
Serra
Serrano
Serrata
Serratore
Serritella
Servedio
Servello
Servi
Servidio
Sesto
Seta
Setaro
Severini
Severino
Severo
Sferra
Sferrazza
Sforza
Sgambati
Sgarlata
Sibilia
Sica
Sicignano
Sicilia
Siciliano
Sico
Siconolfi
Sicurella
Sidoti
Siena
Signor
Signorelli
Signorello
Signorino
Sigona
Siino
Silano
Sileo
Silla
Silvani
Silvano
Silveri
Silveria
Silvestri
Silvestro
Silvi
Simiele
Simione
Simoncini
Simone
Simonelli
Simonet
Simonetta
Simonette
Simonetti
Simoni
Simonini
Sinacore
Sinagra
Sinatra
Sindoni
Sinibaldi
Sinopoli
Siracusa
Siragusa
Siravo
Siri
Sirianni
Sirico
Sirna
Sisco
Sisti
Sisto
Smaldone
Smeriglio
Soave
Socci
Soccio
Sodaro
Solano
Solazzo
Soldan
Soldano
Soldo
Soli
Solimine
Sollami
Sollecito
Somma
Soprano
Soracco
Sorace
Soranno
Sorbello
Sorbo
Sorci
Sordillo
Sorge
Sorgi
Sorice
Sorrento
Sortino
Soscia
Sottosanti
Spada
Spadaccini
Spadafore
Spadea
Spadoni
Spagna
Spagnoletti
Spagnoli
Spagnolo
Spagnuolo
Spallino
Spallone
Spano
Spata
Spatafora
Spatafore
Spataro
Spatola
Spaziani
Spaziano
Spedale
Sperandeo
Sperandio
Speranza
Sperduti
Sperduto
Speroni
Sperrazza
Spezia
Spicola
Spicuzza
Spiezio
Spina
Spinazzola
Spinello
Spinnato
Spino
Spinola
Spinosa
Spirito
Spizzirri
Sposato
Sposito
Squicciarini
Squillante
Squitieri
Stabile
Staffa
Staffieri
Stagnaro
Stagnitta
Stagno
Stallone
Stanco
Stano
Stanzione
Stasio
Stavola
Stefanelli
Stefani
Stefanini
Stefano
Stella
Stellato
Stello
Stephani
Stigliano
Storino
Storti
Storto
Strada
Strazza
Striano
Strollo
Stumpo
Sturniolo
Subia
Sulla
Sulpizio
Sunseri
Supino
Susco
Susi
Sutera
Tabacchi
Tabone
Taddei
Taddeo
Taddonio
Tafuri
Tagliaferri
Tagliaferro
Taglieri
Taibi
Talarico
Talerico
Taliercio
Tallarico
Tallo
Talone
Tamasi
Tambasco
Tambellini
Tamborello
Tamburello
Tamburino
Tamburo
Tamburri
Tamburrino
Tamburro
Tammaro
Tancredi
Tango
Tangredi
Tani
Tano
Tantalo
Tantillo
Tanzi
Taormina
Tarantino
Taranto
Taravella
Tarolli
Tarquinio
Tarsi
Tartaglia
Tartaglione
Tarulli
Tasca
Tassi
Tassinari
Tasso
Tassone
Tata
Tauriello
Tauro
Tavani
Tavella
Taverna
Tavolacci
Tedeschi
Tedesco
Tedone
Telesca
Telesco
Tella
Tello
Tempesta
Tenaglia
Tenuta
Tepedino
Terenzi
Teresi
Terracciano
Terracina
Terrano
Terreri
Terzi
Tesauro
Tesoriero
Tesoro
Tessaro
Tessitore
Testa
Testani
Testo
Teti
Tiano
Tiberi
Tiberio
Tierno
Timpone
Tine
Tino
Tinti
Tirabassi
Tirone
Tiso
Tito
Titone
Tobia
Tocci
Tocco
Toce
Todaro
Todora
Tofani
Tognetti
Toia
Tolerico
Tolomeo
Toma
Tomaino
Tomarchio
Tomaselli
Tomasello
Tomasetti
Tomasi
Tomasini
Tomasino
Tomaso
Tomassetti
Tomassi
Tomassini
Tomasso
Tomasulo
Tomei
Tomeo
Tonelli
Toni
Tonini
Tonti
Toppi
Torchia
Torcivia
Torelli
Torello
Toriello
Torino
Tornabene
Tornatore
Tornetta
Torno
Toro
Torre
Torregrossa
Torres
Torri
Torrisi
Torti
Tortora
Tortorella
Tortorelli
Tortorello
Tortorice
Tortorici
Toscani
Toscano
Tosi
Toso
Tosti
Tota
Toti
Totino
Toto
Tozzi
Trabucco
Traficante
Traina
Traino
Trama
Tramontana
Tramontano
Tramonte
Tramontozzi
Tranchina
Trani
Travaglini
Traverso
Travisano
Trento
Trevisan
Trezza
Tribbiani
Trifiletti
Triglia
Trillo
Trimboli
Trinca
Tringale
Tringali
Triola
Triolo
Tripi
Tripodi
Tripoli
Trivisonno
Troccoli
Troia
Troiani
Troiano
Troilo
Troise
Troisi
Trombetta
Trombino
Troncone
Tronolone
Tropea
Tropeano
Tropiano
Trotta
Trotti
Trotto
Trovato
Trozzo
Trubiano
Truglio
Trunzo
Trupiano
Tucci
Tucciarone
Tuccillo
Tuccio
Tufano
Tufaro
Tufo
Tulli
Tullio
Tullo
Tumbarello
Tuminello
Tumminello
Tumminia
Tumolo
Turano
Turchi
Turco
Turi
Turiano
Turissi
Turo
Turri
Turrisi
Turro
Tursi
Turturro
Tusa
Tuscano
Tutino
Tuzzolino
Uberti
Uccello
Ucci
Ugolini
Uliano
Ungaro
Urbani
Urciuoli
Urgo
Ursillo
Ursini
Ursino
Urso
Uva
Uzzo
Vacanti
Vacca
Vaccarella
Vaccarelli
Vaccarello
Vaccari
Vaccariello
Vaccarino
Vaccaro
Vacco
Vadala
Vagnoni
Vairo
Vala
Valent
Valente
Valenti
Valentini
Valentino
Valenza
Valeri
Valiante
Valla
Vallario
Vallese
Valli
Vallone
Valore
Valvano
Valvo
Vanacore
Vanella
Vannelli
Vanni
Vannucci
Vanore
Varallo
Varano
Varda
Vario
Varisco
Varni
Varone
Varriale
Varricchio
Varrone
Vars
Varvaro
Vasile
Vassallo
Vasta
Vastano
Vastola
Vecchi
Vecchiarelli
Vecchio
Vecchione
Vecellio
Vecera
Vellucci
Velotta
Veltre
Vena
Venanzi
Vendetti
Venditti
Venditto
Venezia
Veneziale
Veneziano
Venezio
Venier
Venneri
Veno
Venti
Ventimiglia
Vento
Ventola
Ventre
Ventrella
Ventresca
Ventrone
Ventura
Venturella
Venturelli
Venturi
Venturini
Venturino
Venturo
Venuti
Venuto
Venzon
Vercetti
Verde
Verderame
Verderosa
Verdi
Verdone
Verducci
Verga
Verna
Vernetti
Verni
Verno
Vero
Verona
Veronesi
Verrastro
Verratti
Verrico
Verrilli
Verrone
Vertucci
Verucchi
Vescio
Vesco
Vescovi
Vespa
Vetere
Vetrone
Vettraino
Viale
Vian
Viani
Viano
Vicari
Vicario
Vicini
Vicino
Vida
Viel
Vietti
Viggiani
Viglione
Vigliotti
Vigna
Vignali
Vignola
Vignone
Vilardo
Villa
Villani
Villano
Villanova
Villella
Villone
Vincelli
Vincenti
Vincenzo
Vinci
Vinetti
Viola
Virgili
Virgilio
Virginia
Virini
Virzi
Visalli
Viscardi
Visco
Viscomi
Visconti
Viscuso
Viselli
Vita
Vitacco
Vitale
Vitali
Vitanza
Vitela
Vitelli
Vitello
Viti
Vitiello
Vito
Vitolo
Vitrano
Vitti
Vittone
Vittori
Vittoria
Vittorio
Vitucci
Vitulli
Vitullo
Vivenzio
Viviani
Viviano
Vivirito
Vivolo
Vivona
Vizza
Vizzini
Voce
Voci
Volante
Volino
Vollaro
Volpe
Volpi
Volpicelli
Vona
Vota
Votta
Vozzella
Vullo
Vultaggio
Vuono
Zaccagnini
Zaccagnino
Zaccardi
Zaccardo
Zaccaria
Zaccheo
Zaccone
Zadra
Zaffino
Zaffuto
Zaino
Zambelli
Zambon
Zamboni
Zambrano
Zammit
Zampella
Zampini
Zampino
Zanardi
Zanca
Zandi
Zane
Zanella
Zanelli
Zanetti
Zangari
Zanghi
Zangrilli
Zani
Zanin
Zanni
Zannini
Zanon
Zanone
Zanoni
Zanotti
Zappa
Zappala
Zappone
Zappulla
Zara
Zarcone
Zarella
Zarlengo
Zaro
Zarrella
Zarrilli
Zarro
Zavaglia
Zecca
Zegarelli
Zella
Zello
Zema
Zeni
Zeno
Zeoli
Zeolla
Zeppieri
Zezza
Zingale
Zingarelli
Zingaro
Zini
Zinni
Zinno
Zino
Zirpoli
Zisa
Zizzi
Zizzo
Zocchi
Zocco
Zoda
Zola
Zolezzi
Zolla
Zollo
Zona
Zoppi
Zorzi
Zotti
Zottola
Zucca
Zuccarelli
Zuccarello
Zuccaro
Zucco
Zulli
Zullo
Zumbo
Zummo
Zumpano
Zunino
Zurlo
