Agnė
Aistė
Akvilė
Aldona
Auksė
Aušra
Aušrinė
Austėja
Austra
Biruta
Brigita
Daina
Dalia
Danguolė
Danutė
Deimantė
Diana
Edita
Eglė
Elena
Elzbieta
Eugenija
Evelina
Gabija
Gabrielė
Genovaitė
Giedrė
Gintarė
Gražina
Ieva
Indrė
Inga
Ingrida
Irena
Irene
Irina
Jolanta
Judita
Julija
Jūratė
Jurga
Jurgita
Justina
Karolina
Kazimiera
Laima
Laura
Liepa
Lilija
Lina
Loreta
Luknė
Magdalena
Marija
Milda
Monika
Neringa
Nijolė
Olga
Ona
Paulina
Raimonda
Raminta
Ramunė
Rasa
Reda
Rimantė
Rūta
Salomėja
Šarūnas
Sigita
Silvija
Simone
Sofija
Sonata
Teresa
Ugnė
Urtė
Vaida
Vaiva
Valentina
Vanda
Veronica
Vida
Viktorija
Vilija
Vilma
Violeta
Virginija
Vitalija
Zita
Živilė